[0.039s] Invoking command in '/home/bjorn/Documents/ros-projects/cam_ws/build/cv_bridge': CMAKE_PREFIX_PATH=${CMAKE_PREFIX_PATH}:/home/bjorn/Documents/ros-projects/cam_ws/install/py_image_flip:/home/bjorn/Documents/ros-projects/cam_ws/install/opencv_tests:/opt/ros/humble /home/bjorn/.local/bin/cmake --build /home/bjorn/Documents/ros-projects/cam_ws/build/cv_bridge -- -j20 -l20
[0.072s] [ 12%] Built target gtest_main
[0.073s] [ 12%] Built target ament_cmake_python_copy_cv_bridge
[0.073s] [ 25%] Built target gtest
[0.074s] [ 43%] Built target cv_bridge
[0.087s] [ 81%] Built target cv_bridge-utest
[0.093s] [100%] Built target cv_bridge_boost
[0.325s] running egg_info
[0.325s] writing cv_bridge.egg-info/PKG-INFO
[0.325s] writing dependency_links to cv_bridge.egg-info/dependency_links.txt
[0.326s] writing top-level names to cv_bridge.egg-info/top_level.txt
[0.327s] reading manifest file 'cv_bridge.egg-info/SOURCES.txt'
[0.327s] writing manifest file 'cv_bridge.egg-info/SOURCES.txt'
[0.345s] [100%] Built target ament_cmake_python_build_cv_bridge_egg
[0.350s] Invoked command in '/home/bjorn/Documents/ros-projects/cam_ws/build/cv_bridge' returned '0': CMAKE_PREFIX_PATH=${CMAKE_PREFIX_PATH}:/home/bjorn/Documents/ros-projects/cam_ws/install/py_image_flip:/home/bjorn/Documents/ros-projects/cam_ws/install/opencv_tests:/opt/ros/humble /home/bjorn/.local/bin/cmake --build /home/bjorn/Documents/ros-projects/cam_ws/build/cv_bridge -- -j20 -l20
[0.383s] Invoking command in '/home/bjorn/Documents/ros-projects/cam_ws/build/cv_bridge': CMAKE_PREFIX_PATH=${CMAKE_PREFIX_PATH}:/home/bjorn/Documents/ros-projects/cam_ws/install/py_image_flip:/home/bjorn/Documents/ros-projects/cam_ws/install/opencv_tests:/opt/ros/humble /home/bjorn/.local/bin/cmake --install /home/bjorn/Documents/ros-projects/cam_ws/build/cv_bridge
[0.406s] -- Install configuration: ""
[0.408s] -- Up-to-date: /home/bjorn/Documents/ros-projects/cam_ws/install/cv_bridge/share/cv_bridge/environment/pythonpath.sh
[0.408s] -- Up-to-date: /home/bjorn/Documents/ros-projects/cam_ws/install/cv_bridge/share/cv_bridge/environment/pythonpath.dsv
[0.408s] -- Up-to-date: /home/bjorn/Documents/ros-projects/cam_ws/install/cv_bridge/local/lib/python3.10/dist-packages/cv_bridge-3.2.1-py3.10.egg-info
[0.409s] -- Installing: /home/bjorn/Documents/ros-projects/cam_ws/install/cv_bridge/local/lib/python3.10/dist-packages/cv_bridge-3.2.1-py3.10.egg-info/PKG-INFO
[0.409s] -- Installing: /home/bjorn/Documents/ros-projects/cam_ws/install/cv_bridge/local/lib/python3.10/dist-packages/cv_bridge-3.2.1-py3.10.egg-info/SOURCES.txt
[0.411s] -- Installing: /home/bjorn/Documents/ros-projects/cam_ws/install/cv_bridge/local/lib/python3.10/dist-packages/cv_bridge-3.2.1-py3.10.egg-info/dependency_links.txt
[0.411s] -- Installing: /home/bjorn/Documents/ros-projects/cam_ws/install/cv_bridge/local/lib/python3.10/dist-packages/cv_bridge-3.2.1-py3.10.egg-info/top_level.txt
[0.411s] -- Up-to-date: /home/bjorn/Documents/ros-projects/cam_ws/install/cv_bridge/local/lib/python3.10/dist-packages/cv_bridge
[0.411s] -- Up-to-date: /home/bjorn/Documents/ros-projects/cam_ws/install/cv_bridge/local/lib/python3.10/dist-packages/cv_bridge/__init__.py
[0.411s] -- Up-to-date: /home/bjorn/Documents/ros-projects/cam_ws/install/cv_bridge/local/lib/python3.10/dist-packages/cv_bridge/core.py
[0.433s] Listing '/home/bjorn/Documents/ros-projects/cam_ws/install/cv_bridge/local/lib/python3.10/dist-packages/cv_bridge'...
[0.435s] Listing '/home/bjorn/Documents/ros-projects/cam_ws/install/cv_bridge/local/lib/python3.10/dist-packages/cv_bridge/boost'...
[0.436s] -- Up-to-date: /home/bjorn/Documents/ros-projects/cam_ws/install/cv_bridge/lib/libcv_bridge.so
[0.436s] -- Up-to-date: /home/bjorn/Documents/ros-projects/cam_ws/install/cv_bridge/include/cv_bridge/cv_bridge/cv_bridge_export.h
[0.436s] -- Up-to-date: /home/bjorn/Documents/ros-projects/cam_ws/install/cv_bridge/local/lib/python3.10/dist-packages/cv_bridge/boost/cv_bridge_boost.so
[0.437s] -- Up-to-date: /home/bjorn/Documents/ros-projects/cam_ws/install/cv_bridge/include/cv_bridge
[0.437s] -- Up-to-date: /home/bjorn/Documents/ros-projects/cam_ws/install/cv_bridge/include/cv_bridge/cv_bridge
[0.437s] -- Up-to-date: /home/bjorn/Documents/ros-projects/cam_ws/install/cv_bridge/include/cv_bridge/cv_bridge/rgb_colors.h
[0.437s] -- Up-to-date: /home/bjorn/Documents/ros-projects/cam_ws/install/cv_bridge/include/cv_bridge/cv_bridge/cv_bridge.h
[0.437s] -- Up-to-date: /home/bjorn/Documents/ros-projects/cam_ws/install/cv_bridge/lib/libcv_bridge.so
[0.438s] -- Up-to-date: /home/bjorn/Documents/ros-projects/cam_ws/install/cv_bridge/share/ament_index/resource_index/package_run_dependencies/cv_bridge
[0.438s] -- Up-to-date: /home/bjorn/Documents/ros-projects/cam_ws/install/cv_bridge/share/ament_index/resource_index/parent_prefix_path/cv_bridge
[0.438s] -- Up-to-date: /home/bjorn/Documents/ros-projects/cam_ws/install/cv_bridge/share/cv_bridge/environment/ament_prefix_path.sh
[0.438s] -- Up-to-date: /home/bjorn/Documents/ros-projects/cam_ws/install/cv_bridge/share/cv_bridge/environment/ament_prefix_path.dsv
[0.438s] -- Up-to-date: /home/bjorn/Documents/ros-projects/cam_ws/install/cv_bridge/share/cv_bridge/environment/path.sh
[0.438s] -- Up-to-date: /home/bjorn/Documents/ros-projects/cam_ws/install/cv_bridge/share/cv_bridge/environment/path.dsv
[0.438s] -- Up-to-date: /home/bjorn/Documents/ros-projects/cam_ws/install/cv_bridge/share/cv_bridge/local_setup.bash
[0.439s] -- Up-to-date: /home/bjorn/Documents/ros-projects/cam_ws/install/cv_bridge/share/cv_bridge/local_setup.sh
[0.439s] -- Up-to-date: /home/bjorn/Documents/ros-projects/cam_ws/install/cv_bridge/share/cv_bridge/local_setup.zsh
[0.439s] -- Up-to-date: /home/bjorn/Documents/ros-projects/cam_ws/install/cv_bridge/share/cv_bridge/local_setup.dsv
[0.441s] -- Installing: /home/bjorn/Documents/ros-projects/cam_ws/install/cv_bridge/share/cv_bridge/package.dsv
[0.441s] -- Up-to-date: /home/bjorn/Documents/ros-projects/cam_ws/install/cv_bridge/share/ament_index/resource_index/packages/cv_bridge
[0.441s] -- Up-to-date: /home/bjorn/Documents/ros-projects/cam_ws/install/cv_bridge/share/cv_bridge/cmake/export_cv_bridgeExport.cmake
[0.442s] -- Up-to-date: /home/bjorn/Documents/ros-projects/cam_ws/install/cv_bridge/share/cv_bridge/cmake/export_cv_bridgeExport-noconfig.cmake
[0.442s] -- Up-to-date: /home/bjorn/Documents/ros-projects/cam_ws/install/cv_bridge/share/cv_bridge/cmake/cv_bridge-extras.cmake
[0.442s] -- Up-to-date: /home/bjorn/Documents/ros-projects/cam_ws/install/cv_bridge/share/cv_bridge/cmake/ament_cmake_export_dependencies-extras.cmake
[0.442s] -- Up-to-date: /home/bjorn/Documents/ros-projects/cam_ws/install/cv_bridge/share/cv_bridge/cmake/ament_cmake_export_targets-extras.cmake
[0.442s] -- Up-to-date: /home/bjorn/Documents/ros-projects/cam_ws/install/cv_bridge/share/cv_bridge/cmake/cv_bridgeConfig.cmake
[0.442s] -- Up-to-date: /home/bjorn/Documents/ros-projects/cam_ws/install/cv_bridge/share/cv_bridge/cmake/cv_bridgeConfig-version.cmake
[0.442s] -- Up-to-date: /home/bjorn/Documents/ros-projects/cam_ws/install/cv_bridge/share/cv_bridge/package.xml
[0.457s] Invoked command in '/home/bjorn/Documents/ros-projects/cam_ws/build/cv_bridge' returned '0': CMAKE_PREFIX_PATH=${CMAKE_PREFIX_PATH}:/home/bjorn/Documents/ros-projects/cam_ws/install/py_image_flip:/home/bjorn/Documents/ros-projects/cam_ws/install/opencv_tests:/opt/ros/humble /home/bjorn/.local/bin/cmake --install /home/bjorn/Documents/ros-projects/cam_ws/build/cv_bridge
