[0.045s] Invoking command in '/home/bjorn/Documents/ros-projects/cam_ws/build/gscam2': AMENT_PREFIX_PATH=/home/bjorn/Documents/ros-projects/cam_ws/install/camera_info_manager:/home/bjorn/Documents/ros-projects/cam_ws/install/ros2_shared:/home/bjorn/Documents/ros-projects/cam_ws/install/cv_bridge:/home/bjorn/Documents/ros-projects/cam_ws/install/camera_calibration_parsers:${AMENT_PREFIX_PATH} CMAKE_PREFIX_PATH=/home/bjorn/Documents/ros-projects/cam_ws/install/camera_info_manager:/home/bjorn/Documents/ros-projects/cam_ws/install/ros2_shared:/home/bjorn/Documents/ros-projects/cam_ws/install/cv_bridge:/home/bjorn/Documents/ros-projects/cam_ws/install/camera_calibration_parsers:/opt/ros/humble LD_LIBRARY_PATH=/home/bjorn/Documents/ros-projects/cam_ws/install/camera_info_manager/lib:/home/bjorn/Documents/ros-projects/cam_ws/install/cv_bridge/lib:/home/bjorn/Documents/ros-projects/cam_ws/install/camera_calibration_parsers/lib:${LD_LIBRARY_PATH} PYTHONPATH=/home/bjorn/Documents/ros-projects/cam_ws/install/cv_bridge/local/lib/python3.10/dist-packages:${PYTHONPATH} /home/bjorn/.local/bin/cmake --build /home/bjorn/Documents/ros-projects/cam_ws/build/gscam2 -- -j20 -l20
[0.079s] [ 14%] Built target gtest
[0.079s] [ 28%] Built target gtest_main
[0.079s] [ 42%] Built target subscriber_node
[0.080s] [ 57%] Built target gscam_node
[0.089s] [ 85%] Built target ipc_test_main
[0.089s] [ 85%] Built target smoke_test
[0.089s] [100%] Built target gscam_main
[0.114s] Invoked command in '/home/bjorn/Documents/ros-projects/cam_ws/build/gscam2' returned '0': AMENT_PREFIX_PATH=/home/bjorn/Documents/ros-projects/cam_ws/install/camera_info_manager:/home/bjorn/Documents/ros-projects/cam_ws/install/ros2_shared:/home/bjorn/Documents/ros-projects/cam_ws/install/cv_bridge:/home/bjorn/Documents/ros-projects/cam_ws/install/camera_calibration_parsers:${AMENT_PREFIX_PATH} CMAKE_PREFIX_PATH=/home/bjorn/Documents/ros-projects/cam_ws/install/camera_info_manager:/home/bjorn/Documents/ros-projects/cam_ws/install/ros2_shared:/home/bjorn/Documents/ros-projects/cam_ws/install/cv_bridge:/home/bjorn/Documents/ros-projects/cam_ws/install/camera_calibration_parsers:/opt/ros/humble LD_LIBRARY_PATH=/home/bjorn/Documents/ros-projects/cam_ws/install/camera_info_manager/lib:/home/bjorn/Documents/ros-projects/cam_ws/install/cv_bridge/lib:/home/bjorn/Documents/ros-projects/cam_ws/install/camera_calibration_parsers/lib:${LD_LIBRARY_PATH} PYTHONPATH=/home/bjorn/Documents/ros-projects/cam_ws/install/cv_bridge/local/lib/python3.10/dist-packages:${PYTHONPATH} /home/bjorn/.local/bin/cmake --build /home/bjorn/Documents/ros-projects/cam_ws/build/gscam2 -- -j20 -l20
[0.151s] Invoking command in '/home/bjorn/Documents/ros-projects/cam_ws/build/gscam2': AMENT_PREFIX_PATH=/home/bjorn/Documents/ros-projects/cam_ws/install/camera_info_manager:/home/bjorn/Documents/ros-projects/cam_ws/install/ros2_shared:/home/bjorn/Documents/ros-projects/cam_ws/install/cv_bridge:/home/bjorn/Documents/ros-projects/cam_ws/install/camera_calibration_parsers:${AMENT_PREFIX_PATH} CMAKE_PREFIX_PATH=/home/bjorn/Documents/ros-projects/cam_ws/install/camera_info_manager:/home/bjorn/Documents/ros-projects/cam_ws/install/ros2_shared:/home/bjorn/Documents/ros-projects/cam_ws/install/cv_bridge:/home/bjorn/Documents/ros-projects/cam_ws/install/camera_calibration_parsers:/opt/ros/humble LD_LIBRARY_PATH=/home/bjorn/Documents/ros-projects/cam_ws/install/camera_info_manager/lib:/home/bjorn/Documents/ros-projects/cam_ws/install/cv_bridge/lib:/home/bjorn/Documents/ros-projects/cam_ws/install/camera_calibration_parsers/lib:${LD_LIBRARY_PATH} PYTHONPATH=/home/bjorn/Documents/ros-projects/cam_ws/install/cv_bridge/local/lib/python3.10/dist-packages:${PYTHONPATH} /home/bjorn/.local/bin/cmake --install /home/bjorn/Documents/ros-projects/cam_ws/build/gscam2
[0.177s] -- Install configuration: ""
[0.177s] -- Up-to-date: /home/bjorn/Documents/ros-projects/cam_ws/install/gscam2/include/gscam2
[0.180s] -- Up-to-date: /home/bjorn/Documents/ros-projects/cam_ws/install/gscam2/include/gscam2/subscriber_node.hpp
[0.182s] -- Up-to-date: /home/bjorn/Documents/ros-projects/cam_ws/install/gscam2/include/gscam2/gscam_node.hpp
[0.185s] -- Up-to-date: /home/bjorn/Documents/ros-projects/cam_ws/install/gscam2/lib/libgscam_node.so
[0.186s] -- Up-to-date: /home/bjorn/Documents/ros-projects/cam_ws/install/gscam2/lib/libsubscriber_node.so
[0.187s] -- Up-to-date: /home/bjorn/Documents/ros-projects/cam_ws/install/gscam2/lib/gscam2/gscam_main
[0.187s] -- Up-to-date: /home/bjorn/Documents/ros-projects/cam_ws/install/gscam2/lib/gscam2/ipc_test_main
[0.187s] -- Up-to-date: /home/bjorn/Documents/ros-projects/cam_ws/install/gscam2/share/gscam2/cfg
[0.187s] -- Up-to-date: /home/bjorn/Documents/ros-projects/cam_ws/install/gscam2/share/gscam2/cfg/workaround_params.yaml
[0.187s] -- Up-to-date: /home/bjorn/Documents/ros-projects/cam_ws/install/gscam2/share/gscam2/cfg/my_camera.ini
[0.188s] -- Up-to-date: /home/bjorn/Documents/ros-projects/cam_ws/install/gscam2/share/gscam2/cfg/params.yaml
[0.191s] -- Up-to-date: /home/bjorn/Documents/ros-projects/cam_ws/install/gscam2/share/gscam2/launch
[0.191s] -- Up-to-date: /home/bjorn/Documents/ros-projects/cam_ws/install/gscam2/share/gscam2/launch/republish_launch.py
[0.191s] -- Up-to-date: /home/bjorn/Documents/ros-projects/cam_ws/install/gscam2/share/gscam2/launch/container_param_launch.py
[0.192s] -- Up-to-date: /home/bjorn/Documents/ros-projects/cam_ws/install/gscam2/share/gscam2/launch/node_param_launch.py
[0.192s] -- Up-to-date: /home/bjorn/Documents/ros-projects/cam_ws/install/gscam2/share/gscam2/launch/composition_launch.py
[0.192s] -- Up-to-date: /home/bjorn/Documents/ros-projects/cam_ws/install/gscam2/share/gscam2/environment/library_path.sh
[0.192s] -- Up-to-date: /home/bjorn/Documents/ros-projects/cam_ws/install/gscam2/share/gscam2/environment/library_path.dsv
[0.192s] -- Up-to-date: /home/bjorn/Documents/ros-projects/cam_ws/install/gscam2/share/ament_index/resource_index/package_run_dependencies/gscam2
[0.192s] -- Up-to-date: /home/bjorn/Documents/ros-projects/cam_ws/install/gscam2/share/ament_index/resource_index/parent_prefix_path/gscam2
[0.193s] -- Up-to-date: /home/bjorn/Documents/ros-projects/cam_ws/install/gscam2/share/gscam2/environment/ament_prefix_path.sh
[0.193s] -- Up-to-date: /home/bjorn/Documents/ros-projects/cam_ws/install/gscam2/share/gscam2/environment/ament_prefix_path.dsv
[0.193s] -- Up-to-date: /home/bjorn/Documents/ros-projects/cam_ws/install/gscam2/share/gscam2/environment/path.sh
[0.193s] -- Up-to-date: /home/bjorn/Documents/ros-projects/cam_ws/install/gscam2/share/gscam2/environment/path.dsv
[0.193s] -- Up-to-date: /home/bjorn/Documents/ros-projects/cam_ws/install/gscam2/share/gscam2/local_setup.bash
[0.194s] -- Up-to-date: /home/bjorn/Documents/ros-projects/cam_ws/install/gscam2/share/gscam2/local_setup.sh
[0.194s] -- Up-to-date: /home/bjorn/Documents/ros-projects/cam_ws/install/gscam2/share/gscam2/local_setup.zsh
[0.194s] -- Up-to-date: /home/bjorn/Documents/ros-projects/cam_ws/install/gscam2/share/gscam2/local_setup.dsv
[0.194s] -- Installing: /home/bjorn/Documents/ros-projects/cam_ws/install/gscam2/share/gscam2/package.dsv
[0.194s] -- Up-to-date: /home/bjorn/Documents/ros-projects/cam_ws/install/gscam2/share/ament_index/resource_index/packages/gscam2
[0.195s] -- Up-to-date: /home/bjorn/Documents/ros-projects/cam_ws/install/gscam2/share/ament_index/resource_index/rclcpp_components/gscam2
[0.195s] -- Up-to-date: /home/bjorn/Documents/ros-projects/cam_ws/install/gscam2/share/gscam2/cmake/gscam2_targetsExport.cmake
[0.195s] -- Up-to-date: /home/bjorn/Documents/ros-projects/cam_ws/install/gscam2/share/gscam2/cmake/gscam2_targetsExport-noconfig.cmake
[0.195s] -- Up-to-date: /home/bjorn/Documents/ros-projects/cam_ws/install/gscam2/share/gscam2/cmake/ament_cmake_export_targets-extras.cmake
[0.196s] -- Up-to-date: /home/bjorn/Documents/ros-projects/cam_ws/install/gscam2/share/gscam2/cmake/ament_cmake_export_dependencies-extras.cmake
[0.199s] -- Up-to-date: /home/bjorn/Documents/ros-projects/cam_ws/install/gscam2/share/gscam2/cmake/gscam2Config.cmake
[0.199s] -- Up-to-date: /home/bjorn/Documents/ros-projects/cam_ws/install/gscam2/share/gscam2/cmake/gscam2Config-version.cmake
[0.199s] -- Up-to-date: /home/bjorn/Documents/ros-projects/cam_ws/install/gscam2/share/gscam2/package.xml
[0.217s] Invoked command in '/home/bjorn/Documents/ros-projects/cam_ws/build/gscam2' returned '0': AMENT_PREFIX_PATH=/home/bjorn/Documents/ros-projects/cam_ws/install/camera_info_manager:/home/bjorn/Documents/ros-projects/cam_ws/install/ros2_shared:/home/bjorn/Documents/ros-projects/cam_ws/install/cv_bridge:/home/bjorn/Documents/ros-projects/cam_ws/install/camera_calibration_parsers:${AMENT_PREFIX_PATH} CMAKE_PREFIX_PATH=/home/bjorn/Documents/ros-projects/cam_ws/install/camera_info_manager:/home/bjorn/Documents/ros-projects/cam_ws/install/ros2_shared:/home/bjorn/Documents/ros-projects/cam_ws/install/cv_bridge:/home/bjorn/Documents/ros-projects/cam_ws/install/camera_calibration_parsers:/opt/ros/humble LD_LIBRARY_PATH=/home/bjorn/Documents/ros-projects/cam_ws/install/camera_info_manager/lib:/home/bjorn/Documents/ros-projects/cam_ws/install/cv_bridge/lib:/home/bjorn/Documents/ros-projects/cam_ws/install/camera_calibration_parsers/lib:${LD_LIBRARY_PATH} PYTHONPATH=/home/bjorn/Documents/ros-projects/cam_ws/install/cv_bridge/local/lib/python3.10/dist-packages:${PYTHONPATH} /home/bjorn/.local/bin/cmake --install /home/bjorn/Documents/ros-projects/cam_ws/build/gscam2
