[0.004s] Invoking command in '/home/bjorn/Documents/ros-projects/cam_ws/build/camera_info_manager': AMENT_PREFIX_PATH=/home/bjorn/Documents/ros-projects/cam_ws/install/camera_calibration_parsers:${AMENT_PREFIX_PATH} CMAKE_PREFIX_PATH=/home/bjorn/Documents/ros-projects/cam_ws/install/camera_calibration_parsers:/opt/ros/humble LD_LIBRARY_PATH=/home/bjorn/Documents/ros-projects/cam_ws/install/camera_calibration_parsers/lib:${LD_LIBRARY_PATH} /home/bjorn/.local/bin/cmake /home/bjorn/Documents/ros-projects/cam_ws/src/image_common/camera_info_manager -DCMAKE_INSTALL_PREFIX=/home/bjorn/Documents/ros-projects/cam_ws/install/camera_info_manager
[0.049s] -- The C compiler identification is GNU 11.3.0
[0.084s] -- The CXX compiler identification is GNU 11.3.0
[0.090s] -- Detecting C compiler ABI info
[0.123s] -- Detecting C compiler ABI info - done
[0.131s] -- Check for working C compiler: /usr/bin/cc - skipped
[0.131s] -- Detecting C compile features
[0.132s] -- Detecting C compile features - done
[0.134s] -- Detecting CXX compiler ABI info
[0.175s] -- Detecting CXX compiler ABI info - done
[0.184s] -- Check for working CXX compiler: /usr/bin/c++ - skipped
[0.185s] -- Detecting CXX compile features
[0.185s] -- Detecting CXX compile features - done
[0.187s] -- Found ament_cmake_ros: 0.10.0 (/opt/ros/humble/share/ament_cmake_ros/cmake)
[0.448s] -- Found Python3: /usr/bin/python3.10 (found version "3.10.6") found components: Interpreter 
[0.526s] -- Found ament_index_cpp: 1.4.0 (/opt/ros/humble/share/ament_index_cpp/cmake)
[0.527s] -- Found camera_calibration_parsers: 3.1.5 (/home/bjorn/Documents/ros-projects/cam_ws/install/camera_calibration_parsers/share/camera_calibration_parsers/cmake)
[0.567s] -- Found rosidl_generator_c: 3.1.4 (/opt/ros/humble/share/rosidl_generator_c/cmake)
[0.572s] -- Found rosidl_adapter: 3.1.4 (/opt/ros/humble/share/rosidl_adapter/cmake)
[0.580s] -- Found rosidl_generator_cpp: 3.1.4 (/opt/ros/humble/share/rosidl_generator_cpp/cmake)
[0.592s] -- Using all available rosidl_typesupport_c: rosidl_typesupport_fastrtps_c;rosidl_typesupport_introspection_c
[0.610s] -- Using all available rosidl_typesupport_cpp: rosidl_typesupport_fastrtps_cpp;rosidl_typesupport_introspection_cpp
[0.673s] -- Found rmw_implementation_cmake: 6.1.1 (/opt/ros/humble/share/rmw_implementation_cmake/cmake)
[0.675s] -- Found rmw_fastrtps_cpp: 6.2.2 (/opt/ros/humble/share/rmw_fastrtps_cpp/cmake)
[0.741s] -- Found OpenSSL: /usr/lib/x86_64-linux-gnu/libcrypto.so (found version "3.0.2")  
[0.766s] -- Found FastRTPS: /opt/ros/humble/include  
[0.806s] -- Using RMW implementation 'rmw_fastrtps_cpp' as default
[0.814s] -- Performing Test CMAKE_HAVE_LIBC_PTHREAD
[0.853s] -- Performing Test CMAKE_HAVE_LIBC_PTHREAD - Success
[0.854s] -- Found Threads: TRUE  
[1.160s] -- Found ament_cmake_cpplint: 0.12.6 (/opt/ros/humble/share/ament_cmake_cpplint/cmake)
[1.161s] -- Found ament_cmake_lint_cmake: 0.12.6 (/opt/ros/humble/share/ament_cmake_lint_cmake/cmake)
[1.162s] -- Found ament_cmake_uncrustify: 0.12.6 (/opt/ros/humble/share/ament_cmake_uncrustify/cmake)
[1.213s] -- Configuring done (1.2s)
[1.221s] -- Generating done (0.0s)
[1.222s] -- Build files have been written to: /home/bjorn/Documents/ros-projects/cam_ws/build/camera_info_manager
[1.233s] Invoked command in '/home/bjorn/Documents/ros-projects/cam_ws/build/camera_info_manager' returned '0': AMENT_PREFIX_PATH=/home/bjorn/Documents/ros-projects/cam_ws/install/camera_calibration_parsers:${AMENT_PREFIX_PATH} CMAKE_PREFIX_PATH=/home/bjorn/Documents/ros-projects/cam_ws/install/camera_calibration_parsers:/opt/ros/humble LD_LIBRARY_PATH=/home/bjorn/Documents/ros-projects/cam_ws/install/camera_calibration_parsers/lib:${LD_LIBRARY_PATH} /home/bjorn/.local/bin/cmake /home/bjorn/Documents/ros-projects/cam_ws/src/image_common/camera_info_manager -DCMAKE_INSTALL_PREFIX=/home/bjorn/Documents/ros-projects/cam_ws/install/camera_info_manager
[1.234s] Invoking command in '/home/bjorn/Documents/ros-projects/cam_ws/build/camera_info_manager': AMENT_PREFIX_PATH=/home/bjorn/Documents/ros-projects/cam_ws/install/camera_calibration_parsers:${AMENT_PREFIX_PATH} CMAKE_PREFIX_PATH=/home/bjorn/Documents/ros-projects/cam_ws/install/camera_calibration_parsers:/opt/ros/humble LD_LIBRARY_PATH=/home/bjorn/Documents/ros-projects/cam_ws/install/camera_calibration_parsers/lib:${LD_LIBRARY_PATH} /home/bjorn/.local/bin/cmake --build /home/bjorn/Documents/ros-projects/cam_ws/build/camera_info_manager -- -j20 -l20
[1.264s] [ 50%] [32mBuilding CXX object CMakeFiles/camera_info_manager.dir/src/camera_info_manager.cpp.o[0m
[3.041s] [100%] [32m[1mLinking CXX shared library libcamera_info_manager.so[0m
[3.127s] [100%] Built target camera_info_manager
[3.134s] Invoked command in '/home/bjorn/Documents/ros-projects/cam_ws/build/camera_info_manager' returned '0': AMENT_PREFIX_PATH=/home/bjorn/Documents/ros-projects/cam_ws/install/camera_calibration_parsers:${AMENT_PREFIX_PATH} CMAKE_PREFIX_PATH=/home/bjorn/Documents/ros-projects/cam_ws/install/camera_calibration_parsers:/opt/ros/humble LD_LIBRARY_PATH=/home/bjorn/Documents/ros-projects/cam_ws/install/camera_calibration_parsers/lib:${LD_LIBRARY_PATH} /home/bjorn/.local/bin/cmake --build /home/bjorn/Documents/ros-projects/cam_ws/build/camera_info_manager -- -j20 -l20
[3.162s] Invoking command in '/home/bjorn/Documents/ros-projects/cam_ws/build/camera_info_manager': AMENT_PREFIX_PATH=/home/bjorn/Documents/ros-projects/cam_ws/install/camera_calibration_parsers:${AMENT_PREFIX_PATH} CMAKE_PREFIX_PATH=/home/bjorn/Documents/ros-projects/cam_ws/install/camera_calibration_parsers:/opt/ros/humble LD_LIBRARY_PATH=/home/bjorn/Documents/ros-projects/cam_ws/install/camera_calibration_parsers/lib:${LD_LIBRARY_PATH} /home/bjorn/.local/bin/cmake --install /home/bjorn/Documents/ros-projects/cam_ws/build/camera_info_manager
[3.179s] -- Install configuration: ""
[3.179s] -- Installing: /home/bjorn/Documents/ros-projects/cam_ws/install/camera_info_manager/lib/libcamera_info_manager.so
[3.180s] -- Set runtime path of "/home/bjorn/Documents/ros-projects/cam_ws/install/camera_info_manager/lib/libcamera_info_manager.so" to ""
[3.180s] -- Installing: /home/bjorn/Documents/ros-projects/cam_ws/install/camera_info_manager/include/camera_info_manager
[3.180s] -- Installing: /home/bjorn/Documents/ros-projects/cam_ws/install/camera_info_manager/include/camera_info_manager/camera_info_manager
[3.180s] -- Installing: /home/bjorn/Documents/ros-projects/cam_ws/install/camera_info_manager/include/camera_info_manager/camera_info_manager/camera_info_manager.h
[3.180s] -- Installing: /home/bjorn/Documents/ros-projects/cam_ws/install/camera_info_manager/include/camera_info_manager/camera_info_manager/camera_info_manager.hpp
[3.180s] -- Installing: /home/bjorn/Documents/ros-projects/cam_ws/install/camera_info_manager/include/camera_info_manager/camera_info_manager/visibility_control.h
[3.181s] -- Installing: /home/bjorn/Documents/ros-projects/cam_ws/install/camera_info_manager/share/ament_index/resource_index/package_run_dependencies/camera_info_manager
[3.181s] -- Installing: /home/bjorn/Documents/ros-projects/cam_ws/install/camera_info_manager/share/ament_index/resource_index/parent_prefix_path/camera_info_manager
[3.181s] -- Installing: /home/bjorn/Documents/ros-projects/cam_ws/install/camera_info_manager/share/camera_info_manager/environment/ament_prefix_path.sh
[3.181s] -- Installing: /home/bjorn/Documents/ros-projects/cam_ws/install/camera_info_manager/share/camera_info_manager/environment/ament_prefix_path.dsv
[3.181s] -- Installing: /home/bjorn/Documents/ros-projects/cam_ws/install/camera_info_manager/share/camera_info_manager/environment/path.sh
[3.181s] -- Installing: /home/bjorn/Documents/ros-projects/cam_ws/install/camera_info_manager/share/camera_info_manager/environment/path.dsv
[3.181s] -- Installing: /home/bjorn/Documents/ros-projects/cam_ws/install/camera_info_manager/share/camera_info_manager/local_setup.bash
[3.181s] -- Installing: /home/bjorn/Documents/ros-projects/cam_ws/install/camera_info_manager/share/camera_info_manager/local_setup.sh
[3.181s] -- Installing: /home/bjorn/Documents/ros-projects/cam_ws/install/camera_info_manager/share/camera_info_manager/local_setup.zsh
[3.181s] -- Installing: /home/bjorn/Documents/ros-projects/cam_ws/install/camera_info_manager/share/camera_info_manager/local_setup.dsv
[3.181s] -- Installing: /home/bjorn/Documents/ros-projects/cam_ws/install/camera_info_manager/share/camera_info_manager/package.dsv
[3.181s] -- Installing: /home/bjorn/Documents/ros-projects/cam_ws/install/camera_info_manager/share/ament_index/resource_index/packages/camera_info_manager
[3.182s] -- Installing: /home/bjorn/Documents/ros-projects/cam_ws/install/camera_info_manager/share/camera_info_manager/cmake/export_camera_info_managerExport.cmake
[3.182s] -- Installing: /home/bjorn/Documents/ros-projects/cam_ws/install/camera_info_manager/share/camera_info_manager/cmake/export_camera_info_managerExport-noconfig.cmake
[3.182s] -- Installing: /home/bjorn/Documents/ros-projects/cam_ws/install/camera_info_manager/share/camera_info_manager/cmake/ament_cmake_export_dependencies-extras.cmake
[3.182s] -- Installing: /home/bjorn/Documents/ros-projects/cam_ws/install/camera_info_manager/share/camera_info_manager/cmake/ament_cmake_export_targets-extras.cmake
[3.182s] -- Installing: /home/bjorn/Documents/ros-projects/cam_ws/install/camera_info_manager/share/camera_info_manager/cmake/camera_info_managerConfig.cmake
[3.182s] -- Installing: /home/bjorn/Documents/ros-projects/cam_ws/install/camera_info_manager/share/camera_info_manager/cmake/camera_info_managerConfig-version.cmake
[3.182s] -- Installing: /home/bjorn/Documents/ros-projects/cam_ws/install/camera_info_manager/share/camera_info_manager/package.xml
[3.187s] Invoked command in '/home/bjorn/Documents/ros-projects/cam_ws/build/camera_info_manager' returned '0': AMENT_PREFIX_PATH=/home/bjorn/Documents/ros-projects/cam_ws/install/camera_calibration_parsers:${AMENT_PREFIX_PATH} CMAKE_PREFIX_PATH=/home/bjorn/Documents/ros-projects/cam_ws/install/camera_calibration_parsers:/opt/ros/humble LD_LIBRARY_PATH=/home/bjorn/Documents/ros-projects/cam_ws/install/camera_calibration_parsers/lib:${LD_LIBRARY_PATH} /home/bjorn/.local/bin/cmake --install /home/bjorn/Documents/ros-projects/cam_ws/build/camera_info_manager
