[0.029s] Invoking command in '/home/bjorn/Documents/ros-projects/cam_ws/build/cv_bridge': CMAKE_PREFIX_PATH=${CMAKE_PREFIX_PATH}:/home/bjorn/Documents/ros-projects/cam_ws/install/opencv_tests:/opt/ros/humble /home/bjorn/.local/bin/cmake /home/bjorn/Documents/ros-projects/cam_ws/src/vision_opencv/cv_bridge -DCMAKE_INSTALL_PREFIX=/home/bjorn/Documents/ros-projects/cam_ws/install/cv_bridge
[0.076s] -- The C compiler identification is GNU 11.3.0
[0.112s] -- The CXX compiler identification is GNU 11.3.0
[0.118s] -- Detecting C compiler ABI info
[0.152s] -- Detecting C compiler ABI info - done
[0.167s] -- Check for working C compiler: /usr/bin/cc - skipped
[0.167s] -- Detecting C compile features
[0.168s] -- Detecting C compile features - done
[0.172s] -- Detecting CXX compiler ABI info
[0.215s] -- Detecting CXX compiler ABI info - done
[0.223s] -- Check for working CXX compiler: /usr/bin/c++ - skipped
[0.223s] -- Detecting CXX compile features
[0.224s] -- Detecting CXX compile features - done
[0.226s] -- Found ament_cmake_ros: 0.10.0 (/opt/ros/humble/share/ament_cmake_ros/cmake)
[0.515s] -- Found Python3: /usr/bin/python3.10 (found version "3.10.6") found components: Interpreter 
[0.837s] -- Found Python3: /usr/include/python3.10 (found version "3.10.6") found components: Development NumPy Interpreter Development.Module Development.Embed 
[0.848s] -- Found Boost: /usr/lib/x86_64-linux-gnu/cmake/Boost-1.74.0/BoostConfig.cmake (found version "1.74.0") found components: python310 
[0.850s] -- Found rcpputils: 2.4.1 (/opt/ros/humble/share/rcpputils/cmake)
[0.860s] -- Found sensor_msgs: 4.2.3 (/opt/ros/humble/share/sensor_msgs/cmake)
[0.881s] -- Found rosidl_generator_c: 3.1.4 (/opt/ros/humble/share/rosidl_generator_c/cmake)
[0.886s] -- Found rosidl_adapter: 3.1.4 (/opt/ros/humble/share/rosidl_adapter/cmake)
[0.893s] -- Found rosidl_generator_cpp: 3.1.4 (/opt/ros/humble/share/rosidl_generator_cpp/cmake)
[0.907s] -- Using all available rosidl_typesupport_c: rosidl_typesupport_fastrtps_c;rosidl_typesupport_introspection_c
[0.922s] -- Using all available rosidl_typesupport_cpp: rosidl_typesupport_fastrtps_cpp;rosidl_typesupport_introspection_cpp
[1.217s] -- Performing Test COMPILER_HAS_HIDDEN_VISIBILITY
[1.268s] -- Performing Test COMPILER_HAS_HIDDEN_VISIBILITY - Success
[1.269s] -- Performing Test COMPILER_HAS_HIDDEN_INLINE_VISIBILITY
[1.317s] -- Performing Test COMPILER_HAS_HIDDEN_INLINE_VISIBILITY - Success
[1.318s] -- Performing Test COMPILER_HAS_DEPRECATED_ATTR
[1.367s] -- Performing Test COMPILER_HAS_DEPRECATED_ATTR - Success
[1.372s] -- Found ament_lint_auto: 0.12.6 (/opt/ros/humble/share/ament_lint_auto/cmake)
[1.448s] -- Found gtest sources under '/opt/ros/humble/src/gtest_vendor': C++ tests using 'Google Test' will be built
[1.450s] -- Performing Test CMAKE_HAVE_LIBC_PTHREAD
[1.491s] -- Performing Test CMAKE_HAVE_LIBC_PTHREAD - Success
[1.492s] -- Found Threads: TRUE  
[2.807s] -- Configuring done (2.8s)
[2.835s] -- Generating done (0.0s)
[2.838s] -- Build files have been written to: /home/bjorn/Documents/ros-projects/cam_ws/build/cv_bridge
[2.860s] Invoked command in '/home/bjorn/Documents/ros-projects/cam_ws/build/cv_bridge' returned '0': CMAKE_PREFIX_PATH=${CMAKE_PREFIX_PATH}:/home/bjorn/Documents/ros-projects/cam_ws/install/opencv_tests:/opt/ros/humble /home/bjorn/.local/bin/cmake /home/bjorn/Documents/ros-projects/cam_ws/src/vision_opencv/cv_bridge -DCMAKE_INSTALL_PREFIX=/home/bjorn/Documents/ros-projects/cam_ws/install/cv_bridge
[2.861s] Invoking command in '/home/bjorn/Documents/ros-projects/cam_ws/build/cv_bridge': CMAKE_PREFIX_PATH=${CMAKE_PREFIX_PATH}:/home/bjorn/Documents/ros-projects/cam_ws/install/opencv_tests:/opt/ros/humble /home/bjorn/.local/bin/cmake --build /home/bjorn/Documents/ros-projects/cam_ws/build/cv_bridge -- -j20 -l20
[2.898s] [  6%] Built target ament_cmake_python_copy_cv_bridge
[2.898s] [ 12%] [32mBuilding CXX object gtest/CMakeFiles/gtest_main.dir/src/gtest_main.cc.o[0m
[2.898s] [ 25%] [32mBuilding CXX object src/CMakeFiles/cv_bridge.dir/rgb_colors.cpp.o[0m
[2.898s] [ 25%] [32mBuilding CXX object src/CMakeFiles/cv_bridge.dir/cv_bridge.cpp.o[0m
[2.899s] [ 25%] [32mBuilding CXX object gtest/CMakeFiles/gtest.dir/src/gtest-all.cc.o[0m
[3.349s] running egg_info
[3.349s] creating cv_bridge.egg-info
[3.349s] writing cv_bridge.egg-info/PKG-INFO
[3.350s] writing dependency_links to cv_bridge.egg-info/dependency_links.txt
[3.350s] writing top-level names to cv_bridge.egg-info/top_level.txt
[3.352s] writing manifest file 'cv_bridge.egg-info/SOURCES.txt'
[3.355s] reading manifest file 'cv_bridge.egg-info/SOURCES.txt'
[3.356s] writing manifest file 'cv_bridge.egg-info/SOURCES.txt'
[3.394s] [ 25%] Built target ament_cmake_python_build_cv_bridge_egg
[3.614s] [ 31%] [32m[1mLinking CXX static library libgtest_main.a[0m
[3.646s] [ 31%] Built target gtest_main
[5.162s] [ 37%] [32m[1mLinking CXX static library libgtest.a[0m
[5.209s] [ 37%] Built target gtest
[6.077s] [ 43%] [32m[1mLinking CXX shared library libcv_bridge.so[0m
[6.173s] [ 43%] Built target cv_bridge
[6.179s] [ 62%] [32mBuilding CXX object test/CMakeFiles/cv_bridge-utest.dir/test_endian.cpp.o[0m
[6.179s] [ 62%] [32mBuilding CXX object test/CMakeFiles/cv_bridge-utest.dir/test_compression.cpp.o[0m
[6.179s] [ 62%] [32mBuilding CXX object src/CMakeFiles/cv_bridge_boost.dir/module.cpp.o[0m
[6.179s] [ 75%] [32mBuilding CXX object test/CMakeFiles/cv_bridge-utest.dir/utest.cpp.o[0m
[6.179s] [ 81%] [32mBuilding CXX object test/CMakeFiles/cv_bridge-utest.dir/utest2.cpp.o[0m
[6.179s] [ 81%] [32mBuilding CXX object src/CMakeFiles/cv_bridge_boost.dir/module_opencv3.cpp.o[0m
[6.179s] [ 87%] [32mBuilding CXX object test/CMakeFiles/cv_bridge-utest.dir/test_rgb_colors.cpp.o[0m
[7.505s] [ 93%] [32m[1mLinking CXX executable cv_bridge-utest[0m
[7.788s] [ 93%] Built target cv_bridge-utest
[8.339s] [100%] [32m[1mLinking CXX shared module boost/cv_bridge_boost.so[0m
[8.406s] [100%] Built target cv_bridge_boost
[8.412s] Invoked command in '/home/bjorn/Documents/ros-projects/cam_ws/build/cv_bridge' returned '0': CMAKE_PREFIX_PATH=${CMAKE_PREFIX_PATH}:/home/bjorn/Documents/ros-projects/cam_ws/install/opencv_tests:/opt/ros/humble /home/bjorn/.local/bin/cmake --build /home/bjorn/Documents/ros-projects/cam_ws/build/cv_bridge -- -j20 -l20
[8.445s] Invoking command in '/home/bjorn/Documents/ros-projects/cam_ws/build/cv_bridge': CMAKE_PREFIX_PATH=${CMAKE_PREFIX_PATH}:/home/bjorn/Documents/ros-projects/cam_ws/install/opencv_tests:/opt/ros/humble /home/bjorn/.local/bin/cmake --install /home/bjorn/Documents/ros-projects/cam_ws/build/cv_bridge
[8.463s] -- Install configuration: ""
[8.463s] -- Installing: /home/bjorn/Documents/ros-projects/cam_ws/install/cv_bridge/share/cv_bridge/environment/pythonpath.sh
[8.463s] -- Installing: /home/bjorn/Documents/ros-projects/cam_ws/install/cv_bridge/share/cv_bridge/environment/pythonpath.dsv
[8.463s] -- Installing: /home/bjorn/Documents/ros-projects/cam_ws/install/cv_bridge/local/lib/python3.10/dist-packages/cv_bridge-3.2.1-py3.10.egg-info
[8.463s] -- Installing: /home/bjorn/Documents/ros-projects/cam_ws/install/cv_bridge/local/lib/python3.10/dist-packages/cv_bridge-3.2.1-py3.10.egg-info/PKG-INFO
[8.463s] -- Installing: /home/bjorn/Documents/ros-projects/cam_ws/install/cv_bridge/local/lib/python3.10/dist-packages/cv_bridge-3.2.1-py3.10.egg-info/SOURCES.txt
[8.463s] -- Installing: /home/bjorn/Documents/ros-projects/cam_ws/install/cv_bridge/local/lib/python3.10/dist-packages/cv_bridge-3.2.1-py3.10.egg-info/dependency_links.txt
[8.463s] -- Installing: /home/bjorn/Documents/ros-projects/cam_ws/install/cv_bridge/local/lib/python3.10/dist-packages/cv_bridge-3.2.1-py3.10.egg-info/top_level.txt
[8.464s] -- Installing: /home/bjorn/Documents/ros-projects/cam_ws/install/cv_bridge/local/lib/python3.10/dist-packages/cv_bridge
[8.464s] -- Installing: /home/bjorn/Documents/ros-projects/cam_ws/install/cv_bridge/local/lib/python3.10/dist-packages/cv_bridge/__init__.py
[8.464s] -- Installing: /home/bjorn/Documents/ros-projects/cam_ws/install/cv_bridge/local/lib/python3.10/dist-packages/cv_bridge/core.py
[8.487s] Listing '/home/bjorn/Documents/ros-projects/cam_ws/install/cv_bridge/local/lib/python3.10/dist-packages/cv_bridge'...
[8.487s] Compiling '/home/bjorn/Documents/ros-projects/cam_ws/install/cv_bridge/local/lib/python3.10/dist-packages/cv_bridge/__init__.py'...
[8.487s] Compiling '/home/bjorn/Documents/ros-projects/cam_ws/install/cv_bridge/local/lib/python3.10/dist-packages/cv_bridge/core.py'...
[8.490s] -- Installing: /home/bjorn/Documents/ros-projects/cam_ws/install/cv_bridge/lib/libcv_bridge.so
[8.491s] -- Set runtime path of "/home/bjorn/Documents/ros-projects/cam_ws/install/cv_bridge/lib/libcv_bridge.so" to ""
[8.491s] -- Installing: /home/bjorn/Documents/ros-projects/cam_ws/install/cv_bridge/include/cv_bridge/cv_bridge/cv_bridge_export.h
[8.491s] -- Installing: /home/bjorn/Documents/ros-projects/cam_ws/install/cv_bridge/local/lib/python3.10/dist-packages/cv_bridge/boost/cv_bridge_boost.so
[8.492s] -- Set runtime path of "/home/bjorn/Documents/ros-projects/cam_ws/install/cv_bridge/local/lib/python3.10/dist-packages/cv_bridge/boost/cv_bridge_boost.so" to ""
[8.492s] -- Up-to-date: /home/bjorn/Documents/ros-projects/cam_ws/install/cv_bridge/include/cv_bridge
[8.492s] -- Up-to-date: /home/bjorn/Documents/ros-projects/cam_ws/install/cv_bridge/include/cv_bridge/cv_bridge
[8.492s] -- Installing: /home/bjorn/Documents/ros-projects/cam_ws/install/cv_bridge/include/cv_bridge/cv_bridge/rgb_colors.h
[8.492s] -- Installing: /home/bjorn/Documents/ros-projects/cam_ws/install/cv_bridge/include/cv_bridge/cv_bridge/cv_bridge.h
[8.493s] -- Up-to-date: /home/bjorn/Documents/ros-projects/cam_ws/install/cv_bridge/lib/libcv_bridge.so
[8.493s] -- Installing: /home/bjorn/Documents/ros-projects/cam_ws/install/cv_bridge/share/ament_index/resource_index/package_run_dependencies/cv_bridge
[8.493s] -- Installing: /home/bjorn/Documents/ros-projects/cam_ws/install/cv_bridge/share/ament_index/resource_index/parent_prefix_path/cv_bridge
[8.493s] -- Installing: /home/bjorn/Documents/ros-projects/cam_ws/install/cv_bridge/share/cv_bridge/environment/ament_prefix_path.sh
[8.493s] -- Installing: /home/bjorn/Documents/ros-projects/cam_ws/install/cv_bridge/share/cv_bridge/environment/ament_prefix_path.dsv
[8.493s] -- Installing: /home/bjorn/Documents/ros-projects/cam_ws/install/cv_bridge/share/cv_bridge/environment/path.sh
[8.493s] -- Installing: /home/bjorn/Documents/ros-projects/cam_ws/install/cv_bridge/share/cv_bridge/environment/path.dsv
[8.493s] -- Installing: /home/bjorn/Documents/ros-projects/cam_ws/install/cv_bridge/share/cv_bridge/local_setup.bash
[8.494s] -- Installing: /home/bjorn/Documents/ros-projects/cam_ws/install/cv_bridge/share/cv_bridge/local_setup.sh
[8.494s] -- Installing: /home/bjorn/Documents/ros-projects/cam_ws/install/cv_bridge/share/cv_bridge/local_setup.zsh
[8.494s] -- Installing: /home/bjorn/Documents/ros-projects/cam_ws/install/cv_bridge/share/cv_bridge/local_setup.dsv
[8.494s] -- Installing: /home/bjorn/Documents/ros-projects/cam_ws/install/cv_bridge/share/cv_bridge/package.dsv
[8.494s] -- Installing: /home/bjorn/Documents/ros-projects/cam_ws/install/cv_bridge/share/ament_index/resource_index/packages/cv_bridge
[8.494s] -- Installing: /home/bjorn/Documents/ros-projects/cam_ws/install/cv_bridge/share/cv_bridge/cmake/export_cv_bridgeExport.cmake
[8.494s] -- Installing: /home/bjorn/Documents/ros-projects/cam_ws/install/cv_bridge/share/cv_bridge/cmake/export_cv_bridgeExport-noconfig.cmake
[8.494s] -- Installing: /home/bjorn/Documents/ros-projects/cam_ws/install/cv_bridge/share/cv_bridge/cmake/cv_bridge-extras.cmake
[8.494s] -- Installing: /home/bjorn/Documents/ros-projects/cam_ws/install/cv_bridge/share/cv_bridge/cmake/ament_cmake_export_dependencies-extras.cmake
[8.495s] -- Installing: /home/bjorn/Documents/ros-projects/cam_ws/install/cv_bridge/share/cv_bridge/cmake/ament_cmake_export_targets-extras.cmake
[8.495s] -- Installing: /home/bjorn/Documents/ros-projects/cam_ws/install/cv_bridge/share/cv_bridge/cmake/cv_bridgeConfig.cmake
[8.495s] -- Installing: /home/bjorn/Documents/ros-projects/cam_ws/install/cv_bridge/share/cv_bridge/cmake/cv_bridgeConfig-version.cmake
[8.495s] -- Installing: /home/bjorn/Documents/ros-projects/cam_ws/install/cv_bridge/share/cv_bridge/package.xml
[8.500s] Invoked command in '/home/bjorn/Documents/ros-projects/cam_ws/build/cv_bridge' returned '0': CMAKE_PREFIX_PATH=${CMAKE_PREFIX_PATH}:/home/bjorn/Documents/ros-projects/cam_ws/install/opencv_tests:/opt/ros/humble /home/bjorn/.local/bin/cmake --install /home/bjorn/Documents/ros-projects/cam_ws/build/cv_bridge
