[0.266s] Invoking command in '/home/bjorn/Documents/ros-projects/cam_ws/build/vision_opencv': AMENT_PREFIX_PATH=/home/bjorn/Documents/ros-projects/cam_ws/install/image_geometry:/home/bjorn/Documents/ros-projects/cam_ws/install/cv_bridge:${AMENT_PREFIX_PATH} CMAKE_PREFIX_PATH=/home/bjorn/Documents/ros-projects/cam_ws/install/image_geometry:/home/bjorn/Documents/ros-projects/cam_ws/install/cv_bridge:/opt/ros/humble LD_LIBRARY_PATH=/home/bjorn/Documents/ros-projects/cam_ws/install/image_geometry/lib:/home/bjorn/Documents/ros-projects/cam_ws/install/cv_bridge/lib:${LD_LIBRARY_PATH} PYTHONPATH=/home/bjorn/Documents/ros-projects/cam_ws/install/image_geometry/local/lib/python3.10/dist-packages:/home/bjorn/Documents/ros-projects/cam_ws/install/cv_bridge/local/lib/python3.10/dist-packages:${PYTHONPATH} /home/bjorn/.local/bin/cmake --build /home/bjorn/Documents/ros-projects/cam_ws/build/vision_opencv -- -j20 -l20
[0.293s] Invoked command in '/home/bjorn/Documents/ros-projects/cam_ws/build/vision_opencv' returned '0': AMENT_PREFIX_PATH=/home/bjorn/Documents/ros-projects/cam_ws/install/image_geometry:/home/bjorn/Documents/ros-projects/cam_ws/install/cv_bridge:${AMENT_PREFIX_PATH} CMAKE_PREFIX_PATH=/home/bjorn/Documents/ros-projects/cam_ws/install/image_geometry:/home/bjorn/Documents/ros-projects/cam_ws/install/cv_bridge:/opt/ros/humble LD_LIBRARY_PATH=/home/bjorn/Documents/ros-projects/cam_ws/install/image_geometry/lib:/home/bjorn/Documents/ros-projects/cam_ws/install/cv_bridge/lib:${LD_LIBRARY_PATH} PYTHONPATH=/home/bjorn/Documents/ros-projects/cam_ws/install/image_geometry/local/lib/python3.10/dist-packages:/home/bjorn/Documents/ros-projects/cam_ws/install/cv_bridge/local/lib/python3.10/dist-packages:${PYTHONPATH} /home/bjorn/.local/bin/cmake --build /home/bjorn/Documents/ros-projects/cam_ws/build/vision_opencv -- -j20 -l20
[0.329s] Invoking command in '/home/bjorn/Documents/ros-projects/cam_ws/build/vision_opencv': AMENT_PREFIX_PATH=/home/bjorn/Documents/ros-projects/cam_ws/install/image_geometry:/home/bjorn/Documents/ros-projects/cam_ws/install/cv_bridge:${AMENT_PREFIX_PATH} CMAKE_PREFIX_PATH=/home/bjorn/Documents/ros-projects/cam_ws/install/image_geometry:/home/bjorn/Documents/ros-projects/cam_ws/install/cv_bridge:/opt/ros/humble LD_LIBRARY_PATH=/home/bjorn/Documents/ros-projects/cam_ws/install/image_geometry/lib:/home/bjorn/Documents/ros-projects/cam_ws/install/cv_bridge/lib:${LD_LIBRARY_PATH} PYTHONPATH=/home/bjorn/Documents/ros-projects/cam_ws/install/image_geometry/local/lib/python3.10/dist-packages:/home/bjorn/Documents/ros-projects/cam_ws/install/cv_bridge/local/lib/python3.10/dist-packages:${PYTHONPATH} /home/bjorn/.local/bin/cmake --install /home/bjorn/Documents/ros-projects/cam_ws/build/vision_opencv
[0.347s] -- Install configuration: ""
[0.347s] -- Up-to-date: /home/bjorn/Documents/ros-projects/cam_ws/install/vision_opencv/share/ament_index/resource_index/package_run_dependencies/vision_opencv
[0.347s] -- Up-to-date: /home/bjorn/Documents/ros-projects/cam_ws/install/vision_opencv/share/ament_index/resource_index/parent_prefix_path/vision_opencv
[0.347s] -- Up-to-date: /home/bjorn/Documents/ros-projects/cam_ws/install/vision_opencv/share/vision_opencv/environment/ament_prefix_path.sh
[0.347s] -- Up-to-date: /home/bjorn/Documents/ros-projects/cam_ws/install/vision_opencv/share/vision_opencv/environment/ament_prefix_path.dsv
[0.347s] -- Up-to-date: /home/bjorn/Documents/ros-projects/cam_ws/install/vision_opencv/share/vision_opencv/environment/path.sh
[0.348s] -- Up-to-date: /home/bjorn/Documents/ros-projects/cam_ws/install/vision_opencv/share/vision_opencv/environment/path.dsv
[0.348s] -- Up-to-date: /home/bjorn/Documents/ros-projects/cam_ws/install/vision_opencv/share/vision_opencv/local_setup.bash
[0.348s] -- Up-to-date: /home/bjorn/Documents/ros-projects/cam_ws/install/vision_opencv/share/vision_opencv/local_setup.sh
[0.348s] -- Up-to-date: /home/bjorn/Documents/ros-projects/cam_ws/install/vision_opencv/share/vision_opencv/local_setup.zsh
[0.348s] -- Up-to-date: /home/bjorn/Documents/ros-projects/cam_ws/install/vision_opencv/share/vision_opencv/local_setup.dsv
[0.348s] -- Up-to-date: /home/bjorn/Documents/ros-projects/cam_ws/install/vision_opencv/share/vision_opencv/package.dsv
[0.348s] -- Up-to-date: /home/bjorn/Documents/ros-projects/cam_ws/install/vision_opencv/share/ament_index/resource_index/packages/vision_opencv
[0.348s] -- Up-to-date: /home/bjorn/Documents/ros-projects/cam_ws/install/vision_opencv/share/vision_opencv/cmake/vision_opencvConfig.cmake
[0.348s] -- Up-to-date: /home/bjorn/Documents/ros-projects/cam_ws/install/vision_opencv/share/vision_opencv/cmake/vision_opencvConfig-version.cmake
[0.348s] -- Up-to-date: /home/bjorn/Documents/ros-projects/cam_ws/install/vision_opencv/share/vision_opencv/package.xml
[0.353s] Invoked command in '/home/bjorn/Documents/ros-projects/cam_ws/build/vision_opencv' returned '0': AMENT_PREFIX_PATH=/home/bjorn/Documents/ros-projects/cam_ws/install/image_geometry:/home/bjorn/Documents/ros-projects/cam_ws/install/cv_bridge:${AMENT_PREFIX_PATH} CMAKE_PREFIX_PATH=/home/bjorn/Documents/ros-projects/cam_ws/install/image_geometry:/home/bjorn/Documents/ros-projects/cam_ws/install/cv_bridge:/opt/ros/humble LD_LIBRARY_PATH=/home/bjorn/Documents/ros-projects/cam_ws/install/image_geometry/lib:/home/bjorn/Documents/ros-projects/cam_ws/install/cv_bridge/lib:${LD_LIBRARY_PATH} PYTHONPATH=/home/bjorn/Documents/ros-projects/cam_ws/install/image_geometry/local/lib/python3.10/dist-packages:/home/bjorn/Documents/ros-projects/cam_ws/install/cv_bridge/local/lib/python3.10/dist-packages:${PYTHONPATH} /home/bjorn/.local/bin/cmake --install /home/bjorn/Documents/ros-projects/cam_ws/build/vision_opencv
