[0.015s] Invoking command in '/home/bjorn/Documents/ros-projects/cam_ws/build/v4l2_camera': CMAKE_PREFIX_PATH=/home/bjorn/Documents/ros-projects/cam_ws/install/camera_info_manager:/home/bjorn/Documents/ros-projects/cam_ws/install/image_transport:/home/bjorn/Documents/ros-projects/cam_ws/install/cv_bridge:/home/bjorn/Documents/ros-projects/cam_ws/install/camera_calibration_parsers:/home/bjorn/Documents/ros-projects/cam_ws/install/vision_opencv:/home/bjorn/Documents/ros-projects/cam_ws/install/v4l2_camera:/home/bjorn/Documents/ros-projects/cam_ws/install/image_transport_plugins:/home/bjorn/Documents/ros-projects/cam_ws/install/theora_image_transport:/home/bjorn/Documents/ros-projects/cam_ws/install/gscam2:/home/bjorn/Documents/ros-projects/cam_ws/install/ros2_shared:/home/bjorn/Documents/ros-projects/cam_ws/install/image_common:/home/bjorn/Documents/ros-projects/cam_ws/install/compressed_image_transport:/home/bjorn/Documents/ros-projects/cam_ws/install/compressed_depth_image_transport:/home/bjorn/Documents/ros-projects/cam_ws/install/image_geometry:/home/bjorn/Documents/ros-projects/cam_ws/install/opencv_tests:/opt/ros/humble LD_LIBRARY_PATH=/home/bjorn/Documents/ros-projects/cam_ws/install/camera_info_manager/lib:/home/bjorn/Documents/ros-projects/cam_ws/install/image_transport/lib:/home/bjorn/Documents/ros-projects/cam_ws/install/cv_bridge/lib:/home/bjorn/Documents/ros-projects/cam_ws/install/camera_calibration_parsers/lib:/home/bjorn/Documents/ros-projects/cam_ws/install/v4l2_camera/lib:/home/bjorn/Documents/ros-projects/cam_ws/install/theora_image_transport/lib:/home/bjorn/Documents/ros-projects/cam_ws/install/gscam2/lib:/home/bjorn/Documents/ros-projects/cam_ws/install/compressed_image_transport/lib:/home/bjorn/Documents/ros-projects/cam_ws/install/compressed_depth_image_transport/lib:/home/bjorn/Documents/ros-projects/cam_ws/install/image_geometry/lib:/usr/lib/x86_64-linux-gnu/gazebo-11/plugins:/opt/ros/humble/opt/rviz_ogre_vendor/lib:/opt/ros/humble/lib/x86_64-linux-gnu:/opt/ros/humble/lib /home/bjorn/.local/bin/cmake /home/bjorn/Documents/ros-projects/cam_ws/src/ros2_v4l2_camera -DCMAKE_INSTALL_PREFIX=/home/bjorn/Documents/ros-projects/cam_ws/install/v4l2_camera
[0.070s] -- The C compiler identification is GNU 11.3.0
[0.108s] -- The CXX compiler identification is GNU 11.3.0
[0.115s] -- Detecting C compiler ABI info
[0.152s] -- Detecting C compiler ABI info - done
[0.164s] -- Check for working C compiler: /usr/bin/cc - skipped
[0.164s] -- Detecting C compile features
[0.165s] -- Detecting C compile features - done
[0.167s] -- Detecting CXX compiler ABI info
[0.210s] -- Detecting CXX compiler ABI info - done
[0.219s] -- Check for working CXX compiler: /usr/bin/c++ - skipped
[0.219s] -- Detecting CXX compile features
[0.220s] -- Detecting CXX compile features - done
[0.222s] -- Found ament_cmake: 1.3.4 (/opt/ros/humble/share/ament_cmake/cmake)
[0.522s] -- Found Python3: /usr/bin/python3.10 (found version "3.10.6") found components: Interpreter 
[0.599s] -- Found ament_cmake_ros: 0.10.0 (/opt/ros/humble/share/ament_cmake_ros/cmake)
[0.606s] -- Found rclcpp: 16.0.4 (/opt/ros/humble/share/rclcpp/cmake)
[0.648s] -- Found rosidl_generator_c: 3.1.4 (/opt/ros/humble/share/rosidl_generator_c/cmake)
[0.653s] -- Found rosidl_adapter: 3.1.4 (/opt/ros/humble/share/rosidl_adapter/cmake)
[0.662s] -- Found rosidl_generator_cpp: 3.1.4 (/opt/ros/humble/share/rosidl_generator_cpp/cmake)
[0.677s] -- Using all available rosidl_typesupport_c: rosidl_typesupport_fastrtps_c;rosidl_typesupport_introspection_c
[0.697s] -- Using all available rosidl_typesupport_cpp: rosidl_typesupport_fastrtps_cpp;rosidl_typesupport_introspection_cpp
[0.763s] -- Found rmw_implementation_cmake: 6.1.1 (/opt/ros/humble/share/rmw_implementation_cmake/cmake)
[0.766s] -- Found rmw_fastrtps_cpp: 6.2.2 (/opt/ros/humble/share/rmw_fastrtps_cpp/cmake)
[0.842s] -- Found OpenSSL: /usr/lib/x86_64-linux-gnu/libcrypto.so (found version "3.0.2")  
[0.865s] -- Found FastRTPS: /opt/ros/humble/include  
[0.904s] -- Using RMW implementation 'rmw_fastrtps_cpp' as default
[0.913s] -- Performing Test CMAKE_HAVE_LIBC_PTHREAD
[0.951s] -- Performing Test CMAKE_HAVE_LIBC_PTHREAD - Success
[0.952s] -- Found Threads: TRUE  
[1.098s] -- Found rclcpp_components: 16.0.4 (/opt/ros/humble/share/rclcpp_components/cmake)
[1.158s] -- Found camera_info_manager: 3.1.5 (/home/bjorn/Documents/ros-projects/cam_ws/install/camera_info_manager/share/camera_info_manager/cmake)
[1.317s] -- Found cv_bridge: 3.2.1 (/home/bjorn/Documents/ros-projects/cam_ws/install/cv_bridge/share/cv_bridge/cmake)
[1.336s] -- Found image_transport: 3.1.5 (/home/bjorn/Documents/ros-projects/cam_ws/install/image_transport/share/image_transport/cmake)
[1.383s] -- Found ament_lint_auto: 0.12.6 (/opt/ros/humble/share/ament_lint_auto/cmake)
[1.455s] -- Added test 'cppcheck' to perform static code analysis on C / C++ code
[1.456s] -- Configured cppcheck include dirs: $<BUILD_INTERFACE:/home/bjorn/Documents/ros-projects/cam_ws/src/ros2_v4l2_camera/include>
[1.456s] -- Configured cppcheck exclude dirs and/or files: 
[1.458s] -- Added test 'cpplint' to check C / C++ code against the Google style
[1.458s] -- Configured cpplint exclude dirs and/or files: 
[1.460s] -- Added test 'lint_cmake' to check CMake code style
[1.462s] -- Added test 'uncrustify' to check C / C++ code style
[1.462s] -- Configured uncrustify additional arguments: 
[1.463s] -- Added test 'xmllint' to check XML markup files
[1.467s] -- Configuring done (1.4s)
[1.490s] -- Generating done (0.0s)
[1.492s] -- Build files have been written to: /home/bjorn/Documents/ros-projects/cam_ws/build/v4l2_camera
[1.506s] Invoked command in '/home/bjorn/Documents/ros-projects/cam_ws/build/v4l2_camera' returned '0': CMAKE_PREFIX_PATH=/home/bjorn/Documents/ros-projects/cam_ws/install/camera_info_manager:/home/bjorn/Documents/ros-projects/cam_ws/install/image_transport:/home/bjorn/Documents/ros-projects/cam_ws/install/cv_bridge:/home/bjorn/Documents/ros-projects/cam_ws/install/camera_calibration_parsers:/home/bjorn/Documents/ros-projects/cam_ws/install/vision_opencv:/home/bjorn/Documents/ros-projects/cam_ws/install/v4l2_camera:/home/bjorn/Documents/ros-projects/cam_ws/install/image_transport_plugins:/home/bjorn/Documents/ros-projects/cam_ws/install/theora_image_transport:/home/bjorn/Documents/ros-projects/cam_ws/install/gscam2:/home/bjorn/Documents/ros-projects/cam_ws/install/ros2_shared:/home/bjorn/Documents/ros-projects/cam_ws/install/image_common:/home/bjorn/Documents/ros-projects/cam_ws/install/compressed_image_transport:/home/bjorn/Documents/ros-projects/cam_ws/install/compressed_depth_image_transport:/home/bjorn/Documents/ros-projects/cam_ws/install/image_geometry:/home/bjorn/Documents/ros-projects/cam_ws/install/opencv_tests:/opt/ros/humble LD_LIBRARY_PATH=/home/bjorn/Documents/ros-projects/cam_ws/install/camera_info_manager/lib:/home/bjorn/Documents/ros-projects/cam_ws/install/image_transport/lib:/home/bjorn/Documents/ros-projects/cam_ws/install/cv_bridge/lib:/home/bjorn/Documents/ros-projects/cam_ws/install/camera_calibration_parsers/lib:/home/bjorn/Documents/ros-projects/cam_ws/install/v4l2_camera/lib:/home/bjorn/Documents/ros-projects/cam_ws/install/theora_image_transport/lib:/home/bjorn/Documents/ros-projects/cam_ws/install/gscam2/lib:/home/bjorn/Documents/ros-projects/cam_ws/install/compressed_image_transport/lib:/home/bjorn/Documents/ros-projects/cam_ws/install/compressed_depth_image_transport/lib:/home/bjorn/Documents/ros-projects/cam_ws/install/image_geometry/lib:/usr/lib/x86_64-linux-gnu/gazebo-11/plugins:/opt/ros/humble/opt/rviz_ogre_vendor/lib:/opt/ros/humble/lib/x86_64-linux-gnu:/opt/ros/humble/lib /home/bjorn/.local/bin/cmake /home/bjorn/Documents/ros-projects/cam_ws/src/ros2_v4l2_camera -DCMAKE_INSTALL_PREFIX=/home/bjorn/Documents/ros-projects/cam_ws/install/v4l2_camera
[1.507s] Invoking command in '/home/bjorn/Documents/ros-projects/cam_ws/build/v4l2_camera': CMAKE_PREFIX_PATH=/home/bjorn/Documents/ros-projects/cam_ws/install/camera_info_manager:/home/bjorn/Documents/ros-projects/cam_ws/install/image_transport:/home/bjorn/Documents/ros-projects/cam_ws/install/cv_bridge:/home/bjorn/Documents/ros-projects/cam_ws/install/camera_calibration_parsers:/home/bjorn/Documents/ros-projects/cam_ws/install/vision_opencv:/home/bjorn/Documents/ros-projects/cam_ws/install/v4l2_camera:/home/bjorn/Documents/ros-projects/cam_ws/install/image_transport_plugins:/home/bjorn/Documents/ros-projects/cam_ws/install/theora_image_transport:/home/bjorn/Documents/ros-projects/cam_ws/install/gscam2:/home/bjorn/Documents/ros-projects/cam_ws/install/ros2_shared:/home/bjorn/Documents/ros-projects/cam_ws/install/image_common:/home/bjorn/Documents/ros-projects/cam_ws/install/compressed_image_transport:/home/bjorn/Documents/ros-projects/cam_ws/install/compressed_depth_image_transport:/home/bjorn/Documents/ros-projects/cam_ws/install/image_geometry:/home/bjorn/Documents/ros-projects/cam_ws/install/opencv_tests:/opt/ros/humble LD_LIBRARY_PATH=/home/bjorn/Documents/ros-projects/cam_ws/install/camera_info_manager/lib:/home/bjorn/Documents/ros-projects/cam_ws/install/image_transport/lib:/home/bjorn/Documents/ros-projects/cam_ws/install/cv_bridge/lib:/home/bjorn/Documents/ros-projects/cam_ws/install/camera_calibration_parsers/lib:/home/bjorn/Documents/ros-projects/cam_ws/install/v4l2_camera/lib:/home/bjorn/Documents/ros-projects/cam_ws/install/theora_image_transport/lib:/home/bjorn/Documents/ros-projects/cam_ws/install/gscam2/lib:/home/bjorn/Documents/ros-projects/cam_ws/install/compressed_image_transport/lib:/home/bjorn/Documents/ros-projects/cam_ws/install/compressed_depth_image_transport/lib:/home/bjorn/Documents/ros-projects/cam_ws/install/image_geometry/lib:/usr/lib/x86_64-linux-gnu/gazebo-11/plugins:/opt/ros/humble/opt/rviz_ogre_vendor/lib:/opt/ros/humble/lib/x86_64-linux-gnu:/opt/ros/humble/lib /home/bjorn/.local/bin/cmake --build /home/bjorn/Documents/ros-projects/cam_ws/build/v4l2_camera -- -j20 -l20
[1.541s] [ 25%] [32mBuilding CXX object CMakeFiles/v4l2_camera.dir/src/parameters.cpp.o[0m
[1.541s] [ 25%] [32mBuilding CXX object CMakeFiles/v4l2_camera.dir/src/v4l2_camera.cpp.o[0m
[1.541s] [ 37%] [32mBuilding CXX object CMakeFiles/v4l2_camera.dir/src/v4l2_camera_device.cpp.o[0m
[8.519s] [ 50%] [32m[1mLinking CXX shared library libv4l2_camera.so[0m
[9.067s] [ 50%] Built target v4l2_camera
[9.073s] [ 75%] [32mBuilding CXX object CMakeFiles/v4l2_camera_node.dir/src/v4l2_camera_node.cpp.o[0m
[9.073s] [ 75%] [32mBuilding CXX object CMakeFiles/v4l2_camera_compose_test.dir/src/v4l2_camera_compose_test.cpp.o[0m
[11.257s] [ 87%] [32m[1mLinking CXX executable v4l2_camera_node[0m
[11.571s] [ 87%] Built target v4l2_camera_node
[14.631s] [100%] [32m[1mLinking CXX executable v4l2_camera_compose_test[0m
[15.073s] [100%] Built target v4l2_camera_compose_test
[15.080s] Invoked command in '/home/bjorn/Documents/ros-projects/cam_ws/build/v4l2_camera' returned '0': CMAKE_PREFIX_PATH=/home/bjorn/Documents/ros-projects/cam_ws/install/camera_info_manager:/home/bjorn/Documents/ros-projects/cam_ws/install/image_transport:/home/bjorn/Documents/ros-projects/cam_ws/install/cv_bridge:/home/bjorn/Documents/ros-projects/cam_ws/install/camera_calibration_parsers:/home/bjorn/Documents/ros-projects/cam_ws/install/vision_opencv:/home/bjorn/Documents/ros-projects/cam_ws/install/v4l2_camera:/home/bjorn/Documents/ros-projects/cam_ws/install/image_transport_plugins:/home/bjorn/Documents/ros-projects/cam_ws/install/theora_image_transport:/home/bjorn/Documents/ros-projects/cam_ws/install/gscam2:/home/bjorn/Documents/ros-projects/cam_ws/install/ros2_shared:/home/bjorn/Documents/ros-projects/cam_ws/install/image_common:/home/bjorn/Documents/ros-projects/cam_ws/install/compressed_image_transport:/home/bjorn/Documents/ros-projects/cam_ws/install/compressed_depth_image_transport:/home/bjorn/Documents/ros-projects/cam_ws/install/image_geometry:/home/bjorn/Documents/ros-projects/cam_ws/install/opencv_tests:/opt/ros/humble LD_LIBRARY_PATH=/home/bjorn/Documents/ros-projects/cam_ws/install/camera_info_manager/lib:/home/bjorn/Documents/ros-projects/cam_ws/install/image_transport/lib:/home/bjorn/Documents/ros-projects/cam_ws/install/cv_bridge/lib:/home/bjorn/Documents/ros-projects/cam_ws/install/camera_calibration_parsers/lib:/home/bjorn/Documents/ros-projects/cam_ws/install/v4l2_camera/lib:/home/bjorn/Documents/ros-projects/cam_ws/install/theora_image_transport/lib:/home/bjorn/Documents/ros-projects/cam_ws/install/gscam2/lib:/home/bjorn/Documents/ros-projects/cam_ws/install/compressed_image_transport/lib:/home/bjorn/Documents/ros-projects/cam_ws/install/compressed_depth_image_transport/lib:/home/bjorn/Documents/ros-projects/cam_ws/install/image_geometry/lib:/usr/lib/x86_64-linux-gnu/gazebo-11/plugins:/opt/ros/humble/opt/rviz_ogre_vendor/lib:/opt/ros/humble/lib/x86_64-linux-gnu:/opt/ros/humble/lib /home/bjorn/.local/bin/cmake --build /home/bjorn/Documents/ros-projects/cam_ws/build/v4l2_camera -- -j20 -l20
[15.117s] Invoking command in '/home/bjorn/Documents/ros-projects/cam_ws/build/v4l2_camera': CMAKE_PREFIX_PATH=/home/bjorn/Documents/ros-projects/cam_ws/install/camera_info_manager:/home/bjorn/Documents/ros-projects/cam_ws/install/image_transport:/home/bjorn/Documents/ros-projects/cam_ws/install/cv_bridge:/home/bjorn/Documents/ros-projects/cam_ws/install/camera_calibration_parsers:/home/bjorn/Documents/ros-projects/cam_ws/install/vision_opencv:/home/bjorn/Documents/ros-projects/cam_ws/install/v4l2_camera:/home/bjorn/Documents/ros-projects/cam_ws/install/image_transport_plugins:/home/bjorn/Documents/ros-projects/cam_ws/install/theora_image_transport:/home/bjorn/Documents/ros-projects/cam_ws/install/gscam2:/home/bjorn/Documents/ros-projects/cam_ws/install/ros2_shared:/home/bjorn/Documents/ros-projects/cam_ws/install/image_common:/home/bjorn/Documents/ros-projects/cam_ws/install/compressed_image_transport:/home/bjorn/Documents/ros-projects/cam_ws/install/compressed_depth_image_transport:/home/bjorn/Documents/ros-projects/cam_ws/install/image_geometry:/home/bjorn/Documents/ros-projects/cam_ws/install/opencv_tests:/opt/ros/humble LD_LIBRARY_PATH=/home/bjorn/Documents/ros-projects/cam_ws/install/camera_info_manager/lib:/home/bjorn/Documents/ros-projects/cam_ws/install/image_transport/lib:/home/bjorn/Documents/ros-projects/cam_ws/install/cv_bridge/lib:/home/bjorn/Documents/ros-projects/cam_ws/install/camera_calibration_parsers/lib:/home/bjorn/Documents/ros-projects/cam_ws/install/v4l2_camera/lib:/home/bjorn/Documents/ros-projects/cam_ws/install/theora_image_transport/lib:/home/bjorn/Documents/ros-projects/cam_ws/install/gscam2/lib:/home/bjorn/Documents/ros-projects/cam_ws/install/compressed_image_transport/lib:/home/bjorn/Documents/ros-projects/cam_ws/install/compressed_depth_image_transport/lib:/home/bjorn/Documents/ros-projects/cam_ws/install/image_geometry/lib:/usr/lib/x86_64-linux-gnu/gazebo-11/plugins:/opt/ros/humble/opt/rviz_ogre_vendor/lib:/opt/ros/humble/lib/x86_64-linux-gnu:/opt/ros/humble/lib /home/bjorn/.local/bin/cmake --install /home/bjorn/Documents/ros-projects/cam_ws/build/v4l2_camera
[15.136s] -- Install configuration: ""
[15.136s] -- Installing: /home/bjorn/Documents/ros-projects/cam_ws/install/v4l2_camera/include
[15.136s] -- Installing: /home/bjorn/Documents/ros-projects/cam_ws/install/v4l2_camera/include/v4l2_camera
[15.136s] -- Installing: /home/bjorn/Documents/ros-projects/cam_ws/install/v4l2_camera/include/v4l2_camera/fourcc.hpp
[15.137s] -- Installing: /home/bjorn/Documents/ros-projects/cam_ws/install/v4l2_camera/include/v4l2_camera/v4l2_camera_device.hpp
[15.137s] -- Installing: /home/bjorn/Documents/ros-projects/cam_ws/install/v4l2_camera/include/v4l2_camera/parameters.hpp
[15.137s] -- Installing: /home/bjorn/Documents/ros-projects/cam_ws/install/v4l2_camera/include/v4l2_camera/pixel_format.hpp
[15.137s] -- Installing: /home/bjorn/Documents/ros-projects/cam_ws/install/v4l2_camera/include/v4l2_camera/image_format.hpp
[15.137s] -- Installing: /home/bjorn/Documents/ros-projects/cam_ws/install/v4l2_camera/include/v4l2_camera/v4l2_camera.hpp
[15.137s] -- Installing: /home/bjorn/Documents/ros-projects/cam_ws/install/v4l2_camera/include/v4l2_camera/visibility_control.h
[15.137s] -- Installing: /home/bjorn/Documents/ros-projects/cam_ws/install/v4l2_camera/include/v4l2_camera/control.hpp
[15.137s] -- Installing: /home/bjorn/Documents/ros-projects/cam_ws/install/v4l2_camera/lib/libv4l2_camera.so
[15.143s] -- Set runtime path of "/home/bjorn/Documents/ros-projects/cam_ws/install/v4l2_camera/lib/libv4l2_camera.so" to ""
[15.143s] -- Installing: /home/bjorn/Documents/ros-projects/cam_ws/install/v4l2_camera/lib/v4l2_camera/v4l2_camera_node
[15.143s] -- Set runtime path of "/home/bjorn/Documents/ros-projects/cam_ws/install/v4l2_camera/lib/v4l2_camera/v4l2_camera_node" to ""
[15.143s] -- Installing: /home/bjorn/Documents/ros-projects/cam_ws/install/v4l2_camera/lib/v4l2_camera/v4l2_camera_compose_test
[15.146s] -- Set runtime path of "/home/bjorn/Documents/ros-projects/cam_ws/install/v4l2_camera/lib/v4l2_camera/v4l2_camera_compose_test" to ""
[15.147s] -- Installing: /home/bjorn/Documents/ros-projects/cam_ws/install/v4l2_camera/share/v4l2_camera/environment/library_path.sh
[15.147s] -- Installing: /home/bjorn/Documents/ros-projects/cam_ws/install/v4l2_camera/share/v4l2_camera/environment/library_path.dsv
[15.147s] -- Installing: /home/bjorn/Documents/ros-projects/cam_ws/install/v4l2_camera/share/ament_index/resource_index/package_run_dependencies/v4l2_camera
[15.147s] -- Installing: /home/bjorn/Documents/ros-projects/cam_ws/install/v4l2_camera/share/ament_index/resource_index/parent_prefix_path/v4l2_camera
[15.147s] -- Installing: /home/bjorn/Documents/ros-projects/cam_ws/install/v4l2_camera/share/v4l2_camera/environment/ament_prefix_path.sh
[15.147s] -- Installing: /home/bjorn/Documents/ros-projects/cam_ws/install/v4l2_camera/share/v4l2_camera/environment/ament_prefix_path.dsv
[15.147s] -- Installing: /home/bjorn/Documents/ros-projects/cam_ws/install/v4l2_camera/share/v4l2_camera/environment/path.sh
[15.147s] -- Installing: /home/bjorn/Documents/ros-projects/cam_ws/install/v4l2_camera/share/v4l2_camera/environment/path.dsv
[15.147s] -- Installing: /home/bjorn/Documents/ros-projects/cam_ws/install/v4l2_camera/share/v4l2_camera/local_setup.bash
[15.147s] -- Installing: /home/bjorn/Documents/ros-projects/cam_ws/install/v4l2_camera/share/v4l2_camera/local_setup.sh
[15.147s] -- Installing: /home/bjorn/Documents/ros-projects/cam_ws/install/v4l2_camera/share/v4l2_camera/local_setup.zsh
[15.148s] -- Installing: /home/bjorn/Documents/ros-projects/cam_ws/install/v4l2_camera/share/v4l2_camera/local_setup.dsv
[15.148s] -- Installing: /home/bjorn/Documents/ros-projects/cam_ws/install/v4l2_camera/share/v4l2_camera/package.dsv
[15.148s] -- Installing: /home/bjorn/Documents/ros-projects/cam_ws/install/v4l2_camera/share/ament_index/resource_index/packages/v4l2_camera
[15.148s] -- Installing: /home/bjorn/Documents/ros-projects/cam_ws/install/v4l2_camera/share/ament_index/resource_index/rclcpp_components/v4l2_camera
[15.148s] -- Installing: /home/bjorn/Documents/ros-projects/cam_ws/install/v4l2_camera/share/v4l2_camera/cmake/export_v4l2_cameraExport.cmake
[15.148s] -- Installing: /home/bjorn/Documents/ros-projects/cam_ws/install/v4l2_camera/share/v4l2_camera/cmake/export_v4l2_cameraExport-noconfig.cmake
[15.148s] -- Installing: /home/bjorn/Documents/ros-projects/cam_ws/install/v4l2_camera/share/v4l2_camera/cmake/ament_cmake_export_include_directories-extras.cmake
[15.148s] -- Installing: /home/bjorn/Documents/ros-projects/cam_ws/install/v4l2_camera/share/v4l2_camera/cmake/ament_cmake_export_targets-extras.cmake
[15.148s] -- Installing: /home/bjorn/Documents/ros-projects/cam_ws/install/v4l2_camera/share/v4l2_camera/cmake/ament_cmake_export_libraries-extras.cmake
[15.148s] -- Installing: /home/bjorn/Documents/ros-projects/cam_ws/install/v4l2_camera/share/v4l2_camera/cmake/ament_cmake_export_dependencies-extras.cmake
[15.149s] -- Installing: /home/bjorn/Documents/ros-projects/cam_ws/install/v4l2_camera/share/v4l2_camera/cmake/v4l2_cameraConfig.cmake
[15.149s] -- Installing: /home/bjorn/Documents/ros-projects/cam_ws/install/v4l2_camera/share/v4l2_camera/cmake/v4l2_cameraConfig-version.cmake
[15.149s] -- Installing: /home/bjorn/Documents/ros-projects/cam_ws/install/v4l2_camera/share/v4l2_camera/package.xml
[15.154s] Invoked command in '/home/bjorn/Documents/ros-projects/cam_ws/build/v4l2_camera' returned '0': CMAKE_PREFIX_PATH=/home/bjorn/Documents/ros-projects/cam_ws/install/camera_info_manager:/home/bjorn/Documents/ros-projects/cam_ws/install/image_transport:/home/bjorn/Documents/ros-projects/cam_ws/install/cv_bridge:/home/bjorn/Documents/ros-projects/cam_ws/install/camera_calibration_parsers:/home/bjorn/Documents/ros-projects/cam_ws/install/vision_opencv:/home/bjorn/Documents/ros-projects/cam_ws/install/v4l2_camera:/home/bjorn/Documents/ros-projects/cam_ws/install/image_transport_plugins:/home/bjorn/Documents/ros-projects/cam_ws/install/theora_image_transport:/home/bjorn/Documents/ros-projects/cam_ws/install/gscam2:/home/bjorn/Documents/ros-projects/cam_ws/install/ros2_shared:/home/bjorn/Documents/ros-projects/cam_ws/install/image_common:/home/bjorn/Documents/ros-projects/cam_ws/install/compressed_image_transport:/home/bjorn/Documents/ros-projects/cam_ws/install/compressed_depth_image_transport:/home/bjorn/Documents/ros-projects/cam_ws/install/image_geometry:/home/bjorn/Documents/ros-projects/cam_ws/install/opencv_tests:/opt/ros/humble LD_LIBRARY_PATH=/home/bjorn/Documents/ros-projects/cam_ws/install/camera_info_manager/lib:/home/bjorn/Documents/ros-projects/cam_ws/install/image_transport/lib:/home/bjorn/Documents/ros-projects/cam_ws/install/cv_bridge/lib:/home/bjorn/Documents/ros-projects/cam_ws/install/camera_calibration_parsers/lib:/home/bjorn/Documents/ros-projects/cam_ws/install/v4l2_camera/lib:/home/bjorn/Documents/ros-projects/cam_ws/install/theora_image_transport/lib:/home/bjorn/Documents/ros-projects/cam_ws/install/gscam2/lib:/home/bjorn/Documents/ros-projects/cam_ws/install/compressed_image_transport/lib:/home/bjorn/Documents/ros-projects/cam_ws/install/compressed_depth_image_transport/lib:/home/bjorn/Documents/ros-projects/cam_ws/install/image_geometry/lib:/usr/lib/x86_64-linux-gnu/gazebo-11/plugins:/opt/ros/humble/opt/rviz_ogre_vendor/lib:/opt/ros/humble/lib/x86_64-linux-gnu:/opt/ros/humble/lib /home/bjorn/.local/bin/cmake --install /home/bjorn/Documents/ros-projects/cam_ws/build/v4l2_camera
