[0.045s] Invoking command in '/home/bjorn/Documents/ros-projects/cam_ws/build/gscam2': CMAKE_PREFIX_PATH=/home/bjorn/Documents/ros-projects/cam_ws/install/camera_info_manager:/home/bjorn/Documents/ros-projects/cam_ws/install/ros2_shared:/home/bjorn/Documents/ros-projects/cam_ws/install/cv_bridge:/home/bjorn/Documents/ros-projects/cam_ws/install/camera_calibration_parsers:/home/bjorn/Documents/ros-projects/cam_ws/install/vision_opencv:/home/bjorn/Documents/ros-projects/cam_ws/install/gscam2:/home/bjorn/Documents/ros-projects/cam_ws/install/image_common:/home/bjorn/Documents/ros-projects/cam_ws/install/image_geometry:/home/bjorn/Documents/ros-projects/cam_ws/install/v4l2_camera:/home/bjorn/Documents/ros-projects/cam_ws/install/image_transport_plugins:/home/bjorn/Documents/ros-projects/cam_ws/install/theora_image_transport:/home/bjorn/Documents/ros-projects/cam_ws/install/compressed_image_transport:/home/bjorn/Documents/ros-projects/cam_ws/install/compressed_depth_image_transport:/home/bjorn/Documents/ros-projects/cam_ws/install/image_transport:/home/bjorn/Documents/ros-projects/cam_ws/install/py_image_flip:/home/bjorn/Documents/ros-projects/cam_ws/install/opencv_tests:/opt/ros/humble LD_LIBRARY_PATH=/home/bjorn/Documents/ros-projects/cam_ws/install/camera_info_manager/lib:/home/bjorn/Documents/ros-projects/cam_ws/install/cv_bridge/lib:/home/bjorn/Documents/ros-projects/cam_ws/install/camera_calibration_parsers/lib:/home/bjorn/Documents/ros-projects/cam_ws/install/gscam2/lib:/home/bjorn/Documents/ros-projects/cam_ws/install/image_geometry/lib:/home/bjorn/Documents/ros-projects/cam_ws/install/v4l2_camera/lib:/home/bjorn/Documents/ros-projects/cam_ws/install/theora_image_transport/lib:/home/bjorn/Documents/ros-projects/cam_ws/install/compressed_image_transport/lib:/home/bjorn/Documents/ros-projects/cam_ws/install/compressed_depth_image_transport/lib:/home/bjorn/Documents/ros-projects/cam_ws/install/image_transport/lib:/usr/lib/x86_64-linux-gnu/gazebo-11/plugins:/opt/ros/humble/opt/rviz_ogre_vendor/lib:/opt/ros/humble/lib/x86_64-linux-gnu:/opt/ros/humble/lib /home/bjorn/.local/bin/cmake --build /home/bjorn/Documents/ros-projects/cam_ws/build/gscam2 -- -j20 -l20
[0.081s] [ 14%] Built target gtest_main
[0.081s] [ 28%] Built target gtest
[0.081s] [ 42%] Built target subscriber_node
[0.084s] [ 57%] Built target gscam_node
[0.093s] [ 71%] Built target gscam_main
[0.094s] [100%] Built target smoke_test
[0.094s] [100%] Built target ipc_test_main
[0.100s] Invoked command in '/home/bjorn/Documents/ros-projects/cam_ws/build/gscam2' returned '0': CMAKE_PREFIX_PATH=/home/bjorn/Documents/ros-projects/cam_ws/install/camera_info_manager:/home/bjorn/Documents/ros-projects/cam_ws/install/ros2_shared:/home/bjorn/Documents/ros-projects/cam_ws/install/cv_bridge:/home/bjorn/Documents/ros-projects/cam_ws/install/camera_calibration_parsers:/home/bjorn/Documents/ros-projects/cam_ws/install/vision_opencv:/home/bjorn/Documents/ros-projects/cam_ws/install/gscam2:/home/bjorn/Documents/ros-projects/cam_ws/install/image_common:/home/bjorn/Documents/ros-projects/cam_ws/install/image_geometry:/home/bjorn/Documents/ros-projects/cam_ws/install/v4l2_camera:/home/bjorn/Documents/ros-projects/cam_ws/install/image_transport_plugins:/home/bjorn/Documents/ros-projects/cam_ws/install/theora_image_transport:/home/bjorn/Documents/ros-projects/cam_ws/install/compressed_image_transport:/home/bjorn/Documents/ros-projects/cam_ws/install/compressed_depth_image_transport:/home/bjorn/Documents/ros-projects/cam_ws/install/image_transport:/home/bjorn/Documents/ros-projects/cam_ws/install/py_image_flip:/home/bjorn/Documents/ros-projects/cam_ws/install/opencv_tests:/opt/ros/humble LD_LIBRARY_PATH=/home/bjorn/Documents/ros-projects/cam_ws/install/camera_info_manager/lib:/home/bjorn/Documents/ros-projects/cam_ws/install/cv_bridge/lib:/home/bjorn/Documents/ros-projects/cam_ws/install/camera_calibration_parsers/lib:/home/bjorn/Documents/ros-projects/cam_ws/install/gscam2/lib:/home/bjorn/Documents/ros-projects/cam_ws/install/image_geometry/lib:/home/bjorn/Documents/ros-projects/cam_ws/install/v4l2_camera/lib:/home/bjorn/Documents/ros-projects/cam_ws/install/theora_image_transport/lib:/home/bjorn/Documents/ros-projects/cam_ws/install/compressed_image_transport/lib:/home/bjorn/Documents/ros-projects/cam_ws/install/compressed_depth_image_transport/lib:/home/bjorn/Documents/ros-projects/cam_ws/install/image_transport/lib:/usr/lib/x86_64-linux-gnu/gazebo-11/plugins:/opt/ros/humble/opt/rviz_ogre_vendor/lib:/opt/ros/humble/lib/x86_64-linux-gnu:/opt/ros/humble/lib /home/bjorn/.local/bin/cmake --build /home/bjorn/Documents/ros-projects/cam_ws/build/gscam2 -- -j20 -l20
[0.142s] Invoking command in '/home/bjorn/Documents/ros-projects/cam_ws/build/gscam2': CMAKE_PREFIX_PATH=/home/bjorn/Documents/ros-projects/cam_ws/install/camera_info_manager:/home/bjorn/Documents/ros-projects/cam_ws/install/ros2_shared:/home/bjorn/Documents/ros-projects/cam_ws/install/cv_bridge:/home/bjorn/Documents/ros-projects/cam_ws/install/camera_calibration_parsers:/home/bjorn/Documents/ros-projects/cam_ws/install/vision_opencv:/home/bjorn/Documents/ros-projects/cam_ws/install/gscam2:/home/bjorn/Documents/ros-projects/cam_ws/install/image_common:/home/bjorn/Documents/ros-projects/cam_ws/install/image_geometry:/home/bjorn/Documents/ros-projects/cam_ws/install/v4l2_camera:/home/bjorn/Documents/ros-projects/cam_ws/install/image_transport_plugins:/home/bjorn/Documents/ros-projects/cam_ws/install/theora_image_transport:/home/bjorn/Documents/ros-projects/cam_ws/install/compressed_image_transport:/home/bjorn/Documents/ros-projects/cam_ws/install/compressed_depth_image_transport:/home/bjorn/Documents/ros-projects/cam_ws/install/image_transport:/home/bjorn/Documents/ros-projects/cam_ws/install/py_image_flip:/home/bjorn/Documents/ros-projects/cam_ws/install/opencv_tests:/opt/ros/humble LD_LIBRARY_PATH=/home/bjorn/Documents/ros-projects/cam_ws/install/camera_info_manager/lib:/home/bjorn/Documents/ros-projects/cam_ws/install/cv_bridge/lib:/home/bjorn/Documents/ros-projects/cam_ws/install/camera_calibration_parsers/lib:/home/bjorn/Documents/ros-projects/cam_ws/install/gscam2/lib:/home/bjorn/Documents/ros-projects/cam_ws/install/image_geometry/lib:/home/bjorn/Documents/ros-projects/cam_ws/install/v4l2_camera/lib:/home/bjorn/Documents/ros-projects/cam_ws/install/theora_image_transport/lib:/home/bjorn/Documents/ros-projects/cam_ws/install/compressed_image_transport/lib:/home/bjorn/Documents/ros-projects/cam_ws/install/compressed_depth_image_transport/lib:/home/bjorn/Documents/ros-projects/cam_ws/install/image_transport/lib:/usr/lib/x86_64-linux-gnu/gazebo-11/plugins:/opt/ros/humble/opt/rviz_ogre_vendor/lib:/opt/ros/humble/lib/x86_64-linux-gnu:/opt/ros/humble/lib /home/bjorn/.local/bin/cmake --install /home/bjorn/Documents/ros-projects/cam_ws/build/gscam2
[0.163s] -- Install configuration: ""
[0.163s] -- Up-to-date: /home/bjorn/Documents/ros-projects/cam_ws/install/gscam2/include/gscam2
[0.163s] -- Up-to-date: /home/bjorn/Documents/ros-projects/cam_ws/install/gscam2/include/gscam2/subscriber_node.hpp
[0.163s] -- Up-to-date: /home/bjorn/Documents/ros-projects/cam_ws/install/gscam2/include/gscam2/gscam_node.hpp
[0.163s] -- Up-to-date: /home/bjorn/Documents/ros-projects/cam_ws/install/gscam2/lib/libgscam_node.so
[0.163s] -- Up-to-date: /home/bjorn/Documents/ros-projects/cam_ws/install/gscam2/lib/libsubscriber_node.so
[0.164s] -- Up-to-date: /home/bjorn/Documents/ros-projects/cam_ws/install/gscam2/lib/gscam2/gscam_main
[0.164s] -- Up-to-date: /home/bjorn/Documents/ros-projects/cam_ws/install/gscam2/lib/gscam2/ipc_test_main
[0.164s] -- Up-to-date: /home/bjorn/Documents/ros-projects/cam_ws/install/gscam2/share/gscam2/cfg
[0.164s] -- Up-to-date: /home/bjorn/Documents/ros-projects/cam_ws/install/gscam2/share/gscam2/cfg/workaround_params.yaml
[0.164s] -- Up-to-date: /home/bjorn/Documents/ros-projects/cam_ws/install/gscam2/share/gscam2/cfg/my_camera.ini
[0.164s] -- Up-to-date: /home/bjorn/Documents/ros-projects/cam_ws/install/gscam2/share/gscam2/cfg/params.yaml
[0.164s] -- Up-to-date: /home/bjorn/Documents/ros-projects/cam_ws/install/gscam2/share/gscam2/launch
[0.164s] -- Up-to-date: /home/bjorn/Documents/ros-projects/cam_ws/install/gscam2/share/gscam2/launch/republish_launch.py
[0.164s] -- Up-to-date: /home/bjorn/Documents/ros-projects/cam_ws/install/gscam2/share/gscam2/launch/container_param_launch.py
[0.164s] -- Up-to-date: /home/bjorn/Documents/ros-projects/cam_ws/install/gscam2/share/gscam2/launch/node_param_launch.py
[0.165s] -- Up-to-date: /home/bjorn/Documents/ros-projects/cam_ws/install/gscam2/share/gscam2/launch/composition_launch.py
[0.165s] -- Up-to-date: /home/bjorn/Documents/ros-projects/cam_ws/install/gscam2/share/gscam2/environment/library_path.sh
[0.165s] -- Up-to-date: /home/bjorn/Documents/ros-projects/cam_ws/install/gscam2/share/gscam2/environment/library_path.dsv
[0.165s] -- Up-to-date: /home/bjorn/Documents/ros-projects/cam_ws/install/gscam2/share/ament_index/resource_index/package_run_dependencies/gscam2
[0.165s] -- Up-to-date: /home/bjorn/Documents/ros-projects/cam_ws/install/gscam2/share/ament_index/resource_index/parent_prefix_path/gscam2
[0.166s] -- Up-to-date: /home/bjorn/Documents/ros-projects/cam_ws/install/gscam2/share/gscam2/environment/ament_prefix_path.sh
[0.167s] -- Up-to-date: /home/bjorn/Documents/ros-projects/cam_ws/install/gscam2/share/gscam2/environment/ament_prefix_path.dsv
[0.167s] -- Up-to-date: /home/bjorn/Documents/ros-projects/cam_ws/install/gscam2/share/gscam2/environment/path.sh
[0.167s] -- Up-to-date: /home/bjorn/Documents/ros-projects/cam_ws/install/gscam2/share/gscam2/environment/path.dsv
[0.167s] -- Up-to-date: /home/bjorn/Documents/ros-projects/cam_ws/install/gscam2/share/gscam2/local_setup.bash
[0.167s] -- Up-to-date: /home/bjorn/Documents/ros-projects/cam_ws/install/gscam2/share/gscam2/local_setup.sh
[0.167s] -- Up-to-date: /home/bjorn/Documents/ros-projects/cam_ws/install/gscam2/share/gscam2/local_setup.zsh
[0.167s] -- Up-to-date: /home/bjorn/Documents/ros-projects/cam_ws/install/gscam2/share/gscam2/local_setup.dsv
[0.167s] -- Installing: /home/bjorn/Documents/ros-projects/cam_ws/install/gscam2/share/gscam2/package.dsv
[0.168s] -- Up-to-date: /home/bjorn/Documents/ros-projects/cam_ws/install/gscam2/share/ament_index/resource_index/packages/gscam2
[0.168s] -- Up-to-date: /home/bjorn/Documents/ros-projects/cam_ws/install/gscam2/share/ament_index/resource_index/rclcpp_components/gscam2
[0.168s] -- Up-to-date: /home/bjorn/Documents/ros-projects/cam_ws/install/gscam2/share/gscam2/cmake/gscam2_targetsExport.cmake
[0.168s] -- Up-to-date: /home/bjorn/Documents/ros-projects/cam_ws/install/gscam2/share/gscam2/cmake/gscam2_targetsExport-noconfig.cmake
[0.168s] -- Up-to-date: /home/bjorn/Documents/ros-projects/cam_ws/install/gscam2/share/gscam2/cmake/ament_cmake_export_targets-extras.cmake
[0.168s] -- Up-to-date: /home/bjorn/Documents/ros-projects/cam_ws/install/gscam2/share/gscam2/cmake/ament_cmake_export_dependencies-extras.cmake
[0.168s] -- Up-to-date: /home/bjorn/Documents/ros-projects/cam_ws/install/gscam2/share/gscam2/cmake/gscam2Config.cmake
[0.168s] -- Up-to-date: /home/bjorn/Documents/ros-projects/cam_ws/install/gscam2/share/gscam2/cmake/gscam2Config-version.cmake
[0.172s] -- Up-to-date: /home/bjorn/Documents/ros-projects/cam_ws/install/gscam2/share/gscam2/package.xml
[0.173s] Invoked command in '/home/bjorn/Documents/ros-projects/cam_ws/build/gscam2' returned '0': CMAKE_PREFIX_PATH=/home/bjorn/Documents/ros-projects/cam_ws/install/camera_info_manager:/home/bjorn/Documents/ros-projects/cam_ws/install/ros2_shared:/home/bjorn/Documents/ros-projects/cam_ws/install/cv_bridge:/home/bjorn/Documents/ros-projects/cam_ws/install/camera_calibration_parsers:/home/bjorn/Documents/ros-projects/cam_ws/install/vision_opencv:/home/bjorn/Documents/ros-projects/cam_ws/install/gscam2:/home/bjorn/Documents/ros-projects/cam_ws/install/image_common:/home/bjorn/Documents/ros-projects/cam_ws/install/image_geometry:/home/bjorn/Documents/ros-projects/cam_ws/install/v4l2_camera:/home/bjorn/Documents/ros-projects/cam_ws/install/image_transport_plugins:/home/bjorn/Documents/ros-projects/cam_ws/install/theora_image_transport:/home/bjorn/Documents/ros-projects/cam_ws/install/compressed_image_transport:/home/bjorn/Documents/ros-projects/cam_ws/install/compressed_depth_image_transport:/home/bjorn/Documents/ros-projects/cam_ws/install/image_transport:/home/bjorn/Documents/ros-projects/cam_ws/install/py_image_flip:/home/bjorn/Documents/ros-projects/cam_ws/install/opencv_tests:/opt/ros/humble LD_LIBRARY_PATH=/home/bjorn/Documents/ros-projects/cam_ws/install/camera_info_manager/lib:/home/bjorn/Documents/ros-projects/cam_ws/install/cv_bridge/lib:/home/bjorn/Documents/ros-projects/cam_ws/install/camera_calibration_parsers/lib:/home/bjorn/Documents/ros-projects/cam_ws/install/gscam2/lib:/home/bjorn/Documents/ros-projects/cam_ws/install/image_geometry/lib:/home/bjorn/Documents/ros-projects/cam_ws/install/v4l2_camera/lib:/home/bjorn/Documents/ros-projects/cam_ws/install/theora_image_transport/lib:/home/bjorn/Documents/ros-projects/cam_ws/install/compressed_image_transport/lib:/home/bjorn/Documents/ros-projects/cam_ws/install/compressed_depth_image_transport/lib:/home/bjorn/Documents/ros-projects/cam_ws/install/image_transport/lib:/usr/lib/x86_64-linux-gnu/gazebo-11/plugins:/opt/ros/humble/opt/rviz_ogre_vendor/lib:/opt/ros/humble/lib/x86_64-linux-gnu:/opt/ros/humble/lib /home/bjorn/.local/bin/cmake --install /home/bjorn/Documents/ros-projects/cam_ws/build/gscam2
