[0.012s] Invoking command in '/home/bjorn/Documents/ros-projects/cam_ws/build/theora_image_transport': AMENT_PREFIX_PATH=/home/bjorn/Documents/ros-projects/cam_ws/install/image_transport:/home/bjorn/Documents/ros-projects/cam_ws/install/cv_bridge:${AMENT_PREFIX_PATH} CMAKE_PREFIX_PATH=/home/bjorn/Documents/ros-projects/cam_ws/install/image_transport:/home/bjorn/Documents/ros-projects/cam_ws/install/cv_bridge:/opt/ros/humble LD_LIBRARY_PATH=/home/bjorn/Documents/ros-projects/cam_ws/install/image_transport/lib:/home/bjorn/Documents/ros-projects/cam_ws/install/cv_bridge/lib:${LD_LIBRARY_PATH} PYTHONPATH=/home/bjorn/Documents/ros-projects/cam_ws/install/cv_bridge/local/lib/python3.10/dist-packages:${PYTHONPATH} /home/bjorn/.local/bin/cmake /home/bjorn/Documents/ros-projects/cam_ws/src/image_transport_plugins/theora_image_transport -DCMAKE_INSTALL_PREFIX=/home/bjorn/Documents/ros-projects/cam_ws/install/theora_image_transport
[0.055s] -- The C compiler identification is GNU 11.3.0
[0.089s] -- The CXX compiler identification is GNU 11.3.0
[0.095s] -- Detecting C compiler ABI info
[0.129s] -- Detecting C compiler ABI info - done
[0.144s] -- Check for working C compiler: /usr/bin/cc - skipped
[0.144s] -- Detecting C compile features
[0.144s] -- Detecting C compile features - done
[0.148s] -- Detecting CXX compiler ABI info
[0.190s] -- Detecting CXX compiler ABI info - done
[0.199s] -- Check for working CXX compiler: /usr/bin/c++ - skipped
[0.199s] -- Detecting CXX compile features
[0.199s] -- Detecting CXX compile features - done
[0.201s] -- Found ament_cmake: 1.3.4 (/opt/ros/humble/share/ament_cmake/cmake)
[0.444s] -- Found Python3: /usr/bin/python3.10 (found version "3.10.6") found components: Interpreter 
[0.507s] -- Found image_transport: 3.1.5 (/home/bjorn/Documents/ros-projects/cam_ws/install/image_transport/share/image_transport/cmake)
[0.548s] -- Found rosidl_generator_c: 3.1.4 (/opt/ros/humble/share/rosidl_generator_c/cmake)
[0.552s] -- Found rosidl_adapter: 3.1.4 (/opt/ros/humble/share/rosidl_adapter/cmake)
[0.559s] -- Found rosidl_generator_cpp: 3.1.4 (/opt/ros/humble/share/rosidl_generator_cpp/cmake)
[0.571s] -- Using all available rosidl_typesupport_c: rosidl_typesupport_fastrtps_c;rosidl_typesupport_introspection_c
[0.589s] -- Using all available rosidl_typesupport_cpp: rosidl_typesupport_fastrtps_cpp;rosidl_typesupport_introspection_cpp
[0.650s] -- Found rmw_implementation_cmake: 6.1.1 (/opt/ros/humble/share/rmw_implementation_cmake/cmake)
[0.652s] -- Found rmw_fastrtps_cpp: 6.2.2 (/opt/ros/humble/share/rmw_fastrtps_cpp/cmake)
[0.716s] -- Found OpenSSL: /usr/lib/x86_64-linux-gnu/libcrypto.so (found version "3.0.2")  
[0.737s] -- Found FastRTPS: /opt/ros/humble/include  
[0.774s] -- Using RMW implementation 'rmw_fastrtps_cpp' as default
[0.782s] -- Performing Test CMAKE_HAVE_LIBC_PTHREAD
[0.816s] -- Performing Test CMAKE_HAVE_LIBC_PTHREAD - Success
[0.817s] -- Found Threads: TRUE  
[1.112s] -- Found cv_bridge: 3.2.1 (/home/bjorn/Documents/ros-projects/cam_ws/install/cv_bridge/share/cv_bridge/cmake)
[1.130s] -- Found rosidl_default_generators: 1.2.0 (/opt/ros/humble/share/rosidl_default_generators/cmake)
[1.140s] -- Found OpenCV: /usr (found version "4.5.4") found components: imgproc 
[1.142s] -- Found PkgConfig: /usr/bin/pkg-config (found version "0.29.2") 
[1.143s] -- Checking for module 'ogg'
[1.149s] --   Found ogg, version 1.3.5
[1.163s] -- Checking for module 'theora'
[1.169s] --   Found theora, version 1.1.1
[1.183s] -- Checking for module 'theoraenc'
[1.189s] --   Found theoraenc, version 1.1.1
[1.205s] -- Checking for module 'theoradec'
[1.210s] --   Found theoradec, version 1.1.1
[1.423s] -- Found ament_cmake_cppcheck: 0.12.6 (/opt/ros/humble/share/ament_cmake_cppcheck/cmake)
[1.425s] -- Found ament_cmake_cpplint: 0.12.6 (/opt/ros/humble/share/ament_cmake_cpplint/cmake)
[1.428s] -- Found ament_cmake_uncrustify: 0.12.6 (/opt/ros/humble/share/ament_cmake_uncrustify/cmake)
[1.431s] -- Found ament_cmake_ros: 0.10.0 (/opt/ros/humble/share/ament_cmake_ros/cmake)
[1.747s] -- Using all available rosidl_typesupport_c: rosidl_typesupport_fastrtps_c;rosidl_typesupport_introspection_c
[1.872s] -- Using all available rosidl_typesupport_cpp: rosidl_typesupport_fastrtps_cpp;rosidl_typesupport_introspection_cpp
[1.902s] -- Found PythonInterp: /usr/bin/python3 (found suitable version "3.10.6", minimum required is "3.6") 
[1.904s] -- Found python_cmake_module: 0.10.0 (/opt/ros/humble/share/python_cmake_module/cmake)
[1.941s] -- Found PythonLibs: /usr/lib/x86_64-linux-gnu/libpython3.10.so (found suitable version "3.10.6", minimum required is "3.5") 
[1.941s] -- Using PYTHON_EXECUTABLE: /usr/bin/python3
[1.941s] -- Using PYTHON_INCLUDE_DIRS: /usr/include/python3.10
[1.942s] -- Using PYTHON_LIBRARIES: /usr/lib/x86_64-linux-gnu/libpython3.10.so
[1.967s] -- Found PythonExtra: .so  
[2.041s] -- Found ament_cmake_flake8: 0.12.6 (/opt/ros/humble/share/ament_cmake_flake8/cmake)
[2.044s] -- Found ament_cmake_pep257: 0.12.6 (/opt/ros/humble/share/ament_cmake_pep257/cmake)
[2.056s] -- Configuring done (2.0s)
[2.116s] -- Generating done (0.0s)
[2.121s] -- Build files have been written to: /home/bjorn/Documents/ros-projects/cam_ws/build/theora_image_transport
[2.149s] Invoked command in '/home/bjorn/Documents/ros-projects/cam_ws/build/theora_image_transport' returned '0': AMENT_PREFIX_PATH=/home/bjorn/Documents/ros-projects/cam_ws/install/image_transport:/home/bjorn/Documents/ros-projects/cam_ws/install/cv_bridge:${AMENT_PREFIX_PATH} CMAKE_PREFIX_PATH=/home/bjorn/Documents/ros-projects/cam_ws/install/image_transport:/home/bjorn/Documents/ros-projects/cam_ws/install/cv_bridge:/opt/ros/humble LD_LIBRARY_PATH=/home/bjorn/Documents/ros-projects/cam_ws/install/image_transport/lib:/home/bjorn/Documents/ros-projects/cam_ws/install/cv_bridge/lib:${LD_LIBRARY_PATH} PYTHONPATH=/home/bjorn/Documents/ros-projects/cam_ws/install/cv_bridge/local/lib/python3.10/dist-packages:${PYTHONPATH} /home/bjorn/.local/bin/cmake /home/bjorn/Documents/ros-projects/cam_ws/src/image_transport_plugins/theora_image_transport -DCMAKE_INSTALL_PREFIX=/home/bjorn/Documents/ros-projects/cam_ws/install/theora_image_transport
[2.151s] Invoking command in '/home/bjorn/Documents/ros-projects/cam_ws/build/theora_image_transport': AMENT_PREFIX_PATH=/home/bjorn/Documents/ros-projects/cam_ws/install/image_transport:/home/bjorn/Documents/ros-projects/cam_ws/install/cv_bridge:${AMENT_PREFIX_PATH} CMAKE_PREFIX_PATH=/home/bjorn/Documents/ros-projects/cam_ws/install/image_transport:/home/bjorn/Documents/ros-projects/cam_ws/install/cv_bridge:/opt/ros/humble LD_LIBRARY_PATH=/home/bjorn/Documents/ros-projects/cam_ws/install/image_transport/lib:/home/bjorn/Documents/ros-projects/cam_ws/install/cv_bridge/lib:${LD_LIBRARY_PATH} PYTHONPATH=/home/bjorn/Documents/ros-projects/cam_ws/install/cv_bridge/local/lib/python3.10/dist-packages:${PYTHONPATH} /home/bjorn/.local/bin/cmake --build /home/bjorn/Documents/ros-projects/cam_ws/build/theora_image_transport -- -j20 -l20
[2.197s] [  2%] [34m[1mGenerating C code for ROS interfaces[0m
[2.201s] [  5%] [34m[1mGenerating C++ code for ROS interfaces[0m
[2.204s] [  5%] Built target ament_cmake_python_copy_theora_image_transport
[2.566s] [  5%] Built target theora_image_transport__cpp
[2.570s] [ 13%] [34m[1mGenerating C++ type support dispatch for ROS interfaces[0m
[2.570s] [ 13%] [34m[1mGenerating C++ type support for eProsima Fast-RTPS[0m
[2.570s] [ 13%] [34m[1mGenerating C++ introspection for ROS interfaces[0m
[2.578s] [ 16%] [32mBuilding C object CMakeFiles/theora_image_transport__rosidl_generator_c.dir/rosidl_generator_c/theora_image_transport/msg/detail/packet__functions.c.o[0m
[2.627s] [ 18%] [32m[1mLinking C shared library libtheora_image_transport__rosidl_generator_c.so[0m
[2.640s] running egg_info
[2.641s] creating theora_image_transport.egg-info
[2.641s] writing theora_image_transport.egg-info/PKG-INFO
[2.641s] writing dependency_links to theora_image_transport.egg-info/dependency_links.txt
[2.641s] writing top-level names to theora_image_transport.egg-info/top_level.txt
[2.643s] writing manifest file 'theora_image_transport.egg-info/SOURCES.txt'
[2.647s] reading manifest file 'theora_image_transport.egg-info/SOURCES.txt'
[2.647s] writing manifest file 'theora_image_transport.egg-info/SOURCES.txt'
[2.652s] [ 18%] Built target theora_image_transport__rosidl_generator_c
[2.656s] [ 27%] [34m[1mGenerating C type support for eProsima Fast-RTPS[0m
[2.656s] [ 27%] [34m[1mGenerating C introspection for ROS interfaces[0m
[2.656s] [ 27%] [34m[1mGenerating C type support dispatch for ROS interfaces[0m
[2.684s] [ 27%] Built target ament_cmake_python_build_theora_image_transport_egg
[2.890s] [ 29%] [32mBuilding CXX object CMakeFiles/theora_image_transport__rosidl_typesupport_introspection_cpp.dir/rosidl_typesupport_introspection_cpp/theora_image_transport/msg/detail/packet__type_support.cpp.o[0m
[2.906s] [ 32%] [32mBuilding CXX object CMakeFiles/theora_image_transport__rosidl_typesupport_cpp.dir/rosidl_typesupport_cpp/theora_image_transport/msg/packet__type_support.cpp.o[0m
[2.919s] [ 35%] [32mBuilding CXX object CMakeFiles/theora_image_transport__rosidl_typesupport_fastrtps_cpp.dir/rosidl_typesupport_fastrtps_cpp/theora_image_transport/msg/detail/dds_fastrtps/packet__type_support.cpp.o[0m
[2.976s] [ 37%] [32mBuilding C object CMakeFiles/theora_image_transport__rosidl_typesupport_introspection_c.dir/rosidl_typesupport_introspection_c/theora_image_transport/msg/detail/packet__type_support.c.o[0m
[2.993s] [ 40%] [32mBuilding CXX object CMakeFiles/theora_image_transport__rosidl_typesupport_c.dir/rosidl_typesupport_c/theora_image_transport/msg/packet__type_support.cpp.o[0m
[3.010s] [ 43%] [32m[1mLinking C shared library libtheora_image_transport__rosidl_typesupport_introspection_c.so[0m
[3.016s] [ 45%] [32mBuilding CXX object CMakeFiles/theora_image_transport__rosidl_typesupport_fastrtps_c.dir/rosidl_typesupport_fastrtps_c/theora_image_transport/msg/detail/packet__type_support_c.cpp.o[0m
[3.017s] [ 48%] [32m[1mLinking CXX shared library libtheora_image_transport__rosidl_typesupport_c.so[0m
[3.028s] [ 48%] Built target theora_image_transport__rosidl_typesupport_introspection_c
[3.046s] [ 48%] Built target theora_image_transport__rosidl_typesupport_c
[3.196s] [ 51%] [32m[1mLinking CXX shared library libtheora_image_transport__rosidl_typesupport_cpp.so[0m
[3.226s] [ 51%] Built target theora_image_transport__rosidl_typesupport_cpp
[3.234s] [ 54%] [32mBuilding CXX object CMakeFiles/ogg_saver.dir/src/ogg_saver.cpp.o[0m
[3.234s] [ 59%] [32mBuilding CXX object CMakeFiles/theora_image_transport_component.dir/src/theora_publisher.cpp.o[0m
[3.234s] [ 62%] [32mBuilding CXX object CMakeFiles/theora_image_transport_component.dir/src/manifest.cpp.o[0m
[3.234s] [ 62%] [32mBuilding CXX object CMakeFiles/theora_image_transport_component.dir/src/theora_subscriber.cpp.o[0m
[3.254s] [ 64%] [32m[1mLinking CXX shared library libtheora_image_transport__rosidl_typesupport_fastrtps_cpp.so[0m
[3.311s] [ 64%] Built target theora_image_transport__rosidl_typesupport_fastrtps_cpp
[3.345s] [ 67%] [32m[1mLinking CXX shared library libtheora_image_transport__rosidl_typesupport_introspection_cpp.so[0m
[3.390s] [ 70%] [32m[1mLinking CXX shared library libtheora_image_transport__rosidl_typesupport_fastrtps_c.so[0m
[3.404s] [ 70%] Built target theora_image_transport__rosidl_typesupport_introspection_cpp
[3.454s] [ 70%] Built target theora_image_transport__rosidl_typesupport_fastrtps_c
[3.460s] [ 70%] Built target theora_image_transport
[3.466s] [ 72%] [34m[1mGenerating Python code for ROS interfaces[0m
[3.768s] [ 72%] Built target theora_image_transport__py
[3.774s] [ 75%] [32mBuilding C object CMakeFiles/theora_image_transport__rosidl_generator_py.dir/rosidl_generator_py/theora_image_transport/msg/_packet_s.c.o[0m
[3.852s] [ 78%] [32m[1mLinking C shared library rosidl_generator_py/theora_image_transport/libtheora_image_transport__rosidl_generator_py.so[0m
[3.871s] [ 78%] Built target theora_image_transport__rosidl_generator_py
[3.878s] [ 86%] [32mBuilding C object CMakeFiles/theora_image_transport__rosidl_typesupport_fastrtps_c__pyext.dir/rosidl_generator_py/theora_image_transport/_theora_image_transport_s.ep.rosidl_typesupport_fastrtps_c.c.o[0m
[3.879s] [ 86%] [32mBuilding C object CMakeFiles/theora_image_transport__rosidl_typesupport_introspection_c__pyext.dir/rosidl_generator_py/theora_image_transport/_theora_image_transport_s.ep.rosidl_typesupport_introspection_c.c.o[0m
[3.879s] [ 86%] [32mBuilding C object CMakeFiles/theora_image_transport__rosidl_typesupport_c__pyext.dir/rosidl_generator_py/theora_image_transport/_theora_image_transport_s.ep.rosidl_typesupport_c.c.o[0m
[3.941s] [ 89%] [32m[1mLinking C shared library rosidl_generator_py/theora_image_transport/theora_image_transport_s__rosidl_typesupport_fastrtps_c.cpython-310-x86_64-linux-gnu.so[0m
[3.959s] [ 89%] Built target theora_image_transport__rosidl_typesupport_fastrtps_c__pyext
[3.980s] [ 91%] [32m[1mLinking C shared library rosidl_generator_py/theora_image_transport/theora_image_transport_s__rosidl_typesupport_c.cpython-310-x86_64-linux-gnu.so[0m
[3.981s] [ 94%] [32m[1mLinking C shared library rosidl_generator_py/theora_image_transport/theora_image_transport_s__rosidl_typesupport_introspection_c.cpython-310-x86_64-linux-gnu.so[0m
[3.999s] [ 94%] Built target theora_image_transport__rosidl_typesupport_introspection_c__pyext
[4.005s] [ 94%] Built target theora_image_transport__rosidl_typesupport_c__pyext
[9.446s] [ 97%] [32m[1mLinking CXX executable ogg_saver[0m
[9.480s] [100%] [32m[1mLinking CXX shared library libtheora_image_transport_component.so[0m
[9.699s] [100%] Built target ogg_saver
[9.822s] [100%] Built target theora_image_transport_component
[9.829s] Invoked command in '/home/bjorn/Documents/ros-projects/cam_ws/build/theora_image_transport' returned '0': AMENT_PREFIX_PATH=/home/bjorn/Documents/ros-projects/cam_ws/install/image_transport:/home/bjorn/Documents/ros-projects/cam_ws/install/cv_bridge:${AMENT_PREFIX_PATH} CMAKE_PREFIX_PATH=/home/bjorn/Documents/ros-projects/cam_ws/install/image_transport:/home/bjorn/Documents/ros-projects/cam_ws/install/cv_bridge:/opt/ros/humble LD_LIBRARY_PATH=/home/bjorn/Documents/ros-projects/cam_ws/install/image_transport/lib:/home/bjorn/Documents/ros-projects/cam_ws/install/cv_bridge/lib:${LD_LIBRARY_PATH} PYTHONPATH=/home/bjorn/Documents/ros-projects/cam_ws/install/cv_bridge/local/lib/python3.10/dist-packages:${PYTHONPATH} /home/bjorn/.local/bin/cmake --build /home/bjorn/Documents/ros-projects/cam_ws/build/theora_image_transport -- -j20 -l20
[9.876s] Invoking command in '/home/bjorn/Documents/ros-projects/cam_ws/build/theora_image_transport': AMENT_PREFIX_PATH=/home/bjorn/Documents/ros-projects/cam_ws/install/image_transport:/home/bjorn/Documents/ros-projects/cam_ws/install/cv_bridge:${AMENT_PREFIX_PATH} CMAKE_PREFIX_PATH=/home/bjorn/Documents/ros-projects/cam_ws/install/image_transport:/home/bjorn/Documents/ros-projects/cam_ws/install/cv_bridge:/opt/ros/humble LD_LIBRARY_PATH=/home/bjorn/Documents/ros-projects/cam_ws/install/image_transport/lib:/home/bjorn/Documents/ros-projects/cam_ws/install/cv_bridge/lib:${LD_LIBRARY_PATH} PYTHONPATH=/home/bjorn/Documents/ros-projects/cam_ws/install/cv_bridge/local/lib/python3.10/dist-packages:${PYTHONPATH} /home/bjorn/.local/bin/cmake --install /home/bjorn/Documents/ros-projects/cam_ws/build/theora_image_transport
[9.895s] -- Install configuration: ""
[9.895s] -- Installing: /home/bjorn/Documents/ros-projects/cam_ws/install/theora_image_transport/share/ament_index/resource_index/rosidl_interfaces/theora_image_transport
[9.895s] -- Installing: /home/bjorn/Documents/ros-projects/cam_ws/install/theora_image_transport/include/theora_image_transport/theora_image_transport
[9.895s] -- Installing: /home/bjorn/Documents/ros-projects/cam_ws/install/theora_image_transport/include/theora_image_transport/theora_image_transport/msg
[9.895s] -- Installing: /home/bjorn/Documents/ros-projects/cam_ws/install/theora_image_transport/include/theora_image_transport/theora_image_transport/msg/packet.h
[9.895s] -- Installing: /home/bjorn/Documents/ros-projects/cam_ws/install/theora_image_transport/include/theora_image_transport/theora_image_transport/msg/detail
[9.895s] -- Installing: /home/bjorn/Documents/ros-projects/cam_ws/install/theora_image_transport/include/theora_image_transport/theora_image_transport/msg/detail/packet__functions.h
[9.895s] -- Installing: /home/bjorn/Documents/ros-projects/cam_ws/install/theora_image_transport/include/theora_image_transport/theora_image_transport/msg/detail/packet__functions.c
[9.895s] -- Installing: /home/bjorn/Documents/ros-projects/cam_ws/install/theora_image_transport/include/theora_image_transport/theora_image_transport/msg/detail/packet__struct.h
[9.895s] -- Installing: /home/bjorn/Documents/ros-projects/cam_ws/install/theora_image_transport/include/theora_image_transport/theora_image_transport/msg/detail/packet__type_support.h
[9.896s] -- Installing: /home/bjorn/Documents/ros-projects/cam_ws/install/theora_image_transport/include/theora_image_transport/theora_image_transport/msg/rosidl_generator_c__visibility_control.h
[9.896s] -- Installing: /home/bjorn/Documents/ros-projects/cam_ws/install/theora_image_transport/share/theora_image_transport/environment/library_path.sh
[9.896s] -- Installing: /home/bjorn/Documents/ros-projects/cam_ws/install/theora_image_transport/share/theora_image_transport/environment/library_path.dsv
[9.896s] -- Installing: /home/bjorn/Documents/ros-projects/cam_ws/install/theora_image_transport/lib/libtheora_image_transport__rosidl_generator_c.so
[9.896s] -- Set runtime path of "/home/bjorn/Documents/ros-projects/cam_ws/install/theora_image_transport/lib/libtheora_image_transport__rosidl_generator_c.so" to ""
[9.896s] -- Up-to-date: /home/bjorn/Documents/ros-projects/cam_ws/install/theora_image_transport/include/theora_image_transport/theora_image_transport
[9.896s] -- Up-to-date: /home/bjorn/Documents/ros-projects/cam_ws/install/theora_image_transport/include/theora_image_transport/theora_image_transport/msg
[9.896s] -- Installing: /home/bjorn/Documents/ros-projects/cam_ws/install/theora_image_transport/include/theora_image_transport/theora_image_transport/msg/rosidl_typesupport_fastrtps_c__visibility_control.h
[9.896s] -- Up-to-date: /home/bjorn/Documents/ros-projects/cam_ws/install/theora_image_transport/include/theora_image_transport/theora_image_transport/msg/detail
[9.896s] -- Installing: /home/bjorn/Documents/ros-projects/cam_ws/install/theora_image_transport/include/theora_image_transport/theora_image_transport/msg/detail/packet__rosidl_typesupport_fastrtps_c.h
[9.897s] -- Installing: /home/bjorn/Documents/ros-projects/cam_ws/install/theora_image_transport/lib/libtheora_image_transport__rosidl_typesupport_fastrtps_c.so
[9.897s] -- Set runtime path of "/home/bjorn/Documents/ros-projects/cam_ws/install/theora_image_transport/lib/libtheora_image_transport__rosidl_typesupport_fastrtps_c.so" to ""
[9.897s] -- Up-to-date: /home/bjorn/Documents/ros-projects/cam_ws/install/theora_image_transport/include/theora_image_transport/theora_image_transport
[9.897s] -- Up-to-date: /home/bjorn/Documents/ros-projects/cam_ws/install/theora_image_transport/include/theora_image_transport/theora_image_transport/msg
[9.897s] -- Installing: /home/bjorn/Documents/ros-projects/cam_ws/install/theora_image_transport/include/theora_image_transport/theora_image_transport/msg/packet.hpp
[9.897s] -- Up-to-date: /home/bjorn/Documents/ros-projects/cam_ws/install/theora_image_transport/include/theora_image_transport/theora_image_transport/msg/detail
[9.897s] -- Installing: /home/bjorn/Documents/ros-projects/cam_ws/install/theora_image_transport/include/theora_image_transport/theora_image_transport/msg/detail/packet__builder.hpp
[9.897s] -- Installing: /home/bjorn/Documents/ros-projects/cam_ws/install/theora_image_transport/include/theora_image_transport/theora_image_transport/msg/detail/packet__struct.hpp
[9.897s] -- Installing: /home/bjorn/Documents/ros-projects/cam_ws/install/theora_image_transport/include/theora_image_transport/theora_image_transport/msg/detail/packet__traits.hpp
[9.897s] -- Up-to-date: /home/bjorn/Documents/ros-projects/cam_ws/install/theora_image_transport/include/theora_image_transport/theora_image_transport
[9.897s] -- Up-to-date: /home/bjorn/Documents/ros-projects/cam_ws/install/theora_image_transport/include/theora_image_transport/theora_image_transport/msg
[9.897s] -- Installing: /home/bjorn/Documents/ros-projects/cam_ws/install/theora_image_transport/include/theora_image_transport/theora_image_transport/msg/rosidl_typesupport_fastrtps_cpp__visibility_control.h
[9.898s] -- Up-to-date: /home/bjorn/Documents/ros-projects/cam_ws/install/theora_image_transport/include/theora_image_transport/theora_image_transport/msg/detail
[9.898s] -- Installing: /home/bjorn/Documents/ros-projects/cam_ws/install/theora_image_transport/include/theora_image_transport/theora_image_transport/msg/detail/dds_fastrtps
[9.898s] -- Installing: /home/bjorn/Documents/ros-projects/cam_ws/install/theora_image_transport/include/theora_image_transport/theora_image_transport/msg/detail/packet__rosidl_typesupport_fastrtps_cpp.hpp
[9.898s] -- Installing: /home/bjorn/Documents/ros-projects/cam_ws/install/theora_image_transport/lib/libtheora_image_transport__rosidl_typesupport_fastrtps_cpp.so
[9.898s] -- Set runtime path of "/home/bjorn/Documents/ros-projects/cam_ws/install/theora_image_transport/lib/libtheora_image_transport__rosidl_typesupport_fastrtps_cpp.so" to ""
[9.898s] -- Up-to-date: /home/bjorn/Documents/ros-projects/cam_ws/install/theora_image_transport/include/theora_image_transport/theora_image_transport
[9.898s] -- Up-to-date: /home/bjorn/Documents/ros-projects/cam_ws/install/theora_image_transport/include/theora_image_transport/theora_image_transport/msg
[9.898s] -- Installing: /home/bjorn/Documents/ros-projects/cam_ws/install/theora_image_transport/include/theora_image_transport/theora_image_transport/msg/rosidl_typesupport_introspection_c__visibility_control.h
[9.898s] -- Up-to-date: /home/bjorn/Documents/ros-projects/cam_ws/install/theora_image_transport/include/theora_image_transport/theora_image_transport/msg/detail
[9.898s] -- Installing: /home/bjorn/Documents/ros-projects/cam_ws/install/theora_image_transport/include/theora_image_transport/theora_image_transport/msg/detail/packet__type_support.c
[9.898s] -- Installing: /home/bjorn/Documents/ros-projects/cam_ws/install/theora_image_transport/include/theora_image_transport/theora_image_transport/msg/detail/packet__rosidl_typesupport_introspection_c.h
[9.898s] -- Installing: /home/bjorn/Documents/ros-projects/cam_ws/install/theora_image_transport/lib/libtheora_image_transport__rosidl_typesupport_introspection_c.so
[9.899s] -- Set runtime path of "/home/bjorn/Documents/ros-projects/cam_ws/install/theora_image_transport/lib/libtheora_image_transport__rosidl_typesupport_introspection_c.so" to ""
[9.899s] -- Installing: /home/bjorn/Documents/ros-projects/cam_ws/install/theora_image_transport/lib/libtheora_image_transport__rosidl_typesupport_c.so
[9.899s] -- Set runtime path of "/home/bjorn/Documents/ros-projects/cam_ws/install/theora_image_transport/lib/libtheora_image_transport__rosidl_typesupport_c.so" to ""
[9.899s] -- Up-to-date: /home/bjorn/Documents/ros-projects/cam_ws/install/theora_image_transport/include/theora_image_transport/theora_image_transport
[9.899s] -- Up-to-date: /home/bjorn/Documents/ros-projects/cam_ws/install/theora_image_transport/include/theora_image_transport/theora_image_transport/msg
[9.899s] -- Up-to-date: /home/bjorn/Documents/ros-projects/cam_ws/install/theora_image_transport/include/theora_image_transport/theora_image_transport/msg/detail
[9.899s] -- Installing: /home/bjorn/Documents/ros-projects/cam_ws/install/theora_image_transport/include/theora_image_transport/theora_image_transport/msg/detail/packet__type_support.cpp
[9.899s] -- Installing: /home/bjorn/Documents/ros-projects/cam_ws/install/theora_image_transport/include/theora_image_transport/theora_image_transport/msg/detail/packet__rosidl_typesupport_introspection_cpp.hpp
[9.899s] -- Installing: /home/bjorn/Documents/ros-projects/cam_ws/install/theora_image_transport/lib/libtheora_image_transport__rosidl_typesupport_introspection_cpp.so
[9.899s] -- Set runtime path of "/home/bjorn/Documents/ros-projects/cam_ws/install/theora_image_transport/lib/libtheora_image_transport__rosidl_typesupport_introspection_cpp.so" to ""
[9.899s] -- Installing: /home/bjorn/Documents/ros-projects/cam_ws/install/theora_image_transport/lib/libtheora_image_transport__rosidl_typesupport_cpp.so
[9.900s] -- Set runtime path of "/home/bjorn/Documents/ros-projects/cam_ws/install/theora_image_transport/lib/libtheora_image_transport__rosidl_typesupport_cpp.so" to ""
[9.900s] -- Installing: /home/bjorn/Documents/ros-projects/cam_ws/install/theora_image_transport/share/theora_image_transport/environment/pythonpath.sh
[9.900s] -- Installing: /home/bjorn/Documents/ros-projects/cam_ws/install/theora_image_transport/share/theora_image_transport/environment/pythonpath.dsv
[9.900s] -- Installing: /home/bjorn/Documents/ros-projects/cam_ws/install/theora_image_transport/local/lib/python3.10/dist-packages/theora_image_transport-2.5.0-py3.10.egg-info
[9.900s] -- Installing: /home/bjorn/Documents/ros-projects/cam_ws/install/theora_image_transport/local/lib/python3.10/dist-packages/theora_image_transport-2.5.0-py3.10.egg-info/PKG-INFO
[9.900s] -- Installing: /home/bjorn/Documents/ros-projects/cam_ws/install/theora_image_transport/local/lib/python3.10/dist-packages/theora_image_transport-2.5.0-py3.10.egg-info/SOURCES.txt
[9.900s] -- Installing: /home/bjorn/Documents/ros-projects/cam_ws/install/theora_image_transport/local/lib/python3.10/dist-packages/theora_image_transport-2.5.0-py3.10.egg-info/dependency_links.txt
[9.900s] -- Installing: /home/bjorn/Documents/ros-projects/cam_ws/install/theora_image_transport/local/lib/python3.10/dist-packages/theora_image_transport-2.5.0-py3.10.egg-info/top_level.txt
[9.900s] -- Installing: /home/bjorn/Documents/ros-projects/cam_ws/install/theora_image_transport/local/lib/python3.10/dist-packages/theora_image_transport
[9.900s] -- Installing: /home/bjorn/Documents/ros-projects/cam_ws/install/theora_image_transport/local/lib/python3.10/dist-packages/theora_image_transport/theora_image_transport_s__rosidl_typesupport_introspection_c.cpython-310-x86_64-linux-gnu.so
[9.900s] -- Installing: /home/bjorn/Documents/ros-projects/cam_ws/install/theora_image_transport/local/lib/python3.10/dist-packages/theora_image_transport/_theora_image_transport_s.ep.rosidl_typesupport_c.c
[9.900s] -- Installing: /home/bjorn/Documents/ros-projects/cam_ws/install/theora_image_transport/local/lib/python3.10/dist-packages/theora_image_transport/theora_image_transport_s__rosidl_typesupport_fastrtps_c.cpython-310-x86_64-linux-gnu.so
[9.901s] -- Installing: /home/bjorn/Documents/ros-projects/cam_ws/install/theora_image_transport/local/lib/python3.10/dist-packages/theora_image_transport/libtheora_image_transport__rosidl_generator_py.so
[9.901s] -- Installing: /home/bjorn/Documents/ros-projects/cam_ws/install/theora_image_transport/local/lib/python3.10/dist-packages/theora_image_transport/__init__.py
[9.901s] -- Installing: /home/bjorn/Documents/ros-projects/cam_ws/install/theora_image_transport/local/lib/python3.10/dist-packages/theora_image_transport/msg
[9.901s] -- Installing: /home/bjorn/Documents/ros-projects/cam_ws/install/theora_image_transport/local/lib/python3.10/dist-packages/theora_image_transport/msg/_packet_s.c
[9.901s] -- Installing: /home/bjorn/Documents/ros-projects/cam_ws/install/theora_image_transport/local/lib/python3.10/dist-packages/theora_image_transport/msg/__init__.py
[9.901s] -- Installing: /home/bjorn/Documents/ros-projects/cam_ws/install/theora_image_transport/local/lib/python3.10/dist-packages/theora_image_transport/msg/_packet.py
[9.901s] -- Installing: /home/bjorn/Documents/ros-projects/cam_ws/install/theora_image_transport/local/lib/python3.10/dist-packages/theora_image_transport/theora_image_transport_s__rosidl_typesupport_c.cpython-310-x86_64-linux-gnu.so
[9.901s] -- Installing: /home/bjorn/Documents/ros-projects/cam_ws/install/theora_image_transport/local/lib/python3.10/dist-packages/theora_image_transport/_theora_image_transport_s.ep.rosidl_typesupport_fastrtps_c.c
[9.901s] -- Installing: /home/bjorn/Documents/ros-projects/cam_ws/install/theora_image_transport/local/lib/python3.10/dist-packages/theora_image_transport/_theora_image_transport_s.ep.rosidl_typesupport_introspection_c.c
[9.923s] Listing '/home/bjorn/Documents/ros-projects/cam_ws/install/theora_image_transport/local/lib/python3.10/dist-packages/theora_image_transport'...
[9.923s] Compiling '/home/bjorn/Documents/ros-projects/cam_ws/install/theora_image_transport/local/lib/python3.10/dist-packages/theora_image_transport/__init__.py'...
[9.923s] Listing '/home/bjorn/Documents/ros-projects/cam_ws/install/theora_image_transport/local/lib/python3.10/dist-packages/theora_image_transport/msg'...
[9.923s] Compiling '/home/bjorn/Documents/ros-projects/cam_ws/install/theora_image_transport/local/lib/python3.10/dist-packages/theora_image_transport/msg/__init__.py'...
[9.923s] Compiling '/home/bjorn/Documents/ros-projects/cam_ws/install/theora_image_transport/local/lib/python3.10/dist-packages/theora_image_transport/msg/_packet.py'...
[9.926s] -- Installing: /home/bjorn/Documents/ros-projects/cam_ws/install/theora_image_transport/local/lib/python3.10/dist-packages/theora_image_transport/theora_image_transport_s__rosidl_typesupport_fastrtps_c.cpython-310-x86_64-linux-gnu.so
[9.926s] -- Set runtime path of "/home/bjorn/Documents/ros-projects/cam_ws/install/theora_image_transport/local/lib/python3.10/dist-packages/theora_image_transport/theora_image_transport_s__rosidl_typesupport_fastrtps_c.cpython-310-x86_64-linux-gnu.so" to ""
[9.926s] -- Installing: /home/bjorn/Documents/ros-projects/cam_ws/install/theora_image_transport/local/lib/python3.10/dist-packages/theora_image_transport/theora_image_transport_s__rosidl_typesupport_introspection_c.cpython-310-x86_64-linux-gnu.so
[9.927s] -- Set runtime path of "/home/bjorn/Documents/ros-projects/cam_ws/install/theora_image_transport/local/lib/python3.10/dist-packages/theora_image_transport/theora_image_transport_s__rosidl_typesupport_introspection_c.cpython-310-x86_64-linux-gnu.so" to ""
[9.927s] -- Installing: /home/bjorn/Documents/ros-projects/cam_ws/install/theora_image_transport/local/lib/python3.10/dist-packages/theora_image_transport/theora_image_transport_s__rosidl_typesupport_c.cpython-310-x86_64-linux-gnu.so
[9.927s] -- Set runtime path of "/home/bjorn/Documents/ros-projects/cam_ws/install/theora_image_transport/local/lib/python3.10/dist-packages/theora_image_transport/theora_image_transport_s__rosidl_typesupport_c.cpython-310-x86_64-linux-gnu.so" to ""
[9.927s] -- Installing: /home/bjorn/Documents/ros-projects/cam_ws/install/theora_image_transport/lib/libtheora_image_transport__rosidl_generator_py.so
[9.927s] -- Set runtime path of "/home/bjorn/Documents/ros-projects/cam_ws/install/theora_image_transport/lib/libtheora_image_transport__rosidl_generator_py.so" to ""
[9.927s] -- Installing: /home/bjorn/Documents/ros-projects/cam_ws/install/theora_image_transport/share/theora_image_transport/msg/Packet.idl
[9.927s] -- Installing: /home/bjorn/Documents/ros-projects/cam_ws/install/theora_image_transport/share/theora_image_transport/msg/Packet.msg
[9.927s] -- Installing: /home/bjorn/Documents/ros-projects/cam_ws/install/theora_image_transport/lib/libtheora_image_transport_component.so
[9.933s] -- Set runtime path of "/home/bjorn/Documents/ros-projects/cam_ws/install/theora_image_transport/lib/libtheora_image_transport_component.so" to ""
[9.933s] -- Installing: /home/bjorn/Documents/ros-projects/cam_ws/install/theora_image_transport/lib/theora_image_transport/ogg_saver
[9.935s] -- Set runtime path of "/home/bjorn/Documents/ros-projects/cam_ws/install/theora_image_transport/lib/theora_image_transport/ogg_saver" to ""
[9.935s] -- Up-to-date: /home/bjorn/Documents/ros-projects/cam_ws/install/theora_image_transport/include/theora_image_transport
[9.935s] -- Up-to-date: /home/bjorn/Documents/ros-projects/cam_ws/install/theora_image_transport/include/theora_image_transport/theora_image_transport
[9.935s] -- Installing: /home/bjorn/Documents/ros-projects/cam_ws/install/theora_image_transport/include/theora_image_transport/theora_image_transport/theora_publisher.h
[9.935s] -- Installing: /home/bjorn/Documents/ros-projects/cam_ws/install/theora_image_transport/include/theora_image_transport/theora_image_transport/theora_subscriber.h
[9.936s] -- Installing: /home/bjorn/Documents/ros-projects/cam_ws/install/theora_image_transport/share/theora_image_transport/theora_plugins.xml
[9.936s] -- Installing: /home/bjorn/Documents/ros-projects/cam_ws/install/theora_image_transport/share/ament_index/resource_index/package_run_dependencies/theora_image_transport
[9.936s] -- Installing: /home/bjorn/Documents/ros-projects/cam_ws/install/theora_image_transport/share/ament_index/resource_index/parent_prefix_path/theora_image_transport
[9.936s] -- Installing: /home/bjorn/Documents/ros-projects/cam_ws/install/theora_image_transport/share/theora_image_transport/environment/ament_prefix_path.sh
[9.936s] -- Installing: /home/bjorn/Documents/ros-projects/cam_ws/install/theora_image_transport/share/theora_image_transport/environment/ament_prefix_path.dsv
[9.936s] -- Installing: /home/bjorn/Documents/ros-projects/cam_ws/install/theora_image_transport/share/theora_image_transport/environment/path.sh
[9.936s] -- Installing: /home/bjorn/Documents/ros-projects/cam_ws/install/theora_image_transport/share/theora_image_transport/environment/path.dsv
[9.936s] -- Installing: /home/bjorn/Documents/ros-projects/cam_ws/install/theora_image_transport/share/theora_image_transport/local_setup.bash
[9.936s] -- Installing: /home/bjorn/Documents/ros-projects/cam_ws/install/theora_image_transport/share/theora_image_transport/local_setup.sh
[9.936s] -- Installing: /home/bjorn/Documents/ros-projects/cam_ws/install/theora_image_transport/share/theora_image_transport/local_setup.zsh
[9.937s] -- Installing: /home/bjorn/Documents/ros-projects/cam_ws/install/theora_image_transport/share/theora_image_transport/local_setup.dsv
[9.937s] -- Installing: /home/bjorn/Documents/ros-projects/cam_ws/install/theora_image_transport/share/theora_image_transport/package.dsv
[9.937s] -- Installing: /home/bjorn/Documents/ros-projects/cam_ws/install/theora_image_transport/share/ament_index/resource_index/packages/theora_image_transport
[9.937s] -- Installing: /home/bjorn/Documents/ros-projects/cam_ws/install/theora_image_transport/share/ament_index/resource_index/image_transport__pluginlib__plugin/theora_image_transport
[9.937s] -- Installing: /home/bjorn/Documents/ros-projects/cam_ws/install/theora_image_transport/share/theora_image_transport/cmake/export_theora_image_transport__rosidl_generator_cExport.cmake
[9.937s] -- Installing: /home/bjorn/Documents/ros-projects/cam_ws/install/theora_image_transport/share/theora_image_transport/cmake/export_theora_image_transport__rosidl_generator_cExport-noconfig.cmake
[9.937s] -- Installing: /home/bjorn/Documents/ros-projects/cam_ws/install/theora_image_transport/share/theora_image_transport/cmake/export_theora_image_transport__rosidl_typesupport_fastrtps_cExport.cmake
[9.937s] -- Installing: /home/bjorn/Documents/ros-projects/cam_ws/install/theora_image_transport/share/theora_image_transport/cmake/export_theora_image_transport__rosidl_typesupport_fastrtps_cExport-noconfig.cmake
[9.937s] -- Installing: /home/bjorn/Documents/ros-projects/cam_ws/install/theora_image_transport/share/theora_image_transport/cmake/export_theora_image_transport__rosidl_generator_cppExport.cmake
[9.937s] -- Installing: /home/bjorn/Documents/ros-projects/cam_ws/install/theora_image_transport/share/theora_image_transport/cmake/export_theora_image_transport__rosidl_typesupport_fastrtps_cppExport.cmake
[9.938s] -- Installing: /home/bjorn/Documents/ros-projects/cam_ws/install/theora_image_transport/share/theora_image_transport/cmake/export_theora_image_transport__rosidl_typesupport_fastrtps_cppExport-noconfig.cmake
[9.938s] -- Installing: /home/bjorn/Documents/ros-projects/cam_ws/install/theora_image_transport/share/theora_image_transport/cmake/theora_image_transport__rosidl_typesupport_introspection_cExport.cmake
[9.938s] -- Installing: /home/bjorn/Documents/ros-projects/cam_ws/install/theora_image_transport/share/theora_image_transport/cmake/theora_image_transport__rosidl_typesupport_introspection_cExport-noconfig.cmake
[9.938s] -- Installing: /home/bjorn/Documents/ros-projects/cam_ws/install/theora_image_transport/share/theora_image_transport/cmake/theora_image_transport__rosidl_typesupport_cExport.cmake
[9.938s] -- Installing: /home/bjorn/Documents/ros-projects/cam_ws/install/theora_image_transport/share/theora_image_transport/cmake/theora_image_transport__rosidl_typesupport_cExport-noconfig.cmake
[9.938s] -- Installing: /home/bjorn/Documents/ros-projects/cam_ws/install/theora_image_transport/share/theora_image_transport/cmake/theora_image_transport__rosidl_typesupport_introspection_cppExport.cmake
[9.938s] -- Installing: /home/bjorn/Documents/ros-projects/cam_ws/install/theora_image_transport/share/theora_image_transport/cmake/theora_image_transport__rosidl_typesupport_introspection_cppExport-noconfig.cmake
[9.938s] -- Installing: /home/bjorn/Documents/ros-projects/cam_ws/install/theora_image_transport/share/theora_image_transport/cmake/theora_image_transport__rosidl_typesupport_cppExport.cmake
[9.938s] -- Installing: /home/bjorn/Documents/ros-projects/cam_ws/install/theora_image_transport/share/theora_image_transport/cmake/theora_image_transport__rosidl_typesupport_cppExport-noconfig.cmake
[9.939s] -- Installing: /home/bjorn/Documents/ros-projects/cam_ws/install/theora_image_transport/share/theora_image_transport/cmake/export_theora_image_transport__rosidl_generator_pyExport.cmake
[9.939s] -- Installing: /home/bjorn/Documents/ros-projects/cam_ws/install/theora_image_transport/share/theora_image_transport/cmake/export_theora_image_transport__rosidl_generator_pyExport-noconfig.cmake
[9.939s] -- Installing: /home/bjorn/Documents/ros-projects/cam_ws/install/theora_image_transport/share/theora_image_transport/cmake/export_theora_image_transport_componentExport.cmake
[9.939s] -- Installing: /home/bjorn/Documents/ros-projects/cam_ws/install/theora_image_transport/share/theora_image_transport/cmake/export_theora_image_transport_componentExport-noconfig.cmake
[9.939s] -- Installing: /home/bjorn/Documents/ros-projects/cam_ws/install/theora_image_transport/share/theora_image_transport/cmake/rosidl_cmake-extras.cmake
[9.939s] -- Installing: /home/bjorn/Documents/ros-projects/cam_ws/install/theora_image_transport/share/theora_image_transport/cmake/ament_cmake_export_dependencies-extras.cmake
[9.939s] -- Installing: /home/bjorn/Documents/ros-projects/cam_ws/install/theora_image_transport/share/theora_image_transport/cmake/ament_cmake_export_include_directories-extras.cmake
[9.939s] -- Installing: /home/bjorn/Documents/ros-projects/cam_ws/install/theora_image_transport/share/theora_image_transport/cmake/ament_cmake_export_libraries-extras.cmake
[9.939s] -- Installing: /home/bjorn/Documents/ros-projects/cam_ws/install/theora_image_transport/share/theora_image_transport/cmake/ament_cmake_export_targets-extras.cmake
[9.939s] -- Installing: /home/bjorn/Documents/ros-projects/cam_ws/install/theora_image_transport/share/theora_image_transport/cmake/rosidl_cmake_export_typesupport_targets-extras.cmake
[9.940s] -- Installing: /home/bjorn/Documents/ros-projects/cam_ws/install/theora_image_transport/share/theora_image_transport/cmake/rosidl_cmake_export_typesupport_libraries-extras.cmake
[9.940s] -- Installing: /home/bjorn/Documents/ros-projects/cam_ws/install/theora_image_transport/share/theora_image_transport/cmake/theora_image_transportConfig.cmake
[9.940s] -- Installing: /home/bjorn/Documents/ros-projects/cam_ws/install/theora_image_transport/share/theora_image_transport/cmake/theora_image_transportConfig-version.cmake
[9.940s] -- Installing: /home/bjorn/Documents/ros-projects/cam_ws/install/theora_image_transport/share/theora_image_transport/package.xml
[9.944s] Invoked command in '/home/bjorn/Documents/ros-projects/cam_ws/build/theora_image_transport' returned '0': AMENT_PREFIX_PATH=/home/bjorn/Documents/ros-projects/cam_ws/install/image_transport:/home/bjorn/Documents/ros-projects/cam_ws/install/cv_bridge:${AMENT_PREFIX_PATH} CMAKE_PREFIX_PATH=/home/bjorn/Documents/ros-projects/cam_ws/install/image_transport:/home/bjorn/Documents/ros-projects/cam_ws/install/cv_bridge:/opt/ros/humble LD_LIBRARY_PATH=/home/bjorn/Documents/ros-projects/cam_ws/install/image_transport/lib:/home/bjorn/Documents/ros-projects/cam_ws/install/cv_bridge/lib:${LD_LIBRARY_PATH} PYTHONPATH=/home/bjorn/Documents/ros-projects/cam_ws/install/cv_bridge/local/lib/python3.10/dist-packages:${PYTHONPATH} /home/bjorn/.local/bin/cmake --install /home/bjorn/Documents/ros-projects/cam_ws/build/theora_image_transport
