[0.296s] Invoking command in '/home/bjorn/Documents/ros-projects/cam_ws/build/gscam2': AMENT_PREFIX_PATH=/home/bjorn/Documents/ros-projects/cam_ws/install/camera_info_manager:/home/bjorn/Documents/ros-projects/cam_ws/install/cv_bridge:/home/bjorn/Documents/ros-projects/cam_ws/install/camera_calibration_parsers:${AMENT_PREFIX_PATH} CMAKE_PREFIX_PATH=/home/bjorn/Documents/ros-projects/cam_ws/install/camera_info_manager:/home/bjorn/Documents/ros-projects/cam_ws/install/cv_bridge:/home/bjorn/Documents/ros-projects/cam_ws/install/camera_calibration_parsers:/opt/ros/humble LD_LIBRARY_PATH=/home/bjorn/Documents/ros-projects/cam_ws/install/camera_info_manager/lib:/home/bjorn/Documents/ros-projects/cam_ws/install/cv_bridge/lib:/home/bjorn/Documents/ros-projects/cam_ws/install/camera_calibration_parsers/lib:${LD_LIBRARY_PATH} PYTHONPATH=/home/bjorn/Documents/ros-projects/cam_ws/install/cv_bridge/local/lib/python3.10/dist-packages:${PYTHONPATH} /home/bjorn/.local/bin/cmake /home/bjorn/Documents/ros-projects/cam_ws/src/gscam2 -DCMAKE_INSTALL_PREFIX=/home/bjorn/Documents/ros-projects/cam_ws/install/gscam2
[0.319s] -- Found ament_cmake: 1.3.4 (/opt/ros/humble/share/ament_cmake/cmake)
[0.421s] -- Found camera_calibration_parsers: 3.1.5 (/home/bjorn/Documents/ros-projects/cam_ws/install/camera_calibration_parsers/share/camera_calibration_parsers/cmake)
[0.438s] -- Found rosidl_generator_c: 3.1.4 (/opt/ros/humble/share/rosidl_generator_c/cmake)
[0.441s] -- Found rosidl_adapter: 3.1.4 (/opt/ros/humble/share/rosidl_adapter/cmake)
[0.441s] -- Found rosidl_generator_cpp: 3.1.4 (/opt/ros/humble/share/rosidl_generator_cpp/cmake)
[0.452s] -- Using all available rosidl_typesupport_c: rosidl_typesupport_fastrtps_c;rosidl_typesupport_introspection_c
[0.469s] -- Using all available rosidl_typesupport_cpp: rosidl_typesupport_fastrtps_cpp;rosidl_typesupport_introspection_cpp
[0.528s] -- Found rmw_implementation_cmake: 6.1.1 (/opt/ros/humble/share/rmw_implementation_cmake/cmake)
[0.529s] -- Found rmw_fastrtps_cpp: 6.2.2 (/opt/ros/humble/share/rmw_fastrtps_cpp/cmake)
[0.637s] -- Using RMW implementation 'rmw_fastrtps_cpp' as default
[0.911s] -- Found camera_info_manager: 3.1.5 (/home/bjorn/Documents/ros-projects/cam_ws/install/camera_info_manager/share/camera_info_manager/cmake)
[0.922s] -- Found class_loader: 2.2.0 (/opt/ros/humble/share/class_loader/cmake)
[0.924s] -- Found rclcpp_components: 16.0.4 (/opt/ros/humble/share/rclcpp_components/cmake)
[0.975s] -- Found rclpy: 3.3.8 (/opt/ros/humble/share/rclpy/cmake)
[0.984s] [31mCMake Error at CMakeLists.txt:34 (find_package):
[0.984s]   By not providing "Findros2_shared.cmake" in CMAKE_MODULE_PATH this project
[0.984s]   has asked CMake to find a package configuration file provided by
[0.984s]   "ros2_shared", but CMake did not find one.
[0.984s] 
[0.985s]   Could not find a package configuration file provided by "ros2_shared" with
[0.985s]   any of the following names:
[0.985s] 
[0.985s]     ros2_sharedConfig.cmake
[0.986s]     ros2_shared-config.cmake
[0.986s] 
[0.987s]   Add the installation prefix of "ros2_shared" to CMAKE_PREFIX_PATH or set
[0.989s]   "ros2_shared_DIR" to a directory containing one of the above files.  If
[0.989s]   "ros2_shared" provides a separate development package or SDK, be sure it
[0.989s]   has been installed.
[0.989s] 
[0.990s] [0m
[0.990s] -- Configuring incomplete, errors occurred!
[0.992s] Invoked command in '/home/bjorn/Documents/ros-projects/cam_ws/build/gscam2' returned '1': AMENT_PREFIX_PATH=/home/bjorn/Documents/ros-projects/cam_ws/install/camera_info_manager:/home/bjorn/Documents/ros-projects/cam_ws/install/cv_bridge:/home/bjorn/Documents/ros-projects/cam_ws/install/camera_calibration_parsers:${AMENT_PREFIX_PATH} CMAKE_PREFIX_PATH=/home/bjorn/Documents/ros-projects/cam_ws/install/camera_info_manager:/home/bjorn/Documents/ros-projects/cam_ws/install/cv_bridge:/home/bjorn/Documents/ros-projects/cam_ws/install/camera_calibration_parsers:/opt/ros/humble LD_LIBRARY_PATH=/home/bjorn/Documents/ros-projects/cam_ws/install/camera_info_manager/lib:/home/bjorn/Documents/ros-projects/cam_ws/install/cv_bridge/lib:/home/bjorn/Documents/ros-projects/cam_ws/install/camera_calibration_parsers/lib:${LD_LIBRARY_PATH} PYTHONPATH=/home/bjorn/Documents/ros-projects/cam_ws/install/cv_bridge/local/lib/python3.10/dist-packages:${PYTHONPATH} /home/bjorn/.local/bin/cmake /home/bjorn/Documents/ros-projects/cam_ws/src/gscam2 -DCMAKE_INSTALL_PREFIX=/home/bjorn/Documents/ros-projects/cam_ws/install/gscam2
