-- The C compiler identification is GNU 11.3.0
-- The CXX compiler identification is GNU 11.3.0
-- Detecting C compiler ABI info
-- Detecting C compiler ABI info - done
-- Check for working C compiler: /usr/bin/cc - skipped
-- Detecting C compile features
-- Detecting C compile features - done
-- Detecting CXX compiler ABI info
-- Detecting CXX compiler ABI info - done
-- Check for working CXX compiler: /usr/bin/c++ - skipped
-- Detecting CXX compile features
-- Detecting CXX compile features - done
-- Found ament_cmake: 1.3.4 (/opt/ros/humble/share/ament_cmake/cmake)
-- Found Python3: /usr/bin/python3.10 (found version "3.10.6") found components: Interpreter 
-- Found image_transport: 3.1.5 (/home/bjorn/Documents/ros-projects/cam_ws/install/image_transport/share/image_transport/cmake)
-- Found rosidl_generator_c: 3.1.4 (/opt/ros/humble/share/rosidl_generator_c/cmake)
-- Found rosidl_adapter: 3.1.4 (/opt/ros/humble/share/rosidl_adapter/cmake)
-- Found rosidl_generator_cpp: 3.1.4 (/opt/ros/humble/share/rosidl_generator_cpp/cmake)
-- Using all available rosidl_typesupport_c: rosidl_typesupport_fastrtps_c;rosidl_typesupport_introspection_c
-- Using all available rosidl_typesupport_cpp: rosidl_typesupport_fastrtps_cpp;rosidl_typesupport_introspection_cpp
-- Found rmw_implementation_cmake: 6.1.1 (/opt/ros/humble/share/rmw_implementation_cmake/cmake)
-- Found rmw_fastrtps_cpp: 6.2.2 (/opt/ros/humble/share/rmw_fastrtps_cpp/cmake)
-- Found OpenSSL: /usr/lib/x86_64-linux-gnu/libcrypto.so (found version "3.0.2")  
-- Found FastRTPS: /opt/ros/humble/include  
-- Using RMW implementation 'rmw_fastrtps_cpp' as default
-- Performing Test CMAKE_HAVE_LIBC_PTHREAD
-- Performing Test CMAKE_HAVE_LIBC_PTHREAD - Success
-- Found Threads: TRUE  
-- Found cv_bridge: 3.2.1 (/home/bjorn/Documents/ros-projects/cam_ws/install/cv_bridge/share/cv_bridge/cmake)
-- Found OpenCV: /usr (found version "4.5.4") 
-- Configuring done (1.2s)
-- Generating done (0.0s)
-- Build files have been written to: /home/bjorn/Documents/ros-projects/cam_ws/build/compressed_depth_image_transport
[ 20%] [32mBuilding CXX object CMakeFiles/compressed_depth_image_transport.dir/src/compressed_depth_publisher.cpp.o[0m
[ 40%] [32mBuilding CXX object CMakeFiles/compressed_depth_image_transport.dir/src/compressed_depth_subscriber.cpp.o[0m
[ 60%] [32mBuilding CXX object CMakeFiles/compressed_depth_image_transport.dir/src/manifest.cpp.o[0m
[ 80%] [32mBuilding CXX object CMakeFiles/compressed_depth_image_transport.dir/src/codec.cpp.o[0m
[100%] [32m[1mLinking CXX shared library libcompressed_depth_image_transport.so[0m
[100%] Built target compressed_depth_image_transport
-- Install configuration: ""
-- Installing: /home/bjorn/Documents/ros-projects/cam_ws/install/compressed_depth_image_transport/lib/libcompressed_depth_image_transport.so
-- Set runtime path of "/home/bjorn/Documents/ros-projects/cam_ws/install/compressed_depth_image_transport/lib/libcompressed_depth_image_transport.so" to ""
-- Installing: /home/bjorn/Documents/ros-projects/cam_ws/install/compressed_depth_image_transport/include
-- Installing: /home/bjorn/Documents/ros-projects/cam_ws/install/compressed_depth_image_transport/include/compressed_depth_image_transport
-- Installing: /home/bjorn/Documents/ros-projects/cam_ws/install/compressed_depth_image_transport/include/compressed_depth_image_transport/compressed_depth_subscriber.h
-- Installing: /home/bjorn/Documents/ros-projects/cam_ws/install/compressed_depth_image_transport/include/compressed_depth_image_transport/compressed_depth_publisher.h
-- Installing: /home/bjorn/Documents/ros-projects/cam_ws/install/compressed_depth_image_transport/include/compressed_depth_image_transport/compression_common.h
-- Installing: /home/bjorn/Documents/ros-projects/cam_ws/install/compressed_depth_image_transport/include/compressed_depth_image_transport/codec.h
-- Installing: /home/bjorn/Documents/ros-projects/cam_ws/install/compressed_depth_image_transport/share/compressed_depth_image_transport/compressed_depth_plugins.xml
-- Installing: /home/bjorn/Documents/ros-projects/cam_ws/install/compressed_depth_image_transport/share/ament_index/resource_index/package_run_dependencies/compressed_depth_image_transport
-- Installing: /home/bjorn/Documents/ros-projects/cam_ws/install/compressed_depth_image_transport/share/ament_index/resource_index/parent_prefix_path/compressed_depth_image_transport
-- Installing: /home/bjorn/Documents/ros-projects/cam_ws/install/compressed_depth_image_transport/share/compressed_depth_image_transport/environment/ament_prefix_path.sh
-- Installing: /home/bjorn/Documents/ros-projects/cam_ws/install/compressed_depth_image_transport/share/compressed_depth_image_transport/environment/ament_prefix_path.dsv
-- Installing: /home/bjorn/Documents/ros-projects/cam_ws/install/compressed_depth_image_transport/share/compressed_depth_image_transport/environment/path.sh
-- Installing: /home/bjorn/Documents/ros-projects/cam_ws/install/compressed_depth_image_transport/share/compressed_depth_image_transport/environment/path.dsv
-- Installing: /home/bjorn/Documents/ros-projects/cam_ws/install/compressed_depth_image_transport/share/compressed_depth_image_transport/local_setup.bash
-- Installing: /home/bjorn/Documents/ros-projects/cam_ws/install/compressed_depth_image_transport/share/compressed_depth_image_transport/local_setup.sh
-- Installing: /home/bjorn/Documents/ros-projects/cam_ws/install/compressed_depth_image_transport/share/compressed_depth_image_transport/local_setup.zsh
-- Installing: /home/bjorn/Documents/ros-projects/cam_ws/install/compressed_depth_image_transport/share/compressed_depth_image_transport/local_setup.dsv
-- Installing: /home/bjorn/Documents/ros-projects/cam_ws/install/compressed_depth_image_transport/share/compressed_depth_image_transport/package.dsv
-- Installing: /home/bjorn/Documents/ros-projects/cam_ws/install/compressed_depth_image_transport/share/ament_index/resource_index/packages/compressed_depth_image_transport
-- Installing: /home/bjorn/Documents/ros-projects/cam_ws/install/compressed_depth_image_transport/share/ament_index/resource_index/image_transport__pluginlib__plugin/compressed_depth_image_transport
-- Installing: /home/bjorn/Documents/ros-projects/cam_ws/install/compressed_depth_image_transport/share/compressed_depth_image_transport/cmake/compressed_depth_image_transportConfig.cmake
-- Installing: /home/bjorn/Documents/ros-projects/cam_ws/install/compressed_depth_image_transport/share/compressed_depth_image_transport/cmake/compressed_depth_image_transportConfig-version.cmake
-- Installing: /home/bjorn/Documents/ros-projects/cam_ws/install/compressed_depth_image_transport/share/compressed_depth_image_transport/package.xml
