[0.017s] Invoking command in '/home/bjorn/Documents/ros-projects/cam_ws/build/compressed_depth_image_transport': AMENT_PREFIX_PATH=/home/bjorn/Documents/ros-projects/cam_ws/install/image_transport:/home/bjorn/Documents/ros-projects/cam_ws/install/cv_bridge:${AMENT_PREFIX_PATH} CMAKE_PREFIX_PATH=/home/bjorn/Documents/ros-projects/cam_ws/install/image_transport:/home/bjorn/Documents/ros-projects/cam_ws/install/cv_bridge:/opt/ros/humble LD_LIBRARY_PATH=/home/bjorn/Documents/ros-projects/cam_ws/install/image_transport/lib:/home/bjorn/Documents/ros-projects/cam_ws/install/cv_bridge/lib:${LD_LIBRARY_PATH} PYTHONPATH=/home/bjorn/Documents/ros-projects/cam_ws/install/cv_bridge/local/lib/python3.10/dist-packages:${PYTHONPATH} /home/bjorn/.local/bin/cmake /home/bjorn/Documents/ros-projects/cam_ws/src/image_transport_plugins/compressed_depth_image_transport -DCMAKE_INSTALL_PREFIX=/home/bjorn/Documents/ros-projects/cam_ws/install/compressed_depth_image_transport
[0.062s] -- The C compiler identification is GNU 11.3.0
[0.097s] -- The CXX compiler identification is GNU 11.3.0
[0.103s] -- Detecting C compiler ABI info
[0.137s] -- Detecting C compiler ABI info - done
[0.145s] -- Check for working C compiler: /usr/bin/cc - skipped
[0.145s] -- Detecting C compile features
[0.145s] -- Detecting C compile features - done
[0.147s] -- Detecting CXX compiler ABI info
[0.189s] -- Detecting CXX compiler ABI info - done
[0.198s] -- Check for working CXX compiler: /usr/bin/c++ - skipped
[0.198s] -- Detecting CXX compile features
[0.199s] -- Detecting CXX compile features - done
[0.200s] -- Found ament_cmake: 1.3.4 (/opt/ros/humble/share/ament_cmake/cmake)
[0.441s] -- Found Python3: /usr/bin/python3.10 (found version "3.10.6") found components: Interpreter 
[0.502s] -- Found image_transport: 3.1.5 (/home/bjorn/Documents/ros-projects/cam_ws/install/image_transport/share/image_transport/cmake)
[0.546s] -- Found rosidl_generator_c: 3.1.4 (/opt/ros/humble/share/rosidl_generator_c/cmake)
[0.550s] -- Found rosidl_adapter: 3.1.4 (/opt/ros/humble/share/rosidl_adapter/cmake)
[0.557s] -- Found rosidl_generator_cpp: 3.1.4 (/opt/ros/humble/share/rosidl_generator_cpp/cmake)
[0.569s] -- Using all available rosidl_typesupport_c: rosidl_typesupport_fastrtps_c;rosidl_typesupport_introspection_c
[0.587s] -- Using all available rosidl_typesupport_cpp: rosidl_typesupport_fastrtps_cpp;rosidl_typesupport_introspection_cpp
[0.649s] -- Found rmw_implementation_cmake: 6.1.1 (/opt/ros/humble/share/rmw_implementation_cmake/cmake)
[0.651s] -- Found rmw_fastrtps_cpp: 6.2.2 (/opt/ros/humble/share/rmw_fastrtps_cpp/cmake)
[0.716s] -- Found OpenSSL: /usr/lib/x86_64-linux-gnu/libcrypto.so (found version "3.0.2")  
[0.738s] -- Found FastRTPS: /opt/ros/humble/include  
[0.775s] -- Using RMW implementation 'rmw_fastrtps_cpp' as default
[0.783s] -- Performing Test CMAKE_HAVE_LIBC_PTHREAD
[0.818s] -- Performing Test CMAKE_HAVE_LIBC_PTHREAD - Success
[0.819s] -- Found Threads: TRUE  
[1.120s] -- Found cv_bridge: 3.2.1 (/home/bjorn/Documents/ros-projects/cam_ws/install/cv_bridge/share/cv_bridge/cmake)
[1.139s] -- Found OpenCV: /usr (found version "4.5.4") 
[1.189s] -- Configuring done (1.2s)
[1.202s] -- Generating done (0.0s)
[1.203s] -- Build files have been written to: /home/bjorn/Documents/ros-projects/cam_ws/build/compressed_depth_image_transport
[1.213s] Invoked command in '/home/bjorn/Documents/ros-projects/cam_ws/build/compressed_depth_image_transport' returned '0': AMENT_PREFIX_PATH=/home/bjorn/Documents/ros-projects/cam_ws/install/image_transport:/home/bjorn/Documents/ros-projects/cam_ws/install/cv_bridge:${AMENT_PREFIX_PATH} CMAKE_PREFIX_PATH=/home/bjorn/Documents/ros-projects/cam_ws/install/image_transport:/home/bjorn/Documents/ros-projects/cam_ws/install/cv_bridge:/opt/ros/humble LD_LIBRARY_PATH=/home/bjorn/Documents/ros-projects/cam_ws/install/image_transport/lib:/home/bjorn/Documents/ros-projects/cam_ws/install/cv_bridge/lib:${LD_LIBRARY_PATH} PYTHONPATH=/home/bjorn/Documents/ros-projects/cam_ws/install/cv_bridge/local/lib/python3.10/dist-packages:${PYTHONPATH} /home/bjorn/.local/bin/cmake /home/bjorn/Documents/ros-projects/cam_ws/src/image_transport_plugins/compressed_depth_image_transport -DCMAKE_INSTALL_PREFIX=/home/bjorn/Documents/ros-projects/cam_ws/install/compressed_depth_image_transport
[1.214s] Invoking command in '/home/bjorn/Documents/ros-projects/cam_ws/build/compressed_depth_image_transport': AMENT_PREFIX_PATH=/home/bjorn/Documents/ros-projects/cam_ws/install/image_transport:/home/bjorn/Documents/ros-projects/cam_ws/install/cv_bridge:${AMENT_PREFIX_PATH} CMAKE_PREFIX_PATH=/home/bjorn/Documents/ros-projects/cam_ws/install/image_transport:/home/bjorn/Documents/ros-projects/cam_ws/install/cv_bridge:/opt/ros/humble LD_LIBRARY_PATH=/home/bjorn/Documents/ros-projects/cam_ws/install/image_transport/lib:/home/bjorn/Documents/ros-projects/cam_ws/install/cv_bridge/lib:${LD_LIBRARY_PATH} PYTHONPATH=/home/bjorn/Documents/ros-projects/cam_ws/install/cv_bridge/local/lib/python3.10/dist-packages:${PYTHONPATH} /home/bjorn/.local/bin/cmake --build /home/bjorn/Documents/ros-projects/cam_ws/build/compressed_depth_image_transport -- -j20 -l20
[1.243s] [ 20%] [32mBuilding CXX object CMakeFiles/compressed_depth_image_transport.dir/src/compressed_depth_publisher.cpp.o[0m
[1.243s] [ 40%] [32mBuilding CXX object CMakeFiles/compressed_depth_image_transport.dir/src/compressed_depth_subscriber.cpp.o[0m
[1.243s] [ 60%] [32mBuilding CXX object CMakeFiles/compressed_depth_image_transport.dir/src/manifest.cpp.o[0m
[1.243s] [ 80%] [32mBuilding CXX object CMakeFiles/compressed_depth_image_transport.dir/src/codec.cpp.o[0m
[7.366s] [100%] [32m[1mLinking CXX shared library libcompressed_depth_image_transport.so[0m
[7.908s] [100%] Built target compressed_depth_image_transport
[7.916s] Invoked command in '/home/bjorn/Documents/ros-projects/cam_ws/build/compressed_depth_image_transport' returned '0': AMENT_PREFIX_PATH=/home/bjorn/Documents/ros-projects/cam_ws/install/image_transport:/home/bjorn/Documents/ros-projects/cam_ws/install/cv_bridge:${AMENT_PREFIX_PATH} CMAKE_PREFIX_PATH=/home/bjorn/Documents/ros-projects/cam_ws/install/image_transport:/home/bjorn/Documents/ros-projects/cam_ws/install/cv_bridge:/opt/ros/humble LD_LIBRARY_PATH=/home/bjorn/Documents/ros-projects/cam_ws/install/image_transport/lib:/home/bjorn/Documents/ros-projects/cam_ws/install/cv_bridge/lib:${LD_LIBRARY_PATH} PYTHONPATH=/home/bjorn/Documents/ros-projects/cam_ws/install/cv_bridge/local/lib/python3.10/dist-packages:${PYTHONPATH} /home/bjorn/.local/bin/cmake --build /home/bjorn/Documents/ros-projects/cam_ws/build/compressed_depth_image_transport -- -j20 -l20
[7.948s] Invoking command in '/home/bjorn/Documents/ros-projects/cam_ws/build/compressed_depth_image_transport': AMENT_PREFIX_PATH=/home/bjorn/Documents/ros-projects/cam_ws/install/image_transport:/home/bjorn/Documents/ros-projects/cam_ws/install/cv_bridge:${AMENT_PREFIX_PATH} CMAKE_PREFIX_PATH=/home/bjorn/Documents/ros-projects/cam_ws/install/image_transport:/home/bjorn/Documents/ros-projects/cam_ws/install/cv_bridge:/opt/ros/humble LD_LIBRARY_PATH=/home/bjorn/Documents/ros-projects/cam_ws/install/image_transport/lib:/home/bjorn/Documents/ros-projects/cam_ws/install/cv_bridge/lib:${LD_LIBRARY_PATH} PYTHONPATH=/home/bjorn/Documents/ros-projects/cam_ws/install/cv_bridge/local/lib/python3.10/dist-packages:${PYTHONPATH} /home/bjorn/.local/bin/cmake --install /home/bjorn/Documents/ros-projects/cam_ws/build/compressed_depth_image_transport
[7.967s] -- Install configuration: ""
[7.967s] -- Installing: /home/bjorn/Documents/ros-projects/cam_ws/install/compressed_depth_image_transport/lib/libcompressed_depth_image_transport.so
[7.971s] -- Set runtime path of "/home/bjorn/Documents/ros-projects/cam_ws/install/compressed_depth_image_transport/lib/libcompressed_depth_image_transport.so" to ""
[7.971s] -- Installing: /home/bjorn/Documents/ros-projects/cam_ws/install/compressed_depth_image_transport/include
[7.971s] -- Installing: /home/bjorn/Documents/ros-projects/cam_ws/install/compressed_depth_image_transport/include/compressed_depth_image_transport
[7.971s] -- Installing: /home/bjorn/Documents/ros-projects/cam_ws/install/compressed_depth_image_transport/include/compressed_depth_image_transport/compressed_depth_subscriber.h
[7.971s] -- Installing: /home/bjorn/Documents/ros-projects/cam_ws/install/compressed_depth_image_transport/include/compressed_depth_image_transport/compressed_depth_publisher.h
[7.971s] -- Installing: /home/bjorn/Documents/ros-projects/cam_ws/install/compressed_depth_image_transport/include/compressed_depth_image_transport/compression_common.h
[7.971s] -- Installing: /home/bjorn/Documents/ros-projects/cam_ws/install/compressed_depth_image_transport/include/compressed_depth_image_transport/codec.h
[7.972s] -- Installing: /home/bjorn/Documents/ros-projects/cam_ws/install/compressed_depth_image_transport/share/compressed_depth_image_transport/compressed_depth_plugins.xml
[7.972s] -- Installing: /home/bjorn/Documents/ros-projects/cam_ws/install/compressed_depth_image_transport/share/ament_index/resource_index/package_run_dependencies/compressed_depth_image_transport
[7.972s] -- Installing: /home/bjorn/Documents/ros-projects/cam_ws/install/compressed_depth_image_transport/share/ament_index/resource_index/parent_prefix_path/compressed_depth_image_transport
[7.972s] -- Installing: /home/bjorn/Documents/ros-projects/cam_ws/install/compressed_depth_image_transport/share/compressed_depth_image_transport/environment/ament_prefix_path.sh
[7.972s] -- Installing: /home/bjorn/Documents/ros-projects/cam_ws/install/compressed_depth_image_transport/share/compressed_depth_image_transport/environment/ament_prefix_path.dsv
[7.972s] -- Installing: /home/bjorn/Documents/ros-projects/cam_ws/install/compressed_depth_image_transport/share/compressed_depth_image_transport/environment/path.sh
[7.972s] -- Installing: /home/bjorn/Documents/ros-projects/cam_ws/install/compressed_depth_image_transport/share/compressed_depth_image_transport/environment/path.dsv
[7.972s] -- Installing: /home/bjorn/Documents/ros-projects/cam_ws/install/compressed_depth_image_transport/share/compressed_depth_image_transport/local_setup.bash
[7.972s] -- Installing: /home/bjorn/Documents/ros-projects/cam_ws/install/compressed_depth_image_transport/share/compressed_depth_image_transport/local_setup.sh
[7.972s] -- Installing: /home/bjorn/Documents/ros-projects/cam_ws/install/compressed_depth_image_transport/share/compressed_depth_image_transport/local_setup.zsh
[7.972s] -- Installing: /home/bjorn/Documents/ros-projects/cam_ws/install/compressed_depth_image_transport/share/compressed_depth_image_transport/local_setup.dsv
[7.972s] -- Installing: /home/bjorn/Documents/ros-projects/cam_ws/install/compressed_depth_image_transport/share/compressed_depth_image_transport/package.dsv
[7.972s] -- Installing: /home/bjorn/Documents/ros-projects/cam_ws/install/compressed_depth_image_transport/share/ament_index/resource_index/packages/compressed_depth_image_transport
[7.972s] -- Installing: /home/bjorn/Documents/ros-projects/cam_ws/install/compressed_depth_image_transport/share/ament_index/resource_index/image_transport__pluginlib__plugin/compressed_depth_image_transport
[7.972s] -- Installing: /home/bjorn/Documents/ros-projects/cam_ws/install/compressed_depth_image_transport/share/compressed_depth_image_transport/cmake/compressed_depth_image_transportConfig.cmake
[7.972s] -- Installing: /home/bjorn/Documents/ros-projects/cam_ws/install/compressed_depth_image_transport/share/compressed_depth_image_transport/cmake/compressed_depth_image_transportConfig-version.cmake
[7.972s] -- Installing: /home/bjorn/Documents/ros-projects/cam_ws/install/compressed_depth_image_transport/share/compressed_depth_image_transport/package.xml
[7.980s] Invoked command in '/home/bjorn/Documents/ros-projects/cam_ws/build/compressed_depth_image_transport' returned '0': AMENT_PREFIX_PATH=/home/bjorn/Documents/ros-projects/cam_ws/install/image_transport:/home/bjorn/Documents/ros-projects/cam_ws/install/cv_bridge:${AMENT_PREFIX_PATH} CMAKE_PREFIX_PATH=/home/bjorn/Documents/ros-projects/cam_ws/install/image_transport:/home/bjorn/Documents/ros-projects/cam_ws/install/cv_bridge:/opt/ros/humble LD_LIBRARY_PATH=/home/bjorn/Documents/ros-projects/cam_ws/install/image_transport/lib:/home/bjorn/Documents/ros-projects/cam_ws/install/cv_bridge/lib:${LD_LIBRARY_PATH} PYTHONPATH=/home/bjorn/Documents/ros-projects/cam_ws/install/cv_bridge/local/lib/python3.10/dist-packages:${PYTHONPATH} /home/bjorn/.local/bin/cmake --install /home/bjorn/Documents/ros-projects/cam_ws/build/compressed_depth_image_transport
