[0.016s] Invoking command in '/home/bjorn/Documents/ros-projects/cam_ws/build/image_geometry': CMAKE_PREFIX_PATH=${CMAKE_PREFIX_PATH}:/home/bjorn/Documents/ros-projects/cam_ws/install/opencv_tests:/opt/ros/humble /home/bjorn/.local/bin/cmake /home/bjorn/Documents/ros-projects/cam_ws/src/vision_opencv/image_geometry -DCMAKE_INSTALL_PREFIX=/home/bjorn/Documents/ros-projects/cam_ws/install/image_geometry
[0.060s] -- The C compiler identification is GNU 11.3.0
[0.097s] -- The CXX compiler identification is GNU 11.3.0
[0.104s] -- Detecting C compiler ABI info
[0.137s] -- Detecting C compiler ABI info - done
[0.152s] -- Check for working C compiler: /usr/bin/cc - skipped
[0.152s] -- Detecting C compile features
[0.153s] -- Detecting C compile features - done
[0.156s] -- Detecting CXX compiler ABI info
[0.198s] -- Detecting CXX compiler ABI info - done
[0.213s] -- Check for working CXX compiler: /usr/bin/c++ - skipped
[0.214s] -- Detecting CXX compile features
[0.214s] -- Detecting CXX compile features - done
[0.217s] -- Found ament_cmake_python: 1.3.4 (/opt/ros/humble/share/ament_cmake_python/cmake)
[0.218s] -- Found ament_cmake_ros: 0.10.0 (/opt/ros/humble/share/ament_cmake_ros/cmake)
[0.511s] -- Found Python3: /usr/bin/python3.10 (found version "3.10.6") found components: Interpreter 
[0.644s] -- Found OpenCV: /usr (found version "4.5.4") found components: calib3d core highgui imgproc 
[0.646s] -- Found sensor_msgs: 4.2.3 (/opt/ros/humble/share/sensor_msgs/cmake)
[0.682s] -- Found rosidl_generator_c: 3.1.4 (/opt/ros/humble/share/rosidl_generator_c/cmake)
[0.686s] -- Found rosidl_adapter: 3.1.4 (/opt/ros/humble/share/rosidl_adapter/cmake)
[0.693s] -- Found rosidl_generator_cpp: 3.1.4 (/opt/ros/humble/share/rosidl_generator_cpp/cmake)
[0.706s] -- Using all available rosidl_typesupport_c: rosidl_typesupport_fastrtps_c;rosidl_typesupport_introspection_c
[0.725s] -- Using all available rosidl_typesupport_cpp: rosidl_typesupport_fastrtps_cpp;rosidl_typesupport_introspection_cpp
[0.913s] -- Found gtest sources under '/opt/ros/humble/src/gtest_vendor': C++ tests using 'Google Test' will be built
[0.915s] -- Performing Test CMAKE_HAVE_LIBC_PTHREAD
[0.953s] -- Performing Test CMAKE_HAVE_LIBC_PTHREAD - Success
[0.954s] -- Found Threads: TRUE  
[1.005s] -- Configuring done (1.0s)
[1.021s] -- Generating done (0.0s)
[1.022s] -- Build files have been written to: /home/bjorn/Documents/ros-projects/cam_ws/build/image_geometry
[1.045s] Invoked command in '/home/bjorn/Documents/ros-projects/cam_ws/build/image_geometry' returned '0': CMAKE_PREFIX_PATH=${CMAKE_PREFIX_PATH}:/home/bjorn/Documents/ros-projects/cam_ws/install/opencv_tests:/opt/ros/humble /home/bjorn/.local/bin/cmake /home/bjorn/Documents/ros-projects/cam_ws/src/vision_opencv/image_geometry -DCMAKE_INSTALL_PREFIX=/home/bjorn/Documents/ros-projects/cam_ws/install/image_geometry
[1.046s] Invoking command in '/home/bjorn/Documents/ros-projects/cam_ws/build/image_geometry': CMAKE_PREFIX_PATH=${CMAKE_PREFIX_PATH}:/home/bjorn/Documents/ros-projects/cam_ws/install/opencv_tests:/opt/ros/humble /home/bjorn/.local/bin/cmake --build /home/bjorn/Documents/ros-projects/cam_ws/build/image_geometry -- -j20 -l20
[1.075s] [ 11%] [32mBuilding CXX object gtest/CMakeFiles/gtest_main.dir/src/gtest_main.cc.o[0m
[1.075s] [ 33%] [32mBuilding CXX object gtest/CMakeFiles/gtest.dir/src/gtest-all.cc.o[0m
[1.075s] [ 33%] [32mBuilding CXX object CMakeFiles/image_geometry.dir/src/pinhole_camera_model.cpp.o[0m
[1.075s] [ 44%] [32mBuilding CXX object CMakeFiles/image_geometry.dir/src/stereo_camera_model.cpp.o[0m
[1.077s] [ 44%] Built target ament_cmake_python_copy_image_geometry
[1.348s] running egg_info
[1.349s] creating image_geometry.egg-info
[1.349s] writing image_geometry.egg-info/PKG-INFO
[1.349s] writing dependency_links to image_geometry.egg-info/dependency_links.txt
[1.349s] writing top-level names to image_geometry.egg-info/top_level.txt
[1.350s] writing manifest file 'image_geometry.egg-info/SOURCES.txt'
[1.354s] reading manifest file 'image_geometry.egg-info/SOURCES.txt'
[1.354s] writing manifest file 'image_geometry.egg-info/SOURCES.txt'
[1.382s] [ 44%] Built target ament_cmake_python_build_image_geometry_egg
[1.608s] [ 55%] [32m[1mLinking CXX static library libgtest_main.a[0m
[1.689s] [ 55%] Built target gtest_main
[2.246s] [ 66%] [32m[1mLinking CXX shared library libimage_geometry.so[0m
[2.403s] [ 66%] Built target image_geometry
[4.015s] [ 77%] [32m[1mLinking CXX static library libgtest.a[0m
[4.065s] [ 77%] Built target gtest
[4.072s] [ 88%] [32mBuilding CXX object CMakeFiles/image_geometry-utest.dir/test/utest.cpp.o[0m
[5.178s] [100%] [32m[1mLinking CXX executable image_geometry-utest[0m
[5.305s] [100%] Built target image_geometry-utest
[5.310s] Invoked command in '/home/bjorn/Documents/ros-projects/cam_ws/build/image_geometry' returned '0': CMAKE_PREFIX_PATH=${CMAKE_PREFIX_PATH}:/home/bjorn/Documents/ros-projects/cam_ws/install/opencv_tests:/opt/ros/humble /home/bjorn/.local/bin/cmake --build /home/bjorn/Documents/ros-projects/cam_ws/build/image_geometry -- -j20 -l20
[5.370s] Invoking command in '/home/bjorn/Documents/ros-projects/cam_ws/build/image_geometry': CMAKE_PREFIX_PATH=${CMAKE_PREFIX_PATH}:/home/bjorn/Documents/ros-projects/cam_ws/install/opencv_tests:/opt/ros/humble /home/bjorn/.local/bin/cmake --install /home/bjorn/Documents/ros-projects/cam_ws/build/image_geometry
[5.388s] -- Install configuration: ""
[5.388s] -- Installing: /home/bjorn/Documents/ros-projects/cam_ws/install/image_geometry/share/image_geometry/environment/pythonpath.sh
[5.388s] -- Installing: /home/bjorn/Documents/ros-projects/cam_ws/install/image_geometry/share/image_geometry/environment/pythonpath.dsv
[5.388s] -- Installing: /home/bjorn/Documents/ros-projects/cam_ws/install/image_geometry/local/lib/python3.10/dist-packages/image_geometry-3.2.1-py3.10.egg-info
[5.388s] -- Installing: /home/bjorn/Documents/ros-projects/cam_ws/install/image_geometry/local/lib/python3.10/dist-packages/image_geometry-3.2.1-py3.10.egg-info/PKG-INFO
[5.388s] -- Installing: /home/bjorn/Documents/ros-projects/cam_ws/install/image_geometry/local/lib/python3.10/dist-packages/image_geometry-3.2.1-py3.10.egg-info/SOURCES.txt
[5.390s] -- Installing: /home/bjorn/Documents/ros-projects/cam_ws/install/image_geometry/local/lib/python3.10/dist-packages/image_geometry-3.2.1-py3.10.egg-info/dependency_links.txt
[5.390s] -- Installing: /home/bjorn/Documents/ros-projects/cam_ws/install/image_geometry/local/lib/python3.10/dist-packages/image_geometry-3.2.1-py3.10.egg-info/top_level.txt
[5.390s] -- Installing: /home/bjorn/Documents/ros-projects/cam_ws/install/image_geometry/local/lib/python3.10/dist-packages/image_geometry
[5.390s] -- Installing: /home/bjorn/Documents/ros-projects/cam_ws/install/image_geometry/local/lib/python3.10/dist-packages/image_geometry/__init__.py
[5.391s] -- Installing: /home/bjorn/Documents/ros-projects/cam_ws/install/image_geometry/local/lib/python3.10/dist-packages/image_geometry/cameramodels.py
[5.413s] Listing '/home/bjorn/Documents/ros-projects/cam_ws/install/image_geometry/local/lib/python3.10/dist-packages/image_geometry'...
[5.413s] Compiling '/home/bjorn/Documents/ros-projects/cam_ws/install/image_geometry/local/lib/python3.10/dist-packages/image_geometry/__init__.py'...
[5.413s] Compiling '/home/bjorn/Documents/ros-projects/cam_ws/install/image_geometry/local/lib/python3.10/dist-packages/image_geometry/cameramodels.py'...
[5.416s] -- Installing: /home/bjorn/Documents/ros-projects/cam_ws/install/image_geometry/include/image_geometry
[5.417s] -- Installing: /home/bjorn/Documents/ros-projects/cam_ws/install/image_geometry/include/image_geometry/image_geometry
[5.417s] -- Installing: /home/bjorn/Documents/ros-projects/cam_ws/install/image_geometry/include/image_geometry/image_geometry/stereo_camera_model.h
[5.417s] -- Installing: /home/bjorn/Documents/ros-projects/cam_ws/install/image_geometry/include/image_geometry/image_geometry/visibility_control.hpp
[5.417s] -- Installing: /home/bjorn/Documents/ros-projects/cam_ws/install/image_geometry/include/image_geometry/image_geometry/pinhole_camera_model.h
[5.417s] -- Installing: /home/bjorn/Documents/ros-projects/cam_ws/install/image_geometry/lib/libimage_geometry.so
[5.417s] -- Set runtime path of "/home/bjorn/Documents/ros-projects/cam_ws/install/image_geometry/lib/libimage_geometry.so" to ""
[5.417s] -- Installing: /home/bjorn/Documents/ros-projects/cam_ws/install/image_geometry/share/ament_index/resource_index/package_run_dependencies/image_geometry
[5.417s] -- Installing: /home/bjorn/Documents/ros-projects/cam_ws/install/image_geometry/share/ament_index/resource_index/parent_prefix_path/image_geometry
[5.417s] -- Installing: /home/bjorn/Documents/ros-projects/cam_ws/install/image_geometry/share/image_geometry/environment/ament_prefix_path.sh
[5.418s] -- Installing: /home/bjorn/Documents/ros-projects/cam_ws/install/image_geometry/share/image_geometry/environment/ament_prefix_path.dsv
[5.418s] -- Installing: /home/bjorn/Documents/ros-projects/cam_ws/install/image_geometry/share/image_geometry/environment/path.sh
[5.418s] -- Installing: /home/bjorn/Documents/ros-projects/cam_ws/install/image_geometry/share/image_geometry/environment/path.dsv
[5.418s] -- Installing: /home/bjorn/Documents/ros-projects/cam_ws/install/image_geometry/share/image_geometry/local_setup.bash
[5.418s] -- Installing: /home/bjorn/Documents/ros-projects/cam_ws/install/image_geometry/share/image_geometry/local_setup.sh
[5.418s] -- Installing: /home/bjorn/Documents/ros-projects/cam_ws/install/image_geometry/share/image_geometry/local_setup.zsh
[5.418s] -- Installing: /home/bjorn/Documents/ros-projects/cam_ws/install/image_geometry/share/image_geometry/local_setup.dsv
[5.418s] -- Installing: /home/bjorn/Documents/ros-projects/cam_ws/install/image_geometry/share/image_geometry/package.dsv
[5.418s] -- Installing: /home/bjorn/Documents/ros-projects/cam_ws/install/image_geometry/share/ament_index/resource_index/packages/image_geometry
[5.419s] -- Installing: /home/bjorn/Documents/ros-projects/cam_ws/install/image_geometry/share/image_geometry/cmake/export_image_geometryExport.cmake
[5.419s] -- Installing: /home/bjorn/Documents/ros-projects/cam_ws/install/image_geometry/share/image_geometry/cmake/export_image_geometryExport-noconfig.cmake
[5.419s] -- Installing: /home/bjorn/Documents/ros-projects/cam_ws/install/image_geometry/share/image_geometry/cmake/ament_cmake_export_targets-extras.cmake
[5.419s] -- Installing: /home/bjorn/Documents/ros-projects/cam_ws/install/image_geometry/share/image_geometry/cmake/ament_cmake_export_dependencies-extras.cmake
[5.419s] -- Installing: /home/bjorn/Documents/ros-projects/cam_ws/install/image_geometry/share/image_geometry/cmake/image_geometryConfig.cmake
[5.419s] -- Installing: /home/bjorn/Documents/ros-projects/cam_ws/install/image_geometry/share/image_geometry/cmake/image_geometryConfig-version.cmake
[5.419s] -- Installing: /home/bjorn/Documents/ros-projects/cam_ws/install/image_geometry/share/image_geometry/package.xml
[5.425s] Invoked command in '/home/bjorn/Documents/ros-projects/cam_ws/build/image_geometry' returned '0': CMAKE_PREFIX_PATH=${CMAKE_PREFIX_PATH}:/home/bjorn/Documents/ros-projects/cam_ws/install/opencv_tests:/opt/ros/humble /home/bjorn/.local/bin/cmake --install /home/bjorn/Documents/ros-projects/cam_ws/build/image_geometry
