[0.023s] Invoking command in '/home/bjorn/Documents/ros-projects/cam_ws/build/ros2_shared': CMAKE_PREFIX_PATH=${CMAKE_PREFIX_PATH}:/home/bjorn/Documents/ros-projects/cam_ws/install/py_image_flip:/home/bjorn/Documents/ros-projects/cam_ws/install/opencv_tests:/opt/ros/humble /home/bjorn/.local/bin/cmake --build /home/bjorn/Documents/ros-projects/cam_ws/build/ros2_shared -- -j20 -l20
[0.303s] Invoked command in '/home/bjorn/Documents/ros-projects/cam_ws/build/ros2_shared' returned '0': CMAKE_PREFIX_PATH=${CMAKE_PREFIX_PATH}:/home/bjorn/Documents/ros-projects/cam_ws/install/py_image_flip:/home/bjorn/Documents/ros-projects/cam_ws/install/opencv_tests:/opt/ros/humble /home/bjorn/.local/bin/cmake --build /home/bjorn/Documents/ros-projects/cam_ws/build/ros2_shared -- -j20 -l20
[0.355s] Invoking command in '/home/bjorn/Documents/ros-projects/cam_ws/build/ros2_shared': CMAKE_PREFIX_PATH=${CMAKE_PREFIX_PATH}:/home/bjorn/Documents/ros-projects/cam_ws/install/py_image_flip:/home/bjorn/Documents/ros-projects/cam_ws/install/opencv_tests:/opt/ros/humble /home/bjorn/.local/bin/cmake --install /home/bjorn/Documents/ros-projects/cam_ws/build/ros2_shared
[0.375s] -- Install configuration: ""
[0.375s] -- Up-to-date: /home/bjorn/Documents/ros-projects/cam_ws/install/ros2_shared/include
[0.375s] -- Up-to-date: /home/bjorn/Documents/ros-projects/cam_ws/install/ros2_shared/include/ros2_shared
[0.375s] -- Up-to-date: /home/bjorn/Documents/ros-projects/cam_ws/install/ros2_shared/include/ros2_shared/param_macros.hpp
[0.375s] -- Up-to-date: /home/bjorn/Documents/ros-projects/cam_ws/install/ros2_shared/include/ros2_shared/context_macros.hpp
[0.375s] -- Up-to-date: /home/bjorn/Documents/ros-projects/cam_ws/install/ros2_shared/include/ros2_shared/string_printf.hpp
[0.375s] -- Up-to-date: /home/bjorn/Documents/ros-projects/cam_ws/install/ros2_shared/share/ament_index/resource_index/package_run_dependencies/ros2_shared
[0.375s] -- Up-to-date: /home/bjorn/Documents/ros-projects/cam_ws/install/ros2_shared/share/ament_index/resource_index/parent_prefix_path/ros2_shared
[0.375s] -- Up-to-date: /home/bjorn/Documents/ros-projects/cam_ws/install/ros2_shared/share/ros2_shared/environment/ament_prefix_path.sh
[0.375s] -- Up-to-date: /home/bjorn/Documents/ros-projects/cam_ws/install/ros2_shared/share/ros2_shared/environment/ament_prefix_path.dsv
[0.375s] -- Up-to-date: /home/bjorn/Documents/ros-projects/cam_ws/install/ros2_shared/share/ros2_shared/environment/path.sh
[0.375s] -- Up-to-date: /home/bjorn/Documents/ros-projects/cam_ws/install/ros2_shared/share/ros2_shared/environment/path.dsv
[0.376s] -- Up-to-date: /home/bjorn/Documents/ros-projects/cam_ws/install/ros2_shared/share/ros2_shared/local_setup.bash
[0.376s] -- Up-to-date: /home/bjorn/Documents/ros-projects/cam_ws/install/ros2_shared/share/ros2_shared/local_setup.sh
[0.376s] -- Up-to-date: /home/bjorn/Documents/ros-projects/cam_ws/install/ros2_shared/share/ros2_shared/local_setup.zsh
[0.376s] -- Up-to-date: /home/bjorn/Documents/ros-projects/cam_ws/install/ros2_shared/share/ros2_shared/local_setup.dsv
[0.376s] -- Installing: /home/bjorn/Documents/ros-projects/cam_ws/install/ros2_shared/share/ros2_shared/package.dsv
[0.376s] -- Up-to-date: /home/bjorn/Documents/ros-projects/cam_ws/install/ros2_shared/share/ament_index/resource_index/packages/ros2_shared
[0.376s] -- Up-to-date: /home/bjorn/Documents/ros-projects/cam_ws/install/ros2_shared/share/ros2_shared/cmake/ros2_shared_targetsExport.cmake
[0.376s] -- Up-to-date: /home/bjorn/Documents/ros-projects/cam_ws/install/ros2_shared/share/ros2_shared/cmake/ament_cmake_export_targets-extras.cmake
[0.376s] -- Up-to-date: /home/bjorn/Documents/ros-projects/cam_ws/install/ros2_shared/share/ros2_shared/cmake/ament_cmake_export_dependencies-extras.cmake
[0.376s] -- Up-to-date: /home/bjorn/Documents/ros-projects/cam_ws/install/ros2_shared/share/ros2_shared/cmake/ros2_sharedConfig.cmake
[0.376s] -- Up-to-date: /home/bjorn/Documents/ros-projects/cam_ws/install/ros2_shared/share/ros2_shared/cmake/ros2_sharedConfig-version.cmake
[0.376s] -- Up-to-date: /home/bjorn/Documents/ros-projects/cam_ws/install/ros2_shared/share/ros2_shared/package.xml
[0.381s] Invoked command in '/home/bjorn/Documents/ros-projects/cam_ws/build/ros2_shared' returned '0': CMAKE_PREFIX_PATH=${CMAKE_PREFIX_PATH}:/home/bjorn/Documents/ros-projects/cam_ws/install/py_image_flip:/home/bjorn/Documents/ros-projects/cam_ws/install/opencv_tests:/opt/ros/humble /home/bjorn/.local/bin/cmake --install /home/bjorn/Documents/ros-projects/cam_ws/build/ros2_shared
