[0.008s] Invoking command in '/home/bjorn/Documents/ros-projects/cam_ws/build/camera_calibration_parsers': CMAKE_PREFIX_PATH=/opt/ros/humble /home/bjorn/.local/bin/cmake /home/bjorn/Documents/ros-projects/cam_ws/src/image_common/camera_calibration_parsers -DCMAKE_INSTALL_PREFIX=/home/bjorn/Documents/ros-projects/cam_ws/install/camera_calibration_parsers
[0.089s] -- The C compiler identification is GNU 11.3.0
[0.141s] -- The CXX compiler identification is GNU 11.3.0
[0.150s] -- Detecting C compiler ABI info
[0.184s] -- Detecting C compiler ABI info - done
[0.192s] -- Check for working C compiler: /usr/bin/cc - skipped
[0.192s] -- Detecting C compile features
[0.193s] -- Detecting C compile features - done
[0.196s] -- Detecting CXX compiler ABI info
[0.235s] -- Detecting CXX compiler ABI info - done
[0.250s] -- Check for working CXX compiler: /usr/bin/c++ - skipped
[0.251s] -- Detecting CXX compile features
[0.251s] -- Detecting CXX compile features - done
[0.254s] -- Found ament_cmake_ros: 0.10.0 (/opt/ros/humble/share/ament_cmake_ros/cmake)
[0.496s] -- Found Python3: /usr/bin/python3.10 (found version "3.10.6") found components: Interpreter 
[0.559s] -- Found rclcpp: 16.0.4 (/opt/ros/humble/share/rclcpp/cmake)
[0.606s] -- Found rosidl_generator_c: 3.1.4 (/opt/ros/humble/share/rosidl_generator_c/cmake)
[0.614s] -- Found rosidl_adapter: 3.1.4 (/opt/ros/humble/share/rosidl_adapter/cmake)
[0.623s] -- Found rosidl_generator_cpp: 3.1.4 (/opt/ros/humble/share/rosidl_generator_cpp/cmake)
[0.637s] -- Using all available rosidl_typesupport_c: rosidl_typesupport_fastrtps_c;rosidl_typesupport_introspection_c
[0.660s] -- Using all available rosidl_typesupport_cpp: rosidl_typesupport_fastrtps_cpp;rosidl_typesupport_introspection_cpp
[0.729s] -- Found rmw_implementation_cmake: 6.1.1 (/opt/ros/humble/share/rmw_implementation_cmake/cmake)
[0.731s] -- Found rmw_fastrtps_cpp: 6.2.2 (/opt/ros/humble/share/rmw_fastrtps_cpp/cmake)
[0.803s] -- Found OpenSSL: /usr/lib/x86_64-linux-gnu/libcrypto.so (found version "3.0.2")  
[0.826s] -- Found FastRTPS: /opt/ros/humble/include  
[0.862s] -- Using RMW implementation 'rmw_fastrtps_cpp' as default
[0.874s] -- Performing Test CMAKE_HAVE_LIBC_PTHREAD
[0.914s] -- Performing Test CMAKE_HAVE_LIBC_PTHREAD - Success
[0.915s] -- Found Threads: TRUE  
[1.063s] -- Found sensor_msgs: 4.2.3 (/opt/ros/humble/share/sensor_msgs/cmake)
[1.178s] -- Found yaml_cpp_vendor: 8.0.2 (/opt/ros/humble/share/yaml_cpp_vendor/cmake)
[1.182s] -- Found ament_cmake_cppcheck: 0.12.6 (/opt/ros/humble/share/ament_cmake_cppcheck/cmake)
[1.184s] -- Found ament_cmake_cpplint: 0.12.6 (/opt/ros/humble/share/ament_cmake_cpplint/cmake)
[1.185s] -- Found ament_cmake_lint_cmake: 0.12.6 (/opt/ros/humble/share/ament_cmake_lint_cmake/cmake)
[1.187s] -- Found ament_cmake_uncrustify: 0.12.6 (/opt/ros/humble/share/ament_cmake_uncrustify/cmake)
[1.190s] -- Found gtest sources under '/opt/ros/humble/src/gtest_vendor': C++ tests using 'Google Test' will be built
[1.244s] -- Configuring done (1.2s)
[1.262s] -- Generating done (0.0s)
[1.264s] -- Build files have been written to: /home/bjorn/Documents/ros-projects/cam_ws/build/camera_calibration_parsers
[1.275s] Invoked command in '/home/bjorn/Documents/ros-projects/cam_ws/build/camera_calibration_parsers' returned '0': CMAKE_PREFIX_PATH=/opt/ros/humble /home/bjorn/.local/bin/cmake /home/bjorn/Documents/ros-projects/cam_ws/src/image_common/camera_calibration_parsers -DCMAKE_INSTALL_PREFIX=/home/bjorn/Documents/ros-projects/cam_ws/install/camera_calibration_parsers
[1.276s] Invoking command in '/home/bjorn/Documents/ros-projects/cam_ws/build/camera_calibration_parsers': CMAKE_PREFIX_PATH=/opt/ros/humble /home/bjorn/.local/bin/cmake --build /home/bjorn/Documents/ros-projects/cam_ws/build/camera_calibration_parsers -- -j20 -l20
[1.303s] [ 21%] [32mBuilding CXX object gtest/CMakeFiles/gtest_main.dir/src/gtest_main.cc.o[0m
[1.304s] [ 21%] [32mBuilding CXX object CMakeFiles/camera_calibration_parsers.dir/src/parse.cpp.o[0m
[1.304s] [ 21%] [32mBuilding CXX object gtest/CMakeFiles/gtest.dir/src/gtest-all.cc.o[0m
[1.304s] [ 28%] [32mBuilding CXX object CMakeFiles/camera_calibration_parsers.dir/src/parse_ini.cpp.o[0m
[1.304s] [ 35%] [32mBuilding CXX object CMakeFiles/camera_calibration_parsers.dir/src/parse_yml.cpp.o[0m
[2.025s] [ 42%] [32m[1mLinking CXX static library libgtest_main.a[0m
[2.140s] [ 42%] Built target gtest_main
[3.829s] [ 50%] [32m[1mLinking CXX shared library libcamera_calibration_parsers.so[0m
[3.944s] [ 50%] Built target camera_calibration_parsers
[3.949s] [ 57%] [32mBuilding CXX object CMakeFiles/convert.dir/src/convert.cpp.o[0m
[4.371s] [ 64%] [32m[1mLinking CXX static library libgtest.a[0m
[4.415s] [ 64%] Built target gtest
[4.420s] [ 78%] [32mBuilding CXX object CMakeFiles/camera_calibration_parsers-parse_ini.dir/test/test_parse_ini.cpp.o[0m
[4.420s] [ 78%] [32mBuilding CXX object CMakeFiles/camera_calibration_parsers-parse_yml.dir/test/test_parse_yml.cpp.o[0m
[4.481s] [ 85%] [32m[1mLinking CXX executable convert[0m
[4.559s] [ 85%] Built target convert
[5.058s] [ 92%] [32m[1mLinking CXX executable camera_calibration_parsers-parse_ini[0m
[5.073s] [100%] [32m[1mLinking CXX executable camera_calibration_parsers-parse_yml[0m
[5.163s] [100%] Built target camera_calibration_parsers-parse_ini
[5.176s] [100%] Built target camera_calibration_parsers-parse_yml
[5.182s] Invoked command in '/home/bjorn/Documents/ros-projects/cam_ws/build/camera_calibration_parsers' returned '0': CMAKE_PREFIX_PATH=/opt/ros/humble /home/bjorn/.local/bin/cmake --build /home/bjorn/Documents/ros-projects/cam_ws/build/camera_calibration_parsers -- -j20 -l20
[5.237s] Invoking command in '/home/bjorn/Documents/ros-projects/cam_ws/build/camera_calibration_parsers': CMAKE_PREFIX_PATH=/opt/ros/humble /home/bjorn/.local/bin/cmake --install /home/bjorn/Documents/ros-projects/cam_ws/build/camera_calibration_parsers
[5.254s] -- Install configuration: ""
[5.255s] -- Installing: /home/bjorn/Documents/ros-projects/cam_ws/install/camera_calibration_parsers/lib/libcamera_calibration_parsers.so
[5.255s] -- Set runtime path of "/home/bjorn/Documents/ros-projects/cam_ws/install/camera_calibration_parsers/lib/libcamera_calibration_parsers.so" to ""
[5.255s] -- Installing: /home/bjorn/Documents/ros-projects/cam_ws/install/camera_calibration_parsers/lib/camera_calibration_parsers/convert
[5.255s] -- Set runtime path of "/home/bjorn/Documents/ros-projects/cam_ws/install/camera_calibration_parsers/lib/camera_calibration_parsers/convert" to ""
[5.256s] -- Installing: /home/bjorn/Documents/ros-projects/cam_ws/install/camera_calibration_parsers/include/camera_calibration_parsers
[5.256s] -- Installing: /home/bjorn/Documents/ros-projects/cam_ws/install/camera_calibration_parsers/include/camera_calibration_parsers/camera_calibration_parsers
[5.256s] -- Installing: /home/bjorn/Documents/ros-projects/cam_ws/install/camera_calibration_parsers/include/camera_calibration_parsers/camera_calibration_parsers/parse.h
[5.256s] -- Installing: /home/bjorn/Documents/ros-projects/cam_ws/install/camera_calibration_parsers/include/camera_calibration_parsers/camera_calibration_parsers/parse_yml.hpp
[5.256s] -- Installing: /home/bjorn/Documents/ros-projects/cam_ws/install/camera_calibration_parsers/include/camera_calibration_parsers/camera_calibration_parsers/parse_ini.h
[5.256s] -- Installing: /home/bjorn/Documents/ros-projects/cam_ws/install/camera_calibration_parsers/include/camera_calibration_parsers/camera_calibration_parsers/parse_yml.h
[5.256s] -- Installing: /home/bjorn/Documents/ros-projects/cam_ws/install/camera_calibration_parsers/include/camera_calibration_parsers/camera_calibration_parsers/parse_ini.hpp
[5.256s] -- Installing: /home/bjorn/Documents/ros-projects/cam_ws/install/camera_calibration_parsers/include/camera_calibration_parsers/camera_calibration_parsers/parse.hpp
[5.256s] -- Installing: /home/bjorn/Documents/ros-projects/cam_ws/install/camera_calibration_parsers/include/camera_calibration_parsers/camera_calibration_parsers/visibility_control.hpp
[5.256s] -- Installing: /home/bjorn/Documents/ros-projects/cam_ws/install/camera_calibration_parsers/share/ament_index/resource_index/package_run_dependencies/camera_calibration_parsers
[5.257s] -- Installing: /home/bjorn/Documents/ros-projects/cam_ws/install/camera_calibration_parsers/share/ament_index/resource_index/parent_prefix_path/camera_calibration_parsers
[5.257s] -- Installing: /home/bjorn/Documents/ros-projects/cam_ws/install/camera_calibration_parsers/share/camera_calibration_parsers/environment/ament_prefix_path.sh
[5.257s] -- Installing: /home/bjorn/Documents/ros-projects/cam_ws/install/camera_calibration_parsers/share/camera_calibration_parsers/environment/ament_prefix_path.dsv
[5.257s] -- Installing: /home/bjorn/Documents/ros-projects/cam_ws/install/camera_calibration_parsers/share/camera_calibration_parsers/environment/path.sh
[5.257s] -- Installing: /home/bjorn/Documents/ros-projects/cam_ws/install/camera_calibration_parsers/share/camera_calibration_parsers/environment/path.dsv
[5.257s] -- Installing: /home/bjorn/Documents/ros-projects/cam_ws/install/camera_calibration_parsers/share/camera_calibration_parsers/local_setup.bash
[5.257s] -- Installing: /home/bjorn/Documents/ros-projects/cam_ws/install/camera_calibration_parsers/share/camera_calibration_parsers/local_setup.sh
[5.257s] -- Installing: /home/bjorn/Documents/ros-projects/cam_ws/install/camera_calibration_parsers/share/camera_calibration_parsers/local_setup.zsh
[5.257s] -- Installing: /home/bjorn/Documents/ros-projects/cam_ws/install/camera_calibration_parsers/share/camera_calibration_parsers/local_setup.dsv
[5.257s] -- Installing: /home/bjorn/Documents/ros-projects/cam_ws/install/camera_calibration_parsers/share/camera_calibration_parsers/package.dsv
[5.257s] -- Installing: /home/bjorn/Documents/ros-projects/cam_ws/install/camera_calibration_parsers/share/ament_index/resource_index/packages/camera_calibration_parsers
[5.258s] -- Installing: /home/bjorn/Documents/ros-projects/cam_ws/install/camera_calibration_parsers/share/camera_calibration_parsers/cmake/export_camera_calibration_parsersExport.cmake
[5.258s] -- Installing: /home/bjorn/Documents/ros-projects/cam_ws/install/camera_calibration_parsers/share/camera_calibration_parsers/cmake/export_camera_calibration_parsersExport-noconfig.cmake
[5.258s] -- Installing: /home/bjorn/Documents/ros-projects/cam_ws/install/camera_calibration_parsers/share/camera_calibration_parsers/cmake/ament_cmake_export_targets-extras.cmake
[5.258s] -- Installing: /home/bjorn/Documents/ros-projects/cam_ws/install/camera_calibration_parsers/share/camera_calibration_parsers/cmake/ament_cmake_export_dependencies-extras.cmake
[5.258s] -- Installing: /home/bjorn/Documents/ros-projects/cam_ws/install/camera_calibration_parsers/share/camera_calibration_parsers/cmake/camera_calibration_parsersConfig.cmake
[5.258s] -- Installing: /home/bjorn/Documents/ros-projects/cam_ws/install/camera_calibration_parsers/share/camera_calibration_parsers/cmake/camera_calibration_parsersConfig-version.cmake
[5.258s] -- Installing: /home/bjorn/Documents/ros-projects/cam_ws/install/camera_calibration_parsers/share/camera_calibration_parsers/package.xml
[5.262s] Invoked command in '/home/bjorn/Documents/ros-projects/cam_ws/build/camera_calibration_parsers' returned '0': CMAKE_PREFIX_PATH=/opt/ros/humble /home/bjorn/.local/bin/cmake --install /home/bjorn/Documents/ros-projects/cam_ws/build/camera_calibration_parsers
