[0.020s] Invoking command in '/home/bjorn/Documents/ros-projects/cam_ws/build/image_geometry': CMAKE_PREFIX_PATH=/opt/ros/humble /home/bjorn/.local/bin/cmake --build /home/bjorn/Documents/ros-projects/cam_ws/build/image_geometry -- -j20 -l20
[0.290s] [ 22%] Built target gtest_main
[0.290s] [ 44%] Built target gtest
[0.290s] [ 44%] Built target ament_cmake_python_copy_image_geometry
[0.290s] [ 77%] Built target image_geometry
[0.291s] [100%] Built target image_geometry-utest
[0.295s] running egg_info
[0.295s] writing image_geometry.egg-info/PKG-INFO
[0.295s] writing dependency_links to image_geometry.egg-info/dependency_links.txt
[0.296s] writing top-level names to image_geometry.egg-info/top_level.txt
[0.299s] reading manifest file 'image_geometry.egg-info/SOURCES.txt'
[0.300s] writing manifest file 'image_geometry.egg-info/SOURCES.txt'
[0.318s] [100%] Built target ament_cmake_python_build_image_geometry_egg
[0.339s] Invoked command in '/home/bjorn/Documents/ros-projects/cam_ws/build/image_geometry' returned '0': CMAKE_PREFIX_PATH=/opt/ros/humble /home/bjorn/.local/bin/cmake --build /home/bjorn/Documents/ros-projects/cam_ws/build/image_geometry -- -j20 -l20
[0.390s] Invoking command in '/home/bjorn/Documents/ros-projects/cam_ws/build/image_geometry': CMAKE_PREFIX_PATH=/opt/ros/humble /home/bjorn/.local/bin/cmake --install /home/bjorn/Documents/ros-projects/cam_ws/build/image_geometry
[0.411s] -- Install configuration: ""
[0.411s] -- Up-to-date: /home/bjorn/Documents/ros-projects/cam_ws/install/image_geometry/share/image_geometry/environment/pythonpath.sh
[0.411s] -- Up-to-date: /home/bjorn/Documents/ros-projects/cam_ws/install/image_geometry/share/image_geometry/environment/pythonpath.dsv
[0.411s] -- Up-to-date: /home/bjorn/Documents/ros-projects/cam_ws/install/image_geometry/local/lib/python3.10/dist-packages/image_geometry-3.2.1-py3.10.egg-info
[0.411s] -- Installing: /home/bjorn/Documents/ros-projects/cam_ws/install/image_geometry/local/lib/python3.10/dist-packages/image_geometry-3.2.1-py3.10.egg-info/PKG-INFO
[0.411s] -- Installing: /home/bjorn/Documents/ros-projects/cam_ws/install/image_geometry/local/lib/python3.10/dist-packages/image_geometry-3.2.1-py3.10.egg-info/SOURCES.txt
[0.411s] -- Installing: /home/bjorn/Documents/ros-projects/cam_ws/install/image_geometry/local/lib/python3.10/dist-packages/image_geometry-3.2.1-py3.10.egg-info/dependency_links.txt
[0.412s] -- Installing: /home/bjorn/Documents/ros-projects/cam_ws/install/image_geometry/local/lib/python3.10/dist-packages/image_geometry-3.2.1-py3.10.egg-info/top_level.txt
[0.412s] -- Up-to-date: /home/bjorn/Documents/ros-projects/cam_ws/install/image_geometry/local/lib/python3.10/dist-packages/image_geometry
[0.412s] -- Up-to-date: /home/bjorn/Documents/ros-projects/cam_ws/install/image_geometry/local/lib/python3.10/dist-packages/image_geometry/__init__.py
[0.412s] -- Up-to-date: /home/bjorn/Documents/ros-projects/cam_ws/install/image_geometry/local/lib/python3.10/dist-packages/image_geometry/cameramodels.py
[0.428s] Listing '/home/bjorn/Documents/ros-projects/cam_ws/install/image_geometry/local/lib/python3.10/dist-packages/image_geometry'...
[0.434s] -- Up-to-date: /home/bjorn/Documents/ros-projects/cam_ws/install/image_geometry/include/image_geometry
[0.440s] -- Up-to-date: /home/bjorn/Documents/ros-projects/cam_ws/install/image_geometry/include/image_geometry/image_geometry
[0.440s] -- Up-to-date: /home/bjorn/Documents/ros-projects/cam_ws/install/image_geometry/include/image_geometry/image_geometry/stereo_camera_model.h
[0.440s] -- Up-to-date: /home/bjorn/Documents/ros-projects/cam_ws/install/image_geometry/include/image_geometry/image_geometry/visibility_control.hpp
[0.440s] -- Up-to-date: /home/bjorn/Documents/ros-projects/cam_ws/install/image_geometry/include/image_geometry/image_geometry/pinhole_camera_model.h
[0.441s] -- Up-to-date: /home/bjorn/Documents/ros-projects/cam_ws/install/image_geometry/lib/libimage_geometry.so
[0.441s] -- Up-to-date: /home/bjorn/Documents/ros-projects/cam_ws/install/image_geometry/share/ament_index/resource_index/package_run_dependencies/image_geometry
[0.441s] -- Up-to-date: /home/bjorn/Documents/ros-projects/cam_ws/install/image_geometry/share/ament_index/resource_index/parent_prefix_path/image_geometry
[0.441s] -- Up-to-date: /home/bjorn/Documents/ros-projects/cam_ws/install/image_geometry/share/image_geometry/environment/ament_prefix_path.sh
[0.441s] -- Up-to-date: /home/bjorn/Documents/ros-projects/cam_ws/install/image_geometry/share/image_geometry/environment/ament_prefix_path.dsv
[0.442s] -- Up-to-date: /home/bjorn/Documents/ros-projects/cam_ws/install/image_geometry/share/image_geometry/environment/path.sh
[0.442s] -- Up-to-date: /home/bjorn/Documents/ros-projects/cam_ws/install/image_geometry/share/image_geometry/environment/path.dsv
[0.444s] -- Up-to-date: /home/bjorn/Documents/ros-projects/cam_ws/install/image_geometry/share/image_geometry/local_setup.bash
[0.444s] -- Up-to-date: /home/bjorn/Documents/ros-projects/cam_ws/install/image_geometry/share/image_geometry/local_setup.sh
[0.444s] -- Up-to-date: /home/bjorn/Documents/ros-projects/cam_ws/install/image_geometry/share/image_geometry/local_setup.zsh
[0.444s] -- Up-to-date: /home/bjorn/Documents/ros-projects/cam_ws/install/image_geometry/share/image_geometry/local_setup.dsv
[0.445s] -- Installing: /home/bjorn/Documents/ros-projects/cam_ws/install/image_geometry/share/image_geometry/package.dsv
[0.445s] -- Up-to-date: /home/bjorn/Documents/ros-projects/cam_ws/install/image_geometry/share/ament_index/resource_index/packages/image_geometry
[0.445s] -- Up-to-date: /home/bjorn/Documents/ros-projects/cam_ws/install/image_geometry/share/image_geometry/cmake/export_image_geometryExport.cmake
[0.445s] -- Up-to-date: /home/bjorn/Documents/ros-projects/cam_ws/install/image_geometry/share/image_geometry/cmake/export_image_geometryExport-noconfig.cmake
[0.445s] -- Up-to-date: /home/bjorn/Documents/ros-projects/cam_ws/install/image_geometry/share/image_geometry/cmake/ament_cmake_export_targets-extras.cmake
[0.445s] -- Up-to-date: /home/bjorn/Documents/ros-projects/cam_ws/install/image_geometry/share/image_geometry/cmake/ament_cmake_export_dependencies-extras.cmake
[0.445s] -- Up-to-date: /home/bjorn/Documents/ros-projects/cam_ws/install/image_geometry/share/image_geometry/cmake/image_geometryConfig.cmake
[0.445s] -- Up-to-date: /home/bjorn/Documents/ros-projects/cam_ws/install/image_geometry/share/image_geometry/cmake/image_geometryConfig-version.cmake
[0.445s] -- Up-to-date: /home/bjorn/Documents/ros-projects/cam_ws/install/image_geometry/share/image_geometry/package.xml
[0.447s] Invoked command in '/home/bjorn/Documents/ros-projects/cam_ws/build/image_geometry' returned '0': CMAKE_PREFIX_PATH=/opt/ros/humble /home/bjorn/.local/bin/cmake --install /home/bjorn/Documents/ros-projects/cam_ws/build/image_geometry
