[0.020s] Invoking command in '/home/bjorn/Documents/ros-projects/cam_ws/build/camera_calibration_parsers': CMAKE_PREFIX_PATH=${CMAKE_PREFIX_PATH}:/home/bjorn/Documents/ros-projects/cam_ws/install/opencv_tests:/opt/ros/humble /home/bjorn/.local/bin/cmake /home/bjorn/Documents/ros-projects/cam_ws/src/image_common/camera_calibration_parsers -DCMAKE_INSTALL_PREFIX=/home/bjorn/Documents/ros-projects/cam_ws/install/camera_calibration_parsers
[0.065s] -- The C compiler identification is GNU 11.3.0
[0.101s] -- The CXX compiler identification is GNU 11.3.0
[0.107s] -- Detecting C compiler ABI info
[0.141s] -- Detecting C compiler ABI info - done
[0.156s] -- Check for working C compiler: /usr/bin/cc - skipped
[0.156s] -- Detecting C compile features
[0.157s] -- Detecting C compile features - done
[0.160s] -- Detecting CXX compiler ABI info
[0.204s] -- Detecting CXX compiler ABI info - done
[0.219s] -- Check for working CXX compiler: /usr/bin/c++ - skipped
[0.220s] -- Detecting CXX compile features
[0.220s] -- Detecting CXX compile features - done
[0.223s] -- Found ament_cmake_ros: 0.10.0 (/opt/ros/humble/share/ament_cmake_ros/cmake)
[0.518s] -- Found Python3: /usr/bin/python3.10 (found version "3.10.6") found components: Interpreter 
[0.591s] -- Found rclcpp: 16.0.4 (/opt/ros/humble/share/rclcpp/cmake)
[0.633s] -- Found rosidl_generator_c: 3.1.4 (/opt/ros/humble/share/rosidl_generator_c/cmake)
[0.637s] -- Found rosidl_adapter: 3.1.4 (/opt/ros/humble/share/rosidl_adapter/cmake)
[0.645s] -- Found rosidl_generator_cpp: 3.1.4 (/opt/ros/humble/share/rosidl_generator_cpp/cmake)
[0.658s] -- Using all available rosidl_typesupport_c: rosidl_typesupport_fastrtps_c;rosidl_typesupport_introspection_c
[0.679s] -- Using all available rosidl_typesupport_cpp: rosidl_typesupport_fastrtps_cpp;rosidl_typesupport_introspection_cpp
[0.743s] -- Found rmw_implementation_cmake: 6.1.1 (/opt/ros/humble/share/rmw_implementation_cmake/cmake)
[0.746s] -- Found rmw_fastrtps_cpp: 6.2.2 (/opt/ros/humble/share/rmw_fastrtps_cpp/cmake)
[0.818s] -- Found OpenSSL: /usr/lib/x86_64-linux-gnu/libcrypto.so (found version "3.0.2")  
[0.842s] -- Found FastRTPS: /opt/ros/humble/include  
[0.881s] -- Using RMW implementation 'rmw_fastrtps_cpp' as default
[0.889s] -- Performing Test CMAKE_HAVE_LIBC_PTHREAD
[0.929s] -- Performing Test CMAKE_HAVE_LIBC_PTHREAD - Success
[0.930s] -- Found Threads: TRUE  
[1.179s] -- Found sensor_msgs: 4.2.3 (/opt/ros/humble/share/sensor_msgs/cmake)
[1.382s] -- Found yaml_cpp_vendor: 8.0.2 (/opt/ros/humble/share/yaml_cpp_vendor/cmake)
[1.388s] -- Found ament_cmake_cppcheck: 0.12.6 (/opt/ros/humble/share/ament_cmake_cppcheck/cmake)
[1.389s] -- Found ament_cmake_cpplint: 0.12.6 (/opt/ros/humble/share/ament_cmake_cpplint/cmake)
[1.391s] -- Found ament_cmake_lint_cmake: 0.12.6 (/opt/ros/humble/share/ament_cmake_lint_cmake/cmake)
[1.393s] -- Found ament_cmake_uncrustify: 0.12.6 (/opt/ros/humble/share/ament_cmake_uncrustify/cmake)
[1.398s] -- Found gtest sources under '/opt/ros/humble/src/gtest_vendor': C++ tests using 'Google Test' will be built
[1.469s] -- Configuring done (1.4s)
[1.499s] -- Generating done (0.0s)
[1.502s] -- Build files have been written to: /home/bjorn/Documents/ros-projects/cam_ws/build/camera_calibration_parsers
[1.526s] Invoked command in '/home/bjorn/Documents/ros-projects/cam_ws/build/camera_calibration_parsers' returned '0': CMAKE_PREFIX_PATH=${CMAKE_PREFIX_PATH}:/home/bjorn/Documents/ros-projects/cam_ws/install/opencv_tests:/opt/ros/humble /home/bjorn/.local/bin/cmake /home/bjorn/Documents/ros-projects/cam_ws/src/image_common/camera_calibration_parsers -DCMAKE_INSTALL_PREFIX=/home/bjorn/Documents/ros-projects/cam_ws/install/camera_calibration_parsers
[1.527s] Invoking command in '/home/bjorn/Documents/ros-projects/cam_ws/build/camera_calibration_parsers': CMAKE_PREFIX_PATH=${CMAKE_PREFIX_PATH}:/home/bjorn/Documents/ros-projects/cam_ws/install/opencv_tests:/opt/ros/humble /home/bjorn/.local/bin/cmake --build /home/bjorn/Documents/ros-projects/cam_ws/build/camera_calibration_parsers -- -j20 -l20
[1.587s] [  7%] [32mBuilding CXX object CMakeFiles/camera_calibration_parsers.dir/src/parse.cpp.o[0m
[1.590s] [ 14%] [32mBuilding CXX object gtest/CMakeFiles/gtest.dir/src/gtest-all.cc.o[0m
[1.591s] [ 21%] [32mBuilding CXX object CMakeFiles/camera_calibration_parsers.dir/src/parse_ini.cpp.o[0m
[1.595s] [ 35%] [32mBuilding CXX object CMakeFiles/camera_calibration_parsers.dir/src/parse_yml.cpp.o[0m
[1.595s] [ 35%] [32mBuilding CXX object gtest/CMakeFiles/gtest_main.dir/src/gtest_main.cc.o[0m
[2.371s] [ 42%] [32m[1mLinking CXX static library libgtest_main.a[0m
[2.424s] [ 42%] Built target gtest_main
[4.236s] [ 50%] [32m[1mLinking CXX shared library libcamera_calibration_parsers.so[0m
[4.333s] [ 50%] Built target camera_calibration_parsers
[4.340s] [ 57%] [32mBuilding CXX object CMakeFiles/convert.dir/src/convert.cpp.o[0m
[4.850s] [ 64%] [32m[1mLinking CXX static library libgtest.a[0m
[4.887s] [ 71%] [32m[1mLinking CXX executable convert[0m
[4.897s] [ 71%] Built target gtest
[4.904s] [ 85%] [32mBuilding CXX object CMakeFiles/camera_calibration_parsers-parse_ini.dir/test/test_parse_ini.cpp.o[0m
[4.904s] [ 85%] [32mBuilding CXX object CMakeFiles/camera_calibration_parsers-parse_yml.dir/test/test_parse_yml.cpp.o[0m
[4.968s] [ 85%] Built target convert
[5.576s] [ 92%] [32m[1mLinking CXX executable camera_calibration_parsers-parse_ini[0m
[5.616s] [100%] [32m[1mLinking CXX executable camera_calibration_parsers-parse_yml[0m
[5.689s] [100%] Built target camera_calibration_parsers-parse_ini
[5.726s] [100%] Built target camera_calibration_parsers-parse_yml
[5.732s] Invoked command in '/home/bjorn/Documents/ros-projects/cam_ws/build/camera_calibration_parsers' returned '0': CMAKE_PREFIX_PATH=${CMAKE_PREFIX_PATH}:/home/bjorn/Documents/ros-projects/cam_ws/install/opencv_tests:/opt/ros/humble /home/bjorn/.local/bin/cmake --build /home/bjorn/Documents/ros-projects/cam_ws/build/camera_calibration_parsers -- -j20 -l20
[5.773s] Invoking command in '/home/bjorn/Documents/ros-projects/cam_ws/build/camera_calibration_parsers': CMAKE_PREFIX_PATH=${CMAKE_PREFIX_PATH}:/home/bjorn/Documents/ros-projects/cam_ws/install/opencv_tests:/opt/ros/humble /home/bjorn/.local/bin/cmake --install /home/bjorn/Documents/ros-projects/cam_ws/build/camera_calibration_parsers
[5.791s] -- Install configuration: ""
[5.791s] -- Installing: /home/bjorn/Documents/ros-projects/cam_ws/install/camera_calibration_parsers/lib/libcamera_calibration_parsers.so
[5.792s] -- Set runtime path of "/home/bjorn/Documents/ros-projects/cam_ws/install/camera_calibration_parsers/lib/libcamera_calibration_parsers.so" to ""
[5.792s] -- Installing: /home/bjorn/Documents/ros-projects/cam_ws/install/camera_calibration_parsers/lib/camera_calibration_parsers/convert
[5.792s] -- Set runtime path of "/home/bjorn/Documents/ros-projects/cam_ws/install/camera_calibration_parsers/lib/camera_calibration_parsers/convert" to ""
[5.792s] -- Installing: /home/bjorn/Documents/ros-projects/cam_ws/install/camera_calibration_parsers/include/camera_calibration_parsers
[5.792s] -- Installing: /home/bjorn/Documents/ros-projects/cam_ws/install/camera_calibration_parsers/include/camera_calibration_parsers/camera_calibration_parsers
[5.793s] -- Installing: /home/bjorn/Documents/ros-projects/cam_ws/install/camera_calibration_parsers/include/camera_calibration_parsers/camera_calibration_parsers/parse.h
[5.793s] -- Installing: /home/bjorn/Documents/ros-projects/cam_ws/install/camera_calibration_parsers/include/camera_calibration_parsers/camera_calibration_parsers/parse_yml.hpp
[5.793s] -- Installing: /home/bjorn/Documents/ros-projects/cam_ws/install/camera_calibration_parsers/include/camera_calibration_parsers/camera_calibration_parsers/parse_ini.h
[5.793s] -- Installing: /home/bjorn/Documents/ros-projects/cam_ws/install/camera_calibration_parsers/include/camera_calibration_parsers/camera_calibration_parsers/parse_yml.h
[5.793s] -- Installing: /home/bjorn/Documents/ros-projects/cam_ws/install/camera_calibration_parsers/include/camera_calibration_parsers/camera_calibration_parsers/parse_ini.hpp
[5.793s] -- Installing: /home/bjorn/Documents/ros-projects/cam_ws/install/camera_calibration_parsers/include/camera_calibration_parsers/camera_calibration_parsers/parse.hpp
[5.793s] -- Installing: /home/bjorn/Documents/ros-projects/cam_ws/install/camera_calibration_parsers/include/camera_calibration_parsers/camera_calibration_parsers/visibility_control.hpp
[5.793s] -- Installing: /home/bjorn/Documents/ros-projects/cam_ws/install/camera_calibration_parsers/share/ament_index/resource_index/package_run_dependencies/camera_calibration_parsers
[5.793s] -- Installing: /home/bjorn/Documents/ros-projects/cam_ws/install/camera_calibration_parsers/share/ament_index/resource_index/parent_prefix_path/camera_calibration_parsers
[5.794s] -- Installing: /home/bjorn/Documents/ros-projects/cam_ws/install/camera_calibration_parsers/share/camera_calibration_parsers/environment/ament_prefix_path.sh
[5.794s] -- Installing: /home/bjorn/Documents/ros-projects/cam_ws/install/camera_calibration_parsers/share/camera_calibration_parsers/environment/ament_prefix_path.dsv
[5.794s] -- Installing: /home/bjorn/Documents/ros-projects/cam_ws/install/camera_calibration_parsers/share/camera_calibration_parsers/environment/path.sh
[5.794s] -- Installing: /home/bjorn/Documents/ros-projects/cam_ws/install/camera_calibration_parsers/share/camera_calibration_parsers/environment/path.dsv
[5.794s] -- Installing: /home/bjorn/Documents/ros-projects/cam_ws/install/camera_calibration_parsers/share/camera_calibration_parsers/local_setup.bash
[5.794s] -- Installing: /home/bjorn/Documents/ros-projects/cam_ws/install/camera_calibration_parsers/share/camera_calibration_parsers/local_setup.sh
[5.794s] -- Installing: /home/bjorn/Documents/ros-projects/cam_ws/install/camera_calibration_parsers/share/camera_calibration_parsers/local_setup.zsh
[5.794s] -- Installing: /home/bjorn/Documents/ros-projects/cam_ws/install/camera_calibration_parsers/share/camera_calibration_parsers/local_setup.dsv
[5.794s] -- Installing: /home/bjorn/Documents/ros-projects/cam_ws/install/camera_calibration_parsers/share/camera_calibration_parsers/package.dsv
[5.794s] -- Installing: /home/bjorn/Documents/ros-projects/cam_ws/install/camera_calibration_parsers/share/ament_index/resource_index/packages/camera_calibration_parsers
[5.794s] -- Installing: /home/bjorn/Documents/ros-projects/cam_ws/install/camera_calibration_parsers/share/camera_calibration_parsers/cmake/export_camera_calibration_parsersExport.cmake
[5.795s] -- Installing: /home/bjorn/Documents/ros-projects/cam_ws/install/camera_calibration_parsers/share/camera_calibration_parsers/cmake/export_camera_calibration_parsersExport-noconfig.cmake
[5.795s] -- Installing: /home/bjorn/Documents/ros-projects/cam_ws/install/camera_calibration_parsers/share/camera_calibration_parsers/cmake/ament_cmake_export_targets-extras.cmake
[5.795s] -- Installing: /home/bjorn/Documents/ros-projects/cam_ws/install/camera_calibration_parsers/share/camera_calibration_parsers/cmake/ament_cmake_export_dependencies-extras.cmake
[5.795s] -- Installing: /home/bjorn/Documents/ros-projects/cam_ws/install/camera_calibration_parsers/share/camera_calibration_parsers/cmake/camera_calibration_parsersConfig.cmake
[5.795s] -- Installing: /home/bjorn/Documents/ros-projects/cam_ws/install/camera_calibration_parsers/share/camera_calibration_parsers/cmake/camera_calibration_parsersConfig-version.cmake
[5.795s] -- Installing: /home/bjorn/Documents/ros-projects/cam_ws/install/camera_calibration_parsers/share/camera_calibration_parsers/package.xml
[5.801s] Invoked command in '/home/bjorn/Documents/ros-projects/cam_ws/build/camera_calibration_parsers' returned '0': CMAKE_PREFIX_PATH=${CMAKE_PREFIX_PATH}:/home/bjorn/Documents/ros-projects/cam_ws/install/opencv_tests:/opt/ros/humble /home/bjorn/.local/bin/cmake --install /home/bjorn/Documents/ros-projects/cam_ws/build/camera_calibration_parsers
