[0.024s] Invoking command in '/home/bjorn/Documents/ros-projects/cam_ws/build/theora_image_transport': CMAKE_PREFIX_PATH=/home/bjorn/Documents/ros-projects/cam_ws/install/image_transport:/home/bjorn/Documents/ros-projects/cam_ws/install/cv_bridge:/home/bjorn/Documents/ros-projects/cam_ws/install/vision_opencv:/home/bjorn/Documents/ros-projects/cam_ws/install/gscam2:/home/bjorn/Documents/ros-projects/cam_ws/install/ros2_shared:/home/bjorn/Documents/ros-projects/cam_ws/install/image_common:/home/bjorn/Documents/ros-projects/cam_ws/install/image_geometry:/home/bjorn/Documents/ros-projects/cam_ws/install/v4l2_camera:/home/bjorn/Documents/ros-projects/cam_ws/install/image_transport_plugins:/home/bjorn/Documents/ros-projects/cam_ws/install/theora_image_transport:/home/bjorn/Documents/ros-projects/cam_ws/install/compressed_image_transport:/home/bjorn/Documents/ros-projects/cam_ws/install/compressed_depth_image_transport:/home/bjorn/Documents/ros-projects/cam_ws/install/camera_info_manager:/home/bjorn/Documents/ros-projects/cam_ws/install/camera_calibration_parsers:/home/bjorn/Documents/ros-projects/cam_ws/install/py_image_flip:/home/bjorn/Documents/ros-projects/cam_ws/install/opencv_tests:/opt/ros/humble LD_LIBRARY_PATH=/home/bjorn/Documents/ros-projects/cam_ws/install/image_transport/lib:/home/bjorn/Documents/ros-projects/cam_ws/install/cv_bridge/lib:/home/bjorn/Documents/ros-projects/cam_ws/install/gscam2/lib:/home/bjorn/Documents/ros-projects/cam_ws/install/image_geometry/lib:/home/bjorn/Documents/ros-projects/cam_ws/install/v4l2_camera/lib:/home/bjorn/Documents/ros-projects/cam_ws/install/theora_image_transport/lib:/home/bjorn/Documents/ros-projects/cam_ws/install/compressed_image_transport/lib:/home/bjorn/Documents/ros-projects/cam_ws/install/compressed_depth_image_transport/lib:/home/bjorn/Documents/ros-projects/cam_ws/install/camera_info_manager/lib:/home/bjorn/Documents/ros-projects/cam_ws/install/camera_calibration_parsers/lib:/usr/lib/x86_64-linux-gnu/gazebo-11/plugins:/opt/ros/humble/opt/rviz_ogre_vendor/lib:/opt/ros/humble/lib/x86_64-linux-gnu:/opt/ros/humble/lib /home/bjorn/.local/bin/cmake --build /home/bjorn/Documents/ros-projects/cam_ws/build/theora_image_transport -- -j20 -l20
[0.299s] [  2%] Built target theora_image_transport__cpp
[0.299s] [ 10%] Built target theora_image_transport__rosidl_generator_c
[0.300s] [ 10%] Built target ament_cmake_python_copy_theora_image_transport
[0.300s] [ 18%] Built target theora_image_transport__rosidl_typesupport_introspection_c
[0.300s] [ 32%] Built target theora_image_transport__rosidl_typesupport_introspection_cpp
[0.300s] [ 35%] Built target theora_image_transport__rosidl_typesupport_cpp
[0.301s] [ 43%] Built target theora_image_transport__rosidl_typesupport_c
[0.301s] [ 51%] Built target theora_image_transport__rosidl_typesupport_fastrtps_cpp
[0.301s] [ 59%] Built target theora_image_transport__rosidl_typesupport_fastrtps_c
[0.302s] [ 59%] Built target theora_image_transport
[0.302s] [ 64%] Built target ogg_saver
[0.303s] [ 75%] Built target theora_image_transport_component
[0.303s] [ 78%] Built target theora_image_transport__py
[0.304s] [ 83%] Built target theora_image_transport__rosidl_generator_py
[0.304s] [ 94%] Built target theora_image_transport__rosidl_typesupport_introspection_c__pyext
[0.304s] [ 94%] Built target theora_image_transport__rosidl_typesupport_fastrtps_c__pyext
[0.305s] [100%] Built target theora_image_transport__rosidl_typesupport_c__pyext
[0.311s] running egg_info
[0.311s] writing theora_image_transport.egg-info/PKG-INFO
[0.311s] writing dependency_links to theora_image_transport.egg-info/dependency_links.txt
[0.311s] writing top-level names to theora_image_transport.egg-info/top_level.txt
[0.314s] reading manifest file 'theora_image_transport.egg-info/SOURCES.txt'
[0.315s] writing manifest file 'theora_image_transport.egg-info/SOURCES.txt'
[0.332s] [100%] Built target ament_cmake_python_build_theora_image_transport_egg
[0.338s] Invoked command in '/home/bjorn/Documents/ros-projects/cam_ws/build/theora_image_transport' returned '0': CMAKE_PREFIX_PATH=/home/bjorn/Documents/ros-projects/cam_ws/install/image_transport:/home/bjorn/Documents/ros-projects/cam_ws/install/cv_bridge:/home/bjorn/Documents/ros-projects/cam_ws/install/vision_opencv:/home/bjorn/Documents/ros-projects/cam_ws/install/gscam2:/home/bjorn/Documents/ros-projects/cam_ws/install/ros2_shared:/home/bjorn/Documents/ros-projects/cam_ws/install/image_common:/home/bjorn/Documents/ros-projects/cam_ws/install/image_geometry:/home/bjorn/Documents/ros-projects/cam_ws/install/v4l2_camera:/home/bjorn/Documents/ros-projects/cam_ws/install/image_transport_plugins:/home/bjorn/Documents/ros-projects/cam_ws/install/theora_image_transport:/home/bjorn/Documents/ros-projects/cam_ws/install/compressed_image_transport:/home/bjorn/Documents/ros-projects/cam_ws/install/compressed_depth_image_transport:/home/bjorn/Documents/ros-projects/cam_ws/install/camera_info_manager:/home/bjorn/Documents/ros-projects/cam_ws/install/camera_calibration_parsers:/home/bjorn/Documents/ros-projects/cam_ws/install/py_image_flip:/home/bjorn/Documents/ros-projects/cam_ws/install/opencv_tests:/opt/ros/humble LD_LIBRARY_PATH=/home/bjorn/Documents/ros-projects/cam_ws/install/image_transport/lib:/home/bjorn/Documents/ros-projects/cam_ws/install/cv_bridge/lib:/home/bjorn/Documents/ros-projects/cam_ws/install/gscam2/lib:/home/bjorn/Documents/ros-projects/cam_ws/install/image_geometry/lib:/home/bjorn/Documents/ros-projects/cam_ws/install/v4l2_camera/lib:/home/bjorn/Documents/ros-projects/cam_ws/install/theora_image_transport/lib:/home/bjorn/Documents/ros-projects/cam_ws/install/compressed_image_transport/lib:/home/bjorn/Documents/ros-projects/cam_ws/install/compressed_depth_image_transport/lib:/home/bjorn/Documents/ros-projects/cam_ws/install/camera_info_manager/lib:/home/bjorn/Documents/ros-projects/cam_ws/install/camera_calibration_parsers/lib:/usr/lib/x86_64-linux-gnu/gazebo-11/plugins:/opt/ros/humble/opt/rviz_ogre_vendor/lib:/opt/ros/humble/lib/x86_64-linux-gnu:/opt/ros/humble/lib /home/bjorn/.local/bin/cmake --build /home/bjorn/Documents/ros-projects/cam_ws/build/theora_image_transport -- -j20 -l20
[0.402s] Invoking command in '/home/bjorn/Documents/ros-projects/cam_ws/build/theora_image_transport': CMAKE_PREFIX_PATH=/home/bjorn/Documents/ros-projects/cam_ws/install/image_transport:/home/bjorn/Documents/ros-projects/cam_ws/install/cv_bridge:/home/bjorn/Documents/ros-projects/cam_ws/install/vision_opencv:/home/bjorn/Documents/ros-projects/cam_ws/install/gscam2:/home/bjorn/Documents/ros-projects/cam_ws/install/ros2_shared:/home/bjorn/Documents/ros-projects/cam_ws/install/image_common:/home/bjorn/Documents/ros-projects/cam_ws/install/image_geometry:/home/bjorn/Documents/ros-projects/cam_ws/install/v4l2_camera:/home/bjorn/Documents/ros-projects/cam_ws/install/image_transport_plugins:/home/bjorn/Documents/ros-projects/cam_ws/install/theora_image_transport:/home/bjorn/Documents/ros-projects/cam_ws/install/compressed_image_transport:/home/bjorn/Documents/ros-projects/cam_ws/install/compressed_depth_image_transport:/home/bjorn/Documents/ros-projects/cam_ws/install/camera_info_manager:/home/bjorn/Documents/ros-projects/cam_ws/install/camera_calibration_parsers:/home/bjorn/Documents/ros-projects/cam_ws/install/py_image_flip:/home/bjorn/Documents/ros-projects/cam_ws/install/opencv_tests:/opt/ros/humble LD_LIBRARY_PATH=/home/bjorn/Documents/ros-projects/cam_ws/install/image_transport/lib:/home/bjorn/Documents/ros-projects/cam_ws/install/cv_bridge/lib:/home/bjorn/Documents/ros-projects/cam_ws/install/gscam2/lib:/home/bjorn/Documents/ros-projects/cam_ws/install/image_geometry/lib:/home/bjorn/Documents/ros-projects/cam_ws/install/v4l2_camera/lib:/home/bjorn/Documents/ros-projects/cam_ws/install/theora_image_transport/lib:/home/bjorn/Documents/ros-projects/cam_ws/install/compressed_image_transport/lib:/home/bjorn/Documents/ros-projects/cam_ws/install/compressed_depth_image_transport/lib:/home/bjorn/Documents/ros-projects/cam_ws/install/camera_info_manager/lib:/home/bjorn/Documents/ros-projects/cam_ws/install/camera_calibration_parsers/lib:/usr/lib/x86_64-linux-gnu/gazebo-11/plugins:/opt/ros/humble/opt/rviz_ogre_vendor/lib:/opt/ros/humble/lib/x86_64-linux-gnu:/opt/ros/humble/lib /home/bjorn/.local/bin/cmake --install /home/bjorn/Documents/ros-projects/cam_ws/build/theora_image_transport
[0.424s] -- Install configuration: ""
[0.425s] -- Up-to-date: /home/bjorn/Documents/ros-projects/cam_ws/install/theora_image_transport/share/ament_index/resource_index/rosidl_interfaces/theora_image_transport
[0.425s] -- Up-to-date: /home/bjorn/Documents/ros-projects/cam_ws/install/theora_image_transport/include/theora_image_transport/theora_image_transport
[0.425s] -- Up-to-date: /home/bjorn/Documents/ros-projects/cam_ws/install/theora_image_transport/include/theora_image_transport/theora_image_transport/msg
[0.425s] -- Up-to-date: /home/bjorn/Documents/ros-projects/cam_ws/install/theora_image_transport/include/theora_image_transport/theora_image_transport/msg/packet.h
[0.425s] -- Up-to-date: /home/bjorn/Documents/ros-projects/cam_ws/install/theora_image_transport/include/theora_image_transport/theora_image_transport/msg/detail
[0.425s] -- Up-to-date: /home/bjorn/Documents/ros-projects/cam_ws/install/theora_image_transport/include/theora_image_transport/theora_image_transport/msg/detail/packet__functions.h
[0.425s] -- Up-to-date: /home/bjorn/Documents/ros-projects/cam_ws/install/theora_image_transport/include/theora_image_transport/theora_image_transport/msg/detail/packet__functions.c
[0.425s] -- Up-to-date: /home/bjorn/Documents/ros-projects/cam_ws/install/theora_image_transport/include/theora_image_transport/theora_image_transport/msg/detail/packet__struct.h
[0.425s] -- Up-to-date: /home/bjorn/Documents/ros-projects/cam_ws/install/theora_image_transport/include/theora_image_transport/theora_image_transport/msg/detail/packet__type_support.h
[0.425s] -- Up-to-date: /home/bjorn/Documents/ros-projects/cam_ws/install/theora_image_transport/include/theora_image_transport/theora_image_transport/msg/rosidl_generator_c__visibility_control.h
[0.425s] -- Up-to-date: /home/bjorn/Documents/ros-projects/cam_ws/install/theora_image_transport/share/theora_image_transport/environment/library_path.sh
[0.426s] -- Up-to-date: /home/bjorn/Documents/ros-projects/cam_ws/install/theora_image_transport/share/theora_image_transport/environment/library_path.dsv
[0.426s] -- Up-to-date: /home/bjorn/Documents/ros-projects/cam_ws/install/theora_image_transport/lib/libtheora_image_transport__rosidl_generator_c.so
[0.426s] -- Up-to-date: /home/bjorn/Documents/ros-projects/cam_ws/install/theora_image_transport/include/theora_image_transport/theora_image_transport
[0.426s] -- Up-to-date: /home/bjorn/Documents/ros-projects/cam_ws/install/theora_image_transport/include/theora_image_transport/theora_image_transport/msg
[0.426s] -- Up-to-date: /home/bjorn/Documents/ros-projects/cam_ws/install/theora_image_transport/include/theora_image_transport/theora_image_transport/msg/rosidl_typesupport_fastrtps_c__visibility_control.h
[0.426s] -- Up-to-date: /home/bjorn/Documents/ros-projects/cam_ws/install/theora_image_transport/include/theora_image_transport/theora_image_transport/msg/detail
[0.426s] -- Up-to-date: /home/bjorn/Documents/ros-projects/cam_ws/install/theora_image_transport/include/theora_image_transport/theora_image_transport/msg/detail/packet__rosidl_typesupport_fastrtps_c.h
[0.427s] -- Up-to-date: /home/bjorn/Documents/ros-projects/cam_ws/install/theora_image_transport/lib/libtheora_image_transport__rosidl_typesupport_fastrtps_c.so
[0.427s] -- Up-to-date: /home/bjorn/Documents/ros-projects/cam_ws/install/theora_image_transport/include/theora_image_transport/theora_image_transport
[0.427s] -- Up-to-date: /home/bjorn/Documents/ros-projects/cam_ws/install/theora_image_transport/include/theora_image_transport/theora_image_transport/msg
[0.427s] -- Up-to-date: /home/bjorn/Documents/ros-projects/cam_ws/install/theora_image_transport/include/theora_image_transport/theora_image_transport/msg/packet.hpp
[0.427s] -- Up-to-date: /home/bjorn/Documents/ros-projects/cam_ws/install/theora_image_transport/include/theora_image_transport/theora_image_transport/msg/detail
[0.427s] -- Up-to-date: /home/bjorn/Documents/ros-projects/cam_ws/install/theora_image_transport/include/theora_image_transport/theora_image_transport/msg/detail/packet__builder.hpp
[0.428s] -- Up-to-date: /home/bjorn/Documents/ros-projects/cam_ws/install/theora_image_transport/include/theora_image_transport/theora_image_transport/msg/detail/packet__struct.hpp
[0.428s] -- Up-to-date: /home/bjorn/Documents/ros-projects/cam_ws/install/theora_image_transport/include/theora_image_transport/theora_image_transport/msg/detail/packet__traits.hpp
[0.428s] -- Up-to-date: /home/bjorn/Documents/ros-projects/cam_ws/install/theora_image_transport/include/theora_image_transport/theora_image_transport
[0.428s] -- Up-to-date: /home/bjorn/Documents/ros-projects/cam_ws/install/theora_image_transport/include/theora_image_transport/theora_image_transport/msg
[0.428s] -- Up-to-date: /home/bjorn/Documents/ros-projects/cam_ws/install/theora_image_transport/include/theora_image_transport/theora_image_transport/msg/rosidl_typesupport_fastrtps_cpp__visibility_control.h
[0.428s] -- Up-to-date: /home/bjorn/Documents/ros-projects/cam_ws/install/theora_image_transport/include/theora_image_transport/theora_image_transport/msg/detail
[0.428s] -- Up-to-date: /home/bjorn/Documents/ros-projects/cam_ws/install/theora_image_transport/include/theora_image_transport/theora_image_transport/msg/detail/dds_fastrtps
[0.429s] -- Up-to-date: /home/bjorn/Documents/ros-projects/cam_ws/install/theora_image_transport/include/theora_image_transport/theora_image_transport/msg/detail/packet__rosidl_typesupport_fastrtps_cpp.hpp
[0.429s] -- Up-to-date: /home/bjorn/Documents/ros-projects/cam_ws/install/theora_image_transport/lib/libtheora_image_transport__rosidl_typesupport_fastrtps_cpp.so
[0.429s] -- Up-to-date: /home/bjorn/Documents/ros-projects/cam_ws/install/theora_image_transport/include/theora_image_transport/theora_image_transport
[0.429s] -- Up-to-date: /home/bjorn/Documents/ros-projects/cam_ws/install/theora_image_transport/include/theora_image_transport/theora_image_transport/msg
[0.429s] -- Up-to-date: /home/bjorn/Documents/ros-projects/cam_ws/install/theora_image_transport/include/theora_image_transport/theora_image_transport/msg/rosidl_typesupport_introspection_c__visibility_control.h
[0.429s] -- Up-to-date: /home/bjorn/Documents/ros-projects/cam_ws/install/theora_image_transport/include/theora_image_transport/theora_image_transport/msg/detail
[0.429s] -- Up-to-date: /home/bjorn/Documents/ros-projects/cam_ws/install/theora_image_transport/include/theora_image_transport/theora_image_transport/msg/detail/packet__type_support.c
[0.429s] -- Up-to-date: /home/bjorn/Documents/ros-projects/cam_ws/install/theora_image_transport/include/theora_image_transport/theora_image_transport/msg/detail/packet__rosidl_typesupport_introspection_c.h
[0.429s] -- Up-to-date: /home/bjorn/Documents/ros-projects/cam_ws/install/theora_image_transport/lib/libtheora_image_transport__rosidl_typesupport_introspection_c.so
[0.429s] -- Up-to-date: /home/bjorn/Documents/ros-projects/cam_ws/install/theora_image_transport/lib/libtheora_image_transport__rosidl_typesupport_c.so
[0.429s] -- Up-to-date: /home/bjorn/Documents/ros-projects/cam_ws/install/theora_image_transport/include/theora_image_transport/theora_image_transport
[0.430s] -- Up-to-date: /home/bjorn/Documents/ros-projects/cam_ws/install/theora_image_transport/include/theora_image_transport/theora_image_transport/msg
[0.430s] -- Up-to-date: /home/bjorn/Documents/ros-projects/cam_ws/install/theora_image_transport/include/theora_image_transport/theora_image_transport/msg/detail
[0.430s] -- Up-to-date: /home/bjorn/Documents/ros-projects/cam_ws/install/theora_image_transport/include/theora_image_transport/theora_image_transport/msg/detail/packet__type_support.cpp
[0.430s] -- Up-to-date: /home/bjorn/Documents/ros-projects/cam_ws/install/theora_image_transport/include/theora_image_transport/theora_image_transport/msg/detail/packet__rosidl_typesupport_introspection_cpp.hpp
[0.430s] -- Up-to-date: /home/bjorn/Documents/ros-projects/cam_ws/install/theora_image_transport/lib/libtheora_image_transport__rosidl_typesupport_introspection_cpp.so
[0.430s] -- Up-to-date: /home/bjorn/Documents/ros-projects/cam_ws/install/theora_image_transport/lib/libtheora_image_transport__rosidl_typesupport_cpp.so
[0.430s] -- Up-to-date: /home/bjorn/Documents/ros-projects/cam_ws/install/theora_image_transport/share/theora_image_transport/environment/pythonpath.sh
[0.430s] -- Up-to-date: /home/bjorn/Documents/ros-projects/cam_ws/install/theora_image_transport/share/theora_image_transport/environment/pythonpath.dsv
[0.430s] -- Up-to-date: /home/bjorn/Documents/ros-projects/cam_ws/install/theora_image_transport/local/lib/python3.10/dist-packages/theora_image_transport-2.5.0-py3.10.egg-info
[0.430s] -- Installing: /home/bjorn/Documents/ros-projects/cam_ws/install/theora_image_transport/local/lib/python3.10/dist-packages/theora_image_transport-2.5.0-py3.10.egg-info/PKG-INFO
[0.430s] -- Installing: /home/bjorn/Documents/ros-projects/cam_ws/install/theora_image_transport/local/lib/python3.10/dist-packages/theora_image_transport-2.5.0-py3.10.egg-info/SOURCES.txt
[0.430s] -- Installing: /home/bjorn/Documents/ros-projects/cam_ws/install/theora_image_transport/local/lib/python3.10/dist-packages/theora_image_transport-2.5.0-py3.10.egg-info/dependency_links.txt
[0.430s] -- Installing: /home/bjorn/Documents/ros-projects/cam_ws/install/theora_image_transport/local/lib/python3.10/dist-packages/theora_image_transport-2.5.0-py3.10.egg-info/top_level.txt
[0.431s] -- Up-to-date: /home/bjorn/Documents/ros-projects/cam_ws/install/theora_image_transport/local/lib/python3.10/dist-packages/theora_image_transport
[0.431s] -- Up-to-date: /home/bjorn/Documents/ros-projects/cam_ws/install/theora_image_transport/local/lib/python3.10/dist-packages/theora_image_transport/theora_image_transport_s__rosidl_typesupport_introspection_c.cpython-310-x86_64-linux-gnu.so
[0.431s] -- Up-to-date: /home/bjorn/Documents/ros-projects/cam_ws/install/theora_image_transport/local/lib/python3.10/dist-packages/theora_image_transport/_theora_image_transport_s.ep.rosidl_typesupport_c.c
[0.431s] -- Up-to-date: /home/bjorn/Documents/ros-projects/cam_ws/install/theora_image_transport/local/lib/python3.10/dist-packages/theora_image_transport/theora_image_transport_s__rosidl_typesupport_fastrtps_c.cpython-310-x86_64-linux-gnu.so
[0.431s] -- Up-to-date: /home/bjorn/Documents/ros-projects/cam_ws/install/theora_image_transport/local/lib/python3.10/dist-packages/theora_image_transport/libtheora_image_transport__rosidl_generator_py.so
[0.431s] -- Up-to-date: /home/bjorn/Documents/ros-projects/cam_ws/install/theora_image_transport/local/lib/python3.10/dist-packages/theora_image_transport/__init__.py
[0.431s] -- Up-to-date: /home/bjorn/Documents/ros-projects/cam_ws/install/theora_image_transport/local/lib/python3.10/dist-packages/theora_image_transport/msg
[0.432s] -- Up-to-date: /home/bjorn/Documents/ros-projects/cam_ws/install/theora_image_transport/local/lib/python3.10/dist-packages/theora_image_transport/msg/_packet_s.c
[0.432s] -- Up-to-date: /home/bjorn/Documents/ros-projects/cam_ws/install/theora_image_transport/local/lib/python3.10/dist-packages/theora_image_transport/msg/__init__.py
[0.432s] -- Up-to-date: /home/bjorn/Documents/ros-projects/cam_ws/install/theora_image_transport/local/lib/python3.10/dist-packages/theora_image_transport/msg/_packet.py
[0.433s] -- Up-to-date: /home/bjorn/Documents/ros-projects/cam_ws/install/theora_image_transport/local/lib/python3.10/dist-packages/theora_image_transport/theora_image_transport_s__rosidl_typesupport_c.cpython-310-x86_64-linux-gnu.so
[0.433s] -- Up-to-date: /home/bjorn/Documents/ros-projects/cam_ws/install/theora_image_transport/local/lib/python3.10/dist-packages/theora_image_transport/_theora_image_transport_s.ep.rosidl_typesupport_fastrtps_c.c
[0.433s] -- Up-to-date: /home/bjorn/Documents/ros-projects/cam_ws/install/theora_image_transport/local/lib/python3.10/dist-packages/theora_image_transport/_theora_image_transport_s.ep.rosidl_typesupport_introspection_c.c
[0.451s] Listing '/home/bjorn/Documents/ros-projects/cam_ws/install/theora_image_transport/local/lib/python3.10/dist-packages/theora_image_transport'...
[0.451s] Listing '/home/bjorn/Documents/ros-projects/cam_ws/install/theora_image_transport/local/lib/python3.10/dist-packages/theora_image_transport/msg'...
[0.451s] -- Up-to-date: /home/bjorn/Documents/ros-projects/cam_ws/install/theora_image_transport/local/lib/python3.10/dist-packages/theora_image_transport/theora_image_transport_s__rosidl_typesupport_fastrtps_c.cpython-310-x86_64-linux-gnu.so
[0.451s] -- Up-to-date: /home/bjorn/Documents/ros-projects/cam_ws/install/theora_image_transport/local/lib/python3.10/dist-packages/theora_image_transport/theora_image_transport_s__rosidl_typesupport_introspection_c.cpython-310-x86_64-linux-gnu.so
[0.452s] -- Up-to-date: /home/bjorn/Documents/ros-projects/cam_ws/install/theora_image_transport/local/lib/python3.10/dist-packages/theora_image_transport/theora_image_transport_s__rosidl_typesupport_c.cpython-310-x86_64-linux-gnu.so
[0.452s] -- Up-to-date: /home/bjorn/Documents/ros-projects/cam_ws/install/theora_image_transport/lib/libtheora_image_transport__rosidl_generator_py.so
[0.453s] -- Up-to-date: /home/bjorn/Documents/ros-projects/cam_ws/install/theora_image_transport/share/theora_image_transport/msg/Packet.idl
[0.454s] -- Up-to-date: /home/bjorn/Documents/ros-projects/cam_ws/install/theora_image_transport/share/theora_image_transport/msg/Packet.msg
[0.454s] -- Up-to-date: /home/bjorn/Documents/ros-projects/cam_ws/install/theora_image_transport/lib/libtheora_image_transport_component.so
[0.455s] -- Up-to-date: /home/bjorn/Documents/ros-projects/cam_ws/install/theora_image_transport/lib/theora_image_transport/ogg_saver
[0.455s] -- Up-to-date: /home/bjorn/Documents/ros-projects/cam_ws/install/theora_image_transport/include/theora_image_transport
[0.455s] -- Up-to-date: /home/bjorn/Documents/ros-projects/cam_ws/install/theora_image_transport/include/theora_image_transport/theora_image_transport
[0.455s] -- Up-to-date: /home/bjorn/Documents/ros-projects/cam_ws/install/theora_image_transport/include/theora_image_transport/theora_image_transport/theora_publisher.h
[0.457s] -- Up-to-date: /home/bjorn/Documents/ros-projects/cam_ws/install/theora_image_transport/include/theora_image_transport/theora_image_transport/theora_subscriber.h
[0.457s] -- Up-to-date: /home/bjorn/Documents/ros-projects/cam_ws/install/theora_image_transport/share/theora_image_transport/theora_plugins.xml
[0.457s] -- Up-to-date: /home/bjorn/Documents/ros-projects/cam_ws/install/theora_image_transport/share/ament_index/resource_index/package_run_dependencies/theora_image_transport
[0.457s] -- Up-to-date: /home/bjorn/Documents/ros-projects/cam_ws/install/theora_image_transport/share/ament_index/resource_index/parent_prefix_path/theora_image_transport
[0.458s] -- Up-to-date: /home/bjorn/Documents/ros-projects/cam_ws/install/theora_image_transport/share/theora_image_transport/environment/ament_prefix_path.sh
[0.458s] -- Up-to-date: /home/bjorn/Documents/ros-projects/cam_ws/install/theora_image_transport/share/theora_image_transport/environment/ament_prefix_path.dsv
[0.458s] -- Up-to-date: /home/bjorn/Documents/ros-projects/cam_ws/install/theora_image_transport/share/theora_image_transport/environment/path.sh
[0.460s] -- Up-to-date: /home/bjorn/Documents/ros-projects/cam_ws/install/theora_image_transport/share/theora_image_transport/environment/path.dsv
[0.461s] -- Up-to-date: /home/bjorn/Documents/ros-projects/cam_ws/install/theora_image_transport/share/theora_image_transport/local_setup.bash
[0.461s] -- Up-to-date: /home/bjorn/Documents/ros-projects/cam_ws/install/theora_image_transport/share/theora_image_transport/local_setup.sh
[0.461s] -- Up-to-date: /home/bjorn/Documents/ros-projects/cam_ws/install/theora_image_transport/share/theora_image_transport/local_setup.zsh
[0.461s] -- Up-to-date: /home/bjorn/Documents/ros-projects/cam_ws/install/theora_image_transport/share/theora_image_transport/local_setup.dsv
[0.462s] -- Installing: /home/bjorn/Documents/ros-projects/cam_ws/install/theora_image_transport/share/theora_image_transport/package.dsv
[0.462s] -- Up-to-date: /home/bjorn/Documents/ros-projects/cam_ws/install/theora_image_transport/share/ament_index/resource_index/packages/theora_image_transport
[0.462s] -- Up-to-date: /home/bjorn/Documents/ros-projects/cam_ws/install/theora_image_transport/share/ament_index/resource_index/image_transport__pluginlib__plugin/theora_image_transport
[0.462s] -- Up-to-date: /home/bjorn/Documents/ros-projects/cam_ws/install/theora_image_transport/share/theora_image_transport/cmake/export_theora_image_transport__rosidl_generator_cExport.cmake
[0.463s] -- Up-to-date: /home/bjorn/Documents/ros-projects/cam_ws/install/theora_image_transport/share/theora_image_transport/cmake/export_theora_image_transport__rosidl_generator_cExport-noconfig.cmake
[0.463s] -- Up-to-date: /home/bjorn/Documents/ros-projects/cam_ws/install/theora_image_transport/share/theora_image_transport/cmake/export_theora_image_transport__rosidl_typesupport_fastrtps_cExport.cmake
[0.463s] -- Up-to-date: /home/bjorn/Documents/ros-projects/cam_ws/install/theora_image_transport/share/theora_image_transport/cmake/export_theora_image_transport__rosidl_typesupport_fastrtps_cExport-noconfig.cmake
[0.464s] -- Up-to-date: /home/bjorn/Documents/ros-projects/cam_ws/install/theora_image_transport/share/theora_image_transport/cmake/export_theora_image_transport__rosidl_generator_cppExport.cmake
[0.466s] -- Up-to-date: /home/bjorn/Documents/ros-projects/cam_ws/install/theora_image_transport/share/theora_image_transport/cmake/export_theora_image_transport__rosidl_typesupport_fastrtps_cppExport.cmake
[0.466s] -- Up-to-date: /home/bjorn/Documents/ros-projects/cam_ws/install/theora_image_transport/share/theora_image_transport/cmake/export_theora_image_transport__rosidl_typesupport_fastrtps_cppExport-noconfig.cmake
[0.466s] -- Up-to-date: /home/bjorn/Documents/ros-projects/cam_ws/install/theora_image_transport/share/theora_image_transport/cmake/theora_image_transport__rosidl_typesupport_introspection_cExport.cmake
[0.467s] -- Up-to-date: /home/bjorn/Documents/ros-projects/cam_ws/install/theora_image_transport/share/theora_image_transport/cmake/theora_image_transport__rosidl_typesupport_introspection_cExport-noconfig.cmake
[0.467s] -- Up-to-date: /home/bjorn/Documents/ros-projects/cam_ws/install/theora_image_transport/share/theora_image_transport/cmake/theora_image_transport__rosidl_typesupport_cExport.cmake
[0.467s] -- Up-to-date: /home/bjorn/Documents/ros-projects/cam_ws/install/theora_image_transport/share/theora_image_transport/cmake/theora_image_transport__rosidl_typesupport_cExport-noconfig.cmake
[0.467s] -- Up-to-date: /home/bjorn/Documents/ros-projects/cam_ws/install/theora_image_transport/share/theora_image_transport/cmake/theora_image_transport__rosidl_typesupport_introspection_cppExport.cmake
[0.467s] -- Up-to-date: /home/bjorn/Documents/ros-projects/cam_ws/install/theora_image_transport/share/theora_image_transport/cmake/theora_image_transport__rosidl_typesupport_introspection_cppExport-noconfig.cmake
[0.468s] -- Up-to-date: /home/bjorn/Documents/ros-projects/cam_ws/install/theora_image_transport/share/theora_image_transport/cmake/theora_image_transport__rosidl_typesupport_cppExport.cmake
[0.469s] -- Up-to-date: /home/bjorn/Documents/ros-projects/cam_ws/install/theora_image_transport/share/theora_image_transport/cmake/theora_image_transport__rosidl_typesupport_cppExport-noconfig.cmake
[0.469s] -- Up-to-date: /home/bjorn/Documents/ros-projects/cam_ws/install/theora_image_transport/share/theora_image_transport/cmake/export_theora_image_transport__rosidl_generator_pyExport.cmake
[0.469s] -- Up-to-date: /home/bjorn/Documents/ros-projects/cam_ws/install/theora_image_transport/share/theora_image_transport/cmake/export_theora_image_transport__rosidl_generator_pyExport-noconfig.cmake
[0.469s] -- Up-to-date: /home/bjorn/Documents/ros-projects/cam_ws/install/theora_image_transport/share/theora_image_transport/cmake/export_theora_image_transport_componentExport.cmake
[0.469s] -- Up-to-date: /home/bjorn/Documents/ros-projects/cam_ws/install/theora_image_transport/share/theora_image_transport/cmake/export_theora_image_transport_componentExport-noconfig.cmake
[0.470s] -- Up-to-date: /home/bjorn/Documents/ros-projects/cam_ws/install/theora_image_transport/share/theora_image_transport/cmake/rosidl_cmake-extras.cmake
[0.470s] -- Up-to-date: /home/bjorn/Documents/ros-projects/cam_ws/install/theora_image_transport/share/theora_image_transport/cmake/ament_cmake_export_dependencies-extras.cmake
[0.470s] -- Up-to-date: /home/bjorn/Documents/ros-projects/cam_ws/install/theora_image_transport/share/theora_image_transport/cmake/ament_cmake_export_include_directories-extras.cmake
[0.471s] -- Up-to-date: /home/bjorn/Documents/ros-projects/cam_ws/install/theora_image_transport/share/theora_image_transport/cmake/ament_cmake_export_libraries-extras.cmake
[0.472s] -- Up-to-date: /home/bjorn/Documents/ros-projects/cam_ws/install/theora_image_transport/share/theora_image_transport/cmake/ament_cmake_export_targets-extras.cmake
[0.472s] -- Up-to-date: /home/bjorn/Documents/ros-projects/cam_ws/install/theora_image_transport/share/theora_image_transport/cmake/rosidl_cmake_export_typesupport_targets-extras.cmake
[0.472s] -- Up-to-date: /home/bjorn/Documents/ros-projects/cam_ws/install/theora_image_transport/share/theora_image_transport/cmake/rosidl_cmake_export_typesupport_libraries-extras.cmake
[0.472s] -- Up-to-date: /home/bjorn/Documents/ros-projects/cam_ws/install/theora_image_transport/share/theora_image_transport/cmake/theora_image_transportConfig.cmake
[0.472s] -- Up-to-date: /home/bjorn/Documents/ros-projects/cam_ws/install/theora_image_transport/share/theora_image_transport/cmake/theora_image_transportConfig-version.cmake
[0.473s] -- Up-to-date: /home/bjorn/Documents/ros-projects/cam_ws/install/theora_image_transport/share/theora_image_transport/package.xml
[0.493s] Invoked command in '/home/bjorn/Documents/ros-projects/cam_ws/build/theora_image_transport' returned '0': CMAKE_PREFIX_PATH=/home/bjorn/Documents/ros-projects/cam_ws/install/image_transport:/home/bjorn/Documents/ros-projects/cam_ws/install/cv_bridge:/home/bjorn/Documents/ros-projects/cam_ws/install/vision_opencv:/home/bjorn/Documents/ros-projects/cam_ws/install/gscam2:/home/bjorn/Documents/ros-projects/cam_ws/install/ros2_shared:/home/bjorn/Documents/ros-projects/cam_ws/install/image_common:/home/bjorn/Documents/ros-projects/cam_ws/install/image_geometry:/home/bjorn/Documents/ros-projects/cam_ws/install/v4l2_camera:/home/bjorn/Documents/ros-projects/cam_ws/install/image_transport_plugins:/home/bjorn/Documents/ros-projects/cam_ws/install/theora_image_transport:/home/bjorn/Documents/ros-projects/cam_ws/install/compressed_image_transport:/home/bjorn/Documents/ros-projects/cam_ws/install/compressed_depth_image_transport:/home/bjorn/Documents/ros-projects/cam_ws/install/camera_info_manager:/home/bjorn/Documents/ros-projects/cam_ws/install/camera_calibration_parsers:/home/bjorn/Documents/ros-projects/cam_ws/install/py_image_flip:/home/bjorn/Documents/ros-projects/cam_ws/install/opencv_tests:/opt/ros/humble LD_LIBRARY_PATH=/home/bjorn/Documents/ros-projects/cam_ws/install/image_transport/lib:/home/bjorn/Documents/ros-projects/cam_ws/install/cv_bridge/lib:/home/bjorn/Documents/ros-projects/cam_ws/install/gscam2/lib:/home/bjorn/Documents/ros-projects/cam_ws/install/image_geometry/lib:/home/bjorn/Documents/ros-projects/cam_ws/install/v4l2_camera/lib:/home/bjorn/Documents/ros-projects/cam_ws/install/theora_image_transport/lib:/home/bjorn/Documents/ros-projects/cam_ws/install/compressed_image_transport/lib:/home/bjorn/Documents/ros-projects/cam_ws/install/compressed_depth_image_transport/lib:/home/bjorn/Documents/ros-projects/cam_ws/install/camera_info_manager/lib:/home/bjorn/Documents/ros-projects/cam_ws/install/camera_calibration_parsers/lib:/usr/lib/x86_64-linux-gnu/gazebo-11/plugins:/opt/ros/humble/opt/rviz_ogre_vendor/lib:/opt/ros/humble/lib/x86_64-linux-gnu:/opt/ros/humble/lib /home/bjorn/.local/bin/cmake --install /home/bjorn/Documents/ros-projects/cam_ws/build/theora_image_transport
