[0.006s] Invoking command in '/home/bjorn/Documents/ros-projects/cam_ws/build/camera_info_manager': CMAKE_PREFIX_PATH=/home/bjorn/Documents/ros-projects/cam_ws/install/camera_calibration_parsers:/home/bjorn/Documents/ros-projects/cam_ws/install/vision_opencv:/home/bjorn/Documents/ros-projects/cam_ws/install/v4l2_camera:/home/bjorn/Documents/ros-projects/cam_ws/install/image_transport_plugins:/home/bjorn/Documents/ros-projects/cam_ws/install/theora_image_transport:/home/bjorn/Documents/ros-projects/cam_ws/install/gscam2:/home/bjorn/Documents/ros-projects/cam_ws/install/ros2_shared:/home/bjorn/Documents/ros-projects/cam_ws/install/image_common:/home/bjorn/Documents/ros-projects/cam_ws/install/compressed_image_transport:/home/bjorn/Documents/ros-projects/cam_ws/install/compressed_depth_image_transport:/home/bjorn/Documents/ros-projects/cam_ws/install/image_transport:/home/bjorn/Documents/ros-projects/cam_ws/install/image_geometry:/home/bjorn/Documents/ros-projects/cam_ws/install/cv_bridge:/home/bjorn/Documents/ros-projects/cam_ws/install/camera_info_manager:/home/bjorn/Documents/ros-projects/cam_ws/install/opencv_tests:/opt/ros/humble LD_LIBRARY_PATH=/home/bjorn/Documents/ros-projects/cam_ws/install/camera_calibration_parsers/lib:/home/bjorn/Documents/ros-projects/cam_ws/install/v4l2_camera/lib:/home/bjorn/Documents/ros-projects/cam_ws/install/theora_image_transport/lib:/home/bjorn/Documents/ros-projects/cam_ws/install/gscam2/lib:/home/bjorn/Documents/ros-projects/cam_ws/install/compressed_image_transport/lib:/home/bjorn/Documents/ros-projects/cam_ws/install/compressed_depth_image_transport/lib:/home/bjorn/Documents/ros-projects/cam_ws/install/image_transport/lib:/home/bjorn/Documents/ros-projects/cam_ws/install/image_geometry/lib:/home/bjorn/Documents/ros-projects/cam_ws/install/cv_bridge/lib:/home/bjorn/Documents/ros-projects/cam_ws/install/camera_info_manager/lib:/usr/lib/x86_64-linux-gnu/gazebo-11/plugins:/opt/ros/humble/opt/rviz_ogre_vendor/lib:/opt/ros/humble/lib/x86_64-linux-gnu:/opt/ros/humble/lib /home/bjorn/.local/bin/cmake /home/bjorn/Documents/ros-projects/cam_ws/src/image_common/camera_info_manager -DCMAKE_INSTALL_PREFIX=/home/bjorn/Documents/ros-projects/cam_ws/install/camera_info_manager
[0.053s] -- The C compiler identification is GNU 11.3.0
[0.089s] -- The CXX compiler identification is GNU 11.3.0
[0.095s] -- Detecting C compiler ABI info
[0.129s] -- Detecting C compiler ABI info - done
[0.139s] -- Check for working C compiler: /usr/bin/cc - skipped
[0.139s] -- Detecting C compile features
[0.139s] -- Detecting C compile features - done
[0.142s] -- Detecting CXX compiler ABI info
[0.184s] -- Detecting CXX compiler ABI info - done
[0.193s] -- Check for working CXX compiler: /usr/bin/c++ - skipped
[0.193s] -- Detecting CXX compile features
[0.194s] -- Detecting CXX compile features - done
[0.195s] -- Found ament_cmake_ros: 0.10.0 (/opt/ros/humble/share/ament_cmake_ros/cmake)
[0.472s] -- Found Python3: /usr/bin/python3.10 (found version "3.10.6") found components: Interpreter 
[0.542s] -- Found ament_index_cpp: 1.4.0 (/opt/ros/humble/share/ament_index_cpp/cmake)
[0.543s] -- Found camera_calibration_parsers: 3.1.5 (/home/bjorn/Documents/ros-projects/cam_ws/install/camera_calibration_parsers/share/camera_calibration_parsers/cmake)
[0.583s] -- Found rosidl_generator_c: 3.1.4 (/opt/ros/humble/share/rosidl_generator_c/cmake)
[0.587s] -- Found rosidl_adapter: 3.1.4 (/opt/ros/humble/share/rosidl_adapter/cmake)
[0.595s] -- Found rosidl_generator_cpp: 3.1.4 (/opt/ros/humble/share/rosidl_generator_cpp/cmake)
[0.609s] -- Using all available rosidl_typesupport_c: rosidl_typesupport_fastrtps_c;rosidl_typesupport_introspection_c
[0.628s] -- Using all available rosidl_typesupport_cpp: rosidl_typesupport_fastrtps_cpp;rosidl_typesupport_introspection_cpp
[0.696s] -- Found rmw_implementation_cmake: 6.1.1 (/opt/ros/humble/share/rmw_implementation_cmake/cmake)
[0.698s] -- Found rmw_fastrtps_cpp: 6.2.2 (/opt/ros/humble/share/rmw_fastrtps_cpp/cmake)
[0.771s] -- Found OpenSSL: /usr/lib/x86_64-linux-gnu/libcrypto.so (found version "3.0.2")  
[0.796s] -- Found FastRTPS: /opt/ros/humble/include  
[0.838s] -- Using RMW implementation 'rmw_fastrtps_cpp' as default
[0.846s] -- Performing Test CMAKE_HAVE_LIBC_PTHREAD
[0.889s] -- Performing Test CMAKE_HAVE_LIBC_PTHREAD - Success
[0.890s] -- Found Threads: TRUE  
[1.230s] -- Found ament_cmake_cpplint: 0.12.6 (/opt/ros/humble/share/ament_cmake_cpplint/cmake)
[1.231s] -- Found ament_cmake_lint_cmake: 0.12.6 (/opt/ros/humble/share/ament_cmake_lint_cmake/cmake)
[1.233s] -- Found ament_cmake_uncrustify: 0.12.6 (/opt/ros/humble/share/ament_cmake_uncrustify/cmake)
[1.299s] -- Configuring done (1.3s)
[1.307s] -- Generating done (0.0s)
[1.308s] -- Build files have been written to: /home/bjorn/Documents/ros-projects/cam_ws/build/camera_info_manager
[1.318s] Invoked command in '/home/bjorn/Documents/ros-projects/cam_ws/build/camera_info_manager' returned '0': CMAKE_PREFIX_PATH=/home/bjorn/Documents/ros-projects/cam_ws/install/camera_calibration_parsers:/home/bjorn/Documents/ros-projects/cam_ws/install/vision_opencv:/home/bjorn/Documents/ros-projects/cam_ws/install/v4l2_camera:/home/bjorn/Documents/ros-projects/cam_ws/install/image_transport_plugins:/home/bjorn/Documents/ros-projects/cam_ws/install/theora_image_transport:/home/bjorn/Documents/ros-projects/cam_ws/install/gscam2:/home/bjorn/Documents/ros-projects/cam_ws/install/ros2_shared:/home/bjorn/Documents/ros-projects/cam_ws/install/image_common:/home/bjorn/Documents/ros-projects/cam_ws/install/compressed_image_transport:/home/bjorn/Documents/ros-projects/cam_ws/install/compressed_depth_image_transport:/home/bjorn/Documents/ros-projects/cam_ws/install/image_transport:/home/bjorn/Documents/ros-projects/cam_ws/install/image_geometry:/home/bjorn/Documents/ros-projects/cam_ws/install/cv_bridge:/home/bjorn/Documents/ros-projects/cam_ws/install/camera_info_manager:/home/bjorn/Documents/ros-projects/cam_ws/install/opencv_tests:/opt/ros/humble LD_LIBRARY_PATH=/home/bjorn/Documents/ros-projects/cam_ws/install/camera_calibration_parsers/lib:/home/bjorn/Documents/ros-projects/cam_ws/install/v4l2_camera/lib:/home/bjorn/Documents/ros-projects/cam_ws/install/theora_image_transport/lib:/home/bjorn/Documents/ros-projects/cam_ws/install/gscam2/lib:/home/bjorn/Documents/ros-projects/cam_ws/install/compressed_image_transport/lib:/home/bjorn/Documents/ros-projects/cam_ws/install/compressed_depth_image_transport/lib:/home/bjorn/Documents/ros-projects/cam_ws/install/image_transport/lib:/home/bjorn/Documents/ros-projects/cam_ws/install/image_geometry/lib:/home/bjorn/Documents/ros-projects/cam_ws/install/cv_bridge/lib:/home/bjorn/Documents/ros-projects/cam_ws/install/camera_info_manager/lib:/usr/lib/x86_64-linux-gnu/gazebo-11/plugins:/opt/ros/humble/opt/rviz_ogre_vendor/lib:/opt/ros/humble/lib/x86_64-linux-gnu:/opt/ros/humble/lib /home/bjorn/.local/bin/cmake /home/bjorn/Documents/ros-projects/cam_ws/src/image_common/camera_info_manager -DCMAKE_INSTALL_PREFIX=/home/bjorn/Documents/ros-projects/cam_ws/install/camera_info_manager
[1.319s] Invoking command in '/home/bjorn/Documents/ros-projects/cam_ws/build/camera_info_manager': CMAKE_PREFIX_PATH=/home/bjorn/Documents/ros-projects/cam_ws/install/camera_calibration_parsers:/home/bjorn/Documents/ros-projects/cam_ws/install/vision_opencv:/home/bjorn/Documents/ros-projects/cam_ws/install/v4l2_camera:/home/bjorn/Documents/ros-projects/cam_ws/install/image_transport_plugins:/home/bjorn/Documents/ros-projects/cam_ws/install/theora_image_transport:/home/bjorn/Documents/ros-projects/cam_ws/install/gscam2:/home/bjorn/Documents/ros-projects/cam_ws/install/ros2_shared:/home/bjorn/Documents/ros-projects/cam_ws/install/image_common:/home/bjorn/Documents/ros-projects/cam_ws/install/compressed_image_transport:/home/bjorn/Documents/ros-projects/cam_ws/install/compressed_depth_image_transport:/home/bjorn/Documents/ros-projects/cam_ws/install/image_transport:/home/bjorn/Documents/ros-projects/cam_ws/install/image_geometry:/home/bjorn/Documents/ros-projects/cam_ws/install/cv_bridge:/home/bjorn/Documents/ros-projects/cam_ws/install/camera_info_manager:/home/bjorn/Documents/ros-projects/cam_ws/install/opencv_tests:/opt/ros/humble LD_LIBRARY_PATH=/home/bjorn/Documents/ros-projects/cam_ws/install/camera_calibration_parsers/lib:/home/bjorn/Documents/ros-projects/cam_ws/install/v4l2_camera/lib:/home/bjorn/Documents/ros-projects/cam_ws/install/theora_image_transport/lib:/home/bjorn/Documents/ros-projects/cam_ws/install/gscam2/lib:/home/bjorn/Documents/ros-projects/cam_ws/install/compressed_image_transport/lib:/home/bjorn/Documents/ros-projects/cam_ws/install/compressed_depth_image_transport/lib:/home/bjorn/Documents/ros-projects/cam_ws/install/image_transport/lib:/home/bjorn/Documents/ros-projects/cam_ws/install/image_geometry/lib:/home/bjorn/Documents/ros-projects/cam_ws/install/cv_bridge/lib:/home/bjorn/Documents/ros-projects/cam_ws/install/camera_info_manager/lib:/usr/lib/x86_64-linux-gnu/gazebo-11/plugins:/opt/ros/humble/opt/rviz_ogre_vendor/lib:/opt/ros/humble/lib/x86_64-linux-gnu:/opt/ros/humble/lib /home/bjorn/.local/bin/cmake --build /home/bjorn/Documents/ros-projects/cam_ws/build/camera_info_manager -- -j20 -l20
[1.350s] [ 50%] [32mBuilding CXX object CMakeFiles/camera_info_manager.dir/src/camera_info_manager.cpp.o[0m
[3.141s] [100%] [32m[1mLinking CXX shared library libcamera_info_manager.so[0m
[3.238s] [100%] Built target camera_info_manager
[3.244s] Invoked command in '/home/bjorn/Documents/ros-projects/cam_ws/build/camera_info_manager' returned '0': CMAKE_PREFIX_PATH=/home/bjorn/Documents/ros-projects/cam_ws/install/camera_calibration_parsers:/home/bjorn/Documents/ros-projects/cam_ws/install/vision_opencv:/home/bjorn/Documents/ros-projects/cam_ws/install/v4l2_camera:/home/bjorn/Documents/ros-projects/cam_ws/install/image_transport_plugins:/home/bjorn/Documents/ros-projects/cam_ws/install/theora_image_transport:/home/bjorn/Documents/ros-projects/cam_ws/install/gscam2:/home/bjorn/Documents/ros-projects/cam_ws/install/ros2_shared:/home/bjorn/Documents/ros-projects/cam_ws/install/image_common:/home/bjorn/Documents/ros-projects/cam_ws/install/compressed_image_transport:/home/bjorn/Documents/ros-projects/cam_ws/install/compressed_depth_image_transport:/home/bjorn/Documents/ros-projects/cam_ws/install/image_transport:/home/bjorn/Documents/ros-projects/cam_ws/install/image_geometry:/home/bjorn/Documents/ros-projects/cam_ws/install/cv_bridge:/home/bjorn/Documents/ros-projects/cam_ws/install/camera_info_manager:/home/bjorn/Documents/ros-projects/cam_ws/install/opencv_tests:/opt/ros/humble LD_LIBRARY_PATH=/home/bjorn/Documents/ros-projects/cam_ws/install/camera_calibration_parsers/lib:/home/bjorn/Documents/ros-projects/cam_ws/install/v4l2_camera/lib:/home/bjorn/Documents/ros-projects/cam_ws/install/theora_image_transport/lib:/home/bjorn/Documents/ros-projects/cam_ws/install/gscam2/lib:/home/bjorn/Documents/ros-projects/cam_ws/install/compressed_image_transport/lib:/home/bjorn/Documents/ros-projects/cam_ws/install/compressed_depth_image_transport/lib:/home/bjorn/Documents/ros-projects/cam_ws/install/image_transport/lib:/home/bjorn/Documents/ros-projects/cam_ws/install/image_geometry/lib:/home/bjorn/Documents/ros-projects/cam_ws/install/cv_bridge/lib:/home/bjorn/Documents/ros-projects/cam_ws/install/camera_info_manager/lib:/usr/lib/x86_64-linux-gnu/gazebo-11/plugins:/opt/ros/humble/opt/rviz_ogre_vendor/lib:/opt/ros/humble/lib/x86_64-linux-gnu:/opt/ros/humble/lib /home/bjorn/.local/bin/cmake --build /home/bjorn/Documents/ros-projects/cam_ws/build/camera_info_manager -- -j20 -l20
[3.277s] Invoking command in '/home/bjorn/Documents/ros-projects/cam_ws/build/camera_info_manager': CMAKE_PREFIX_PATH=/home/bjorn/Documents/ros-projects/cam_ws/install/camera_calibration_parsers:/home/bjorn/Documents/ros-projects/cam_ws/install/vision_opencv:/home/bjorn/Documents/ros-projects/cam_ws/install/v4l2_camera:/home/bjorn/Documents/ros-projects/cam_ws/install/image_transport_plugins:/home/bjorn/Documents/ros-projects/cam_ws/install/theora_image_transport:/home/bjorn/Documents/ros-projects/cam_ws/install/gscam2:/home/bjorn/Documents/ros-projects/cam_ws/install/ros2_shared:/home/bjorn/Documents/ros-projects/cam_ws/install/image_common:/home/bjorn/Documents/ros-projects/cam_ws/install/compressed_image_transport:/home/bjorn/Documents/ros-projects/cam_ws/install/compressed_depth_image_transport:/home/bjorn/Documents/ros-projects/cam_ws/install/image_transport:/home/bjorn/Documents/ros-projects/cam_ws/install/image_geometry:/home/bjorn/Documents/ros-projects/cam_ws/install/cv_bridge:/home/bjorn/Documents/ros-projects/cam_ws/install/camera_info_manager:/home/bjorn/Documents/ros-projects/cam_ws/install/opencv_tests:/opt/ros/humble LD_LIBRARY_PATH=/home/bjorn/Documents/ros-projects/cam_ws/install/camera_calibration_parsers/lib:/home/bjorn/Documents/ros-projects/cam_ws/install/v4l2_camera/lib:/home/bjorn/Documents/ros-projects/cam_ws/install/theora_image_transport/lib:/home/bjorn/Documents/ros-projects/cam_ws/install/gscam2/lib:/home/bjorn/Documents/ros-projects/cam_ws/install/compressed_image_transport/lib:/home/bjorn/Documents/ros-projects/cam_ws/install/compressed_depth_image_transport/lib:/home/bjorn/Documents/ros-projects/cam_ws/install/image_transport/lib:/home/bjorn/Documents/ros-projects/cam_ws/install/image_geometry/lib:/home/bjorn/Documents/ros-projects/cam_ws/install/cv_bridge/lib:/home/bjorn/Documents/ros-projects/cam_ws/install/camera_info_manager/lib:/usr/lib/x86_64-linux-gnu/gazebo-11/plugins:/opt/ros/humble/opt/rviz_ogre_vendor/lib:/opt/ros/humble/lib/x86_64-linux-gnu:/opt/ros/humble/lib /home/bjorn/.local/bin/cmake --install /home/bjorn/Documents/ros-projects/cam_ws/build/camera_info_manager
[3.297s] -- Install configuration: ""
[3.297s] -- Installing: /home/bjorn/Documents/ros-projects/cam_ws/install/camera_info_manager/lib/libcamera_info_manager.so
[3.298s] -- Set runtime path of "/home/bjorn/Documents/ros-projects/cam_ws/install/camera_info_manager/lib/libcamera_info_manager.so" to ""
[3.299s] -- Installing: /home/bjorn/Documents/ros-projects/cam_ws/install/camera_info_manager/include/camera_info_manager
[3.299s] -- Installing: /home/bjorn/Documents/ros-projects/cam_ws/install/camera_info_manager/include/camera_info_manager/camera_info_manager
[3.299s] -- Installing: /home/bjorn/Documents/ros-projects/cam_ws/install/camera_info_manager/include/camera_info_manager/camera_info_manager/camera_info_manager.h
[3.299s] -- Installing: /home/bjorn/Documents/ros-projects/cam_ws/install/camera_info_manager/include/camera_info_manager/camera_info_manager/camera_info_manager.hpp
[3.299s] -- Installing: /home/bjorn/Documents/ros-projects/cam_ws/install/camera_info_manager/include/camera_info_manager/camera_info_manager/visibility_control.h
[3.299s] -- Installing: /home/bjorn/Documents/ros-projects/cam_ws/install/camera_info_manager/share/ament_index/resource_index/package_run_dependencies/camera_info_manager
[3.299s] -- Installing: /home/bjorn/Documents/ros-projects/cam_ws/install/camera_info_manager/share/ament_index/resource_index/parent_prefix_path/camera_info_manager
[3.299s] -- Installing: /home/bjorn/Documents/ros-projects/cam_ws/install/camera_info_manager/share/camera_info_manager/environment/ament_prefix_path.sh
[3.299s] -- Installing: /home/bjorn/Documents/ros-projects/cam_ws/install/camera_info_manager/share/camera_info_manager/environment/ament_prefix_path.dsv
[3.299s] -- Installing: /home/bjorn/Documents/ros-projects/cam_ws/install/camera_info_manager/share/camera_info_manager/environment/path.sh
[3.300s] -- Installing: /home/bjorn/Documents/ros-projects/cam_ws/install/camera_info_manager/share/camera_info_manager/environment/path.dsv
[3.300s] -- Installing: /home/bjorn/Documents/ros-projects/cam_ws/install/camera_info_manager/share/camera_info_manager/local_setup.bash
[3.300s] -- Installing: /home/bjorn/Documents/ros-projects/cam_ws/install/camera_info_manager/share/camera_info_manager/local_setup.sh
[3.300s] -- Installing: /home/bjorn/Documents/ros-projects/cam_ws/install/camera_info_manager/share/camera_info_manager/local_setup.zsh
[3.300s] -- Installing: /home/bjorn/Documents/ros-projects/cam_ws/install/camera_info_manager/share/camera_info_manager/local_setup.dsv
[3.300s] -- Installing: /home/bjorn/Documents/ros-projects/cam_ws/install/camera_info_manager/share/camera_info_manager/package.dsv
[3.300s] -- Installing: /home/bjorn/Documents/ros-projects/cam_ws/install/camera_info_manager/share/ament_index/resource_index/packages/camera_info_manager
[3.300s] -- Installing: /home/bjorn/Documents/ros-projects/cam_ws/install/camera_info_manager/share/camera_info_manager/cmake/export_camera_info_managerExport.cmake
[3.300s] -- Installing: /home/bjorn/Documents/ros-projects/cam_ws/install/camera_info_manager/share/camera_info_manager/cmake/export_camera_info_managerExport-noconfig.cmake
[3.300s] -- Installing: /home/bjorn/Documents/ros-projects/cam_ws/install/camera_info_manager/share/camera_info_manager/cmake/ament_cmake_export_dependencies-extras.cmake
[3.301s] -- Installing: /home/bjorn/Documents/ros-projects/cam_ws/install/camera_info_manager/share/camera_info_manager/cmake/ament_cmake_export_targets-extras.cmake
[3.301s] -- Installing: /home/bjorn/Documents/ros-projects/cam_ws/install/camera_info_manager/share/camera_info_manager/cmake/camera_info_managerConfig.cmake
[3.301s] -- Installing: /home/bjorn/Documents/ros-projects/cam_ws/install/camera_info_manager/share/camera_info_manager/cmake/camera_info_managerConfig-version.cmake
[3.301s] -- Installing: /home/bjorn/Documents/ros-projects/cam_ws/install/camera_info_manager/share/camera_info_manager/package.xml
[3.306s] Invoked command in '/home/bjorn/Documents/ros-projects/cam_ws/build/camera_info_manager' returned '0': CMAKE_PREFIX_PATH=/home/bjorn/Documents/ros-projects/cam_ws/install/camera_calibration_parsers:/home/bjorn/Documents/ros-projects/cam_ws/install/vision_opencv:/home/bjorn/Documents/ros-projects/cam_ws/install/v4l2_camera:/home/bjorn/Documents/ros-projects/cam_ws/install/image_transport_plugins:/home/bjorn/Documents/ros-projects/cam_ws/install/theora_image_transport:/home/bjorn/Documents/ros-projects/cam_ws/install/gscam2:/home/bjorn/Documents/ros-projects/cam_ws/install/ros2_shared:/home/bjorn/Documents/ros-projects/cam_ws/install/image_common:/home/bjorn/Documents/ros-projects/cam_ws/install/compressed_image_transport:/home/bjorn/Documents/ros-projects/cam_ws/install/compressed_depth_image_transport:/home/bjorn/Documents/ros-projects/cam_ws/install/image_transport:/home/bjorn/Documents/ros-projects/cam_ws/install/image_geometry:/home/bjorn/Documents/ros-projects/cam_ws/install/cv_bridge:/home/bjorn/Documents/ros-projects/cam_ws/install/camera_info_manager:/home/bjorn/Documents/ros-projects/cam_ws/install/opencv_tests:/opt/ros/humble LD_LIBRARY_PATH=/home/bjorn/Documents/ros-projects/cam_ws/install/camera_calibration_parsers/lib:/home/bjorn/Documents/ros-projects/cam_ws/install/v4l2_camera/lib:/home/bjorn/Documents/ros-projects/cam_ws/install/theora_image_transport/lib:/home/bjorn/Documents/ros-projects/cam_ws/install/gscam2/lib:/home/bjorn/Documents/ros-projects/cam_ws/install/compressed_image_transport/lib:/home/bjorn/Documents/ros-projects/cam_ws/install/compressed_depth_image_transport/lib:/home/bjorn/Documents/ros-projects/cam_ws/install/image_transport/lib:/home/bjorn/Documents/ros-projects/cam_ws/install/image_geometry/lib:/home/bjorn/Documents/ros-projects/cam_ws/install/cv_bridge/lib:/home/bjorn/Documents/ros-projects/cam_ws/install/camera_info_manager/lib:/usr/lib/x86_64-linux-gnu/gazebo-11/plugins:/opt/ros/humble/opt/rviz_ogre_vendor/lib:/opt/ros/humble/lib/x86_64-linux-gnu:/opt/ros/humble/lib /home/bjorn/.local/bin/cmake --install /home/bjorn/Documents/ros-projects/cam_ws/build/camera_info_manager
