[0.004s] Invoking command in '/home/bjorn/Documents/ros-projects/cam_ws/build/camera_info_manager': AMENT_PREFIX_PATH=/home/bjorn/Documents/ros-projects/cam_ws/install/camera_calibration_parsers:${AMENT_PREFIX_PATH} CMAKE_PREFIX_PATH=/home/bjorn/Documents/ros-projects/cam_ws/install/camera_calibration_parsers:/opt/ros/humble LD_LIBRARY_PATH=/home/bjorn/Documents/ros-projects/cam_ws/install/camera_calibration_parsers/lib:${LD_LIBRARY_PATH} /home/bjorn/.local/bin/cmake --build /home/bjorn/Documents/ros-projects/cam_ws/build/camera_info_manager -- -j20 -l20
[0.037s] [100%] Built target camera_info_manager
[0.043s] Invoked command in '/home/bjorn/Documents/ros-projects/cam_ws/build/camera_info_manager' returned '0': AMENT_PREFIX_PATH=/home/bjorn/Documents/ros-projects/cam_ws/install/camera_calibration_parsers:${AMENT_PREFIX_PATH} CMAKE_PREFIX_PATH=/home/bjorn/Documents/ros-projects/cam_ws/install/camera_calibration_parsers:/opt/ros/humble LD_LIBRARY_PATH=/home/bjorn/Documents/ros-projects/cam_ws/install/camera_calibration_parsers/lib:${LD_LIBRARY_PATH} /home/bjorn/.local/bin/cmake --build /home/bjorn/Documents/ros-projects/cam_ws/build/camera_info_manager -- -j20 -l20
[0.071s] Invoking command in '/home/bjorn/Documents/ros-projects/cam_ws/build/camera_info_manager': AMENT_PREFIX_PATH=/home/bjorn/Documents/ros-projects/cam_ws/install/camera_calibration_parsers:${AMENT_PREFIX_PATH} CMAKE_PREFIX_PATH=/home/bjorn/Documents/ros-projects/cam_ws/install/camera_calibration_parsers:/opt/ros/humble LD_LIBRARY_PATH=/home/bjorn/Documents/ros-projects/cam_ws/install/camera_calibration_parsers/lib:${LD_LIBRARY_PATH} /home/bjorn/.local/bin/cmake --install /home/bjorn/Documents/ros-projects/cam_ws/build/camera_info_manager
[0.088s] -- Install configuration: ""
[0.088s] -- Up-to-date: /home/bjorn/Documents/ros-projects/cam_ws/install/camera_info_manager/lib/libcamera_info_manager.so
[0.089s] -- Up-to-date: /home/bjorn/Documents/ros-projects/cam_ws/install/camera_info_manager/include/camera_info_manager
[0.089s] -- Up-to-date: /home/bjorn/Documents/ros-projects/cam_ws/install/camera_info_manager/include/camera_info_manager/camera_info_manager
[0.089s] -- Up-to-date: /home/bjorn/Documents/ros-projects/cam_ws/install/camera_info_manager/include/camera_info_manager/camera_info_manager/camera_info_manager.h
[0.089s] -- Up-to-date: /home/bjorn/Documents/ros-projects/cam_ws/install/camera_info_manager/include/camera_info_manager/camera_info_manager/camera_info_manager.hpp
[0.089s] -- Up-to-date: /home/bjorn/Documents/ros-projects/cam_ws/install/camera_info_manager/include/camera_info_manager/camera_info_manager/visibility_control.h
[0.089s] -- Up-to-date: /home/bjorn/Documents/ros-projects/cam_ws/install/camera_info_manager/share/ament_index/resource_index/package_run_dependencies/camera_info_manager
[0.089s] -- Up-to-date: /home/bjorn/Documents/ros-projects/cam_ws/install/camera_info_manager/share/ament_index/resource_index/parent_prefix_path/camera_info_manager
[0.089s] -- Up-to-date: /home/bjorn/Documents/ros-projects/cam_ws/install/camera_info_manager/share/camera_info_manager/environment/ament_prefix_path.sh
[0.089s] -- Up-to-date: /home/bjorn/Documents/ros-projects/cam_ws/install/camera_info_manager/share/camera_info_manager/environment/ament_prefix_path.dsv
[0.089s] -- Up-to-date: /home/bjorn/Documents/ros-projects/cam_ws/install/camera_info_manager/share/camera_info_manager/environment/path.sh
[0.089s] -- Up-to-date: /home/bjorn/Documents/ros-projects/cam_ws/install/camera_info_manager/share/camera_info_manager/environment/path.dsv
[0.089s] -- Up-to-date: /home/bjorn/Documents/ros-projects/cam_ws/install/camera_info_manager/share/camera_info_manager/local_setup.bash
[0.089s] -- Up-to-date: /home/bjorn/Documents/ros-projects/cam_ws/install/camera_info_manager/share/camera_info_manager/local_setup.sh
[0.089s] -- Up-to-date: /home/bjorn/Documents/ros-projects/cam_ws/install/camera_info_manager/share/camera_info_manager/local_setup.zsh
[0.089s] -- Up-to-date: /home/bjorn/Documents/ros-projects/cam_ws/install/camera_info_manager/share/camera_info_manager/local_setup.dsv
[0.089s] -- Installing: /home/bjorn/Documents/ros-projects/cam_ws/install/camera_info_manager/share/camera_info_manager/package.dsv
[0.090s] -- Up-to-date: /home/bjorn/Documents/ros-projects/cam_ws/install/camera_info_manager/share/ament_index/resource_index/packages/camera_info_manager
[0.090s] -- Up-to-date: /home/bjorn/Documents/ros-projects/cam_ws/install/camera_info_manager/share/camera_info_manager/cmake/export_camera_info_managerExport.cmake
[0.090s] -- Up-to-date: /home/bjorn/Documents/ros-projects/cam_ws/install/camera_info_manager/share/camera_info_manager/cmake/export_camera_info_managerExport-noconfig.cmake
[0.090s] -- Up-to-date: /home/bjorn/Documents/ros-projects/cam_ws/install/camera_info_manager/share/camera_info_manager/cmake/ament_cmake_export_dependencies-extras.cmake
[0.090s] -- Up-to-date: /home/bjorn/Documents/ros-projects/cam_ws/install/camera_info_manager/share/camera_info_manager/cmake/ament_cmake_export_targets-extras.cmake
[0.090s] -- Up-to-date: /home/bjorn/Documents/ros-projects/cam_ws/install/camera_info_manager/share/camera_info_manager/cmake/camera_info_managerConfig.cmake
[0.090s] -- Up-to-date: /home/bjorn/Documents/ros-projects/cam_ws/install/camera_info_manager/share/camera_info_manager/cmake/camera_info_managerConfig-version.cmake
[0.090s] -- Up-to-date: /home/bjorn/Documents/ros-projects/cam_ws/install/camera_info_manager/share/camera_info_manager/package.xml
[0.095s] Invoked command in '/home/bjorn/Documents/ros-projects/cam_ws/build/camera_info_manager' returned '0': AMENT_PREFIX_PATH=/home/bjorn/Documents/ros-projects/cam_ws/install/camera_calibration_parsers:${AMENT_PREFIX_PATH} CMAKE_PREFIX_PATH=/home/bjorn/Documents/ros-projects/cam_ws/install/camera_calibration_parsers:/opt/ros/humble LD_LIBRARY_PATH=/home/bjorn/Documents/ros-projects/cam_ws/install/camera_calibration_parsers/lib:${LD_LIBRARY_PATH} /home/bjorn/.local/bin/cmake --install /home/bjorn/Documents/ros-projects/cam_ws/build/camera_info_manager
