[0.022s] Invoking command in '/home/bjorn/Documents/ros-projects/cam_ws/build/cv_bridge': CMAKE_PREFIX_PATH=/opt/ros/humble /home/bjorn/.local/bin/cmake /home/bjorn/Documents/ros-projects/cam_ws/src/vision_opencv/cv_bridge -DCMAKE_INSTALL_PREFIX=/home/bjorn/Documents/ros-projects/cam_ws/install/cv_bridge
[0.106s] -- The C compiler identification is GNU 11.3.0
[0.159s] -- The CXX compiler identification is GNU 11.3.0
[0.168s] -- Detecting C compiler ABI info
[0.202s] -- Detecting C compiler ABI info - done
[0.210s] -- Check for working C compiler: /usr/bin/cc - skipped
[0.210s] -- Detecting C compile features
[0.211s] -- Detecting C compile features - done
[0.214s] -- Detecting CXX compiler ABI info
[0.253s] -- Detecting CXX compiler ABI info - done
[0.261s] -- Check for working CXX compiler: /usr/bin/c++ - skipped
[0.262s] -- Detecting CXX compile features
[0.262s] -- Detecting CXX compile features - done
[0.264s] -- Found ament_cmake_ros: 0.10.0 (/opt/ros/humble/share/ament_cmake_ros/cmake)
[0.506s] -- Found Python3: /usr/bin/python3.10 (found version "3.10.6") found components: Interpreter 
[0.837s] -- Found Python3: /usr/include/python3.10 (found version "3.10.6") found components: Development NumPy Interpreter Development.Module Development.Embed 
[0.850s] -- Found Boost: /usr/lib/x86_64-linux-gnu/cmake/Boost-1.74.0/BoostConfig.cmake (found version "1.74.0") found components: python310 
[0.852s] -- Found rcpputils: 2.4.1 (/opt/ros/humble/share/rcpputils/cmake)
[0.861s] -- Found sensor_msgs: 4.2.3 (/opt/ros/humble/share/sensor_msgs/cmake)
[0.881s] -- Found rosidl_generator_c: 3.1.4 (/opt/ros/humble/share/rosidl_generator_c/cmake)
[0.885s] -- Found rosidl_adapter: 3.1.4 (/opt/ros/humble/share/rosidl_adapter/cmake)
[0.892s] -- Found rosidl_generator_cpp: 3.1.4 (/opt/ros/humble/share/rosidl_generator_cpp/cmake)
[0.904s] -- Using all available rosidl_typesupport_c: rosidl_typesupport_fastrtps_c;rosidl_typesupport_introspection_c
[0.918s] -- Using all available rosidl_typesupport_cpp: rosidl_typesupport_fastrtps_cpp;rosidl_typesupport_introspection_cpp
[1.175s] -- Performing Test COMPILER_HAS_HIDDEN_VISIBILITY
[1.215s] -- Performing Test COMPILER_HAS_HIDDEN_VISIBILITY - Success
[1.216s] -- Performing Test COMPILER_HAS_HIDDEN_INLINE_VISIBILITY
[1.256s] -- Performing Test COMPILER_HAS_HIDDEN_INLINE_VISIBILITY - Success
[1.256s] -- Performing Test COMPILER_HAS_DEPRECATED_ATTR
[1.296s] -- Performing Test COMPILER_HAS_DEPRECATED_ATTR - Success
[1.299s] -- Found ament_lint_auto: 0.12.6 (/opt/ros/humble/share/ament_lint_auto/cmake)
[1.365s] -- Found gtest sources under '/opt/ros/humble/src/gtest_vendor': C++ tests using 'Google Test' will be built
[1.368s] -- Performing Test CMAKE_HAVE_LIBC_PTHREAD
[1.408s] -- Performing Test CMAKE_HAVE_LIBC_PTHREAD - Success
[1.409s] -- Found Threads: TRUE  
[2.454s] -- Configuring done (2.4s)
[2.478s] -- Generating done (0.0s)
[2.481s] -- Build files have been written to: /home/bjorn/Documents/ros-projects/cam_ws/build/cv_bridge
[2.502s] Invoked command in '/home/bjorn/Documents/ros-projects/cam_ws/build/cv_bridge' returned '0': CMAKE_PREFIX_PATH=/opt/ros/humble /home/bjorn/.local/bin/cmake /home/bjorn/Documents/ros-projects/cam_ws/src/vision_opencv/cv_bridge -DCMAKE_INSTALL_PREFIX=/home/bjorn/Documents/ros-projects/cam_ws/install/cv_bridge
[2.503s] Invoking command in '/home/bjorn/Documents/ros-projects/cam_ws/build/cv_bridge': CMAKE_PREFIX_PATH=/opt/ros/humble /home/bjorn/.local/bin/cmake --build /home/bjorn/Documents/ros-projects/cam_ws/build/cv_bridge -- -j20 -l20
[2.537s] [ 12%] [32mBuilding CXX object gtest/CMakeFiles/gtest_main.dir/src/gtest_main.cc.o[0m
[2.537s] [ 12%] [32mBuilding CXX object gtest/CMakeFiles/gtest.dir/src/gtest-all.cc.o[0m
[2.538s] [ 18%] [32mBuilding CXX object src/CMakeFiles/cv_bridge.dir/cv_bridge.cpp.o[0m
[2.538s] [ 25%] [32mBuilding CXX object src/CMakeFiles/cv_bridge.dir/rgb_colors.cpp.o[0m
[2.539s] [ 25%] Built target ament_cmake_python_copy_cv_bridge
[2.912s] running egg_info
[2.913s] creating cv_bridge.egg-info
[2.913s] writing cv_bridge.egg-info/PKG-INFO
[2.913s] writing dependency_links to cv_bridge.egg-info/dependency_links.txt
[2.913s] writing top-level names to cv_bridge.egg-info/top_level.txt
[2.915s] writing manifest file 'cv_bridge.egg-info/SOURCES.txt'
[2.918s] reading manifest file 'cv_bridge.egg-info/SOURCES.txt'
[2.918s] writing manifest file 'cv_bridge.egg-info/SOURCES.txt'
[2.940s] [ 25%] Built target ament_cmake_python_build_cv_bridge_egg
[3.175s] [ 31%] [32m[1mLinking CXX static library libgtest_main.a[0m
[3.204s] [ 31%] Built target gtest_main
[4.940s] [ 37%] [32m[1mLinking CXX static library libgtest.a[0m
[4.986s] [ 37%] Built target gtest
[5.437s] [ 43%] [32m[1mLinking CXX shared library libcv_bridge.so[0m
[5.532s] [ 43%] Built target cv_bridge
[5.537s] [ 50%] [32mBuilding CXX object src/CMakeFiles/cv_bridge_boost.dir/module.cpp.o[0m
[5.537s] [ 56%] [32mBuilding CXX object test/CMakeFiles/cv_bridge-utest.dir/test_endian.cpp.o[0m
[5.537s] [ 62%] [32mBuilding CXX object src/CMakeFiles/cv_bridge_boost.dir/module_opencv3.cpp.o[0m
[5.537s] [ 68%] [32mBuilding CXX object test/CMakeFiles/cv_bridge-utest.dir/test_compression.cpp.o[0m
[5.537s] [ 81%] [32mBuilding CXX object test/CMakeFiles/cv_bridge-utest.dir/utest2.cpp.o[0m
[5.537s] [ 87%] [32mBuilding CXX object test/CMakeFiles/cv_bridge-utest.dir/test_rgb_colors.cpp.o[0m
[5.537s] [ 87%] [32mBuilding CXX object test/CMakeFiles/cv_bridge-utest.dir/utest.cpp.o[0m
[6.806s] [ 93%] [32m[1mLinking CXX executable cv_bridge-utest[0m
[7.117s] [ 93%] Built target cv_bridge-utest
[7.753s] [100%] [32m[1mLinking CXX shared module boost/cv_bridge_boost.so[0m
[7.824s] [100%] Built target cv_bridge_boost
[7.829s] Invoked command in '/home/bjorn/Documents/ros-projects/cam_ws/build/cv_bridge' returned '0': CMAKE_PREFIX_PATH=/opt/ros/humble /home/bjorn/.local/bin/cmake --build /home/bjorn/Documents/ros-projects/cam_ws/build/cv_bridge -- -j20 -l20
[7.858s] Invoking command in '/home/bjorn/Documents/ros-projects/cam_ws/build/cv_bridge': CMAKE_PREFIX_PATH=/opt/ros/humble /home/bjorn/.local/bin/cmake --install /home/bjorn/Documents/ros-projects/cam_ws/build/cv_bridge
[7.876s] -- Install configuration: ""
[7.876s] -- Installing: /home/bjorn/Documents/ros-projects/cam_ws/install/cv_bridge/share/cv_bridge/environment/pythonpath.sh
[7.876s] -- Installing: /home/bjorn/Documents/ros-projects/cam_ws/install/cv_bridge/share/cv_bridge/environment/pythonpath.dsv
[7.876s] -- Installing: /home/bjorn/Documents/ros-projects/cam_ws/install/cv_bridge/local/lib/python3.10/dist-packages/cv_bridge-3.2.1-py3.10.egg-info
[7.876s] -- Installing: /home/bjorn/Documents/ros-projects/cam_ws/install/cv_bridge/local/lib/python3.10/dist-packages/cv_bridge-3.2.1-py3.10.egg-info/PKG-INFO
[7.876s] -- Installing: /home/bjorn/Documents/ros-projects/cam_ws/install/cv_bridge/local/lib/python3.10/dist-packages/cv_bridge-3.2.1-py3.10.egg-info/SOURCES.txt
[7.876s] -- Installing: /home/bjorn/Documents/ros-projects/cam_ws/install/cv_bridge/local/lib/python3.10/dist-packages/cv_bridge-3.2.1-py3.10.egg-info/dependency_links.txt
[7.876s] -- Installing: /home/bjorn/Documents/ros-projects/cam_ws/install/cv_bridge/local/lib/python3.10/dist-packages/cv_bridge-3.2.1-py3.10.egg-info/top_level.txt
[7.876s] -- Installing: /home/bjorn/Documents/ros-projects/cam_ws/install/cv_bridge/local/lib/python3.10/dist-packages/cv_bridge
[7.876s] -- Installing: /home/bjorn/Documents/ros-projects/cam_ws/install/cv_bridge/local/lib/python3.10/dist-packages/cv_bridge/__init__.py
[7.876s] -- Installing: /home/bjorn/Documents/ros-projects/cam_ws/install/cv_bridge/local/lib/python3.10/dist-packages/cv_bridge/core.py
[7.898s] Listing '/home/bjorn/Documents/ros-projects/cam_ws/install/cv_bridge/local/lib/python3.10/dist-packages/cv_bridge'...
[7.898s] Compiling '/home/bjorn/Documents/ros-projects/cam_ws/install/cv_bridge/local/lib/python3.10/dist-packages/cv_bridge/__init__.py'...
[7.898s] Compiling '/home/bjorn/Documents/ros-projects/cam_ws/install/cv_bridge/local/lib/python3.10/dist-packages/cv_bridge/core.py'...
[7.902s] -- Installing: /home/bjorn/Documents/ros-projects/cam_ws/install/cv_bridge/lib/libcv_bridge.so
[7.903s] -- Set runtime path of "/home/bjorn/Documents/ros-projects/cam_ws/install/cv_bridge/lib/libcv_bridge.so" to ""
[7.903s] -- Installing: /home/bjorn/Documents/ros-projects/cam_ws/install/cv_bridge/include/cv_bridge/cv_bridge/cv_bridge_export.h
[7.903s] -- Installing: /home/bjorn/Documents/ros-projects/cam_ws/install/cv_bridge/local/lib/python3.10/dist-packages/cv_bridge/boost/cv_bridge_boost.so
[7.903s] -- Set runtime path of "/home/bjorn/Documents/ros-projects/cam_ws/install/cv_bridge/local/lib/python3.10/dist-packages/cv_bridge/boost/cv_bridge_boost.so" to ""
[7.904s] -- Up-to-date: /home/bjorn/Documents/ros-projects/cam_ws/install/cv_bridge/include/cv_bridge
[7.904s] -- Up-to-date: /home/bjorn/Documents/ros-projects/cam_ws/install/cv_bridge/include/cv_bridge/cv_bridge
[7.904s] -- Installing: /home/bjorn/Documents/ros-projects/cam_ws/install/cv_bridge/include/cv_bridge/cv_bridge/rgb_colors.h
[7.904s] -- Installing: /home/bjorn/Documents/ros-projects/cam_ws/install/cv_bridge/include/cv_bridge/cv_bridge/cv_bridge.h
[7.904s] -- Up-to-date: /home/bjorn/Documents/ros-projects/cam_ws/install/cv_bridge/lib/libcv_bridge.so
[7.904s] -- Installing: /home/bjorn/Documents/ros-projects/cam_ws/install/cv_bridge/share/ament_index/resource_index/package_run_dependencies/cv_bridge
[7.904s] -- Installing: /home/bjorn/Documents/ros-projects/cam_ws/install/cv_bridge/share/ament_index/resource_index/parent_prefix_path/cv_bridge
[7.904s] -- Installing: /home/bjorn/Documents/ros-projects/cam_ws/install/cv_bridge/share/cv_bridge/environment/ament_prefix_path.sh
[7.904s] -- Installing: /home/bjorn/Documents/ros-projects/cam_ws/install/cv_bridge/share/cv_bridge/environment/ament_prefix_path.dsv
[7.904s] -- Installing: /home/bjorn/Documents/ros-projects/cam_ws/install/cv_bridge/share/cv_bridge/environment/path.sh
[7.905s] -- Installing: /home/bjorn/Documents/ros-projects/cam_ws/install/cv_bridge/share/cv_bridge/environment/path.dsv
[7.905s] -- Installing: /home/bjorn/Documents/ros-projects/cam_ws/install/cv_bridge/share/cv_bridge/local_setup.bash
[7.905s] -- Installing: /home/bjorn/Documents/ros-projects/cam_ws/install/cv_bridge/share/cv_bridge/local_setup.sh
[7.905s] -- Installing: /home/bjorn/Documents/ros-projects/cam_ws/install/cv_bridge/share/cv_bridge/local_setup.zsh
[7.905s] -- Installing: /home/bjorn/Documents/ros-projects/cam_ws/install/cv_bridge/share/cv_bridge/local_setup.dsv
[7.905s] -- Installing: /home/bjorn/Documents/ros-projects/cam_ws/install/cv_bridge/share/cv_bridge/package.dsv
[7.905s] -- Installing: /home/bjorn/Documents/ros-projects/cam_ws/install/cv_bridge/share/ament_index/resource_index/packages/cv_bridge
[7.905s] -- Installing: /home/bjorn/Documents/ros-projects/cam_ws/install/cv_bridge/share/cv_bridge/cmake/export_cv_bridgeExport.cmake
[7.905s] -- Installing: /home/bjorn/Documents/ros-projects/cam_ws/install/cv_bridge/share/cv_bridge/cmake/export_cv_bridgeExport-noconfig.cmake
[7.905s] -- Installing: /home/bjorn/Documents/ros-projects/cam_ws/install/cv_bridge/share/cv_bridge/cmake/cv_bridge-extras.cmake
[7.905s] -- Installing: /home/bjorn/Documents/ros-projects/cam_ws/install/cv_bridge/share/cv_bridge/cmake/ament_cmake_export_dependencies-extras.cmake
[7.905s] -- Installing: /home/bjorn/Documents/ros-projects/cam_ws/install/cv_bridge/share/cv_bridge/cmake/ament_cmake_export_targets-extras.cmake
[7.905s] -- Installing: /home/bjorn/Documents/ros-projects/cam_ws/install/cv_bridge/share/cv_bridge/cmake/cv_bridgeConfig.cmake
[7.906s] -- Installing: /home/bjorn/Documents/ros-projects/cam_ws/install/cv_bridge/share/cv_bridge/cmake/cv_bridgeConfig-version.cmake
[7.906s] -- Installing: /home/bjorn/Documents/ros-projects/cam_ws/install/cv_bridge/share/cv_bridge/package.xml
[7.911s] Invoked command in '/home/bjorn/Documents/ros-projects/cam_ws/build/cv_bridge' returned '0': CMAKE_PREFIX_PATH=/opt/ros/humble /home/bjorn/.local/bin/cmake --install /home/bjorn/Documents/ros-projects/cam_ws/build/cv_bridge
