[0.359s] DEBUG:colcon:Command line arguments: ['/usr/bin/colcon', 'list', '-p', '--base-paths', '/home/bjorn/Documents/ros-projects/cam_ws']
[0.359s] DEBUG:colcon:Parsed command line arguments: Namespace(log_base=None, log_level=None, verb_name='list', build_base='build', ignore_user_meta=False, metas=['./colcon.meta'], base_paths=['/home/bjorn/Documents/ros-projects/cam_ws'], packages_ignore=None, packages_ignore_regex=None, paths=None, packages_up_to=None, packages_up_to_regex=None, packages_above=None, packages_above_and_dependencies=None, packages_above_depth=None, packages_select_by_dep=None, packages_skip_by_dep=None, packages_skip_up_to=None, packages_select_build_failed=False, packages_skip_build_finished=False, packages_select_test_failures=False, packages_skip_test_passed=False, packages_select=None, packages_skip=None, packages_select_regex=None, packages_skip_regex=None, packages_start=None, packages_end=None, allow_overriding=[], topological_order=False, names_only=False, paths_only=True, topological_graph=False, topological_graph_dot=False, topological_graph_density=False, topological_graph_legend=False, topological_graph_dot_cluster=False, topological_graph_dot_include_skipped=False, verb_parser=<colcon_defaults.argument_parser.defaults.DefaultArgumentsDecorator object at 0x7f151f48c7c0>, verb_extension=<colcon_package_information.verb.list.ListVerb object at 0x7f151f48cd60>, main=<bound method ListVerb.main of <colcon_package_information.verb.list.ListVerb object at 0x7f151f48cd60>>)
[0.392s] Level 1:colcon.colcon_core.package_discovery:discover_packages(colcon_meta) check parameters
[0.392s] Level 1:colcon.colcon_core.package_discovery:discover_packages(recursive) check parameters
[0.392s] Level 1:colcon.colcon_core.package_discovery:discover_packages(ignore) check parameters
[0.392s] Level 1:colcon.colcon_core.package_discovery:discover_packages(path) check parameters
[0.392s] Level 1:colcon.colcon_core.package_discovery:discover_packages(recursive) discover
[0.393s] INFO:colcon.colcon_core.package_discovery:Crawling recursively for packages in '/home/bjorn/Documents/ros-projects/cam_ws'
[0.393s] Level 1:colcon.colcon_core.package_identification:_identify(/home/bjorn/Documents/ros-projects/cam_ws) by extensions ['ignore', 'ignore_ament_install']
[0.393s] Level 1:colcon.colcon_core.package_identification:_identify(/home/bjorn/Documents/ros-projects/cam_ws) by extension 'ignore'
[0.393s] Level 1:colcon.colcon_core.package_identification:_identify(/home/bjorn/Documents/ros-projects/cam_ws) by extension 'ignore_ament_install'
[0.393s] Level 1:colcon.colcon_core.package_identification:_identify(/home/bjorn/Documents/ros-projects/cam_ws) by extensions ['colcon_pkg']
[0.393s] Level 1:colcon.colcon_core.package_identification:_identify(/home/bjorn/Documents/ros-projects/cam_ws) by extension 'colcon_pkg'
[0.393s] Level 1:colcon.colcon_core.package_identification:_identify(/home/bjorn/Documents/ros-projects/cam_ws) by extensions ['colcon_meta']
[0.393s] Level 1:colcon.colcon_core.package_identification:_identify(/home/bjorn/Documents/ros-projects/cam_ws) by extension 'colcon_meta'
[0.393s] Level 1:colcon.colcon_core.package_identification:_identify(/home/bjorn/Documents/ros-projects/cam_ws) by extensions ['ros']
[0.393s] Level 1:colcon.colcon_core.package_identification:_identify(/home/bjorn/Documents/ros-projects/cam_ws) by extension 'ros'
[0.411s] Level 1:colcon.colcon_core.package_identification:_identify(/home/bjorn/Documents/ros-projects/cam_ws) by extensions ['cmake', 'python']
[0.411s] Level 1:colcon.colcon_core.package_identification:_identify(/home/bjorn/Documents/ros-projects/cam_ws) by extension 'cmake'
[0.411s] Level 1:colcon.colcon_core.package_identification:_identify(/home/bjorn/Documents/ros-projects/cam_ws) by extension 'python'
[0.411s] Level 1:colcon.colcon_core.package_identification:_identify(/home/bjorn/Documents/ros-projects/cam_ws) by extensions ['python_setup_py']
[0.411s] Level 1:colcon.colcon_core.package_identification:_identify(/home/bjorn/Documents/ros-projects/cam_ws) by extension 'python_setup_py'
[0.412s] Level 1:colcon.colcon_core.package_identification:_identify(/home/bjorn/Documents/ros-projects/cam_ws/build) by extensions ['ignore', 'ignore_ament_install']
[0.412s] Level 1:colcon.colcon_core.package_identification:_identify(/home/bjorn/Documents/ros-projects/cam_ws/build) by extension 'ignore'
[0.412s] Level 1:colcon.colcon_core.package_identification:_identify(/home/bjorn/Documents/ros-projects/cam_ws/build) ignored
[0.412s] Level 1:colcon.colcon_core.package_identification:_identify(/home/bjorn/Documents/ros-projects/cam_ws/install) by extensions ['ignore', 'ignore_ament_install']
[0.412s] Level 1:colcon.colcon_core.package_identification:_identify(/home/bjorn/Documents/ros-projects/cam_ws/install) by extension 'ignore'
[0.412s] Level 1:colcon.colcon_core.package_identification:_identify(/home/bjorn/Documents/ros-projects/cam_ws/install) ignored
[0.412s] Level 1:colcon.colcon_core.package_identification:_identify(/home/bjorn/Documents/ros-projects/cam_ws/log) by extensions ['ignore', 'ignore_ament_install']
[0.412s] Level 1:colcon.colcon_core.package_identification:_identify(/home/bjorn/Documents/ros-projects/cam_ws/log) by extension 'ignore'
[0.412s] Level 1:colcon.colcon_core.package_identification:_identify(/home/bjorn/Documents/ros-projects/cam_ws/log) ignored
[0.413s] Level 1:colcon.colcon_core.package_identification:_identify(/home/bjorn/Documents/ros-projects/cam_ws/src) by extensions ['ignore', 'ignore_ament_install']
[0.413s] Level 1:colcon.colcon_core.package_identification:_identify(/home/bjorn/Documents/ros-projects/cam_ws/src) by extension 'ignore'
[0.413s] Level 1:colcon.colcon_core.package_identification:_identify(/home/bjorn/Documents/ros-projects/cam_ws/src) by extension 'ignore_ament_install'
[0.413s] Level 1:colcon.colcon_core.package_identification:_identify(/home/bjorn/Documents/ros-projects/cam_ws/src) by extensions ['colcon_pkg']
[0.413s] Level 1:colcon.colcon_core.package_identification:_identify(/home/bjorn/Documents/ros-projects/cam_ws/src) by extension 'colcon_pkg'
[0.413s] Level 1:colcon.colcon_core.package_identification:_identify(/home/bjorn/Documents/ros-projects/cam_ws/src) by extensions ['colcon_meta']
[0.413s] Level 1:colcon.colcon_core.package_identification:_identify(/home/bjorn/Documents/ros-projects/cam_ws/src) by extension 'colcon_meta'
[0.413s] Level 1:colcon.colcon_core.package_identification:_identify(/home/bjorn/Documents/ros-projects/cam_ws/src) by extensions ['ros']
[0.413s] Level 1:colcon.colcon_core.package_identification:_identify(/home/bjorn/Documents/ros-projects/cam_ws/src) by extension 'ros'
[0.413s] Level 1:colcon.colcon_core.package_identification:_identify(/home/bjorn/Documents/ros-projects/cam_ws/src) by extensions ['cmake', 'python']
[0.413s] Level 1:colcon.colcon_core.package_identification:_identify(/home/bjorn/Documents/ros-projects/cam_ws/src) by extension 'cmake'
[0.413s] Level 1:colcon.colcon_core.package_identification:_identify(/home/bjorn/Documents/ros-projects/cam_ws/src) by extension 'python'
[0.413s] Level 1:colcon.colcon_core.package_identification:_identify(/home/bjorn/Documents/ros-projects/cam_ws/src) by extensions ['python_setup_py']
[0.413s] Level 1:colcon.colcon_core.package_identification:_identify(/home/bjorn/Documents/ros-projects/cam_ws/src) by extension 'python_setup_py'
[0.413s] Level 1:colcon.colcon_core.package_identification:_identify(/home/bjorn/Documents/ros-projects/cam_ws/src/gscam2) by extensions ['ignore', 'ignore_ament_install']
[0.414s] Level 1:colcon.colcon_core.package_identification:_identify(/home/bjorn/Documents/ros-projects/cam_ws/src/gscam2) by extension 'ignore'
[0.414s] Level 1:colcon.colcon_core.package_identification:_identify(/home/bjorn/Documents/ros-projects/cam_ws/src/gscam2) by extension 'ignore_ament_install'
[0.414s] Level 1:colcon.colcon_core.package_identification:_identify(/home/bjorn/Documents/ros-projects/cam_ws/src/gscam2) by extensions ['colcon_pkg']
[0.414s] Level 1:colcon.colcon_core.package_identification:_identify(/home/bjorn/Documents/ros-projects/cam_ws/src/gscam2) by extension 'colcon_pkg'
[0.414s] Level 1:colcon.colcon_core.package_identification:_identify(/home/bjorn/Documents/ros-projects/cam_ws/src/gscam2) by extensions ['colcon_meta']
[0.414s] Level 1:colcon.colcon_core.package_identification:_identify(/home/bjorn/Documents/ros-projects/cam_ws/src/gscam2) by extension 'colcon_meta'
[0.414s] Level 1:colcon.colcon_core.package_identification:_identify(/home/bjorn/Documents/ros-projects/cam_ws/src/gscam2) by extensions ['ros']
[0.414s] Level 1:colcon.colcon_core.package_identification:_identify(/home/bjorn/Documents/ros-projects/cam_ws/src/gscam2) by extension 'ros'
[0.417s] DEBUG:colcon.colcon_core.package_identification:Package '/home/bjorn/Documents/ros-projects/cam_ws/src/gscam2' with type 'ros.ament_cmake' and name 'gscam2'
[0.417s] Level 1:colcon.colcon_core.package_identification:_identify(/home/bjorn/Documents/ros-projects/cam_ws/src/image_common) by extensions ['ignore', 'ignore_ament_install']
[0.417s] Level 1:colcon.colcon_core.package_identification:_identify(/home/bjorn/Documents/ros-projects/cam_ws/src/image_common) by extension 'ignore'
[0.417s] Level 1:colcon.colcon_core.package_identification:_identify(/home/bjorn/Documents/ros-projects/cam_ws/src/image_common) by extension 'ignore_ament_install'
[0.417s] Level 1:colcon.colcon_core.package_identification:_identify(/home/bjorn/Documents/ros-projects/cam_ws/src/image_common) by extensions ['colcon_pkg']
[0.417s] Level 1:colcon.colcon_core.package_identification:_identify(/home/bjorn/Documents/ros-projects/cam_ws/src/image_common) by extension 'colcon_pkg'
[0.417s] Level 1:colcon.colcon_core.package_identification:_identify(/home/bjorn/Documents/ros-projects/cam_ws/src/image_common) by extensions ['colcon_meta']
[0.417s] Level 1:colcon.colcon_core.package_identification:_identify(/home/bjorn/Documents/ros-projects/cam_ws/src/image_common) by extension 'colcon_meta'
[0.418s] Level 1:colcon.colcon_core.package_identification:_identify(/home/bjorn/Documents/ros-projects/cam_ws/src/image_common) by extensions ['ros']
[0.418s] Level 1:colcon.colcon_core.package_identification:_identify(/home/bjorn/Documents/ros-projects/cam_ws/src/image_common) by extension 'ros'
[0.418s] Level 1:colcon.colcon_core.package_identification:_identify(/home/bjorn/Documents/ros-projects/cam_ws/src/image_common) by extensions ['cmake', 'python']
[0.418s] Level 1:colcon.colcon_core.package_identification:_identify(/home/bjorn/Documents/ros-projects/cam_ws/src/image_common) by extension 'cmake'
[0.418s] Level 1:colcon.colcon_core.package_identification:_identify(/home/bjorn/Documents/ros-projects/cam_ws/src/image_common) by extension 'python'
[0.418s] Level 1:colcon.colcon_core.package_identification:_identify(/home/bjorn/Documents/ros-projects/cam_ws/src/image_common) by extensions ['python_setup_py']
[0.418s] Level 1:colcon.colcon_core.package_identification:_identify(/home/bjorn/Documents/ros-projects/cam_ws/src/image_common) by extension 'python_setup_py'
[0.418s] Level 1:colcon.colcon_core.package_identification:_identify(/home/bjorn/Documents/ros-projects/cam_ws/src/image_common/camera_calibration_parsers) by extensions ['ignore', 'ignore_ament_install']
[0.418s] Level 1:colcon.colcon_core.package_identification:_identify(/home/bjorn/Documents/ros-projects/cam_ws/src/image_common/camera_calibration_parsers) by extension 'ignore'
[0.418s] Level 1:colcon.colcon_core.package_identification:_identify(/home/bjorn/Documents/ros-projects/cam_ws/src/image_common/camera_calibration_parsers) by extension 'ignore_ament_install'
[0.418s] Level 1:colcon.colcon_core.package_identification:_identify(/home/bjorn/Documents/ros-projects/cam_ws/src/image_common/camera_calibration_parsers) by extensions ['colcon_pkg']
[0.418s] Level 1:colcon.colcon_core.package_identification:_identify(/home/bjorn/Documents/ros-projects/cam_ws/src/image_common/camera_calibration_parsers) by extension 'colcon_pkg'
[0.418s] Level 1:colcon.colcon_core.package_identification:_identify(/home/bjorn/Documents/ros-projects/cam_ws/src/image_common/camera_calibration_parsers) by extensions ['colcon_meta']
[0.418s] Level 1:colcon.colcon_core.package_identification:_identify(/home/bjorn/Documents/ros-projects/cam_ws/src/image_common/camera_calibration_parsers) by extension 'colcon_meta'
[0.418s] Level 1:colcon.colcon_core.package_identification:_identify(/home/bjorn/Documents/ros-projects/cam_ws/src/image_common/camera_calibration_parsers) by extensions ['ros']
[0.418s] Level 1:colcon.colcon_core.package_identification:_identify(/home/bjorn/Documents/ros-projects/cam_ws/src/image_common/camera_calibration_parsers) by extension 'ros'
[0.419s] DEBUG:colcon.colcon_core.package_identification:Package '/home/bjorn/Documents/ros-projects/cam_ws/src/image_common/camera_calibration_parsers' with type 'ros.ament_cmake' and name 'camera_calibration_parsers'
[0.419s] Level 1:colcon.colcon_core.package_identification:_identify(/home/bjorn/Documents/ros-projects/cam_ws/src/image_common/camera_info_manager) by extensions ['ignore', 'ignore_ament_install']
[0.419s] Level 1:colcon.colcon_core.package_identification:_identify(/home/bjorn/Documents/ros-projects/cam_ws/src/image_common/camera_info_manager) by extension 'ignore'
[0.419s] Level 1:colcon.colcon_core.package_identification:_identify(/home/bjorn/Documents/ros-projects/cam_ws/src/image_common/camera_info_manager) by extension 'ignore_ament_install'
[0.419s] Level 1:colcon.colcon_core.package_identification:_identify(/home/bjorn/Documents/ros-projects/cam_ws/src/image_common/camera_info_manager) by extensions ['colcon_pkg']
[0.419s] Level 1:colcon.colcon_core.package_identification:_identify(/home/bjorn/Documents/ros-projects/cam_ws/src/image_common/camera_info_manager) by extension 'colcon_pkg'
[0.419s] Level 1:colcon.colcon_core.package_identification:_identify(/home/bjorn/Documents/ros-projects/cam_ws/src/image_common/camera_info_manager) by extensions ['colcon_meta']
[0.419s] Level 1:colcon.colcon_core.package_identification:_identify(/home/bjorn/Documents/ros-projects/cam_ws/src/image_common/camera_info_manager) by extension 'colcon_meta'
[0.419s] Level 1:colcon.colcon_core.package_identification:_identify(/home/bjorn/Documents/ros-projects/cam_ws/src/image_common/camera_info_manager) by extensions ['ros']
[0.419s] Level 1:colcon.colcon_core.package_identification:_identify(/home/bjorn/Documents/ros-projects/cam_ws/src/image_common/camera_info_manager) by extension 'ros'
[0.420s] DEBUG:colcon.colcon_core.package_identification:Package '/home/bjorn/Documents/ros-projects/cam_ws/src/image_common/camera_info_manager' with type 'ros.ament_cmake' and name 'camera_info_manager'
[0.420s] Level 1:colcon.colcon_core.package_identification:_identify(/home/bjorn/Documents/ros-projects/cam_ws/src/image_common/image_common) by extensions ['ignore', 'ignore_ament_install']
[0.420s] Level 1:colcon.colcon_core.package_identification:_identify(/home/bjorn/Documents/ros-projects/cam_ws/src/image_common/image_common) by extension 'ignore'
[0.420s] Level 1:colcon.colcon_core.package_identification:_identify(/home/bjorn/Documents/ros-projects/cam_ws/src/image_common/image_common) by extension 'ignore_ament_install'
[0.420s] Level 1:colcon.colcon_core.package_identification:_identify(/home/bjorn/Documents/ros-projects/cam_ws/src/image_common/image_common) by extensions ['colcon_pkg']
[0.420s] Level 1:colcon.colcon_core.package_identification:_identify(/home/bjorn/Documents/ros-projects/cam_ws/src/image_common/image_common) by extension 'colcon_pkg'
[0.420s] Level 1:colcon.colcon_core.package_identification:_identify(/home/bjorn/Documents/ros-projects/cam_ws/src/image_common/image_common) by extensions ['colcon_meta']
[0.420s] Level 1:colcon.colcon_core.package_identification:_identify(/home/bjorn/Documents/ros-projects/cam_ws/src/image_common/image_common) by extension 'colcon_meta'
[0.420s] Level 1:colcon.colcon_core.package_identification:_identify(/home/bjorn/Documents/ros-projects/cam_ws/src/image_common/image_common) by extensions ['ros']
[0.420s] Level 1:colcon.colcon_core.package_identification:_identify(/home/bjorn/Documents/ros-projects/cam_ws/src/image_common/image_common) by extension 'ros'
[0.421s] DEBUG:colcon.colcon_core.package_identification:Package '/home/bjorn/Documents/ros-projects/cam_ws/src/image_common/image_common' with type 'ros.ament_cmake' and name 'image_common'
[0.421s] Level 1:colcon.colcon_core.package_identification:_identify(/home/bjorn/Documents/ros-projects/cam_ws/src/image_common/image_transport) by extensions ['ignore', 'ignore_ament_install']
[0.421s] Level 1:colcon.colcon_core.package_identification:_identify(/home/bjorn/Documents/ros-projects/cam_ws/src/image_common/image_transport) by extension 'ignore'
[0.421s] Level 1:colcon.colcon_core.package_identification:_identify(/home/bjorn/Documents/ros-projects/cam_ws/src/image_common/image_transport) by extension 'ignore_ament_install'
[0.421s] Level 1:colcon.colcon_core.package_identification:_identify(/home/bjorn/Documents/ros-projects/cam_ws/src/image_common/image_transport) by extensions ['colcon_pkg']
[0.421s] Level 1:colcon.colcon_core.package_identification:_identify(/home/bjorn/Documents/ros-projects/cam_ws/src/image_common/image_transport) by extension 'colcon_pkg'
[0.421s] Level 1:colcon.colcon_core.package_identification:_identify(/home/bjorn/Documents/ros-projects/cam_ws/src/image_common/image_transport) by extensions ['colcon_meta']
[0.421s] Level 1:colcon.colcon_core.package_identification:_identify(/home/bjorn/Documents/ros-projects/cam_ws/src/image_common/image_transport) by extension 'colcon_meta'
[0.421s] Level 1:colcon.colcon_core.package_identification:_identify(/home/bjorn/Documents/ros-projects/cam_ws/src/image_common/image_transport) by extensions ['ros']
[0.421s] Level 1:colcon.colcon_core.package_identification:_identify(/home/bjorn/Documents/ros-projects/cam_ws/src/image_common/image_transport) by extension 'ros'
[0.422s] DEBUG:colcon.colcon_core.package_identification:Package '/home/bjorn/Documents/ros-projects/cam_ws/src/image_common/image_transport' with type 'ros.ament_cmake' and name 'image_transport'
[0.422s] Level 1:colcon.colcon_core.package_identification:_identify(/home/bjorn/Documents/ros-projects/cam_ws/src/image_common/polled_camera) by extensions ['ignore', 'ignore_ament_install']
[0.422s] Level 1:colcon.colcon_core.package_identification:_identify(/home/bjorn/Documents/ros-projects/cam_ws/src/image_common/polled_camera) by extension 'ignore'
[0.422s] Level 1:colcon.colcon_core.package_identification:_identify(/home/bjorn/Documents/ros-projects/cam_ws/src/image_common/polled_camera) ignored
[0.422s] Level 1:colcon.colcon_core.package_identification:_identify(/home/bjorn/Documents/ros-projects/cam_ws/src/image_transport_plugins) by extensions ['ignore', 'ignore_ament_install']
[0.422s] Level 1:colcon.colcon_core.package_identification:_identify(/home/bjorn/Documents/ros-projects/cam_ws/src/image_transport_plugins) by extension 'ignore'
[0.422s] Level 1:colcon.colcon_core.package_identification:_identify(/home/bjorn/Documents/ros-projects/cam_ws/src/image_transport_plugins) by extension 'ignore_ament_install'
[0.422s] Level 1:colcon.colcon_core.package_identification:_identify(/home/bjorn/Documents/ros-projects/cam_ws/src/image_transport_plugins) by extensions ['colcon_pkg']
[0.422s] Level 1:colcon.colcon_core.package_identification:_identify(/home/bjorn/Documents/ros-projects/cam_ws/src/image_transport_plugins) by extension 'colcon_pkg'
[0.422s] Level 1:colcon.colcon_core.package_identification:_identify(/home/bjorn/Documents/ros-projects/cam_ws/src/image_transport_plugins) by extensions ['colcon_meta']
[0.422s] Level 1:colcon.colcon_core.package_identification:_identify(/home/bjorn/Documents/ros-projects/cam_ws/src/image_transport_plugins) by extension 'colcon_meta'
[0.423s] Level 1:colcon.colcon_core.package_identification:_identify(/home/bjorn/Documents/ros-projects/cam_ws/src/image_transport_plugins) by extensions ['ros']
[0.423s] Level 1:colcon.colcon_core.package_identification:_identify(/home/bjorn/Documents/ros-projects/cam_ws/src/image_transport_plugins) by extension 'ros'
[0.423s] Level 1:colcon.colcon_core.package_identification:_identify(/home/bjorn/Documents/ros-projects/cam_ws/src/image_transport_plugins) by extensions ['cmake', 'python']
[0.423s] Level 1:colcon.colcon_core.package_identification:_identify(/home/bjorn/Documents/ros-projects/cam_ws/src/image_transport_plugins) by extension 'cmake'
[0.423s] Level 1:colcon.colcon_core.package_identification:_identify(/home/bjorn/Documents/ros-projects/cam_ws/src/image_transport_plugins) by extension 'python'
[0.423s] Level 1:colcon.colcon_core.package_identification:_identify(/home/bjorn/Documents/ros-projects/cam_ws/src/image_transport_plugins) by extensions ['python_setup_py']
[0.423s] Level 1:colcon.colcon_core.package_identification:_identify(/home/bjorn/Documents/ros-projects/cam_ws/src/image_transport_plugins) by extension 'python_setup_py'
[0.423s] Level 1:colcon.colcon_core.package_identification:_identify(/home/bjorn/Documents/ros-projects/cam_ws/src/image_transport_plugins/compressed_depth_image_transport) by extensions ['ignore', 'ignore_ament_install']
[0.423s] Level 1:colcon.colcon_core.package_identification:_identify(/home/bjorn/Documents/ros-projects/cam_ws/src/image_transport_plugins/compressed_depth_image_transport) by extension 'ignore'
[0.423s] Level 1:colcon.colcon_core.package_identification:_identify(/home/bjorn/Documents/ros-projects/cam_ws/src/image_transport_plugins/compressed_depth_image_transport) by extension 'ignore_ament_install'
[0.423s] Level 1:colcon.colcon_core.package_identification:_identify(/home/bjorn/Documents/ros-projects/cam_ws/src/image_transport_plugins/compressed_depth_image_transport) by extensions ['colcon_pkg']
[0.423s] Level 1:colcon.colcon_core.package_identification:_identify(/home/bjorn/Documents/ros-projects/cam_ws/src/image_transport_plugins/compressed_depth_image_transport) by extension 'colcon_pkg'
[0.423s] Level 1:colcon.colcon_core.package_identification:_identify(/home/bjorn/Documents/ros-projects/cam_ws/src/image_transport_plugins/compressed_depth_image_transport) by extensions ['colcon_meta']
[0.423s] Level 1:colcon.colcon_core.package_identification:_identify(/home/bjorn/Documents/ros-projects/cam_ws/src/image_transport_plugins/compressed_depth_image_transport) by extension 'colcon_meta'
[0.423s] Level 1:colcon.colcon_core.package_identification:_identify(/home/bjorn/Documents/ros-projects/cam_ws/src/image_transport_plugins/compressed_depth_image_transport) by extensions ['ros']
[0.423s] Level 1:colcon.colcon_core.package_identification:_identify(/home/bjorn/Documents/ros-projects/cam_ws/src/image_transport_plugins/compressed_depth_image_transport) by extension 'ros'
[0.424s] DEBUG:colcon.colcon_core.package_identification:Package '/home/bjorn/Documents/ros-projects/cam_ws/src/image_transport_plugins/compressed_depth_image_transport' with type 'ros.ament_cmake' and name 'compressed_depth_image_transport'
[0.424s] Level 1:colcon.colcon_core.package_identification:_identify(/home/bjorn/Documents/ros-projects/cam_ws/src/image_transport_plugins/compressed_image_transport) by extensions ['ignore', 'ignore_ament_install']
[0.424s] Level 1:colcon.colcon_core.package_identification:_identify(/home/bjorn/Documents/ros-projects/cam_ws/src/image_transport_plugins/compressed_image_transport) by extension 'ignore'
[0.424s] Level 1:colcon.colcon_core.package_identification:_identify(/home/bjorn/Documents/ros-projects/cam_ws/src/image_transport_plugins/compressed_image_transport) by extension 'ignore_ament_install'
[0.424s] Level 1:colcon.colcon_core.package_identification:_identify(/home/bjorn/Documents/ros-projects/cam_ws/src/image_transport_plugins/compressed_image_transport) by extensions ['colcon_pkg']
[0.424s] Level 1:colcon.colcon_core.package_identification:_identify(/home/bjorn/Documents/ros-projects/cam_ws/src/image_transport_plugins/compressed_image_transport) by extension 'colcon_pkg'
[0.424s] Level 1:colcon.colcon_core.package_identification:_identify(/home/bjorn/Documents/ros-projects/cam_ws/src/image_transport_plugins/compressed_image_transport) by extensions ['colcon_meta']
[0.424s] Level 1:colcon.colcon_core.package_identification:_identify(/home/bjorn/Documents/ros-projects/cam_ws/src/image_transport_plugins/compressed_image_transport) by extension 'colcon_meta'
[0.424s] Level 1:colcon.colcon_core.package_identification:_identify(/home/bjorn/Documents/ros-projects/cam_ws/src/image_transport_plugins/compressed_image_transport) by extensions ['ros']
[0.424s] Level 1:colcon.colcon_core.package_identification:_identify(/home/bjorn/Documents/ros-projects/cam_ws/src/image_transport_plugins/compressed_image_transport) by extension 'ros'
[0.424s] DEBUG:colcon.colcon_core.package_identification:Package '/home/bjorn/Documents/ros-projects/cam_ws/src/image_transport_plugins/compressed_image_transport' with type 'ros.ament_cmake' and name 'compressed_image_transport'
[0.425s] Level 1:colcon.colcon_core.package_identification:_identify(/home/bjorn/Documents/ros-projects/cam_ws/src/image_transport_plugins/image_transport_plugins) by extensions ['ignore', 'ignore_ament_install']
[0.425s] Level 1:colcon.colcon_core.package_identification:_identify(/home/bjorn/Documents/ros-projects/cam_ws/src/image_transport_plugins/image_transport_plugins) by extension 'ignore'
[0.425s] Level 1:colcon.colcon_core.package_identification:_identify(/home/bjorn/Documents/ros-projects/cam_ws/src/image_transport_plugins/image_transport_plugins) by extension 'ignore_ament_install'
[0.425s] Level 1:colcon.colcon_core.package_identification:_identify(/home/bjorn/Documents/ros-projects/cam_ws/src/image_transport_plugins/image_transport_plugins) by extensions ['colcon_pkg']
[0.425s] Level 1:colcon.colcon_core.package_identification:_identify(/home/bjorn/Documents/ros-projects/cam_ws/src/image_transport_plugins/image_transport_plugins) by extension 'colcon_pkg'
[0.425s] Level 1:colcon.colcon_core.package_identification:_identify(/home/bjorn/Documents/ros-projects/cam_ws/src/image_transport_plugins/image_transport_plugins) by extensions ['colcon_meta']
[0.425s] Level 1:colcon.colcon_core.package_identification:_identify(/home/bjorn/Documents/ros-projects/cam_ws/src/image_transport_plugins/image_transport_plugins) by extension 'colcon_meta'
[0.425s] Level 1:colcon.colcon_core.package_identification:_identify(/home/bjorn/Documents/ros-projects/cam_ws/src/image_transport_plugins/image_transport_plugins) by extensions ['ros']
[0.425s] Level 1:colcon.colcon_core.package_identification:_identify(/home/bjorn/Documents/ros-projects/cam_ws/src/image_transport_plugins/image_transport_plugins) by extension 'ros'
[0.425s] DEBUG:colcon.colcon_core.package_identification:Package '/home/bjorn/Documents/ros-projects/cam_ws/src/image_transport_plugins/image_transport_plugins' with type 'ros.ament_cmake' and name 'image_transport_plugins'
[0.425s] Level 1:colcon.colcon_core.package_identification:_identify(/home/bjorn/Documents/ros-projects/cam_ws/src/image_transport_plugins/theora_image_transport) by extensions ['ignore', 'ignore_ament_install']
[0.425s] Level 1:colcon.colcon_core.package_identification:_identify(/home/bjorn/Documents/ros-projects/cam_ws/src/image_transport_plugins/theora_image_transport) by extension 'ignore'
[0.426s] Level 1:colcon.colcon_core.package_identification:_identify(/home/bjorn/Documents/ros-projects/cam_ws/src/image_transport_plugins/theora_image_transport) by extension 'ignore_ament_install'
[0.426s] Level 1:colcon.colcon_core.package_identification:_identify(/home/bjorn/Documents/ros-projects/cam_ws/src/image_transport_plugins/theora_image_transport) by extensions ['colcon_pkg']
[0.426s] Level 1:colcon.colcon_core.package_identification:_identify(/home/bjorn/Documents/ros-projects/cam_ws/src/image_transport_plugins/theora_image_transport) by extension 'colcon_pkg'
[0.426s] Level 1:colcon.colcon_core.package_identification:_identify(/home/bjorn/Documents/ros-projects/cam_ws/src/image_transport_plugins/theora_image_transport) by extensions ['colcon_meta']
[0.426s] Level 1:colcon.colcon_core.package_identification:_identify(/home/bjorn/Documents/ros-projects/cam_ws/src/image_transport_plugins/theora_image_transport) by extension 'colcon_meta'
[0.426s] Level 1:colcon.colcon_core.package_identification:_identify(/home/bjorn/Documents/ros-projects/cam_ws/src/image_transport_plugins/theora_image_transport) by extensions ['ros']
[0.426s] Level 1:colcon.colcon_core.package_identification:_identify(/home/bjorn/Documents/ros-projects/cam_ws/src/image_transport_plugins/theora_image_transport) by extension 'ros'
[0.427s] DEBUG:colcon.colcon_core.package_identification:Package '/home/bjorn/Documents/ros-projects/cam_ws/src/image_transport_plugins/theora_image_transport' with type 'ros.ament_cmake' and name 'theora_image_transport'
[0.427s] Level 1:colcon.colcon_core.package_identification:_identify(/home/bjorn/Documents/ros-projects/cam_ws/src/ros2_shared) by extensions ['ignore', 'ignore_ament_install']
[0.427s] Level 1:colcon.colcon_core.package_identification:_identify(/home/bjorn/Documents/ros-projects/cam_ws/src/ros2_shared) by extension 'ignore'
[0.427s] Level 1:colcon.colcon_core.package_identification:_identify(/home/bjorn/Documents/ros-projects/cam_ws/src/ros2_shared) by extension 'ignore_ament_install'
[0.427s] Level 1:colcon.colcon_core.package_identification:_identify(/home/bjorn/Documents/ros-projects/cam_ws/src/ros2_shared) by extensions ['colcon_pkg']
[0.427s] Level 1:colcon.colcon_core.package_identification:_identify(/home/bjorn/Documents/ros-projects/cam_ws/src/ros2_shared) by extension 'colcon_pkg'
[0.427s] Level 1:colcon.colcon_core.package_identification:_identify(/home/bjorn/Documents/ros-projects/cam_ws/src/ros2_shared) by extensions ['colcon_meta']
[0.427s] Level 1:colcon.colcon_core.package_identification:_identify(/home/bjorn/Documents/ros-projects/cam_ws/src/ros2_shared) by extension 'colcon_meta'
[0.427s] Level 1:colcon.colcon_core.package_identification:_identify(/home/bjorn/Documents/ros-projects/cam_ws/src/ros2_shared) by extensions ['ros']
[0.427s] Level 1:colcon.colcon_core.package_identification:_identify(/home/bjorn/Documents/ros-projects/cam_ws/src/ros2_shared) by extension 'ros'
[0.428s] DEBUG:colcon.colcon_core.package_identification:Package '/home/bjorn/Documents/ros-projects/cam_ws/src/ros2_shared' with type 'ros.ament_cmake' and name 'ros2_shared'
[0.428s] Level 1:colcon.colcon_core.package_identification:_identify(/home/bjorn/Documents/ros-projects/cam_ws/src/ros2_v4l2_camera) by extensions ['ignore', 'ignore_ament_install']
[0.428s] Level 1:colcon.colcon_core.package_identification:_identify(/home/bjorn/Documents/ros-projects/cam_ws/src/ros2_v4l2_camera) by extension 'ignore'
[0.428s] Level 1:colcon.colcon_core.package_identification:_identify(/home/bjorn/Documents/ros-projects/cam_ws/src/ros2_v4l2_camera) by extension 'ignore_ament_install'
[0.428s] Level 1:colcon.colcon_core.package_identification:_identify(/home/bjorn/Documents/ros-projects/cam_ws/src/ros2_v4l2_camera) by extensions ['colcon_pkg']
[0.428s] Level 1:colcon.colcon_core.package_identification:_identify(/home/bjorn/Documents/ros-projects/cam_ws/src/ros2_v4l2_camera) by extension 'colcon_pkg'
[0.428s] Level 1:colcon.colcon_core.package_identification:_identify(/home/bjorn/Documents/ros-projects/cam_ws/src/ros2_v4l2_camera) by extensions ['colcon_meta']
[0.428s] Level 1:colcon.colcon_core.package_identification:_identify(/home/bjorn/Documents/ros-projects/cam_ws/src/ros2_v4l2_camera) by extension 'colcon_meta'
[0.428s] Level 1:colcon.colcon_core.package_identification:_identify(/home/bjorn/Documents/ros-projects/cam_ws/src/ros2_v4l2_camera) by extensions ['ros']
[0.428s] Level 1:colcon.colcon_core.package_identification:_identify(/home/bjorn/Documents/ros-projects/cam_ws/src/ros2_v4l2_camera) by extension 'ros'
[0.429s] DEBUG:colcon.colcon_core.package_identification:Package '/home/bjorn/Documents/ros-projects/cam_ws/src/ros2_v4l2_camera' with type 'ros.ament_cmake' and name 'v4l2_camera'
[0.429s] Level 1:colcon.colcon_core.package_identification:_identify(/home/bjorn/Documents/ros-projects/cam_ws/src/vision_opencv) by extensions ['ignore', 'ignore_ament_install']
[0.429s] Level 1:colcon.colcon_core.package_identification:_identify(/home/bjorn/Documents/ros-projects/cam_ws/src/vision_opencv) by extension 'ignore'
[0.429s] Level 1:colcon.colcon_core.package_identification:_identify(/home/bjorn/Documents/ros-projects/cam_ws/src/vision_opencv) by extension 'ignore_ament_install'
[0.429s] Level 1:colcon.colcon_core.package_identification:_identify(/home/bjorn/Documents/ros-projects/cam_ws/src/vision_opencv) by extensions ['colcon_pkg']
[0.429s] Level 1:colcon.colcon_core.package_identification:_identify(/home/bjorn/Documents/ros-projects/cam_ws/src/vision_opencv) by extension 'colcon_pkg'
[0.429s] Level 1:colcon.colcon_core.package_identification:_identify(/home/bjorn/Documents/ros-projects/cam_ws/src/vision_opencv) by extensions ['colcon_meta']
[0.429s] Level 1:colcon.colcon_core.package_identification:_identify(/home/bjorn/Documents/ros-projects/cam_ws/src/vision_opencv) by extension 'colcon_meta'
[0.429s] Level 1:colcon.colcon_core.package_identification:_identify(/home/bjorn/Documents/ros-projects/cam_ws/src/vision_opencv) by extensions ['ros']
[0.429s] Level 1:colcon.colcon_core.package_identification:_identify(/home/bjorn/Documents/ros-projects/cam_ws/src/vision_opencv) by extension 'ros'
[0.429s] Level 1:colcon.colcon_core.package_identification:_identify(/home/bjorn/Documents/ros-projects/cam_ws/src/vision_opencv) by extensions ['cmake', 'python']
[0.429s] Level 1:colcon.colcon_core.package_identification:_identify(/home/bjorn/Documents/ros-projects/cam_ws/src/vision_opencv) by extension 'cmake'
[0.429s] Level 1:colcon.colcon_core.package_identification:_identify(/home/bjorn/Documents/ros-projects/cam_ws/src/vision_opencv) by extension 'python'
[0.429s] Level 1:colcon.colcon_core.package_identification:_identify(/home/bjorn/Documents/ros-projects/cam_ws/src/vision_opencv) by extensions ['python_setup_py']
[0.429s] Level 1:colcon.colcon_core.package_identification:_identify(/home/bjorn/Documents/ros-projects/cam_ws/src/vision_opencv) by extension 'python_setup_py'
[0.429s] Level 1:colcon.colcon_core.package_identification:_identify(/home/bjorn/Documents/ros-projects/cam_ws/src/vision_opencv/cv_bridge) by extensions ['ignore', 'ignore_ament_install']
[0.429s] Level 1:colcon.colcon_core.package_identification:_identify(/home/bjorn/Documents/ros-projects/cam_ws/src/vision_opencv/cv_bridge) by extension 'ignore'
[0.429s] Level 1:colcon.colcon_core.package_identification:_identify(/home/bjorn/Documents/ros-projects/cam_ws/src/vision_opencv/cv_bridge) by extension 'ignore_ament_install'
[0.429s] Level 1:colcon.colcon_core.package_identification:_identify(/home/bjorn/Documents/ros-projects/cam_ws/src/vision_opencv/cv_bridge) by extensions ['colcon_pkg']
[0.429s] Level 1:colcon.colcon_core.package_identification:_identify(/home/bjorn/Documents/ros-projects/cam_ws/src/vision_opencv/cv_bridge) by extension 'colcon_pkg'
[0.429s] Level 1:colcon.colcon_core.package_identification:_identify(/home/bjorn/Documents/ros-projects/cam_ws/src/vision_opencv/cv_bridge) by extensions ['colcon_meta']
[0.429s] Level 1:colcon.colcon_core.package_identification:_identify(/home/bjorn/Documents/ros-projects/cam_ws/src/vision_opencv/cv_bridge) by extension 'colcon_meta'
[0.430s] Level 1:colcon.colcon_core.package_identification:_identify(/home/bjorn/Documents/ros-projects/cam_ws/src/vision_opencv/cv_bridge) by extensions ['ros']
[0.430s] Level 1:colcon.colcon_core.package_identification:_identify(/home/bjorn/Documents/ros-projects/cam_ws/src/vision_opencv/cv_bridge) by extension 'ros'
[0.430s] DEBUG:colcon.colcon_core.package_identification:Package '/home/bjorn/Documents/ros-projects/cam_ws/src/vision_opencv/cv_bridge' with type 'ros.ament_cmake' and name 'cv_bridge'
[0.430s] Level 1:colcon.colcon_core.package_identification:_identify(/home/bjorn/Documents/ros-projects/cam_ws/src/vision_opencv/image_geometry) by extensions ['ignore', 'ignore_ament_install']
[0.431s] Level 1:colcon.colcon_core.package_identification:_identify(/home/bjorn/Documents/ros-projects/cam_ws/src/vision_opencv/image_geometry) by extension 'ignore'
[0.431s] Level 1:colcon.colcon_core.package_identification:_identify(/home/bjorn/Documents/ros-projects/cam_ws/src/vision_opencv/image_geometry) by extension 'ignore_ament_install'
[0.431s] Level 1:colcon.colcon_core.package_identification:_identify(/home/bjorn/Documents/ros-projects/cam_ws/src/vision_opencv/image_geometry) by extensions ['colcon_pkg']
[0.431s] Level 1:colcon.colcon_core.package_identification:_identify(/home/bjorn/Documents/ros-projects/cam_ws/src/vision_opencv/image_geometry) by extension 'colcon_pkg'
[0.431s] Level 1:colcon.colcon_core.package_identification:_identify(/home/bjorn/Documents/ros-projects/cam_ws/src/vision_opencv/image_geometry) by extensions ['colcon_meta']
[0.431s] Level 1:colcon.colcon_core.package_identification:_identify(/home/bjorn/Documents/ros-projects/cam_ws/src/vision_opencv/image_geometry) by extension 'colcon_meta'
[0.431s] Level 1:colcon.colcon_core.package_identification:_identify(/home/bjorn/Documents/ros-projects/cam_ws/src/vision_opencv/image_geometry) by extensions ['ros']
[0.431s] Level 1:colcon.colcon_core.package_identification:_identify(/home/bjorn/Documents/ros-projects/cam_ws/src/vision_opencv/image_geometry) by extension 'ros'
[0.431s] DEBUG:colcon.colcon_core.package_identification:Package '/home/bjorn/Documents/ros-projects/cam_ws/src/vision_opencv/image_geometry' with type 'ros.ament_cmake' and name 'image_geometry'
[0.431s] Level 1:colcon.colcon_core.package_identification:_identify(/home/bjorn/Documents/ros-projects/cam_ws/src/vision_opencv/opencv_tests) by extensions ['ignore', 'ignore_ament_install']
[0.431s] Level 1:colcon.colcon_core.package_identification:_identify(/home/bjorn/Documents/ros-projects/cam_ws/src/vision_opencv/opencv_tests) by extension 'ignore'
[0.432s] Level 1:colcon.colcon_core.package_identification:_identify(/home/bjorn/Documents/ros-projects/cam_ws/src/vision_opencv/opencv_tests) by extension 'ignore_ament_install'
[0.432s] Level 1:colcon.colcon_core.package_identification:_identify(/home/bjorn/Documents/ros-projects/cam_ws/src/vision_opencv/opencv_tests) by extensions ['colcon_pkg']
[0.432s] Level 1:colcon.colcon_core.package_identification:_identify(/home/bjorn/Documents/ros-projects/cam_ws/src/vision_opencv/opencv_tests) by extension 'colcon_pkg'
[0.432s] Level 1:colcon.colcon_core.package_identification:_identify(/home/bjorn/Documents/ros-projects/cam_ws/src/vision_opencv/opencv_tests) by extensions ['colcon_meta']
[0.432s] Level 1:colcon.colcon_core.package_identification:_identify(/home/bjorn/Documents/ros-projects/cam_ws/src/vision_opencv/opencv_tests) by extension 'colcon_meta'
[0.432s] Level 1:colcon.colcon_core.package_identification:_identify(/home/bjorn/Documents/ros-projects/cam_ws/src/vision_opencv/opencv_tests) by extensions ['ros']
[0.432s] Level 1:colcon.colcon_core.package_identification:_identify(/home/bjorn/Documents/ros-projects/cam_ws/src/vision_opencv/opencv_tests) by extension 'ros'
[0.432s] DEBUG:colcon.colcon_core.package_identification:Package '/home/bjorn/Documents/ros-projects/cam_ws/src/vision_opencv/opencv_tests' with type 'ros.ament_python' and name 'opencv_tests'
[0.432s] Level 1:colcon.colcon_core.package_identification:_identify(/home/bjorn/Documents/ros-projects/cam_ws/src/vision_opencv/vision_opencv) by extensions ['ignore', 'ignore_ament_install']
[0.432s] Level 1:colcon.colcon_core.package_identification:_identify(/home/bjorn/Documents/ros-projects/cam_ws/src/vision_opencv/vision_opencv) by extension 'ignore'
[0.432s] Level 1:colcon.colcon_core.package_identification:_identify(/home/bjorn/Documents/ros-projects/cam_ws/src/vision_opencv/vision_opencv) by extension 'ignore_ament_install'
[0.432s] Level 1:colcon.colcon_core.package_identification:_identify(/home/bjorn/Documents/ros-projects/cam_ws/src/vision_opencv/vision_opencv) by extensions ['colcon_pkg']
[0.432s] Level 1:colcon.colcon_core.package_identification:_identify(/home/bjorn/Documents/ros-projects/cam_ws/src/vision_opencv/vision_opencv) by extension 'colcon_pkg'
[0.432s] Level 1:colcon.colcon_core.package_identification:_identify(/home/bjorn/Documents/ros-projects/cam_ws/src/vision_opencv/vision_opencv) by extensions ['colcon_meta']
[0.432s] Level 1:colcon.colcon_core.package_identification:_identify(/home/bjorn/Documents/ros-projects/cam_ws/src/vision_opencv/vision_opencv) by extension 'colcon_meta'
[0.432s] Level 1:colcon.colcon_core.package_identification:_identify(/home/bjorn/Documents/ros-projects/cam_ws/src/vision_opencv/vision_opencv) by extensions ['ros']
[0.433s] Level 1:colcon.colcon_core.package_identification:_identify(/home/bjorn/Documents/ros-projects/cam_ws/src/vision_opencv/vision_opencv) by extension 'ros'
[0.433s] DEBUG:colcon.colcon_core.package_identification:Package '/home/bjorn/Documents/ros-projects/cam_ws/src/vision_opencv/vision_opencv' with type 'ros.ament_cmake' and name 'vision_opencv'
[0.433s] Level 1:colcon.colcon_core.package_discovery:discover_packages(recursive) using defaults
