[0.271s] Invoking command in '/home/bjorn/Documents/ros-projects/cam_ws/build/vision_opencv': AMENT_PREFIX_PATH=/home/bjorn/Documents/ros-projects/cam_ws/install/image_geometry:/home/bjorn/Documents/ros-projects/cam_ws/install/cv_bridge:${AMENT_PREFIX_PATH} CMAKE_PREFIX_PATH=/home/bjorn/Documents/ros-projects/cam_ws/install/image_geometry:/home/bjorn/Documents/ros-projects/cam_ws/install/cv_bridge:/opt/ros/humble LD_LIBRARY_PATH=/home/bjorn/Documents/ros-projects/cam_ws/install/image_geometry/lib:/home/bjorn/Documents/ros-projects/cam_ws/install/cv_bridge/lib:${LD_LIBRARY_PATH} PYTHONPATH=/home/bjorn/Documents/ros-projects/cam_ws/install/image_geometry/local/lib/python3.10/dist-packages:/home/bjorn/Documents/ros-projects/cam_ws/install/cv_bridge/local/lib/python3.10/dist-packages:${PYTHONPATH} /home/bjorn/.local/bin/cmake /home/bjorn/Documents/ros-projects/cam_ws/src/vision_opencv/vision_opencv -DCMAKE_INSTALL_PREFIX=/home/bjorn/Documents/ros-projects/cam_ws/install/vision_opencv
[0.320s] -- The C compiler identification is GNU 11.3.0
[0.356s] -- The CXX compiler identification is GNU 11.3.0
[0.362s] -- Detecting C compiler ABI info
[0.404s] -- Detecting C compiler ABI info - done
[0.412s] -- Check for working C compiler: /usr/bin/cc - skipped
[0.412s] -- Detecting C compile features
[0.412s] -- Detecting C compile features - done
[0.416s] -- Detecting CXX compiler ABI info
[0.457s] -- Detecting CXX compiler ABI info - done
[0.467s] -- Check for working CXX compiler: /usr/bin/c++ - skipped
[0.467s] -- Detecting CXX compile features
[0.468s] -- Detecting CXX compile features - done
[0.470s] -- Found ament_cmake: 1.3.4 (/opt/ros/humble/share/ament_cmake/cmake)
[0.721s] -- Found Python3: /usr/bin/python3.10 (found version "3.10.6") found components: Interpreter 
[0.827s] -- Configuring done (0.5s)
[0.828s] -- Generating done (0.0s)
[0.829s] -- Build files have been written to: /home/bjorn/Documents/ros-projects/cam_ws/build/vision_opencv
[0.834s] Invoked command in '/home/bjorn/Documents/ros-projects/cam_ws/build/vision_opencv' returned '0': AMENT_PREFIX_PATH=/home/bjorn/Documents/ros-projects/cam_ws/install/image_geometry:/home/bjorn/Documents/ros-projects/cam_ws/install/cv_bridge:${AMENT_PREFIX_PATH} CMAKE_PREFIX_PATH=/home/bjorn/Documents/ros-projects/cam_ws/install/image_geometry:/home/bjorn/Documents/ros-projects/cam_ws/install/cv_bridge:/opt/ros/humble LD_LIBRARY_PATH=/home/bjorn/Documents/ros-projects/cam_ws/install/image_geometry/lib:/home/bjorn/Documents/ros-projects/cam_ws/install/cv_bridge/lib:${LD_LIBRARY_PATH} PYTHONPATH=/home/bjorn/Documents/ros-projects/cam_ws/install/image_geometry/local/lib/python3.10/dist-packages:/home/bjorn/Documents/ros-projects/cam_ws/install/cv_bridge/local/lib/python3.10/dist-packages:${PYTHONPATH} /home/bjorn/.local/bin/cmake /home/bjorn/Documents/ros-projects/cam_ws/src/vision_opencv/vision_opencv -DCMAKE_INSTALL_PREFIX=/home/bjorn/Documents/ros-projects/cam_ws/install/vision_opencv
[0.835s] Invoking command in '/home/bjorn/Documents/ros-projects/cam_ws/build/vision_opencv': AMENT_PREFIX_PATH=/home/bjorn/Documents/ros-projects/cam_ws/install/image_geometry:/home/bjorn/Documents/ros-projects/cam_ws/install/cv_bridge:${AMENT_PREFIX_PATH} CMAKE_PREFIX_PATH=/home/bjorn/Documents/ros-projects/cam_ws/install/image_geometry:/home/bjorn/Documents/ros-projects/cam_ws/install/cv_bridge:/opt/ros/humble LD_LIBRARY_PATH=/home/bjorn/Documents/ros-projects/cam_ws/install/image_geometry/lib:/home/bjorn/Documents/ros-projects/cam_ws/install/cv_bridge/lib:${LD_LIBRARY_PATH} PYTHONPATH=/home/bjorn/Documents/ros-projects/cam_ws/install/image_geometry/local/lib/python3.10/dist-packages:/home/bjorn/Documents/ros-projects/cam_ws/install/cv_bridge/local/lib/python3.10/dist-packages:${PYTHONPATH} /home/bjorn/.local/bin/cmake --build /home/bjorn/Documents/ros-projects/cam_ws/build/vision_opencv -- -j20 -l20
[0.863s] Invoked command in '/home/bjorn/Documents/ros-projects/cam_ws/build/vision_opencv' returned '0': AMENT_PREFIX_PATH=/home/bjorn/Documents/ros-projects/cam_ws/install/image_geometry:/home/bjorn/Documents/ros-projects/cam_ws/install/cv_bridge:${AMENT_PREFIX_PATH} CMAKE_PREFIX_PATH=/home/bjorn/Documents/ros-projects/cam_ws/install/image_geometry:/home/bjorn/Documents/ros-projects/cam_ws/install/cv_bridge:/opt/ros/humble LD_LIBRARY_PATH=/home/bjorn/Documents/ros-projects/cam_ws/install/image_geometry/lib:/home/bjorn/Documents/ros-projects/cam_ws/install/cv_bridge/lib:${LD_LIBRARY_PATH} PYTHONPATH=/home/bjorn/Documents/ros-projects/cam_ws/install/image_geometry/local/lib/python3.10/dist-packages:/home/bjorn/Documents/ros-projects/cam_ws/install/cv_bridge/local/lib/python3.10/dist-packages:${PYTHONPATH} /home/bjorn/.local/bin/cmake --build /home/bjorn/Documents/ros-projects/cam_ws/build/vision_opencv -- -j20 -l20
[0.889s] Invoking command in '/home/bjorn/Documents/ros-projects/cam_ws/build/vision_opencv': AMENT_PREFIX_PATH=/home/bjorn/Documents/ros-projects/cam_ws/install/image_geometry:/home/bjorn/Documents/ros-projects/cam_ws/install/cv_bridge:${AMENT_PREFIX_PATH} CMAKE_PREFIX_PATH=/home/bjorn/Documents/ros-projects/cam_ws/install/image_geometry:/home/bjorn/Documents/ros-projects/cam_ws/install/cv_bridge:/opt/ros/humble LD_LIBRARY_PATH=/home/bjorn/Documents/ros-projects/cam_ws/install/image_geometry/lib:/home/bjorn/Documents/ros-projects/cam_ws/install/cv_bridge/lib:${LD_LIBRARY_PATH} PYTHONPATH=/home/bjorn/Documents/ros-projects/cam_ws/install/image_geometry/local/lib/python3.10/dist-packages:/home/bjorn/Documents/ros-projects/cam_ws/install/cv_bridge/local/lib/python3.10/dist-packages:${PYTHONPATH} /home/bjorn/.local/bin/cmake --install /home/bjorn/Documents/ros-projects/cam_ws/build/vision_opencv
[0.907s] -- Install configuration: ""
[0.907s] -- Installing: /home/bjorn/Documents/ros-projects/cam_ws/install/vision_opencv/share/ament_index/resource_index/package_run_dependencies/vision_opencv
[0.907s] -- Installing: /home/bjorn/Documents/ros-projects/cam_ws/install/vision_opencv/share/ament_index/resource_index/parent_prefix_path/vision_opencv
[0.907s] -- Installing: /home/bjorn/Documents/ros-projects/cam_ws/install/vision_opencv/share/vision_opencv/environment/ament_prefix_path.sh
[0.907s] -- Installing: /home/bjorn/Documents/ros-projects/cam_ws/install/vision_opencv/share/vision_opencv/environment/ament_prefix_path.dsv
[0.907s] -- Installing: /home/bjorn/Documents/ros-projects/cam_ws/install/vision_opencv/share/vision_opencv/environment/path.sh
[0.908s] -- Installing: /home/bjorn/Documents/ros-projects/cam_ws/install/vision_opencv/share/vision_opencv/environment/path.dsv
[0.908s] -- Installing: /home/bjorn/Documents/ros-projects/cam_ws/install/vision_opencv/share/vision_opencv/local_setup.bash
[0.908s] -- Installing: /home/bjorn/Documents/ros-projects/cam_ws/install/vision_opencv/share/vision_opencv/local_setup.sh
[0.908s] -- Installing: /home/bjorn/Documents/ros-projects/cam_ws/install/vision_opencv/share/vision_opencv/local_setup.zsh
[0.908s] -- Installing: /home/bjorn/Documents/ros-projects/cam_ws/install/vision_opencv/share/vision_opencv/local_setup.dsv
[0.908s] -- Installing: /home/bjorn/Documents/ros-projects/cam_ws/install/vision_opencv/share/vision_opencv/package.dsv
[0.908s] -- Installing: /home/bjorn/Documents/ros-projects/cam_ws/install/vision_opencv/share/ament_index/resource_index/packages/vision_opencv
[0.908s] -- Installing: /home/bjorn/Documents/ros-projects/cam_ws/install/vision_opencv/share/vision_opencv/cmake/vision_opencvConfig.cmake
[0.908s] -- Installing: /home/bjorn/Documents/ros-projects/cam_ws/install/vision_opencv/share/vision_opencv/cmake/vision_opencvConfig-version.cmake
[0.908s] -- Installing: /home/bjorn/Documents/ros-projects/cam_ws/install/vision_opencv/share/vision_opencv/package.xml
[0.921s] Invoked command in '/home/bjorn/Documents/ros-projects/cam_ws/build/vision_opencv' returned '0': AMENT_PREFIX_PATH=/home/bjorn/Documents/ros-projects/cam_ws/install/image_geometry:/home/bjorn/Documents/ros-projects/cam_ws/install/cv_bridge:${AMENT_PREFIX_PATH} CMAKE_PREFIX_PATH=/home/bjorn/Documents/ros-projects/cam_ws/install/image_geometry:/home/bjorn/Documents/ros-projects/cam_ws/install/cv_bridge:/opt/ros/humble LD_LIBRARY_PATH=/home/bjorn/Documents/ros-projects/cam_ws/install/image_geometry/lib:/home/bjorn/Documents/ros-projects/cam_ws/install/cv_bridge/lib:${LD_LIBRARY_PATH} PYTHONPATH=/home/bjorn/Documents/ros-projects/cam_ws/install/image_geometry/local/lib/python3.10/dist-packages:/home/bjorn/Documents/ros-projects/cam_ws/install/cv_bridge/local/lib/python3.10/dist-packages:${PYTHONPATH} /home/bjorn/.local/bin/cmake --install /home/bjorn/Documents/ros-projects/cam_ws/build/vision_opencv
