-- Checking for module 'gstreamer-1.0'
--   Found gstreamer-1.0, version 1.20.3
-- Checking for module 'gstreamer-app-1.0'
--   Found gstreamer-app-1.0, version 1.20.1
-- Found ament_cmake: 1.3.4 (/opt/ros/humble/share/ament_cmake/cmake)
-- Found Python3: /usr/bin/python3.10 (found version "3.10.6") found components: Interpreter 
-- Found camera_calibration_parsers: 3.1.5 (/home/bjorn/Documents/ros-projects/cam_ws/install/camera_calibration_parsers/share/camera_calibration_parsers/cmake)
-- Found rosidl_generator_c: 3.1.4 (/opt/ros/humble/share/rosidl_generator_c/cmake)
-- Found rosidl_adapter: 3.1.4 (/opt/ros/humble/share/rosidl_adapter/cmake)
-- Found rosidl_generator_cpp: 3.1.4 (/opt/ros/humble/share/rosidl_generator_cpp/cmake)
-- Using all available rosidl_typesupport_c: rosidl_typesupport_fastrtps_c;rosidl_typesupport_introspection_c
-- Using all available rosidl_typesupport_cpp: rosidl_typesupport_fastrtps_cpp;rosidl_typesupport_introspection_cpp
-- Found rmw_implementation_cmake: 6.1.1 (/opt/ros/humble/share/rmw_implementation_cmake/cmake)
-- Found rmw_fastrtps_cpp: 6.2.2 (/opt/ros/humble/share/rmw_fastrtps_cpp/cmake)
-- Found OpenSSL: /usr/lib/x86_64-linux-gnu/libcrypto.so (found version "3.0.2")  
-- Found FastRTPS: /opt/ros/humble/include  
-- Using RMW implementation 'rmw_fastrtps_cpp' as default
-- Performing Test CMAKE_HAVE_LIBC_PTHREAD
-- Performing Test CMAKE_HAVE_LIBC_PTHREAD - Success
-- Found Threads: TRUE  
-- Found camera_info_manager: 3.1.5 (/home/bjorn/Documents/ros-projects/cam_ws/install/camera_info_manager/share/camera_info_manager/cmake)
-- Found class_loader: 2.2.0 (/opt/ros/humble/share/class_loader/cmake)
-- Found rclcpp_components: 16.0.4 (/opt/ros/humble/share/rclcpp_components/cmake)
-- Found rclpy: 3.3.8 (/opt/ros/humble/share/rclpy/cmake)
[31mCMake Error at CMakeLists.txt:34 (find_package):
  By not providing "Findros2_shared.cmake" in CMAKE_MODULE_PATH this project
  has asked CMake to find a package configuration file provided by
  "ros2_shared", but CMake did not find one.

  Could not find a package configuration file provided by "ros2_shared" with
  any of the following names:

    ros2_sharedConfig.cmake
    ros2_shared-config.cmake

  Add the installation prefix of "ros2_shared" to CMAKE_PREFIX_PATH or set
  "ros2_shared_DIR" to a directory containing one of the above files.  If
  "ros2_shared" provides a separate development package or SDK, be sure it
  has been installed.

[0m
-- Configuring incomplete, errors occurred!
