[0.014s] Invoking command in '/home/bjorn/Documents/ros-projects/cam_ws/build/camera_calibration_parsers': CMAKE_PREFIX_PATH=/opt/ros/humble /home/bjorn/.local/bin/cmake --build /home/bjorn/Documents/ros-projects/cam_ws/build/camera_calibration_parsers -- -j20 -l20
[0.042s] [ 14%] Built target gtest_main
[0.043s] [ 28%] Built target gtest
[0.045s] [ 57%] Built target camera_calibration_parsers
[0.052s] [ 71%] Built target convert
[0.052s] [ 85%] Built target camera_calibration_parsers-parse_ini
[0.052s] [100%] Built target camera_calibration_parsers-parse_yml
[0.058s] Invoked command in '/home/bjorn/Documents/ros-projects/cam_ws/build/camera_calibration_parsers' returned '0': CMAKE_PREFIX_PATH=/opt/ros/humble /home/bjorn/.local/bin/cmake --build /home/bjorn/Documents/ros-projects/cam_ws/build/camera_calibration_parsers -- -j20 -l20
[0.114s] Invoking command in '/home/bjorn/Documents/ros-projects/cam_ws/build/camera_calibration_parsers': CMAKE_PREFIX_PATH=/opt/ros/humble /home/bjorn/.local/bin/cmake --install /home/bjorn/Documents/ros-projects/cam_ws/build/camera_calibration_parsers
[0.131s] -- Install configuration: ""
[0.131s] -- Up-to-date: /home/bjorn/Documents/ros-projects/cam_ws/install/camera_calibration_parsers/lib/libcamera_calibration_parsers.so
[0.131s] -- Up-to-date: /home/bjorn/Documents/ros-projects/cam_ws/install/camera_calibration_parsers/lib/camera_calibration_parsers/convert
[0.131s] -- Up-to-date: /home/bjorn/Documents/ros-projects/cam_ws/install/camera_calibration_parsers/include/camera_calibration_parsers
[0.131s] -- Up-to-date: /home/bjorn/Documents/ros-projects/cam_ws/install/camera_calibration_parsers/include/camera_calibration_parsers/camera_calibration_parsers
[0.131s] -- Up-to-date: /home/bjorn/Documents/ros-projects/cam_ws/install/camera_calibration_parsers/include/camera_calibration_parsers/camera_calibration_parsers/parse.h
[0.131s] -- Up-to-date: /home/bjorn/Documents/ros-projects/cam_ws/install/camera_calibration_parsers/include/camera_calibration_parsers/camera_calibration_parsers/parse_yml.hpp
[0.131s] -- Up-to-date: /home/bjorn/Documents/ros-projects/cam_ws/install/camera_calibration_parsers/include/camera_calibration_parsers/camera_calibration_parsers/parse_ini.h
[0.132s] -- Up-to-date: /home/bjorn/Documents/ros-projects/cam_ws/install/camera_calibration_parsers/include/camera_calibration_parsers/camera_calibration_parsers/parse_yml.h
[0.132s] -- Up-to-date: /home/bjorn/Documents/ros-projects/cam_ws/install/camera_calibration_parsers/include/camera_calibration_parsers/camera_calibration_parsers/parse_ini.hpp
[0.132s] -- Up-to-date: /home/bjorn/Documents/ros-projects/cam_ws/install/camera_calibration_parsers/include/camera_calibration_parsers/camera_calibration_parsers/parse.hpp
[0.132s] -- Up-to-date: /home/bjorn/Documents/ros-projects/cam_ws/install/camera_calibration_parsers/include/camera_calibration_parsers/camera_calibration_parsers/visibility_control.hpp
[0.132s] -- Up-to-date: /home/bjorn/Documents/ros-projects/cam_ws/install/camera_calibration_parsers/share/ament_index/resource_index/package_run_dependencies/camera_calibration_parsers
[0.132s] -- Up-to-date: /home/bjorn/Documents/ros-projects/cam_ws/install/camera_calibration_parsers/share/ament_index/resource_index/parent_prefix_path/camera_calibration_parsers
[0.132s] -- Up-to-date: /home/bjorn/Documents/ros-projects/cam_ws/install/camera_calibration_parsers/share/camera_calibration_parsers/environment/ament_prefix_path.sh
[0.132s] -- Up-to-date: /home/bjorn/Documents/ros-projects/cam_ws/install/camera_calibration_parsers/share/camera_calibration_parsers/environment/ament_prefix_path.dsv
[0.132s] -- Up-to-date: /home/bjorn/Documents/ros-projects/cam_ws/install/camera_calibration_parsers/share/camera_calibration_parsers/environment/path.sh
[0.132s] -- Up-to-date: /home/bjorn/Documents/ros-projects/cam_ws/install/camera_calibration_parsers/share/camera_calibration_parsers/environment/path.dsv
[0.132s] -- Up-to-date: /home/bjorn/Documents/ros-projects/cam_ws/install/camera_calibration_parsers/share/camera_calibration_parsers/local_setup.bash
[0.132s] -- Up-to-date: /home/bjorn/Documents/ros-projects/cam_ws/install/camera_calibration_parsers/share/camera_calibration_parsers/local_setup.sh
[0.132s] -- Up-to-date: /home/bjorn/Documents/ros-projects/cam_ws/install/camera_calibration_parsers/share/camera_calibration_parsers/local_setup.zsh
[0.132s] -- Up-to-date: /home/bjorn/Documents/ros-projects/cam_ws/install/camera_calibration_parsers/share/camera_calibration_parsers/local_setup.dsv
[0.132s] -- Installing: /home/bjorn/Documents/ros-projects/cam_ws/install/camera_calibration_parsers/share/camera_calibration_parsers/package.dsv
[0.132s] -- Up-to-date: /home/bjorn/Documents/ros-projects/cam_ws/install/camera_calibration_parsers/share/ament_index/resource_index/packages/camera_calibration_parsers
[0.133s] -- Up-to-date: /home/bjorn/Documents/ros-projects/cam_ws/install/camera_calibration_parsers/share/camera_calibration_parsers/cmake/export_camera_calibration_parsersExport.cmake
[0.133s] -- Up-to-date: /home/bjorn/Documents/ros-projects/cam_ws/install/camera_calibration_parsers/share/camera_calibration_parsers/cmake/export_camera_calibration_parsersExport-noconfig.cmake
[0.133s] -- Up-to-date: /home/bjorn/Documents/ros-projects/cam_ws/install/camera_calibration_parsers/share/camera_calibration_parsers/cmake/ament_cmake_export_targets-extras.cmake
[0.133s] -- Up-to-date: /home/bjorn/Documents/ros-projects/cam_ws/install/camera_calibration_parsers/share/camera_calibration_parsers/cmake/ament_cmake_export_dependencies-extras.cmake
[0.133s] -- Up-to-date: /home/bjorn/Documents/ros-projects/cam_ws/install/camera_calibration_parsers/share/camera_calibration_parsers/cmake/camera_calibration_parsersConfig.cmake
[0.133s] -- Up-to-date: /home/bjorn/Documents/ros-projects/cam_ws/install/camera_calibration_parsers/share/camera_calibration_parsers/cmake/camera_calibration_parsersConfig-version.cmake
[0.133s] -- Up-to-date: /home/bjorn/Documents/ros-projects/cam_ws/install/camera_calibration_parsers/share/camera_calibration_parsers/package.xml
[0.142s] Invoked command in '/home/bjorn/Documents/ros-projects/cam_ws/build/camera_calibration_parsers' returned '0': CMAKE_PREFIX_PATH=/opt/ros/humble /home/bjorn/.local/bin/cmake --install /home/bjorn/Documents/ros-projects/cam_ws/build/camera_calibration_parsers
