[0.022s] Invoking command in '/home/bjorn/Documents/ros-projects/cam_ws/build/theora_image_transport': CMAKE_PREFIX_PATH=/home/bjorn/Documents/ros-projects/cam_ws/install/image_transport:/home/bjorn/Documents/ros-projects/cam_ws/install/cv_bridge:/home/bjorn/Documents/ros-projects/cam_ws/install/vision_opencv:/home/bjorn/Documents/ros-projects/cam_ws/install/v4l2_camera:/home/bjorn/Documents/ros-projects/cam_ws/install/image_transport_plugins:/home/bjorn/Documents/ros-projects/cam_ws/install/theora_image_transport:/home/bjorn/Documents/ros-projects/cam_ws/install/gscam2:/home/bjorn/Documents/ros-projects/cam_ws/install/ros2_shared:/home/bjorn/Documents/ros-projects/cam_ws/install/image_common:/home/bjorn/Documents/ros-projects/cam_ws/install/compressed_image_transport:/home/bjorn/Documents/ros-projects/cam_ws/install/compressed_depth_image_transport:/home/bjorn/Documents/ros-projects/cam_ws/install/image_geometry:/home/bjorn/Documents/ros-projects/cam_ws/install/camera_info_manager:/home/bjorn/Documents/ros-projects/cam_ws/install/camera_calibration_parsers:/home/bjorn/Documents/ros-projects/cam_ws/install/opencv_tests:/opt/ros/humble LD_LIBRARY_PATH=/home/bjorn/Documents/ros-projects/cam_ws/install/image_transport/lib:/home/bjorn/Documents/ros-projects/cam_ws/install/cv_bridge/lib:/home/bjorn/Documents/ros-projects/cam_ws/install/v4l2_camera/lib:/home/bjorn/Documents/ros-projects/cam_ws/install/theora_image_transport/lib:/home/bjorn/Documents/ros-projects/cam_ws/install/gscam2/lib:/home/bjorn/Documents/ros-projects/cam_ws/install/compressed_image_transport/lib:/home/bjorn/Documents/ros-projects/cam_ws/install/compressed_depth_image_transport/lib:/home/bjorn/Documents/ros-projects/cam_ws/install/image_geometry/lib:/home/bjorn/Documents/ros-projects/cam_ws/install/camera_info_manager/lib:/home/bjorn/Documents/ros-projects/cam_ws/install/camera_calibration_parsers/lib:/usr/lib/x86_64-linux-gnu/gazebo-11/plugins:/opt/ros/humble/opt/rviz_ogre_vendor/lib:/opt/ros/humble/lib/x86_64-linux-gnu:/opt/ros/humble/lib /home/bjorn/.local/bin/cmake /home/bjorn/Documents/ros-projects/cam_ws/src/image_transport_plugins/theora_image_transport -DCMAKE_INSTALL_PREFIX=/home/bjorn/Documents/ros-projects/cam_ws/install/theora_image_transport
[0.070s] -- The C compiler identification is GNU 11.3.0
[0.110s] -- The CXX compiler identification is GNU 11.3.0
[0.117s] -- Detecting C compiler ABI info
[0.151s] -- Detecting C compiler ABI info - done
[0.160s] -- Check for working C compiler: /usr/bin/cc - skipped
[0.160s] -- Detecting C compile features
[0.160s] -- Detecting C compile features - done
[0.164s] -- Detecting CXX compiler ABI info
[0.209s] -- Detecting CXX compiler ABI info - done
[0.217s] -- Check for working CXX compiler: /usr/bin/c++ - skipped
[0.218s] -- Detecting CXX compile features
[0.218s] -- Detecting CXX compile features - done
[0.220s] -- Found ament_cmake: 1.3.4 (/opt/ros/humble/share/ament_cmake/cmake)
[0.512s] -- Found Python3: /usr/bin/python3.10 (found version "3.10.6") found components: Interpreter 
[0.591s] -- Found image_transport: 3.1.5 (/home/bjorn/Documents/ros-projects/cam_ws/install/image_transport/share/image_transport/cmake)
[0.641s] -- Found rosidl_generator_c: 3.1.4 (/opt/ros/humble/share/rosidl_generator_c/cmake)
[0.646s] -- Found rosidl_adapter: 3.1.4 (/opt/ros/humble/share/rosidl_adapter/cmake)
[0.655s] -- Found rosidl_generator_cpp: 3.1.4 (/opt/ros/humble/share/rosidl_generator_cpp/cmake)
[0.670s] -- Using all available rosidl_typesupport_c: rosidl_typesupport_fastrtps_c;rosidl_typesupport_introspection_c
[0.694s] -- Using all available rosidl_typesupport_cpp: rosidl_typesupport_fastrtps_cpp;rosidl_typesupport_introspection_cpp
[0.763s] -- Found rmw_implementation_cmake: 6.1.1 (/opt/ros/humble/share/rmw_implementation_cmake/cmake)
[0.765s] -- Found rmw_fastrtps_cpp: 6.2.2 (/opt/ros/humble/share/rmw_fastrtps_cpp/cmake)
[0.838s] -- Found OpenSSL: /usr/lib/x86_64-linux-gnu/libcrypto.so (found version "3.0.2")  
[0.862s] -- Found FastRTPS: /opt/ros/humble/include  
[0.904s] -- Using RMW implementation 'rmw_fastrtps_cpp' as default
[0.913s] -- Performing Test CMAKE_HAVE_LIBC_PTHREAD
[0.951s] -- Performing Test CMAKE_HAVE_LIBC_PTHREAD - Success
[0.952s] -- Found Threads: TRUE  
[1.278s] -- Found cv_bridge: 3.2.1 (/home/bjorn/Documents/ros-projects/cam_ws/install/cv_bridge/share/cv_bridge/cmake)
[1.294s] -- Found rosidl_default_generators: 1.2.0 (/opt/ros/humble/share/rosidl_default_generators/cmake)
[1.305s] -- Found OpenCV: /usr (found version "4.5.4") found components: imgproc 
[1.307s] -- Found PkgConfig: /usr/bin/pkg-config (found version "0.29.2") 
[1.308s] -- Checking for module 'ogg'
[1.317s] --   Found ogg, version 1.3.5
[1.333s] -- Checking for module 'theora'
[1.341s] --   Found theora, version 1.1.1
[1.359s] -- Checking for module 'theoraenc'
[1.368s] --   Found theoraenc, version 1.1.1
[1.388s] -- Checking for module 'theoradec'
[1.395s] --   Found theoradec, version 1.1.1
[1.604s] -- Found ament_cmake_cppcheck: 0.12.6 (/opt/ros/humble/share/ament_cmake_cppcheck/cmake)
[1.608s] -- Found ament_cmake_cpplint: 0.12.6 (/opt/ros/humble/share/ament_cmake_cpplint/cmake)
[1.611s] -- Found ament_cmake_uncrustify: 0.12.6 (/opt/ros/humble/share/ament_cmake_uncrustify/cmake)
[1.615s] -- Found ament_cmake_ros: 0.10.0 (/opt/ros/humble/share/ament_cmake_ros/cmake)
[1.917s] -- Using all available rosidl_typesupport_c: rosidl_typesupport_fastrtps_c;rosidl_typesupport_introspection_c
[2.042s] -- Using all available rosidl_typesupport_cpp: rosidl_typesupport_fastrtps_cpp;rosidl_typesupport_introspection_cpp
[2.066s] -- Found PythonInterp: /usr/bin/python3 (found suitable version "3.10.6", minimum required is "3.6") 
[2.069s] -- Found python_cmake_module: 0.10.0 (/opt/ros/humble/share/python_cmake_module/cmake)
[2.102s] -- Found PythonLibs: /usr/lib/x86_64-linux-gnu/libpython3.10.so (found suitable version "3.10.6", minimum required is "3.5") 
[2.102s] -- Using PYTHON_EXECUTABLE: /usr/bin/python3
[2.102s] -- Using PYTHON_INCLUDE_DIRS: /usr/include/python3.10
[2.102s] -- Using PYTHON_LIBRARIES: /usr/lib/x86_64-linux-gnu/libpython3.10.so
[2.120s] -- Found PythonExtra: .so  
[2.207s] -- Found ament_cmake_flake8: 0.12.6 (/opt/ros/humble/share/ament_cmake_flake8/cmake)
[2.211s] -- Found ament_cmake_pep257: 0.12.6 (/opt/ros/humble/share/ament_cmake_pep257/cmake)
[2.222s] -- Configuring done (2.2s)
[2.283s] -- Generating done (0.0s)
[2.287s] -- Build files have been written to: /home/bjorn/Documents/ros-projects/cam_ws/build/theora_image_transport
[2.321s] Invoked command in '/home/bjorn/Documents/ros-projects/cam_ws/build/theora_image_transport' returned '0': CMAKE_PREFIX_PATH=/home/bjorn/Documents/ros-projects/cam_ws/install/image_transport:/home/bjorn/Documents/ros-projects/cam_ws/install/cv_bridge:/home/bjorn/Documents/ros-projects/cam_ws/install/vision_opencv:/home/bjorn/Documents/ros-projects/cam_ws/install/v4l2_camera:/home/bjorn/Documents/ros-projects/cam_ws/install/image_transport_plugins:/home/bjorn/Documents/ros-projects/cam_ws/install/theora_image_transport:/home/bjorn/Documents/ros-projects/cam_ws/install/gscam2:/home/bjorn/Documents/ros-projects/cam_ws/install/ros2_shared:/home/bjorn/Documents/ros-projects/cam_ws/install/image_common:/home/bjorn/Documents/ros-projects/cam_ws/install/compressed_image_transport:/home/bjorn/Documents/ros-projects/cam_ws/install/compressed_depth_image_transport:/home/bjorn/Documents/ros-projects/cam_ws/install/image_geometry:/home/bjorn/Documents/ros-projects/cam_ws/install/camera_info_manager:/home/bjorn/Documents/ros-projects/cam_ws/install/camera_calibration_parsers:/home/bjorn/Documents/ros-projects/cam_ws/install/opencv_tests:/opt/ros/humble LD_LIBRARY_PATH=/home/bjorn/Documents/ros-projects/cam_ws/install/image_transport/lib:/home/bjorn/Documents/ros-projects/cam_ws/install/cv_bridge/lib:/home/bjorn/Documents/ros-projects/cam_ws/install/v4l2_camera/lib:/home/bjorn/Documents/ros-projects/cam_ws/install/theora_image_transport/lib:/home/bjorn/Documents/ros-projects/cam_ws/install/gscam2/lib:/home/bjorn/Documents/ros-projects/cam_ws/install/compressed_image_transport/lib:/home/bjorn/Documents/ros-projects/cam_ws/install/compressed_depth_image_transport/lib:/home/bjorn/Documents/ros-projects/cam_ws/install/image_geometry/lib:/home/bjorn/Documents/ros-projects/cam_ws/install/camera_info_manager/lib:/home/bjorn/Documents/ros-projects/cam_ws/install/camera_calibration_parsers/lib:/usr/lib/x86_64-linux-gnu/gazebo-11/plugins:/opt/ros/humble/opt/rviz_ogre_vendor/lib:/opt/ros/humble/lib/x86_64-linux-gnu:/opt/ros/humble/lib /home/bjorn/.local/bin/cmake /home/bjorn/Documents/ros-projects/cam_ws/src/image_transport_plugins/theora_image_transport -DCMAKE_INSTALL_PREFIX=/home/bjorn/Documents/ros-projects/cam_ws/install/theora_image_transport
[2.322s] Invoking command in '/home/bjorn/Documents/ros-projects/cam_ws/build/theora_image_transport': CMAKE_PREFIX_PATH=/home/bjorn/Documents/ros-projects/cam_ws/install/image_transport:/home/bjorn/Documents/ros-projects/cam_ws/install/cv_bridge:/home/bjorn/Documents/ros-projects/cam_ws/install/vision_opencv:/home/bjorn/Documents/ros-projects/cam_ws/install/v4l2_camera:/home/bjorn/Documents/ros-projects/cam_ws/install/image_transport_plugins:/home/bjorn/Documents/ros-projects/cam_ws/install/theora_image_transport:/home/bjorn/Documents/ros-projects/cam_ws/install/gscam2:/home/bjorn/Documents/ros-projects/cam_ws/install/ros2_shared:/home/bjorn/Documents/ros-projects/cam_ws/install/image_common:/home/bjorn/Documents/ros-projects/cam_ws/install/compressed_image_transport:/home/bjorn/Documents/ros-projects/cam_ws/install/compressed_depth_image_transport:/home/bjorn/Documents/ros-projects/cam_ws/install/image_geometry:/home/bjorn/Documents/ros-projects/cam_ws/install/camera_info_manager:/home/bjorn/Documents/ros-projects/cam_ws/install/camera_calibration_parsers:/home/bjorn/Documents/ros-projects/cam_ws/install/opencv_tests:/opt/ros/humble LD_LIBRARY_PATH=/home/bjorn/Documents/ros-projects/cam_ws/install/image_transport/lib:/home/bjorn/Documents/ros-projects/cam_ws/install/cv_bridge/lib:/home/bjorn/Documents/ros-projects/cam_ws/install/v4l2_camera/lib:/home/bjorn/Documents/ros-projects/cam_ws/install/theora_image_transport/lib:/home/bjorn/Documents/ros-projects/cam_ws/install/gscam2/lib:/home/bjorn/Documents/ros-projects/cam_ws/install/compressed_image_transport/lib:/home/bjorn/Documents/ros-projects/cam_ws/install/compressed_depth_image_transport/lib:/home/bjorn/Documents/ros-projects/cam_ws/install/image_geometry/lib:/home/bjorn/Documents/ros-projects/cam_ws/install/camera_info_manager/lib:/home/bjorn/Documents/ros-projects/cam_ws/install/camera_calibration_parsers/lib:/usr/lib/x86_64-linux-gnu/gazebo-11/plugins:/opt/ros/humble/opt/rviz_ogre_vendor/lib:/opt/ros/humble/lib/x86_64-linux-gnu:/opt/ros/humble/lib /home/bjorn/.local/bin/cmake --build /home/bjorn/Documents/ros-projects/cam_ws/build/theora_image_transport -- -j20 -l20
[2.373s] [  2%] [34m[1mGenerating C code for ROS interfaces[0m
[2.377s] [  5%] [34m[1mGenerating C++ code for ROS interfaces[0m
[2.380s] [  5%] Built target ament_cmake_python_copy_theora_image_transport
[2.748s] [  8%] [32mBuilding C object CMakeFiles/theora_image_transport__rosidl_generator_c.dir/rosidl_generator_c/theora_image_transport/msg/detail/packet__functions.c.o[0m
[2.756s] [  8%] Built target theora_image_transport__cpp
[2.759s] [ 10%] [34m[1mGenerating C++ type support dispatch for ROS interfaces[0m
[2.760s] [ 16%] [34m[1mGenerating C++ introspection for ROS interfaces[0m
[2.760s] [ 16%] [34m[1mGenerating C++ type support for eProsima Fast-RTPS[0m
[2.799s] [ 18%] [32m[1mLinking C shared library libtheora_image_transport__rosidl_generator_c.so[0m
[2.827s] [ 18%] Built target theora_image_transport__rosidl_generator_c
[2.832s] [ 27%] [34m[1mGenerating C introspection for ROS interfaces[0m
[2.832s] [ 27%] [34m[1mGenerating C type support for eProsima Fast-RTPS[0m
[2.832s] [ 27%] [34m[1mGenerating C type support dispatch for ROS interfaces[0m
[2.834s] running egg_info
[2.834s] creating theora_image_transport.egg-info
[2.835s] writing theora_image_transport.egg-info/PKG-INFO
[2.835s] writing dependency_links to theora_image_transport.egg-info/dependency_links.txt
[2.835s] writing top-level names to theora_image_transport.egg-info/top_level.txt
[2.837s] writing manifest file 'theora_image_transport.egg-info/SOURCES.txt'
[2.840s] reading manifest file 'theora_image_transport.egg-info/SOURCES.txt'
[2.841s] writing manifest file 'theora_image_transport.egg-info/SOURCES.txt'
[2.877s] [ 27%] Built target ament_cmake_python_build_theora_image_transport_egg
[3.093s] [ 29%] [32mBuilding CXX object CMakeFiles/theora_image_transport__rosidl_typesupport_cpp.dir/rosidl_typesupport_cpp/theora_image_transport/msg/packet__type_support.cpp.o[0m
[3.104s] [ 32%] [32mBuilding CXX object CMakeFiles/theora_image_transport__rosidl_typesupport_introspection_cpp.dir/rosidl_typesupport_introspection_cpp/theora_image_transport/msg/detail/packet__type_support.cpp.o[0m
[3.131s] [ 35%] [32mBuilding CXX object CMakeFiles/theora_image_transport__rosidl_typesupport_fastrtps_cpp.dir/rosidl_typesupport_fastrtps_cpp/theora_image_transport/msg/detail/dds_fastrtps/packet__type_support.cpp.o[0m
[3.168s] [ 37%] [32mBuilding CXX object CMakeFiles/theora_image_transport__rosidl_typesupport_c.dir/rosidl_typesupport_c/theora_image_transport/msg/packet__type_support.cpp.o[0m
[3.176s] [ 40%] [32mBuilding C object CMakeFiles/theora_image_transport__rosidl_typesupport_introspection_c.dir/rosidl_typesupport_introspection_c/theora_image_transport/msg/detail/packet__type_support.c.o[0m
[3.192s] [ 43%] [32m[1mLinking CXX shared library libtheora_image_transport__rosidl_typesupport_c.so[0m
[3.197s] [ 45%] [32mBuilding CXX object CMakeFiles/theora_image_transport__rosidl_typesupport_fastrtps_c.dir/rosidl_typesupport_fastrtps_c/theora_image_transport/msg/detail/packet__type_support_c.cpp.o[0m
[3.209s] [ 48%] [32m[1mLinking C shared library libtheora_image_transport__rosidl_typesupport_introspection_c.so[0m
[3.224s] [ 48%] Built target theora_image_transport__rosidl_typesupport_c
[3.229s] [ 48%] Built target theora_image_transport__rosidl_typesupport_introspection_c
[3.382s] [ 51%] [32m[1mLinking CXX shared library libtheora_image_transport__rosidl_typesupport_cpp.so[0m
[3.413s] [ 51%] Built target theora_image_transport__rosidl_typesupport_cpp
[3.422s] [ 62%] [32mBuilding CXX object CMakeFiles/theora_image_transport_component.dir/src/manifest.cpp.o[0m
[3.423s] [ 62%] [32mBuilding CXX object CMakeFiles/theora_image_transport_component.dir/src/theora_subscriber.cpp.o[0m
[3.423s] [ 62%] [32mBuilding CXX object CMakeFiles/ogg_saver.dir/src/ogg_saver.cpp.o[0m
[3.423s] [ 62%] [32mBuilding CXX object CMakeFiles/theora_image_transport_component.dir/src/theora_publisher.cpp.o[0m
[3.435s] [ 64%] [32m[1mLinking CXX shared library libtheora_image_transport__rosidl_typesupport_introspection_cpp.so[0m
[3.521s] [ 64%] Built target theora_image_transport__rosidl_typesupport_introspection_cpp
[3.555s] [ 67%] [32m[1mLinking CXX shared library libtheora_image_transport__rosidl_typesupport_fastrtps_c.so[0m
[3.595s] [ 70%] [32m[1mLinking CXX shared library libtheora_image_transport__rosidl_typesupport_fastrtps_cpp.so[0m
[3.660s] [ 70%] Built target theora_image_transport__rosidl_typesupport_fastrtps_c
[3.694s] [ 70%] Built target theora_image_transport__rosidl_typesupport_fastrtps_cpp
[3.704s] [ 70%] Built target theora_image_transport
[3.714s] [ 72%] [34m[1mGenerating Python code for ROS interfaces[0m
[4.252s] [ 72%] Built target theora_image_transport__py
[4.262s] [ 75%] [32mBuilding C object CMakeFiles/theora_image_transport__rosidl_generator_py.dir/rosidl_generator_py/theora_image_transport/msg/_packet_s.c.o[0m
[4.386s] [ 78%] [32m[1mLinking C shared library rosidl_generator_py/theora_image_transport/libtheora_image_transport__rosidl_generator_py.so[0m
[4.419s] [ 78%] Built target theora_image_transport__rosidl_generator_py
[4.428s] [ 86%] [32mBuilding C object CMakeFiles/theora_image_transport__rosidl_typesupport_c__pyext.dir/rosidl_generator_py/theora_image_transport/_theora_image_transport_s.ep.rosidl_typesupport_c.c.o[0m
[4.428s] [ 86%] [32mBuilding C object CMakeFiles/theora_image_transport__rosidl_typesupport_fastrtps_c__pyext.dir/rosidl_generator_py/theora_image_transport/_theora_image_transport_s.ep.rosidl_typesupport_fastrtps_c.c.o[0m
[4.428s] [ 86%] [32mBuilding C object CMakeFiles/theora_image_transport__rosidl_typesupport_introspection_c__pyext.dir/rosidl_generator_py/theora_image_transport/_theora_image_transport_s.ep.rosidl_typesupport_introspection_c.c.o[0m
[4.532s] [ 91%] [32m[1mLinking C shared library rosidl_generator_py/theora_image_transport/theora_image_transport_s__rosidl_typesupport_fastrtps_c.cpython-310-x86_64-linux-gnu.so[0m
[4.533s] [ 91%] [32m[1mLinking C shared library rosidl_generator_py/theora_image_transport/theora_image_transport_s__rosidl_typesupport_c.cpython-310-x86_64-linux-gnu.so[0m
[4.540s] [ 94%] [32m[1mLinking C shared library rosidl_generator_py/theora_image_transport/theora_image_transport_s__rosidl_typesupport_introspection_c.cpython-310-x86_64-linux-gnu.so[0m
[4.560s] [ 94%] Built target theora_image_transport__rosidl_typesupport_c__pyext
[4.560s] [ 94%] Built target theora_image_transport__rosidl_typesupport_fastrtps_c__pyext
[4.569s] [ 94%] Built target theora_image_transport__rosidl_typesupport_introspection_c__pyext
[9.382s] [ 97%] [32m[1mLinking CXX shared library libtheora_image_transport_component.so[0m
[9.535s] [100%] [32m[1mLinking CXX executable ogg_saver[0m
[9.742s] [100%] Built target theora_image_transport_component
[9.788s] [100%] Built target ogg_saver
[9.795s] Invoked command in '/home/bjorn/Documents/ros-projects/cam_ws/build/theora_image_transport' returned '0': CMAKE_PREFIX_PATH=/home/bjorn/Documents/ros-projects/cam_ws/install/image_transport:/home/bjorn/Documents/ros-projects/cam_ws/install/cv_bridge:/home/bjorn/Documents/ros-projects/cam_ws/install/vision_opencv:/home/bjorn/Documents/ros-projects/cam_ws/install/v4l2_camera:/home/bjorn/Documents/ros-projects/cam_ws/install/image_transport_plugins:/home/bjorn/Documents/ros-projects/cam_ws/install/theora_image_transport:/home/bjorn/Documents/ros-projects/cam_ws/install/gscam2:/home/bjorn/Documents/ros-projects/cam_ws/install/ros2_shared:/home/bjorn/Documents/ros-projects/cam_ws/install/image_common:/home/bjorn/Documents/ros-projects/cam_ws/install/compressed_image_transport:/home/bjorn/Documents/ros-projects/cam_ws/install/compressed_depth_image_transport:/home/bjorn/Documents/ros-projects/cam_ws/install/image_geometry:/home/bjorn/Documents/ros-projects/cam_ws/install/camera_info_manager:/home/bjorn/Documents/ros-projects/cam_ws/install/camera_calibration_parsers:/home/bjorn/Documents/ros-projects/cam_ws/install/opencv_tests:/opt/ros/humble LD_LIBRARY_PATH=/home/bjorn/Documents/ros-projects/cam_ws/install/image_transport/lib:/home/bjorn/Documents/ros-projects/cam_ws/install/cv_bridge/lib:/home/bjorn/Documents/ros-projects/cam_ws/install/v4l2_camera/lib:/home/bjorn/Documents/ros-projects/cam_ws/install/theora_image_transport/lib:/home/bjorn/Documents/ros-projects/cam_ws/install/gscam2/lib:/home/bjorn/Documents/ros-projects/cam_ws/install/compressed_image_transport/lib:/home/bjorn/Documents/ros-projects/cam_ws/install/compressed_depth_image_transport/lib:/home/bjorn/Documents/ros-projects/cam_ws/install/image_geometry/lib:/home/bjorn/Documents/ros-projects/cam_ws/install/camera_info_manager/lib:/home/bjorn/Documents/ros-projects/cam_ws/install/camera_calibration_parsers/lib:/usr/lib/x86_64-linux-gnu/gazebo-11/plugins:/opt/ros/humble/opt/rviz_ogre_vendor/lib:/opt/ros/humble/lib/x86_64-linux-gnu:/opt/ros/humble/lib /home/bjorn/.local/bin/cmake --build /home/bjorn/Documents/ros-projects/cam_ws/build/theora_image_transport -- -j20 -l20
[9.853s] Invoking command in '/home/bjorn/Documents/ros-projects/cam_ws/build/theora_image_transport': CMAKE_PREFIX_PATH=/home/bjorn/Documents/ros-projects/cam_ws/install/image_transport:/home/bjorn/Documents/ros-projects/cam_ws/install/cv_bridge:/home/bjorn/Documents/ros-projects/cam_ws/install/vision_opencv:/home/bjorn/Documents/ros-projects/cam_ws/install/v4l2_camera:/home/bjorn/Documents/ros-projects/cam_ws/install/image_transport_plugins:/home/bjorn/Documents/ros-projects/cam_ws/install/theora_image_transport:/home/bjorn/Documents/ros-projects/cam_ws/install/gscam2:/home/bjorn/Documents/ros-projects/cam_ws/install/ros2_shared:/home/bjorn/Documents/ros-projects/cam_ws/install/image_common:/home/bjorn/Documents/ros-projects/cam_ws/install/compressed_image_transport:/home/bjorn/Documents/ros-projects/cam_ws/install/compressed_depth_image_transport:/home/bjorn/Documents/ros-projects/cam_ws/install/image_geometry:/home/bjorn/Documents/ros-projects/cam_ws/install/camera_info_manager:/home/bjorn/Documents/ros-projects/cam_ws/install/camera_calibration_parsers:/home/bjorn/Documents/ros-projects/cam_ws/install/opencv_tests:/opt/ros/humble LD_LIBRARY_PATH=/home/bjorn/Documents/ros-projects/cam_ws/install/image_transport/lib:/home/bjorn/Documents/ros-projects/cam_ws/install/cv_bridge/lib:/home/bjorn/Documents/ros-projects/cam_ws/install/v4l2_camera/lib:/home/bjorn/Documents/ros-projects/cam_ws/install/theora_image_transport/lib:/home/bjorn/Documents/ros-projects/cam_ws/install/gscam2/lib:/home/bjorn/Documents/ros-projects/cam_ws/install/compressed_image_transport/lib:/home/bjorn/Documents/ros-projects/cam_ws/install/compressed_depth_image_transport/lib:/home/bjorn/Documents/ros-projects/cam_ws/install/image_geometry/lib:/home/bjorn/Documents/ros-projects/cam_ws/install/camera_info_manager/lib:/home/bjorn/Documents/ros-projects/cam_ws/install/camera_calibration_parsers/lib:/usr/lib/x86_64-linux-gnu/gazebo-11/plugins:/opt/ros/humble/opt/rviz_ogre_vendor/lib:/opt/ros/humble/lib/x86_64-linux-gnu:/opt/ros/humble/lib /home/bjorn/.local/bin/cmake --install /home/bjorn/Documents/ros-projects/cam_ws/build/theora_image_transport
[9.873s] -- Install configuration: ""
[9.873s] -- Installing: /home/bjorn/Documents/ros-projects/cam_ws/install/theora_image_transport/share/ament_index/resource_index/rosidl_interfaces/theora_image_transport
[9.873s] -- Installing: /home/bjorn/Documents/ros-projects/cam_ws/install/theora_image_transport/include/theora_image_transport/theora_image_transport
[9.873s] -- Installing: /home/bjorn/Documents/ros-projects/cam_ws/install/theora_image_transport/include/theora_image_transport/theora_image_transport/msg
[9.873s] -- Installing: /home/bjorn/Documents/ros-projects/cam_ws/install/theora_image_transport/include/theora_image_transport/theora_image_transport/msg/packet.h
[9.873s] -- Installing: /home/bjorn/Documents/ros-projects/cam_ws/install/theora_image_transport/include/theora_image_transport/theora_image_transport/msg/detail
[9.873s] -- Installing: /home/bjorn/Documents/ros-projects/cam_ws/install/theora_image_transport/include/theora_image_transport/theora_image_transport/msg/detail/packet__functions.h
[9.873s] -- Installing: /home/bjorn/Documents/ros-projects/cam_ws/install/theora_image_transport/include/theora_image_transport/theora_image_transport/msg/detail/packet__functions.c
[9.873s] -- Installing: /home/bjorn/Documents/ros-projects/cam_ws/install/theora_image_transport/include/theora_image_transport/theora_image_transport/msg/detail/packet__struct.h
[9.874s] -- Installing: /home/bjorn/Documents/ros-projects/cam_ws/install/theora_image_transport/include/theora_image_transport/theora_image_transport/msg/detail/packet__type_support.h
[9.874s] -- Installing: /home/bjorn/Documents/ros-projects/cam_ws/install/theora_image_transport/include/theora_image_transport/theora_image_transport/msg/rosidl_generator_c__visibility_control.h
[9.874s] -- Installing: /home/bjorn/Documents/ros-projects/cam_ws/install/theora_image_transport/share/theora_image_transport/environment/library_path.sh
[9.874s] -- Installing: /home/bjorn/Documents/ros-projects/cam_ws/install/theora_image_transport/share/theora_image_transport/environment/library_path.dsv
[9.874s] -- Installing: /home/bjorn/Documents/ros-projects/cam_ws/install/theora_image_transport/lib/libtheora_image_transport__rosidl_generator_c.so
[9.874s] -- Set runtime path of "/home/bjorn/Documents/ros-projects/cam_ws/install/theora_image_transport/lib/libtheora_image_transport__rosidl_generator_c.so" to ""
[9.874s] -- Up-to-date: /home/bjorn/Documents/ros-projects/cam_ws/install/theora_image_transport/include/theora_image_transport/theora_image_transport
[9.874s] -- Up-to-date: /home/bjorn/Documents/ros-projects/cam_ws/install/theora_image_transport/include/theora_image_transport/theora_image_transport/msg
[9.874s] -- Installing: /home/bjorn/Documents/ros-projects/cam_ws/install/theora_image_transport/include/theora_image_transport/theora_image_transport/msg/rosidl_typesupport_fastrtps_c__visibility_control.h
[9.875s] -- Up-to-date: /home/bjorn/Documents/ros-projects/cam_ws/install/theora_image_transport/include/theora_image_transport/theora_image_transport/msg/detail
[9.875s] -- Installing: /home/bjorn/Documents/ros-projects/cam_ws/install/theora_image_transport/include/theora_image_transport/theora_image_transport/msg/detail/packet__rosidl_typesupport_fastrtps_c.h
[9.875s] -- Installing: /home/bjorn/Documents/ros-projects/cam_ws/install/theora_image_transport/lib/libtheora_image_transport__rosidl_typesupport_fastrtps_c.so
[9.875s] -- Set runtime path of "/home/bjorn/Documents/ros-projects/cam_ws/install/theora_image_transport/lib/libtheora_image_transport__rosidl_typesupport_fastrtps_c.so" to ""
[9.875s] -- Up-to-date: /home/bjorn/Documents/ros-projects/cam_ws/install/theora_image_transport/include/theora_image_transport/theora_image_transport
[9.875s] -- Up-to-date: /home/bjorn/Documents/ros-projects/cam_ws/install/theora_image_transport/include/theora_image_transport/theora_image_transport/msg
[9.875s] -- Installing: /home/bjorn/Documents/ros-projects/cam_ws/install/theora_image_transport/include/theora_image_transport/theora_image_transport/msg/packet.hpp
[9.875s] -- Up-to-date: /home/bjorn/Documents/ros-projects/cam_ws/install/theora_image_transport/include/theora_image_transport/theora_image_transport/msg/detail
[9.875s] -- Installing: /home/bjorn/Documents/ros-projects/cam_ws/install/theora_image_transport/include/theora_image_transport/theora_image_transport/msg/detail/packet__builder.hpp
[9.875s] -- Installing: /home/bjorn/Documents/ros-projects/cam_ws/install/theora_image_transport/include/theora_image_transport/theora_image_transport/msg/detail/packet__struct.hpp
[9.876s] -- Installing: /home/bjorn/Documents/ros-projects/cam_ws/install/theora_image_transport/include/theora_image_transport/theora_image_transport/msg/detail/packet__traits.hpp
[9.876s] -- Up-to-date: /home/bjorn/Documents/ros-projects/cam_ws/install/theora_image_transport/include/theora_image_transport/theora_image_transport
[9.876s] -- Up-to-date: /home/bjorn/Documents/ros-projects/cam_ws/install/theora_image_transport/include/theora_image_transport/theora_image_transport/msg
[9.876s] -- Installing: /home/bjorn/Documents/ros-projects/cam_ws/install/theora_image_transport/include/theora_image_transport/theora_image_transport/msg/rosidl_typesupport_fastrtps_cpp__visibility_control.h
[9.876s] -- Up-to-date: /home/bjorn/Documents/ros-projects/cam_ws/install/theora_image_transport/include/theora_image_transport/theora_image_transport/msg/detail
[9.876s] -- Installing: /home/bjorn/Documents/ros-projects/cam_ws/install/theora_image_transport/include/theora_image_transport/theora_image_transport/msg/detail/dds_fastrtps
[9.876s] -- Installing: /home/bjorn/Documents/ros-projects/cam_ws/install/theora_image_transport/include/theora_image_transport/theora_image_transport/msg/detail/packet__rosidl_typesupport_fastrtps_cpp.hpp
[9.876s] -- Installing: /home/bjorn/Documents/ros-projects/cam_ws/install/theora_image_transport/lib/libtheora_image_transport__rosidl_typesupport_fastrtps_cpp.so
[9.876s] -- Set runtime path of "/home/bjorn/Documents/ros-projects/cam_ws/install/theora_image_transport/lib/libtheora_image_transport__rosidl_typesupport_fastrtps_cpp.so" to ""
[9.876s] -- Up-to-date: /home/bjorn/Documents/ros-projects/cam_ws/install/theora_image_transport/include/theora_image_transport/theora_image_transport
[9.877s] -- Up-to-date: /home/bjorn/Documents/ros-projects/cam_ws/install/theora_image_transport/include/theora_image_transport/theora_image_transport/msg
[9.877s] -- Installing: /home/bjorn/Documents/ros-projects/cam_ws/install/theora_image_transport/include/theora_image_transport/theora_image_transport/msg/rosidl_typesupport_introspection_c__visibility_control.h
[9.877s] -- Up-to-date: /home/bjorn/Documents/ros-projects/cam_ws/install/theora_image_transport/include/theora_image_transport/theora_image_transport/msg/detail
[9.877s] -- Installing: /home/bjorn/Documents/ros-projects/cam_ws/install/theora_image_transport/include/theora_image_transport/theora_image_transport/msg/detail/packet__type_support.c
[9.877s] -- Installing: /home/bjorn/Documents/ros-projects/cam_ws/install/theora_image_transport/include/theora_image_transport/theora_image_transport/msg/detail/packet__rosidl_typesupport_introspection_c.h
[9.877s] -- Installing: /home/bjorn/Documents/ros-projects/cam_ws/install/theora_image_transport/lib/libtheora_image_transport__rosidl_typesupport_introspection_c.so
[9.877s] -- Set runtime path of "/home/bjorn/Documents/ros-projects/cam_ws/install/theora_image_transport/lib/libtheora_image_transport__rosidl_typesupport_introspection_c.so" to ""
[9.877s] -- Installing: /home/bjorn/Documents/ros-projects/cam_ws/install/theora_image_transport/lib/libtheora_image_transport__rosidl_typesupport_c.so
[9.877s] -- Set runtime path of "/home/bjorn/Documents/ros-projects/cam_ws/install/theora_image_transport/lib/libtheora_image_transport__rosidl_typesupport_c.so" to ""
[9.877s] -- Up-to-date: /home/bjorn/Documents/ros-projects/cam_ws/install/theora_image_transport/include/theora_image_transport/theora_image_transport
[9.878s] -- Up-to-date: /home/bjorn/Documents/ros-projects/cam_ws/install/theora_image_transport/include/theora_image_transport/theora_image_transport/msg
[9.878s] -- Up-to-date: /home/bjorn/Documents/ros-projects/cam_ws/install/theora_image_transport/include/theora_image_transport/theora_image_transport/msg/detail
[9.878s] -- Installing: /home/bjorn/Documents/ros-projects/cam_ws/install/theora_image_transport/include/theora_image_transport/theora_image_transport/msg/detail/packet__type_support.cpp
[9.878s] -- Installing: /home/bjorn/Documents/ros-projects/cam_ws/install/theora_image_transport/include/theora_image_transport/theora_image_transport/msg/detail/packet__rosidl_typesupport_introspection_cpp.hpp
[9.878s] -- Installing: /home/bjorn/Documents/ros-projects/cam_ws/install/theora_image_transport/lib/libtheora_image_transport__rosidl_typesupport_introspection_cpp.so
[9.878s] -- Set runtime path of "/home/bjorn/Documents/ros-projects/cam_ws/install/theora_image_transport/lib/libtheora_image_transport__rosidl_typesupport_introspection_cpp.so" to ""
[9.878s] -- Installing: /home/bjorn/Documents/ros-projects/cam_ws/install/theora_image_transport/lib/libtheora_image_transport__rosidl_typesupport_cpp.so
[9.878s] -- Set runtime path of "/home/bjorn/Documents/ros-projects/cam_ws/install/theora_image_transport/lib/libtheora_image_transport__rosidl_typesupport_cpp.so" to ""
[9.878s] -- Installing: /home/bjorn/Documents/ros-projects/cam_ws/install/theora_image_transport/share/theora_image_transport/environment/pythonpath.sh
[9.878s] -- Installing: /home/bjorn/Documents/ros-projects/cam_ws/install/theora_image_transport/share/theora_image_transport/environment/pythonpath.dsv
[9.879s] -- Installing: /home/bjorn/Documents/ros-projects/cam_ws/install/theora_image_transport/local/lib/python3.10/dist-packages/theora_image_transport-2.5.0-py3.10.egg-info
[9.879s] -- Installing: /home/bjorn/Documents/ros-projects/cam_ws/install/theora_image_transport/local/lib/python3.10/dist-packages/theora_image_transport-2.5.0-py3.10.egg-info/PKG-INFO
[9.879s] -- Installing: /home/bjorn/Documents/ros-projects/cam_ws/install/theora_image_transport/local/lib/python3.10/dist-packages/theora_image_transport-2.5.0-py3.10.egg-info/SOURCES.txt
[9.879s] -- Installing: /home/bjorn/Documents/ros-projects/cam_ws/install/theora_image_transport/local/lib/python3.10/dist-packages/theora_image_transport-2.5.0-py3.10.egg-info/dependency_links.txt
[9.879s] -- Installing: /home/bjorn/Documents/ros-projects/cam_ws/install/theora_image_transport/local/lib/python3.10/dist-packages/theora_image_transport-2.5.0-py3.10.egg-info/top_level.txt
[9.879s] -- Installing: /home/bjorn/Documents/ros-projects/cam_ws/install/theora_image_transport/local/lib/python3.10/dist-packages/theora_image_transport
[9.879s] -- Installing: /home/bjorn/Documents/ros-projects/cam_ws/install/theora_image_transport/local/lib/python3.10/dist-packages/theora_image_transport/theora_image_transport_s__rosidl_typesupport_introspection_c.cpython-310-x86_64-linux-gnu.so
[9.879s] -- Installing: /home/bjorn/Documents/ros-projects/cam_ws/install/theora_image_transport/local/lib/python3.10/dist-packages/theora_image_transport/_theora_image_transport_s.ep.rosidl_typesupport_c.c
[9.879s] -- Installing: /home/bjorn/Documents/ros-projects/cam_ws/install/theora_image_transport/local/lib/python3.10/dist-packages/theora_image_transport/theora_image_transport_s__rosidl_typesupport_fastrtps_c.cpython-310-x86_64-linux-gnu.so
[9.879s] -- Installing: /home/bjorn/Documents/ros-projects/cam_ws/install/theora_image_transport/local/lib/python3.10/dist-packages/theora_image_transport/libtheora_image_transport__rosidl_generator_py.so
[9.879s] -- Installing: /home/bjorn/Documents/ros-projects/cam_ws/install/theora_image_transport/local/lib/python3.10/dist-packages/theora_image_transport/__init__.py
[9.880s] -- Installing: /home/bjorn/Documents/ros-projects/cam_ws/install/theora_image_transport/local/lib/python3.10/dist-packages/theora_image_transport/msg
[9.880s] -- Installing: /home/bjorn/Documents/ros-projects/cam_ws/install/theora_image_transport/local/lib/python3.10/dist-packages/theora_image_transport/msg/_packet_s.c
[9.880s] -- Installing: /home/bjorn/Documents/ros-projects/cam_ws/install/theora_image_transport/local/lib/python3.10/dist-packages/theora_image_transport/msg/__init__.py
[9.880s] -- Installing: /home/bjorn/Documents/ros-projects/cam_ws/install/theora_image_transport/local/lib/python3.10/dist-packages/theora_image_transport/msg/_packet.py
[9.880s] -- Installing: /home/bjorn/Documents/ros-projects/cam_ws/install/theora_image_transport/local/lib/python3.10/dist-packages/theora_image_transport/theora_image_transport_s__rosidl_typesupport_c.cpython-310-x86_64-linux-gnu.so
[9.880s] -- Installing: /home/bjorn/Documents/ros-projects/cam_ws/install/theora_image_transport/local/lib/python3.10/dist-packages/theora_image_transport/_theora_image_transport_s.ep.rosidl_typesupport_fastrtps_c.c
[9.880s] -- Installing: /home/bjorn/Documents/ros-projects/cam_ws/install/theora_image_transport/local/lib/python3.10/dist-packages/theora_image_transport/_theora_image_transport_s.ep.rosidl_typesupport_introspection_c.c
[9.902s] Listing '/home/bjorn/Documents/ros-projects/cam_ws/install/theora_image_transport/local/lib/python3.10/dist-packages/theora_image_transport'...
[9.902s] Compiling '/home/bjorn/Documents/ros-projects/cam_ws/install/theora_image_transport/local/lib/python3.10/dist-packages/theora_image_transport/__init__.py'...
[9.902s] Listing '/home/bjorn/Documents/ros-projects/cam_ws/install/theora_image_transport/local/lib/python3.10/dist-packages/theora_image_transport/msg'...
[9.902s] Compiling '/home/bjorn/Documents/ros-projects/cam_ws/install/theora_image_transport/local/lib/python3.10/dist-packages/theora_image_transport/msg/__init__.py'...
[9.902s] Compiling '/home/bjorn/Documents/ros-projects/cam_ws/install/theora_image_transport/local/lib/python3.10/dist-packages/theora_image_transport/msg/_packet.py'...
[9.905s] -- Installing: /home/bjorn/Documents/ros-projects/cam_ws/install/theora_image_transport/local/lib/python3.10/dist-packages/theora_image_transport/theora_image_transport_s__rosidl_typesupport_fastrtps_c.cpython-310-x86_64-linux-gnu.so
[9.905s] -- Set runtime path of "/home/bjorn/Documents/ros-projects/cam_ws/install/theora_image_transport/local/lib/python3.10/dist-packages/theora_image_transport/theora_image_transport_s__rosidl_typesupport_fastrtps_c.cpython-310-x86_64-linux-gnu.so" to ""
[9.905s] -- Installing: /home/bjorn/Documents/ros-projects/cam_ws/install/theora_image_transport/local/lib/python3.10/dist-packages/theora_image_transport/theora_image_transport_s__rosidl_typesupport_introspection_c.cpython-310-x86_64-linux-gnu.so
[9.906s] -- Set runtime path of "/home/bjorn/Documents/ros-projects/cam_ws/install/theora_image_transport/local/lib/python3.10/dist-packages/theora_image_transport/theora_image_transport_s__rosidl_typesupport_introspection_c.cpython-310-x86_64-linux-gnu.so" to ""
[9.906s] -- Installing: /home/bjorn/Documents/ros-projects/cam_ws/install/theora_image_transport/local/lib/python3.10/dist-packages/theora_image_transport/theora_image_transport_s__rosidl_typesupport_c.cpython-310-x86_64-linux-gnu.so
[9.906s] -- Set runtime path of "/home/bjorn/Documents/ros-projects/cam_ws/install/theora_image_transport/local/lib/python3.10/dist-packages/theora_image_transport/theora_image_transport_s__rosidl_typesupport_c.cpython-310-x86_64-linux-gnu.so" to ""
[9.906s] -- Installing: /home/bjorn/Documents/ros-projects/cam_ws/install/theora_image_transport/lib/libtheora_image_transport__rosidl_generator_py.so
[9.906s] -- Set runtime path of "/home/bjorn/Documents/ros-projects/cam_ws/install/theora_image_transport/lib/libtheora_image_transport__rosidl_generator_py.so" to ""
[9.906s] -- Installing: /home/bjorn/Documents/ros-projects/cam_ws/install/theora_image_transport/share/theora_image_transport/msg/Packet.idl
[9.906s] -- Installing: /home/bjorn/Documents/ros-projects/cam_ws/install/theora_image_transport/share/theora_image_transport/msg/Packet.msg
[9.906s] -- Installing: /home/bjorn/Documents/ros-projects/cam_ws/install/theora_image_transport/lib/libtheora_image_transport_component.so
[9.913s] -- Set runtime path of "/home/bjorn/Documents/ros-projects/cam_ws/install/theora_image_transport/lib/libtheora_image_transport_component.so" to ""
[9.913s] -- Installing: /home/bjorn/Documents/ros-projects/cam_ws/install/theora_image_transport/lib/theora_image_transport/ogg_saver
[9.915s] -- Set runtime path of "/home/bjorn/Documents/ros-projects/cam_ws/install/theora_image_transport/lib/theora_image_transport/ogg_saver" to ""
[9.916s] -- Up-to-date: /home/bjorn/Documents/ros-projects/cam_ws/install/theora_image_transport/include/theora_image_transport
[9.916s] -- Up-to-date: /home/bjorn/Documents/ros-projects/cam_ws/install/theora_image_transport/include/theora_image_transport/theora_image_transport
[9.916s] -- Installing: /home/bjorn/Documents/ros-projects/cam_ws/install/theora_image_transport/include/theora_image_transport/theora_image_transport/theora_publisher.h
[9.916s] -- Installing: /home/bjorn/Documents/ros-projects/cam_ws/install/theora_image_transport/include/theora_image_transport/theora_image_transport/theora_subscriber.h
[9.916s] -- Installing: /home/bjorn/Documents/ros-projects/cam_ws/install/theora_image_transport/share/theora_image_transport/theora_plugins.xml
[9.916s] -- Installing: /home/bjorn/Documents/ros-projects/cam_ws/install/theora_image_transport/share/ament_index/resource_index/package_run_dependencies/theora_image_transport
[9.916s] -- Installing: /home/bjorn/Documents/ros-projects/cam_ws/install/theora_image_transport/share/ament_index/resource_index/parent_prefix_path/theora_image_transport
[9.916s] -- Installing: /home/bjorn/Documents/ros-projects/cam_ws/install/theora_image_transport/share/theora_image_transport/environment/ament_prefix_path.sh
[9.916s] -- Installing: /home/bjorn/Documents/ros-projects/cam_ws/install/theora_image_transport/share/theora_image_transport/environment/ament_prefix_path.dsv
[9.917s] -- Installing: /home/bjorn/Documents/ros-projects/cam_ws/install/theora_image_transport/share/theora_image_transport/environment/path.sh
[9.917s] -- Installing: /home/bjorn/Documents/ros-projects/cam_ws/install/theora_image_transport/share/theora_image_transport/environment/path.dsv
[9.917s] -- Installing: /home/bjorn/Documents/ros-projects/cam_ws/install/theora_image_transport/share/theora_image_transport/local_setup.bash
[9.917s] -- Installing: /home/bjorn/Documents/ros-projects/cam_ws/install/theora_image_transport/share/theora_image_transport/local_setup.sh
[9.917s] -- Installing: /home/bjorn/Documents/ros-projects/cam_ws/install/theora_image_transport/share/theora_image_transport/local_setup.zsh
[9.917s] -- Installing: /home/bjorn/Documents/ros-projects/cam_ws/install/theora_image_transport/share/theora_image_transport/local_setup.dsv
[9.917s] -- Installing: /home/bjorn/Documents/ros-projects/cam_ws/install/theora_image_transport/share/theora_image_transport/package.dsv
[9.917s] -- Installing: /home/bjorn/Documents/ros-projects/cam_ws/install/theora_image_transport/share/ament_index/resource_index/packages/theora_image_transport
[9.917s] -- Installing: /home/bjorn/Documents/ros-projects/cam_ws/install/theora_image_transport/share/ament_index/resource_index/image_transport__pluginlib__plugin/theora_image_transport
[9.917s] -- Installing: /home/bjorn/Documents/ros-projects/cam_ws/install/theora_image_transport/share/theora_image_transport/cmake/export_theora_image_transport__rosidl_generator_cExport.cmake
[9.918s] -- Installing: /home/bjorn/Documents/ros-projects/cam_ws/install/theora_image_transport/share/theora_image_transport/cmake/export_theora_image_transport__rosidl_generator_cExport-noconfig.cmake
[9.918s] -- Installing: /home/bjorn/Documents/ros-projects/cam_ws/install/theora_image_transport/share/theora_image_transport/cmake/export_theora_image_transport__rosidl_typesupport_fastrtps_cExport.cmake
[9.918s] -- Installing: /home/bjorn/Documents/ros-projects/cam_ws/install/theora_image_transport/share/theora_image_transport/cmake/export_theora_image_transport__rosidl_typesupport_fastrtps_cExport-noconfig.cmake
[9.918s] -- Installing: /home/bjorn/Documents/ros-projects/cam_ws/install/theora_image_transport/share/theora_image_transport/cmake/export_theora_image_transport__rosidl_generator_cppExport.cmake
[9.918s] -- Installing: /home/bjorn/Documents/ros-projects/cam_ws/install/theora_image_transport/share/theora_image_transport/cmake/export_theora_image_transport__rosidl_typesupport_fastrtps_cppExport.cmake
[9.918s] -- Installing: /home/bjorn/Documents/ros-projects/cam_ws/install/theora_image_transport/share/theora_image_transport/cmake/export_theora_image_transport__rosidl_typesupport_fastrtps_cppExport-noconfig.cmake
[9.918s] -- Installing: /home/bjorn/Documents/ros-projects/cam_ws/install/theora_image_transport/share/theora_image_transport/cmake/theora_image_transport__rosidl_typesupport_introspection_cExport.cmake
[9.918s] -- Installing: /home/bjorn/Documents/ros-projects/cam_ws/install/theora_image_transport/share/theora_image_transport/cmake/theora_image_transport__rosidl_typesupport_introspection_cExport-noconfig.cmake
[9.918s] -- Installing: /home/bjorn/Documents/ros-projects/cam_ws/install/theora_image_transport/share/theora_image_transport/cmake/theora_image_transport__rosidl_typesupport_cExport.cmake
[9.918s] -- Installing: /home/bjorn/Documents/ros-projects/cam_ws/install/theora_image_transport/share/theora_image_transport/cmake/theora_image_transport__rosidl_typesupport_cExport-noconfig.cmake
[9.919s] -- Installing: /home/bjorn/Documents/ros-projects/cam_ws/install/theora_image_transport/share/theora_image_transport/cmake/theora_image_transport__rosidl_typesupport_introspection_cppExport.cmake
[9.919s] -- Installing: /home/bjorn/Documents/ros-projects/cam_ws/install/theora_image_transport/share/theora_image_transport/cmake/theora_image_transport__rosidl_typesupport_introspection_cppExport-noconfig.cmake
[9.919s] -- Installing: /home/bjorn/Documents/ros-projects/cam_ws/install/theora_image_transport/share/theora_image_transport/cmake/theora_image_transport__rosidl_typesupport_cppExport.cmake
[9.919s] -- Installing: /home/bjorn/Documents/ros-projects/cam_ws/install/theora_image_transport/share/theora_image_transport/cmake/theora_image_transport__rosidl_typesupport_cppExport-noconfig.cmake
[9.919s] -- Installing: /home/bjorn/Documents/ros-projects/cam_ws/install/theora_image_transport/share/theora_image_transport/cmake/export_theora_image_transport__rosidl_generator_pyExport.cmake
[9.919s] -- Installing: /home/bjorn/Documents/ros-projects/cam_ws/install/theora_image_transport/share/theora_image_transport/cmake/export_theora_image_transport__rosidl_generator_pyExport-noconfig.cmake
[9.919s] -- Installing: /home/bjorn/Documents/ros-projects/cam_ws/install/theora_image_transport/share/theora_image_transport/cmake/export_theora_image_transport_componentExport.cmake
[9.919s] -- Installing: /home/bjorn/Documents/ros-projects/cam_ws/install/theora_image_transport/share/theora_image_transport/cmake/export_theora_image_transport_componentExport-noconfig.cmake
[9.919s] -- Installing: /home/bjorn/Documents/ros-projects/cam_ws/install/theora_image_transport/share/theora_image_transport/cmake/rosidl_cmake-extras.cmake
[9.919s] -- Installing: /home/bjorn/Documents/ros-projects/cam_ws/install/theora_image_transport/share/theora_image_transport/cmake/ament_cmake_export_dependencies-extras.cmake
[9.920s] -- Installing: /home/bjorn/Documents/ros-projects/cam_ws/install/theora_image_transport/share/theora_image_transport/cmake/ament_cmake_export_include_directories-extras.cmake
[9.920s] -- Installing: /home/bjorn/Documents/ros-projects/cam_ws/install/theora_image_transport/share/theora_image_transport/cmake/ament_cmake_export_libraries-extras.cmake
[9.920s] -- Installing: /home/bjorn/Documents/ros-projects/cam_ws/install/theora_image_transport/share/theora_image_transport/cmake/ament_cmake_export_targets-extras.cmake
[9.920s] -- Installing: /home/bjorn/Documents/ros-projects/cam_ws/install/theora_image_transport/share/theora_image_transport/cmake/rosidl_cmake_export_typesupport_targets-extras.cmake
[9.920s] -- Installing: /home/bjorn/Documents/ros-projects/cam_ws/install/theora_image_transport/share/theora_image_transport/cmake/rosidl_cmake_export_typesupport_libraries-extras.cmake
[9.920s] -- Installing: /home/bjorn/Documents/ros-projects/cam_ws/install/theora_image_transport/share/theora_image_transport/cmake/theora_image_transportConfig.cmake
[9.920s] -- Installing: /home/bjorn/Documents/ros-projects/cam_ws/install/theora_image_transport/share/theora_image_transport/cmake/theora_image_transportConfig-version.cmake
[9.920s] -- Installing: /home/bjorn/Documents/ros-projects/cam_ws/install/theora_image_transport/share/theora_image_transport/package.xml
[9.925s] Invoked command in '/home/bjorn/Documents/ros-projects/cam_ws/build/theora_image_transport' returned '0': CMAKE_PREFIX_PATH=/home/bjorn/Documents/ros-projects/cam_ws/install/image_transport:/home/bjorn/Documents/ros-projects/cam_ws/install/cv_bridge:/home/bjorn/Documents/ros-projects/cam_ws/install/vision_opencv:/home/bjorn/Documents/ros-projects/cam_ws/install/v4l2_camera:/home/bjorn/Documents/ros-projects/cam_ws/install/image_transport_plugins:/home/bjorn/Documents/ros-projects/cam_ws/install/theora_image_transport:/home/bjorn/Documents/ros-projects/cam_ws/install/gscam2:/home/bjorn/Documents/ros-projects/cam_ws/install/ros2_shared:/home/bjorn/Documents/ros-projects/cam_ws/install/image_common:/home/bjorn/Documents/ros-projects/cam_ws/install/compressed_image_transport:/home/bjorn/Documents/ros-projects/cam_ws/install/compressed_depth_image_transport:/home/bjorn/Documents/ros-projects/cam_ws/install/image_geometry:/home/bjorn/Documents/ros-projects/cam_ws/install/camera_info_manager:/home/bjorn/Documents/ros-projects/cam_ws/install/camera_calibration_parsers:/home/bjorn/Documents/ros-projects/cam_ws/install/opencv_tests:/opt/ros/humble LD_LIBRARY_PATH=/home/bjorn/Documents/ros-projects/cam_ws/install/image_transport/lib:/home/bjorn/Documents/ros-projects/cam_ws/install/cv_bridge/lib:/home/bjorn/Documents/ros-projects/cam_ws/install/v4l2_camera/lib:/home/bjorn/Documents/ros-projects/cam_ws/install/theora_image_transport/lib:/home/bjorn/Documents/ros-projects/cam_ws/install/gscam2/lib:/home/bjorn/Documents/ros-projects/cam_ws/install/compressed_image_transport/lib:/home/bjorn/Documents/ros-projects/cam_ws/install/compressed_depth_image_transport/lib:/home/bjorn/Documents/ros-projects/cam_ws/install/image_geometry/lib:/home/bjorn/Documents/ros-projects/cam_ws/install/camera_info_manager/lib:/home/bjorn/Documents/ros-projects/cam_ws/install/camera_calibration_parsers/lib:/usr/lib/x86_64-linux-gnu/gazebo-11/plugins:/opt/ros/humble/opt/rviz_ogre_vendor/lib:/opt/ros/humble/lib/x86_64-linux-gnu:/opt/ros/humble/lib /home/bjorn/.local/bin/cmake --install /home/bjorn/Documents/ros-projects/cam_ws/build/theora_image_transport
