[0.012s] Invoking command in '/home/bjorn/Documents/ros-projects/cam_ws/build/ros2_shared': CMAKE_PREFIX_PATH=/opt/ros/humble /home/bjorn/.local/bin/cmake /home/bjorn/Documents/ros-projects/cam_ws/src/ros2_shared -DCMAKE_INSTALL_PREFIX=/home/bjorn/Documents/ros-projects/cam_ws/install/ros2_shared
[0.063s] -- The C compiler identification is GNU 11.3.0
[0.098s] -- The CXX compiler identification is GNU 11.3.0
[0.104s] -- Detecting C compiler ABI info
[0.138s] -- Detecting C compiler ABI info - done
[0.153s] -- Check for working C compiler: /usr/bin/cc - skipped
[0.153s] -- Detecting C compile features
[0.153s] -- Detecting C compile features - done
[0.159s] -- Detecting CXX compiler ABI info
[0.200s] -- Detecting CXX compiler ABI info - done
[0.213s] -- Check for working CXX compiler: /usr/bin/c++ - skipped
[0.213s] -- Detecting CXX compile features
[0.217s] -- Detecting CXX compile features - done
[0.217s] -- Found ament_cmake: 1.3.4 (/opt/ros/humble/share/ament_cmake/cmake)
[0.462s] -- Found Python3: /usr/bin/python3.10 (found version "3.10.6") found components: Interpreter 
[0.522s] -- Found rclcpp: 16.0.4 (/opt/ros/humble/share/rclcpp/cmake)
[0.559s] -- Found rosidl_generator_c: 3.1.4 (/opt/ros/humble/share/rosidl_generator_c/cmake)
[0.563s] -- Found rosidl_adapter: 3.1.4 (/opt/ros/humble/share/rosidl_adapter/cmake)
[0.570s] -- Found rosidl_generator_cpp: 3.1.4 (/opt/ros/humble/share/rosidl_generator_cpp/cmake)
[0.583s] -- Using all available rosidl_typesupport_c: rosidl_typesupport_fastrtps_c;rosidl_typesupport_introspection_c
[0.601s] -- Using all available rosidl_typesupport_cpp: rosidl_typesupport_fastrtps_cpp;rosidl_typesupport_introspection_cpp
[0.662s] -- Found rmw_implementation_cmake: 6.1.1 (/opt/ros/humble/share/rmw_implementation_cmake/cmake)
[0.664s] -- Found rmw_fastrtps_cpp: 6.2.2 (/opt/ros/humble/share/rmw_fastrtps_cpp/cmake)
[0.730s] -- Found OpenSSL: /usr/lib/x86_64-linux-gnu/libcrypto.so (found version "3.0.2")  
[0.753s] -- Found FastRTPS: /opt/ros/humble/include  
[0.792s] -- Using RMW implementation 'rmw_fastrtps_cpp' as default
[0.801s] -- Performing Test CMAKE_HAVE_LIBC_PTHREAD
[0.846s] -- Performing Test CMAKE_HAVE_LIBC_PTHREAD - Success
[0.846s] -- Found Threads: TRUE  
[1.043s] -- Configuring done (1.0s)
[1.046s] -- Generating done (0.0s)
[1.047s] -- Build files have been written to: /home/bjorn/Documents/ros-projects/cam_ws/build/ros2_shared
[1.057s] Invoked command in '/home/bjorn/Documents/ros-projects/cam_ws/build/ros2_shared' returned '0': CMAKE_PREFIX_PATH=/opt/ros/humble /home/bjorn/.local/bin/cmake /home/bjorn/Documents/ros-projects/cam_ws/src/ros2_shared -DCMAKE_INSTALL_PREFIX=/home/bjorn/Documents/ros-projects/cam_ws/install/ros2_shared
[1.057s] Invoking command in '/home/bjorn/Documents/ros-projects/cam_ws/build/ros2_shared': CMAKE_PREFIX_PATH=/opt/ros/humble /home/bjorn/.local/bin/cmake --build /home/bjorn/Documents/ros-projects/cam_ws/build/ros2_shared -- -j20 -l20
[1.090s] Invoked command in '/home/bjorn/Documents/ros-projects/cam_ws/build/ros2_shared' returned '0': CMAKE_PREFIX_PATH=/opt/ros/humble /home/bjorn/.local/bin/cmake --build /home/bjorn/Documents/ros-projects/cam_ws/build/ros2_shared -- -j20 -l20
[1.126s] Invoking command in '/home/bjorn/Documents/ros-projects/cam_ws/build/ros2_shared': CMAKE_PREFIX_PATH=/opt/ros/humble /home/bjorn/.local/bin/cmake --install /home/bjorn/Documents/ros-projects/cam_ws/build/ros2_shared
[1.143s] -- Install configuration: ""
[1.144s] -- Installing: /home/bjorn/Documents/ros-projects/cam_ws/install/ros2_shared/include
[1.144s] -- Installing: /home/bjorn/Documents/ros-projects/cam_ws/install/ros2_shared/include/ros2_shared
[1.144s] -- Installing: /home/bjorn/Documents/ros-projects/cam_ws/install/ros2_shared/include/ros2_shared/param_macros.hpp
[1.144s] -- Installing: /home/bjorn/Documents/ros-projects/cam_ws/install/ros2_shared/include/ros2_shared/context_macros.hpp
[1.144s] -- Installing: /home/bjorn/Documents/ros-projects/cam_ws/install/ros2_shared/include/ros2_shared/string_printf.hpp
[1.144s] -- Installing: /home/bjorn/Documents/ros-projects/cam_ws/install/ros2_shared/share/ament_index/resource_index/package_run_dependencies/ros2_shared
[1.144s] -- Installing: /home/bjorn/Documents/ros-projects/cam_ws/install/ros2_shared/share/ament_index/resource_index/parent_prefix_path/ros2_shared
[1.144s] -- Installing: /home/bjorn/Documents/ros-projects/cam_ws/install/ros2_shared/share/ros2_shared/environment/ament_prefix_path.sh
[1.144s] -- Installing: /home/bjorn/Documents/ros-projects/cam_ws/install/ros2_shared/share/ros2_shared/environment/ament_prefix_path.dsv
[1.144s] -- Installing: /home/bjorn/Documents/ros-projects/cam_ws/install/ros2_shared/share/ros2_shared/environment/path.sh
[1.144s] -- Installing: /home/bjorn/Documents/ros-projects/cam_ws/install/ros2_shared/share/ros2_shared/environment/path.dsv
[1.144s] -- Installing: /home/bjorn/Documents/ros-projects/cam_ws/install/ros2_shared/share/ros2_shared/local_setup.bash
[1.144s] -- Installing: /home/bjorn/Documents/ros-projects/cam_ws/install/ros2_shared/share/ros2_shared/local_setup.sh
[1.144s] -- Installing: /home/bjorn/Documents/ros-projects/cam_ws/install/ros2_shared/share/ros2_shared/local_setup.zsh
[1.144s] -- Installing: /home/bjorn/Documents/ros-projects/cam_ws/install/ros2_shared/share/ros2_shared/local_setup.dsv
[1.144s] -- Installing: /home/bjorn/Documents/ros-projects/cam_ws/install/ros2_shared/share/ros2_shared/package.dsv
[1.145s] -- Installing: /home/bjorn/Documents/ros-projects/cam_ws/install/ros2_shared/share/ament_index/resource_index/packages/ros2_shared
[1.145s] -- Installing: /home/bjorn/Documents/ros-projects/cam_ws/install/ros2_shared/share/ros2_shared/cmake/ros2_shared_targetsExport.cmake
[1.145s] -- Installing: /home/bjorn/Documents/ros-projects/cam_ws/install/ros2_shared/share/ros2_shared/cmake/ament_cmake_export_targets-extras.cmake
[1.145s] -- Installing: /home/bjorn/Documents/ros-projects/cam_ws/install/ros2_shared/share/ros2_shared/cmake/ament_cmake_export_dependencies-extras.cmake
[1.145s] -- Installing: /home/bjorn/Documents/ros-projects/cam_ws/install/ros2_shared/share/ros2_shared/cmake/ros2_sharedConfig.cmake
[1.145s] -- Installing: /home/bjorn/Documents/ros-projects/cam_ws/install/ros2_shared/share/ros2_shared/cmake/ros2_sharedConfig-version.cmake
[1.145s] -- Installing: /home/bjorn/Documents/ros-projects/cam_ws/install/ros2_shared/share/ros2_shared/package.xml
[1.151s] Invoked command in '/home/bjorn/Documents/ros-projects/cam_ws/build/ros2_shared' returned '0': CMAKE_PREFIX_PATH=/opt/ros/humble /home/bjorn/.local/bin/cmake --install /home/bjorn/Documents/ros-projects/cam_ws/build/ros2_shared
