[0.026s] Invoking command in '/home/bjorn/Documents/ros-projects/cam_ws/build/image_transport': CMAKE_PREFIX_PATH=/opt/ros/humble /home/bjorn/.local/bin/cmake --build /home/bjorn/Documents/ros-projects/cam_ws/build/image_transport -- -j20 -l20
[0.295s] [  6%] Built target gtest_main
[0.295s] [ 13%] Built target gtest
[0.295s] [ 40%] Built target image_transport
[0.295s] [ 46%] Built target image_transport_plugins
[0.295s] [ 53%] Built target image_transport-camera_common
[0.296s] [ 60%] Built target republish
[0.296s] [ 66%] Built target list_transports
[0.296s] [ 73%] Built target image_transport-remapping
[0.296s] [ 80%] Built target image_transport-subscriber
[0.297s] [ 86%] Built target image_transport-message_passing
[0.297s] [ 93%] Built target image_transport-publisher
[0.297s] [100%] Built target image_transport-single_subscriber_publisher
[0.300s] Invoked command in '/home/bjorn/Documents/ros-projects/cam_ws/build/image_transport' returned '0': CMAKE_PREFIX_PATH=/opt/ros/humble /home/bjorn/.local/bin/cmake --build /home/bjorn/Documents/ros-projects/cam_ws/build/image_transport -- -j20 -l20
[0.346s] Invoking command in '/home/bjorn/Documents/ros-projects/cam_ws/build/image_transport': CMAKE_PREFIX_PATH=/opt/ros/humble /home/bjorn/.local/bin/cmake --install /home/bjorn/Documents/ros-projects/cam_ws/build/image_transport
[0.364s] -- Install configuration: ""
[0.364s] -- Up-to-date: /home/bjorn/Documents/ros-projects/cam_ws/install/image_transport/share/image_transport/default_plugins.xml
[0.364s] -- Up-to-date: /home/bjorn/Documents/ros-projects/cam_ws/install/image_transport/lib/libimage_transport.so
[0.365s] -- Up-to-date: /home/bjorn/Documents/ros-projects/cam_ws/install/image_transport/lib/libimage_transport_plugins.so
[0.367s] -- Up-to-date: /home/bjorn/Documents/ros-projects/cam_ws/install/image_transport/lib/libimage_transport.so
[0.370s] -- Up-to-date: /home/bjorn/Documents/ros-projects/cam_ws/install/image_transport/lib/image_transport/list_transports
[0.372s] -- Up-to-date: /home/bjorn/Documents/ros-projects/cam_ws/install/image_transport/lib/image_transport/republish
[0.374s] -- Up-to-date: /home/bjorn/Documents/ros-projects/cam_ws/install/image_transport/include/image_transport
[0.374s] -- Up-to-date: /home/bjorn/Documents/ros-projects/cam_ws/install/image_transport/include/image_transport/image_transport
[0.374s] -- Up-to-date: /home/bjorn/Documents/ros-projects/cam_ws/install/image_transport/include/image_transport/image_transport/publisher_plugin.h
[0.375s] -- Up-to-date: /home/bjorn/Documents/ros-projects/cam_ws/install/image_transport/include/image_transport/image_transport/raw_subscriber.hpp
[0.376s] -- Up-to-date: /home/bjorn/Documents/ros-projects/cam_ws/install/image_transport/include/image_transport/image_transport/publisher.hpp
[0.376s] -- Up-to-date: /home/bjorn/Documents/ros-projects/cam_ws/install/image_transport/include/image_transport/image_transport/subscriber_plugin.h
[0.376s] -- Up-to-date: /home/bjorn/Documents/ros-projects/cam_ws/install/image_transport/include/image_transport/image_transport/exception.h
[0.377s] -- Up-to-date: /home/bjorn/Documents/ros-projects/cam_ws/install/image_transport/include/image_transport/image_transport/camera_common.hpp
[0.377s] -- Up-to-date: /home/bjorn/Documents/ros-projects/cam_ws/install/image_transport/include/image_transport/image_transport/subscriber_filter.h
[0.377s] -- Up-to-date: /home/bjorn/Documents/ros-projects/cam_ws/install/image_transport/include/image_transport/image_transport/subscriber.hpp
[0.377s] -- Up-to-date: /home/bjorn/Documents/ros-projects/cam_ws/install/image_transport/include/image_transport/image_transport/camera_common.h
[0.377s] -- Up-to-date: /home/bjorn/Documents/ros-projects/cam_ws/install/image_transport/include/image_transport/image_transport/raw_subscriber.h
[0.378s] -- Up-to-date: /home/bjorn/Documents/ros-projects/cam_ws/install/image_transport/include/image_transport/image_transport/single_subscriber_publisher.hpp
[0.380s] -- Up-to-date: /home/bjorn/Documents/ros-projects/cam_ws/install/image_transport/include/image_transport/image_transport/subscriber.h
[0.380s] -- Up-to-date: /home/bjorn/Documents/ros-projects/cam_ws/install/image_transport/include/image_transport/image_transport/image_transport.h
[0.380s] -- Up-to-date: /home/bjorn/Documents/ros-projects/cam_ws/install/image_transport/include/image_transport/image_transport/publisher.h
[0.381s] -- Up-to-date: /home/bjorn/Documents/ros-projects/cam_ws/install/image_transport/include/image_transport/image_transport/simple_publisher_plugin.h
[0.381s] -- Up-to-date: /home/bjorn/Documents/ros-projects/cam_ws/install/image_transport/include/image_transport/image_transport/raw_publisher.h
[0.381s] -- Up-to-date: /home/bjorn/Documents/ros-projects/cam_ws/install/image_transport/include/image_transport/image_transport/loader_fwds.hpp
[0.381s] -- Up-to-date: /home/bjorn/Documents/ros-projects/cam_ws/install/image_transport/include/image_transport/image_transport/camera_subscriber.hpp
[0.382s] -- Up-to-date: /home/bjorn/Documents/ros-projects/cam_ws/install/image_transport/include/image_transport/image_transport/visibility_control.hpp
[0.382s] -- Up-to-date: /home/bjorn/Documents/ros-projects/cam_ws/install/image_transport/include/image_transport/image_transport/single_subscriber_publisher.h
[0.382s] -- Up-to-date: /home/bjorn/Documents/ros-projects/cam_ws/install/image_transport/include/image_transport/image_transport/camera_publisher.h
[0.383s] -- Up-to-date: /home/bjorn/Documents/ros-projects/cam_ws/install/image_transport/include/image_transport/image_transport/image_transport.hpp
[0.383s] -- Up-to-date: /home/bjorn/Documents/ros-projects/cam_ws/install/image_transport/include/image_transport/image_transport/transport_hints.hpp
[0.383s] -- Up-to-date: /home/bjorn/Documents/ros-projects/cam_ws/install/image_transport/include/image_transport/image_transport/subscriber_filter.hpp
[0.383s] -- Up-to-date: /home/bjorn/Documents/ros-projects/cam_ws/install/image_transport/include/image_transport/image_transport/transport_hints.h
[0.384s] -- Up-to-date: /home/bjorn/Documents/ros-projects/cam_ws/install/image_transport/include/image_transport/image_transport/simple_publisher_plugin.hpp
[0.384s] -- Up-to-date: /home/bjorn/Documents/ros-projects/cam_ws/install/image_transport/include/image_transport/image_transport/camera_publisher.hpp
[0.386s] -- Up-to-date: /home/bjorn/Documents/ros-projects/cam_ws/install/image_transport/include/image_transport/image_transport/subscriber_plugin.hpp
[0.386s] -- Up-to-date: /home/bjorn/Documents/ros-projects/cam_ws/install/image_transport/include/image_transport/image_transport/loader_fwds.h
[0.386s] -- Up-to-date: /home/bjorn/Documents/ros-projects/cam_ws/install/image_transport/include/image_transport/image_transport/raw_publisher.hpp
[0.386s] -- Up-to-date: /home/bjorn/Documents/ros-projects/cam_ws/install/image_transport/include/image_transport/image_transport/publisher_plugin.hpp
[0.386s] -- Up-to-date: /home/bjorn/Documents/ros-projects/cam_ws/install/image_transport/include/image_transport/image_transport/exception.hpp
[0.387s] -- Up-to-date: /home/bjorn/Documents/ros-projects/cam_ws/install/image_transport/include/image_transport/image_transport/simple_subscriber_plugin.hpp
[0.387s] -- Up-to-date: /home/bjorn/Documents/ros-projects/cam_ws/install/image_transport/include/image_transport/image_transport/simple_subscriber_plugin.h
[0.387s] -- Up-to-date: /home/bjorn/Documents/ros-projects/cam_ws/install/image_transport/include/image_transport/image_transport/camera_subscriber.h
[0.387s] -- Up-to-date: /home/bjorn/Documents/ros-projects/cam_ws/install/image_transport/share/ament_index/resource_index/package_run_dependencies/image_transport
[0.387s] -- Up-to-date: /home/bjorn/Documents/ros-projects/cam_ws/install/image_transport/share/ament_index/resource_index/parent_prefix_path/image_transport
[0.387s] -- Up-to-date: /home/bjorn/Documents/ros-projects/cam_ws/install/image_transport/share/image_transport/environment/ament_prefix_path.sh
[0.387s] -- Up-to-date: /home/bjorn/Documents/ros-projects/cam_ws/install/image_transport/share/image_transport/environment/ament_prefix_path.dsv
[0.387s] -- Up-to-date: /home/bjorn/Documents/ros-projects/cam_ws/install/image_transport/share/image_transport/environment/path.sh
[0.389s] -- Up-to-date: /home/bjorn/Documents/ros-projects/cam_ws/install/image_transport/share/image_transport/environment/path.dsv
[0.389s] -- Up-to-date: /home/bjorn/Documents/ros-projects/cam_ws/install/image_transport/share/image_transport/local_setup.bash
[0.389s] -- Up-to-date: /home/bjorn/Documents/ros-projects/cam_ws/install/image_transport/share/image_transport/local_setup.sh
[0.389s] -- Up-to-date: /home/bjorn/Documents/ros-projects/cam_ws/install/image_transport/share/image_transport/local_setup.zsh
[0.389s] -- Up-to-date: /home/bjorn/Documents/ros-projects/cam_ws/install/image_transport/share/image_transport/local_setup.dsv
[0.390s] -- Installing: /home/bjorn/Documents/ros-projects/cam_ws/install/image_transport/share/image_transport/package.dsv
[0.390s] -- Up-to-date: /home/bjorn/Documents/ros-projects/cam_ws/install/image_transport/share/ament_index/resource_index/packages/image_transport
[0.390s] -- Up-to-date: /home/bjorn/Documents/ros-projects/cam_ws/install/image_transport/share/ament_index/resource_index/image_transport__pluginlib__plugin/image_transport
[0.392s] -- Up-to-date: /home/bjorn/Documents/ros-projects/cam_ws/install/image_transport/share/image_transport/cmake/export_image_transportExport.cmake
[0.392s] -- Up-to-date: /home/bjorn/Documents/ros-projects/cam_ws/install/image_transport/share/image_transport/cmake/export_image_transportExport-noconfig.cmake
[0.392s] -- Up-to-date: /home/bjorn/Documents/ros-projects/cam_ws/install/image_transport/share/image_transport/cmake/ament_cmake_export_targets-extras.cmake
[0.392s] -- Up-to-date: /home/bjorn/Documents/ros-projects/cam_ws/install/image_transport/share/image_transport/cmake/ament_cmake_export_dependencies-extras.cmake
[0.393s] -- Up-to-date: /home/bjorn/Documents/ros-projects/cam_ws/install/image_transport/share/image_transport/cmake/image_transportConfig.cmake
[0.394s] -- Up-to-date: /home/bjorn/Documents/ros-projects/cam_ws/install/image_transport/share/image_transport/cmake/image_transportConfig-version.cmake
[0.395s] -- Up-to-date: /home/bjorn/Documents/ros-projects/cam_ws/install/image_transport/share/image_transport/package.xml
[0.401s] Invoked command in '/home/bjorn/Documents/ros-projects/cam_ws/build/image_transport' returned '0': CMAKE_PREFIX_PATH=/opt/ros/humble /home/bjorn/.local/bin/cmake --install /home/bjorn/Documents/ros-projects/cam_ws/build/image_transport
