[0.015s] Invoking command in '/home/bjorn/Documents/ros-projects/cam_ws/build/image_geometry': CMAKE_PREFIX_PATH=/opt/ros/humble /home/bjorn/.local/bin/cmake --build /home/bjorn/Documents/ros-projects/cam_ws/build/image_geometry -- -j20 -l20
[0.044s] [ 11%] Built target ament_cmake_python_copy_image_geometry
[0.044s] [ 22%] Built target gtest_main
[0.044s] [ 55%] Built target image_geometry
[0.044s] [ 77%] Built target gtest
[0.052s] [100%] Built target image_geometry-utest
[0.294s] running egg_info
[0.294s] writing image_geometry.egg-info/PKG-INFO
[0.294s] writing dependency_links to image_geometry.egg-info/dependency_links.txt
[0.294s] writing top-level names to image_geometry.egg-info/top_level.txt
[0.297s] reading manifest file 'image_geometry.egg-info/SOURCES.txt'
[0.297s] writing manifest file 'image_geometry.egg-info/SOURCES.txt'
[0.314s] [100%] Built target ament_cmake_python_build_image_geometry_egg
[0.320s] Invoked command in '/home/bjorn/Documents/ros-projects/cam_ws/build/image_geometry' returned '0': CMAKE_PREFIX_PATH=/opt/ros/humble /home/bjorn/.local/bin/cmake --build /home/bjorn/Documents/ros-projects/cam_ws/build/image_geometry -- -j20 -l20
[0.361s] Invoking command in '/home/bjorn/Documents/ros-projects/cam_ws/build/image_geometry': CMAKE_PREFIX_PATH=/opt/ros/humble /home/bjorn/.local/bin/cmake --install /home/bjorn/Documents/ros-projects/cam_ws/build/image_geometry
[0.379s] -- Install configuration: ""
[0.379s] -- Up-to-date: /home/bjorn/Documents/ros-projects/cam_ws/install/image_geometry/share/image_geometry/environment/pythonpath.sh
[0.379s] -- Up-to-date: /home/bjorn/Documents/ros-projects/cam_ws/install/image_geometry/share/image_geometry/environment/pythonpath.dsv
[0.379s] -- Up-to-date: /home/bjorn/Documents/ros-projects/cam_ws/install/image_geometry/local/lib/python3.10/dist-packages/image_geometry-3.2.1-py3.10.egg-info
[0.379s] -- Installing: /home/bjorn/Documents/ros-projects/cam_ws/install/image_geometry/local/lib/python3.10/dist-packages/image_geometry-3.2.1-py3.10.egg-info/PKG-INFO
[0.379s] -- Installing: /home/bjorn/Documents/ros-projects/cam_ws/install/image_geometry/local/lib/python3.10/dist-packages/image_geometry-3.2.1-py3.10.egg-info/SOURCES.txt
[0.379s] -- Installing: /home/bjorn/Documents/ros-projects/cam_ws/install/image_geometry/local/lib/python3.10/dist-packages/image_geometry-3.2.1-py3.10.egg-info/dependency_links.txt
[0.379s] -- Installing: /home/bjorn/Documents/ros-projects/cam_ws/install/image_geometry/local/lib/python3.10/dist-packages/image_geometry-3.2.1-py3.10.egg-info/top_level.txt
[0.379s] -- Up-to-date: /home/bjorn/Documents/ros-projects/cam_ws/install/image_geometry/local/lib/python3.10/dist-packages/image_geometry
[0.379s] -- Up-to-date: /home/bjorn/Documents/ros-projects/cam_ws/install/image_geometry/local/lib/python3.10/dist-packages/image_geometry/__init__.py
[0.379s] -- Up-to-date: /home/bjorn/Documents/ros-projects/cam_ws/install/image_geometry/local/lib/python3.10/dist-packages/image_geometry/cameramodels.py
[0.399s] Listing '/home/bjorn/Documents/ros-projects/cam_ws/install/image_geometry/local/lib/python3.10/dist-packages/image_geometry'...
[0.402s] -- Up-to-date: /home/bjorn/Documents/ros-projects/cam_ws/install/image_geometry/include/image_geometry
[0.402s] -- Up-to-date: /home/bjorn/Documents/ros-projects/cam_ws/install/image_geometry/include/image_geometry/image_geometry
[0.403s] -- Up-to-date: /home/bjorn/Documents/ros-projects/cam_ws/install/image_geometry/include/image_geometry/image_geometry/stereo_camera_model.h
[0.403s] -- Up-to-date: /home/bjorn/Documents/ros-projects/cam_ws/install/image_geometry/include/image_geometry/image_geometry/visibility_control.hpp
[0.403s] -- Up-to-date: /home/bjorn/Documents/ros-projects/cam_ws/install/image_geometry/include/image_geometry/image_geometry/pinhole_camera_model.h
[0.403s] -- Up-to-date: /home/bjorn/Documents/ros-projects/cam_ws/install/image_geometry/lib/libimage_geometry.so
[0.403s] -- Up-to-date: /home/bjorn/Documents/ros-projects/cam_ws/install/image_geometry/share/ament_index/resource_index/package_run_dependencies/image_geometry
[0.403s] -- Up-to-date: /home/bjorn/Documents/ros-projects/cam_ws/install/image_geometry/share/ament_index/resource_index/parent_prefix_path/image_geometry
[0.403s] -- Up-to-date: /home/bjorn/Documents/ros-projects/cam_ws/install/image_geometry/share/image_geometry/environment/ament_prefix_path.sh
[0.403s] -- Up-to-date: /home/bjorn/Documents/ros-projects/cam_ws/install/image_geometry/share/image_geometry/environment/ament_prefix_path.dsv
[0.403s] -- Up-to-date: /home/bjorn/Documents/ros-projects/cam_ws/install/image_geometry/share/image_geometry/environment/path.sh
[0.404s] -- Up-to-date: /home/bjorn/Documents/ros-projects/cam_ws/install/image_geometry/share/image_geometry/environment/path.dsv
[0.404s] -- Up-to-date: /home/bjorn/Documents/ros-projects/cam_ws/install/image_geometry/share/image_geometry/local_setup.bash
[0.404s] -- Up-to-date: /home/bjorn/Documents/ros-projects/cam_ws/install/image_geometry/share/image_geometry/local_setup.sh
[0.404s] -- Up-to-date: /home/bjorn/Documents/ros-projects/cam_ws/install/image_geometry/share/image_geometry/local_setup.zsh
[0.404s] -- Up-to-date: /home/bjorn/Documents/ros-projects/cam_ws/install/image_geometry/share/image_geometry/local_setup.dsv
[0.404s] -- Installing: /home/bjorn/Documents/ros-projects/cam_ws/install/image_geometry/share/image_geometry/package.dsv
[0.404s] -- Up-to-date: /home/bjorn/Documents/ros-projects/cam_ws/install/image_geometry/share/ament_index/resource_index/packages/image_geometry
[0.404s] -- Up-to-date: /home/bjorn/Documents/ros-projects/cam_ws/install/image_geometry/share/image_geometry/cmake/export_image_geometryExport.cmake
[0.404s] -- Up-to-date: /home/bjorn/Documents/ros-projects/cam_ws/install/image_geometry/share/image_geometry/cmake/export_image_geometryExport-noconfig.cmake
[0.404s] -- Up-to-date: /home/bjorn/Documents/ros-projects/cam_ws/install/image_geometry/share/image_geometry/cmake/ament_cmake_export_targets-extras.cmake
[0.405s] -- Up-to-date: /home/bjorn/Documents/ros-projects/cam_ws/install/image_geometry/share/image_geometry/cmake/ament_cmake_export_dependencies-extras.cmake
[0.405s] -- Up-to-date: /home/bjorn/Documents/ros-projects/cam_ws/install/image_geometry/share/image_geometry/cmake/image_geometryConfig.cmake
[0.405s] -- Up-to-date: /home/bjorn/Documents/ros-projects/cam_ws/install/image_geometry/share/image_geometry/cmake/image_geometryConfig-version.cmake
[0.405s] -- Up-to-date: /home/bjorn/Documents/ros-projects/cam_ws/install/image_geometry/share/image_geometry/package.xml
[0.409s] Invoked command in '/home/bjorn/Documents/ros-projects/cam_ws/build/image_geometry' returned '0': CMAKE_PREFIX_PATH=/opt/ros/humble /home/bjorn/.local/bin/cmake --install /home/bjorn/Documents/ros-projects/cam_ws/build/image_geometry
