[0.015s] Invoking command in '/home/bjorn/Documents/ros-projects/cam_ws/build/compressed_image_transport': AMENT_PREFIX_PATH=/home/bjorn/Documents/ros-projects/cam_ws/install/image_transport:/home/bjorn/Documents/ros-projects/cam_ws/install/cv_bridge:${AMENT_PREFIX_PATH} CMAKE_PREFIX_PATH=/home/bjorn/Documents/ros-projects/cam_ws/install/image_transport:/home/bjorn/Documents/ros-projects/cam_ws/install/cv_bridge:/opt/ros/humble LD_LIBRARY_PATH=/home/bjorn/Documents/ros-projects/cam_ws/install/image_transport/lib:/home/bjorn/Documents/ros-projects/cam_ws/install/cv_bridge/lib:${LD_LIBRARY_PATH} PYTHONPATH=/home/bjorn/Documents/ros-projects/cam_ws/install/cv_bridge/local/lib/python3.10/dist-packages:${PYTHONPATH} /home/bjorn/.local/bin/cmake /home/bjorn/Documents/ros-projects/cam_ws/src/image_transport_plugins/compressed_image_transport -DCMAKE_INSTALL_PREFIX=/home/bjorn/Documents/ros-projects/cam_ws/install/compressed_image_transport
[0.059s] -- The C compiler identification is GNU 11.3.0
[0.093s] -- The CXX compiler identification is GNU 11.3.0
[0.099s] -- Detecting C compiler ABI info
[0.133s] -- Detecting C compiler ABI info - done
[0.141s] -- Check for working C compiler: /usr/bin/cc - skipped
[0.142s] -- Detecting C compile features
[0.142s] -- Detecting C compile features - done
[0.144s] -- Detecting CXX compiler ABI info
[0.184s] -- Detecting CXX compiler ABI info - done
[0.192s] -- Check for working CXX compiler: /usr/bin/c++ - skipped
[0.193s] -- Detecting CXX compile features
[0.193s] -- Detecting CXX compile features - done
[0.195s] -- Found ament_cmake: 1.3.4 (/opt/ros/humble/share/ament_cmake/cmake)
[0.436s] -- Found Python3: /usr/bin/python3.10 (found version "3.10.6") found components: Interpreter 
[0.501s] -- Found image_transport: 3.1.5 (/home/bjorn/Documents/ros-projects/cam_ws/install/image_transport/share/image_transport/cmake)
[0.542s] -- Found rosidl_generator_c: 3.1.4 (/opt/ros/humble/share/rosidl_generator_c/cmake)
[0.546s] -- Found rosidl_adapter: 3.1.4 (/opt/ros/humble/share/rosidl_adapter/cmake)
[0.553s] -- Found rosidl_generator_cpp: 3.1.4 (/opt/ros/humble/share/rosidl_generator_cpp/cmake)
[0.566s] -- Using all available rosidl_typesupport_c: rosidl_typesupport_fastrtps_c;rosidl_typesupport_introspection_c
[0.583s] -- Using all available rosidl_typesupport_cpp: rosidl_typesupport_fastrtps_cpp;rosidl_typesupport_introspection_cpp
[0.646s] -- Found rmw_implementation_cmake: 6.1.1 (/opt/ros/humble/share/rmw_implementation_cmake/cmake)
[0.648s] -- Found rmw_fastrtps_cpp: 6.2.2 (/opt/ros/humble/share/rmw_fastrtps_cpp/cmake)
[0.712s] -- Found OpenSSL: /usr/lib/x86_64-linux-gnu/libcrypto.so (found version "3.0.2")  
[0.735s] -- Found FastRTPS: /opt/ros/humble/include  
[0.772s] -- Using RMW implementation 'rmw_fastrtps_cpp' as default
[0.780s] -- Performing Test CMAKE_HAVE_LIBC_PTHREAD
[0.815s] -- Performing Test CMAKE_HAVE_LIBC_PTHREAD - Success
[0.816s] -- Found Threads: TRUE  
[1.116s] -- Found cv_bridge: 3.2.1 (/home/bjorn/Documents/ros-projects/cam_ws/install/cv_bridge/share/cv_bridge/cmake)
[1.134s] -- Found OpenCV: /usr (found version "4.5.4") 
[1.184s] -- Configuring done (1.2s)
[1.196s] -- Generating done (0.0s)
[1.198s] -- Build files have been written to: /home/bjorn/Documents/ros-projects/cam_ws/build/compressed_image_transport
[1.207s] Invoked command in '/home/bjorn/Documents/ros-projects/cam_ws/build/compressed_image_transport' returned '0': AMENT_PREFIX_PATH=/home/bjorn/Documents/ros-projects/cam_ws/install/image_transport:/home/bjorn/Documents/ros-projects/cam_ws/install/cv_bridge:${AMENT_PREFIX_PATH} CMAKE_PREFIX_PATH=/home/bjorn/Documents/ros-projects/cam_ws/install/image_transport:/home/bjorn/Documents/ros-projects/cam_ws/install/cv_bridge:/opt/ros/humble LD_LIBRARY_PATH=/home/bjorn/Documents/ros-projects/cam_ws/install/image_transport/lib:/home/bjorn/Documents/ros-projects/cam_ws/install/cv_bridge/lib:${LD_LIBRARY_PATH} PYTHONPATH=/home/bjorn/Documents/ros-projects/cam_ws/install/cv_bridge/local/lib/python3.10/dist-packages:${PYTHONPATH} /home/bjorn/.local/bin/cmake /home/bjorn/Documents/ros-projects/cam_ws/src/image_transport_plugins/compressed_image_transport -DCMAKE_INSTALL_PREFIX=/home/bjorn/Documents/ros-projects/cam_ws/install/compressed_image_transport
[1.209s] Invoking command in '/home/bjorn/Documents/ros-projects/cam_ws/build/compressed_image_transport': AMENT_PREFIX_PATH=/home/bjorn/Documents/ros-projects/cam_ws/install/image_transport:/home/bjorn/Documents/ros-projects/cam_ws/install/cv_bridge:${AMENT_PREFIX_PATH} CMAKE_PREFIX_PATH=/home/bjorn/Documents/ros-projects/cam_ws/install/image_transport:/home/bjorn/Documents/ros-projects/cam_ws/install/cv_bridge:/opt/ros/humble LD_LIBRARY_PATH=/home/bjorn/Documents/ros-projects/cam_ws/install/image_transport/lib:/home/bjorn/Documents/ros-projects/cam_ws/install/cv_bridge/lib:${LD_LIBRARY_PATH} PYTHONPATH=/home/bjorn/Documents/ros-projects/cam_ws/install/cv_bridge/local/lib/python3.10/dist-packages:${PYTHONPATH} /home/bjorn/.local/bin/cmake --build /home/bjorn/Documents/ros-projects/cam_ws/build/compressed_image_transport -- -j20 -l20
[1.237s] [ 25%] [32mBuilding CXX object CMakeFiles/compressed_image_transport.dir/src/compressed_publisher.cpp.o[0m
[1.237s] [ 50%] [32mBuilding CXX object CMakeFiles/compressed_image_transport.dir/src/compressed_subscriber.cpp.o[0m
[1.237s] [ 75%] [32mBuilding CXX object CMakeFiles/compressed_image_transport.dir/src/manifest.cpp.o[0m
[8.640s] [100%] [32m[1mLinking CXX shared library libcompressed_image_transport.so[0m
[9.167s] [100%] Built target compressed_image_transport
[9.172s] Invoked command in '/home/bjorn/Documents/ros-projects/cam_ws/build/compressed_image_transport' returned '0': AMENT_PREFIX_PATH=/home/bjorn/Documents/ros-projects/cam_ws/install/image_transport:/home/bjorn/Documents/ros-projects/cam_ws/install/cv_bridge:${AMENT_PREFIX_PATH} CMAKE_PREFIX_PATH=/home/bjorn/Documents/ros-projects/cam_ws/install/image_transport:/home/bjorn/Documents/ros-projects/cam_ws/install/cv_bridge:/opt/ros/humble LD_LIBRARY_PATH=/home/bjorn/Documents/ros-projects/cam_ws/install/image_transport/lib:/home/bjorn/Documents/ros-projects/cam_ws/install/cv_bridge/lib:${LD_LIBRARY_PATH} PYTHONPATH=/home/bjorn/Documents/ros-projects/cam_ws/install/cv_bridge/local/lib/python3.10/dist-packages:${PYTHONPATH} /home/bjorn/.local/bin/cmake --build /home/bjorn/Documents/ros-projects/cam_ws/build/compressed_image_transport -- -j20 -l20
[9.204s] Invoking command in '/home/bjorn/Documents/ros-projects/cam_ws/build/compressed_image_transport': AMENT_PREFIX_PATH=/home/bjorn/Documents/ros-projects/cam_ws/install/image_transport:/home/bjorn/Documents/ros-projects/cam_ws/install/cv_bridge:${AMENT_PREFIX_PATH} CMAKE_PREFIX_PATH=/home/bjorn/Documents/ros-projects/cam_ws/install/image_transport:/home/bjorn/Documents/ros-projects/cam_ws/install/cv_bridge:/opt/ros/humble LD_LIBRARY_PATH=/home/bjorn/Documents/ros-projects/cam_ws/install/image_transport/lib:/home/bjorn/Documents/ros-projects/cam_ws/install/cv_bridge/lib:${LD_LIBRARY_PATH} PYTHONPATH=/home/bjorn/Documents/ros-projects/cam_ws/install/cv_bridge/local/lib/python3.10/dist-packages:${PYTHONPATH} /home/bjorn/.local/bin/cmake --install /home/bjorn/Documents/ros-projects/cam_ws/build/compressed_image_transport
[9.222s] -- Install configuration: ""
[9.222s] -- Installing: /home/bjorn/Documents/ros-projects/cam_ws/install/compressed_image_transport/lib/libcompressed_image_transport.so
[9.227s] -- Set runtime path of "/home/bjorn/Documents/ros-projects/cam_ws/install/compressed_image_transport/lib/libcompressed_image_transport.so" to ""
[9.227s] -- Installing: /home/bjorn/Documents/ros-projects/cam_ws/install/compressed_image_transport/include
[9.227s] -- Installing: /home/bjorn/Documents/ros-projects/cam_ws/install/compressed_image_transport/include/compressed_image_transport
[9.227s] -- Installing: /home/bjorn/Documents/ros-projects/cam_ws/install/compressed_image_transport/include/compressed_image_transport/compressed_publisher.h
[9.227s] -- Installing: /home/bjorn/Documents/ros-projects/cam_ws/install/compressed_image_transport/include/compressed_image_transport/compressed_subscriber.h
[9.227s] -- Installing: /home/bjorn/Documents/ros-projects/cam_ws/install/compressed_image_transport/include/compressed_image_transport/compression_common.h
[9.227s] -- Installing: /home/bjorn/Documents/ros-projects/cam_ws/install/compressed_image_transport/share/compressed_image_transport/compressed_plugins.xml
[9.228s] -- Installing: /home/bjorn/Documents/ros-projects/cam_ws/install/compressed_image_transport/share/ament_index/resource_index/package_run_dependencies/compressed_image_transport
[9.228s] -- Installing: /home/bjorn/Documents/ros-projects/cam_ws/install/compressed_image_transport/share/ament_index/resource_index/parent_prefix_path/compressed_image_transport
[9.228s] -- Installing: /home/bjorn/Documents/ros-projects/cam_ws/install/compressed_image_transport/share/compressed_image_transport/environment/ament_prefix_path.sh
[9.228s] -- Installing: /home/bjorn/Documents/ros-projects/cam_ws/install/compressed_image_transport/share/compressed_image_transport/environment/ament_prefix_path.dsv
[9.228s] -- Installing: /home/bjorn/Documents/ros-projects/cam_ws/install/compressed_image_transport/share/compressed_image_transport/environment/path.sh
[9.228s] -- Installing: /home/bjorn/Documents/ros-projects/cam_ws/install/compressed_image_transport/share/compressed_image_transport/environment/path.dsv
[9.228s] -- Installing: /home/bjorn/Documents/ros-projects/cam_ws/install/compressed_image_transport/share/compressed_image_transport/local_setup.bash
[9.228s] -- Installing: /home/bjorn/Documents/ros-projects/cam_ws/install/compressed_image_transport/share/compressed_image_transport/local_setup.sh
[9.228s] -- Installing: /home/bjorn/Documents/ros-projects/cam_ws/install/compressed_image_transport/share/compressed_image_transport/local_setup.zsh
[9.228s] -- Installing: /home/bjorn/Documents/ros-projects/cam_ws/install/compressed_image_transport/share/compressed_image_transport/local_setup.dsv
[9.228s] -- Installing: /home/bjorn/Documents/ros-projects/cam_ws/install/compressed_image_transport/share/compressed_image_transport/package.dsv
[9.229s] -- Installing: /home/bjorn/Documents/ros-projects/cam_ws/install/compressed_image_transport/share/ament_index/resource_index/packages/compressed_image_transport
[9.229s] -- Installing: /home/bjorn/Documents/ros-projects/cam_ws/install/compressed_image_transport/share/ament_index/resource_index/image_transport__pluginlib__plugin/compressed_image_transport
[9.229s] -- Installing: /home/bjorn/Documents/ros-projects/cam_ws/install/compressed_image_transport/share/compressed_image_transport/cmake/compressed_image_transportConfig.cmake
[9.229s] -- Installing: /home/bjorn/Documents/ros-projects/cam_ws/install/compressed_image_transport/share/compressed_image_transport/cmake/compressed_image_transportConfig-version.cmake
[9.229s] -- Installing: /home/bjorn/Documents/ros-projects/cam_ws/install/compressed_image_transport/share/compressed_image_transport/package.xml
[9.233s] Invoked command in '/home/bjorn/Documents/ros-projects/cam_ws/build/compressed_image_transport' returned '0': AMENT_PREFIX_PATH=/home/bjorn/Documents/ros-projects/cam_ws/install/image_transport:/home/bjorn/Documents/ros-projects/cam_ws/install/cv_bridge:${AMENT_PREFIX_PATH} CMAKE_PREFIX_PATH=/home/bjorn/Documents/ros-projects/cam_ws/install/image_transport:/home/bjorn/Documents/ros-projects/cam_ws/install/cv_bridge:/opt/ros/humble LD_LIBRARY_PATH=/home/bjorn/Documents/ros-projects/cam_ws/install/image_transport/lib:/home/bjorn/Documents/ros-projects/cam_ws/install/cv_bridge/lib:${LD_LIBRARY_PATH} PYTHONPATH=/home/bjorn/Documents/ros-projects/cam_ws/install/cv_bridge/local/lib/python3.10/dist-packages:${PYTHONPATH} /home/bjorn/.local/bin/cmake --install /home/bjorn/Documents/ros-projects/cam_ws/build/compressed_image_transport
