[0.006s] Invoking command in '/home/bjorn/Documents/ros-projects/cam_ws/build/image_common': AMENT_PREFIX_PATH=/home/bjorn/Documents/ros-projects/cam_ws/install/camera_info_manager:/home/bjorn/Documents/ros-projects/cam_ws/install/image_transport:/home/bjorn/Documents/ros-projects/cam_ws/install/camera_calibration_parsers:${AMENT_PREFIX_PATH} CMAKE_PREFIX_PATH=/home/bjorn/Documents/ros-projects/cam_ws/install/camera_info_manager:/home/bjorn/Documents/ros-projects/cam_ws/install/image_transport:/home/bjorn/Documents/ros-projects/cam_ws/install/camera_calibration_parsers:/opt/ros/humble LD_LIBRARY_PATH=/home/bjorn/Documents/ros-projects/cam_ws/install/camera_info_manager/lib:/home/bjorn/Documents/ros-projects/cam_ws/install/image_transport/lib:/home/bjorn/Documents/ros-projects/cam_ws/install/camera_calibration_parsers/lib:${LD_LIBRARY_PATH} /home/bjorn/.local/bin/cmake --build /home/bjorn/Documents/ros-projects/cam_ws/build/image_common -- -j20 -l20
[0.035s] Invoked command in '/home/bjorn/Documents/ros-projects/cam_ws/build/image_common' returned '0': AMENT_PREFIX_PATH=/home/bjorn/Documents/ros-projects/cam_ws/install/camera_info_manager:/home/bjorn/Documents/ros-projects/cam_ws/install/image_transport:/home/bjorn/Documents/ros-projects/cam_ws/install/camera_calibration_parsers:${AMENT_PREFIX_PATH} CMAKE_PREFIX_PATH=/home/bjorn/Documents/ros-projects/cam_ws/install/camera_info_manager:/home/bjorn/Documents/ros-projects/cam_ws/install/image_transport:/home/bjorn/Documents/ros-projects/cam_ws/install/camera_calibration_parsers:/opt/ros/humble LD_LIBRARY_PATH=/home/bjorn/Documents/ros-projects/cam_ws/install/camera_info_manager/lib:/home/bjorn/Documents/ros-projects/cam_ws/install/image_transport/lib:/home/bjorn/Documents/ros-projects/cam_ws/install/camera_calibration_parsers/lib:${LD_LIBRARY_PATH} /home/bjorn/.local/bin/cmake --build /home/bjorn/Documents/ros-projects/cam_ws/build/image_common -- -j20 -l20
[0.071s] Invoking command in '/home/bjorn/Documents/ros-projects/cam_ws/build/image_common': AMENT_PREFIX_PATH=/home/bjorn/Documents/ros-projects/cam_ws/install/camera_info_manager:/home/bjorn/Documents/ros-projects/cam_ws/install/image_transport:/home/bjorn/Documents/ros-projects/cam_ws/install/camera_calibration_parsers:${AMENT_PREFIX_PATH} CMAKE_PREFIX_PATH=/home/bjorn/Documents/ros-projects/cam_ws/install/camera_info_manager:/home/bjorn/Documents/ros-projects/cam_ws/install/image_transport:/home/bjorn/Documents/ros-projects/cam_ws/install/camera_calibration_parsers:/opt/ros/humble LD_LIBRARY_PATH=/home/bjorn/Documents/ros-projects/cam_ws/install/camera_info_manager/lib:/home/bjorn/Documents/ros-projects/cam_ws/install/image_transport/lib:/home/bjorn/Documents/ros-projects/cam_ws/install/camera_calibration_parsers/lib:${LD_LIBRARY_PATH} /home/bjorn/.local/bin/cmake --install /home/bjorn/Documents/ros-projects/cam_ws/build/image_common
[0.089s] -- Install configuration: ""
[0.089s] -- Up-to-date: /home/bjorn/Documents/ros-projects/cam_ws/install/image_common/share/ament_index/resource_index/package_run_dependencies/image_common
[0.089s] -- Up-to-date: /home/bjorn/Documents/ros-projects/cam_ws/install/image_common/share/ament_index/resource_index/parent_prefix_path/image_common
[0.089s] -- Up-to-date: /home/bjorn/Documents/ros-projects/cam_ws/install/image_common/share/image_common/environment/ament_prefix_path.sh
[0.089s] -- Up-to-date: /home/bjorn/Documents/ros-projects/cam_ws/install/image_common/share/image_common/environment/ament_prefix_path.dsv
[0.089s] -- Up-to-date: /home/bjorn/Documents/ros-projects/cam_ws/install/image_common/share/image_common/environment/path.sh
[0.090s] -- Up-to-date: /home/bjorn/Documents/ros-projects/cam_ws/install/image_common/share/image_common/environment/path.dsv
[0.090s] -- Up-to-date: /home/bjorn/Documents/ros-projects/cam_ws/install/image_common/share/image_common/local_setup.bash
[0.090s] -- Up-to-date: /home/bjorn/Documents/ros-projects/cam_ws/install/image_common/share/image_common/local_setup.sh
[0.090s] -- Up-to-date: /home/bjorn/Documents/ros-projects/cam_ws/install/image_common/share/image_common/local_setup.zsh
[0.090s] -- Up-to-date: /home/bjorn/Documents/ros-projects/cam_ws/install/image_common/share/image_common/local_setup.dsv
[0.090s] -- Installing: /home/bjorn/Documents/ros-projects/cam_ws/install/image_common/share/image_common/package.dsv
[0.090s] -- Up-to-date: /home/bjorn/Documents/ros-projects/cam_ws/install/image_common/share/ament_index/resource_index/packages/image_common
[0.090s] -- Up-to-date: /home/bjorn/Documents/ros-projects/cam_ws/install/image_common/share/image_common/cmake/image_commonConfig.cmake
[0.090s] -- Up-to-date: /home/bjorn/Documents/ros-projects/cam_ws/install/image_common/share/image_common/cmake/image_commonConfig-version.cmake
[0.090s] -- Up-to-date: /home/bjorn/Documents/ros-projects/cam_ws/install/image_common/share/image_common/package.xml
[0.142s] Invoked command in '/home/bjorn/Documents/ros-projects/cam_ws/build/image_common' returned '0': AMENT_PREFIX_PATH=/home/bjorn/Documents/ros-projects/cam_ws/install/camera_info_manager:/home/bjorn/Documents/ros-projects/cam_ws/install/image_transport:/home/bjorn/Documents/ros-projects/cam_ws/install/camera_calibration_parsers:${AMENT_PREFIX_PATH} CMAKE_PREFIX_PATH=/home/bjorn/Documents/ros-projects/cam_ws/install/camera_info_manager:/home/bjorn/Documents/ros-projects/cam_ws/install/image_transport:/home/bjorn/Documents/ros-projects/cam_ws/install/camera_calibration_parsers:/opt/ros/humble LD_LIBRARY_PATH=/home/bjorn/Documents/ros-projects/cam_ws/install/camera_info_manager/lib:/home/bjorn/Documents/ros-projects/cam_ws/install/image_transport/lib:/home/bjorn/Documents/ros-projects/cam_ws/install/camera_calibration_parsers/lib:${LD_LIBRARY_PATH} /home/bjorn/.local/bin/cmake --install /home/bjorn/Documents/ros-projects/cam_ws/build/image_common
