[0.026s] Invoking command in '/home/bjorn/Documents/ros-projects/cam_ws/build/image_geometry': CMAKE_PREFIX_PATH=${CMAKE_PREFIX_PATH}:/home/bjorn/Documents/ros-projects/cam_ws/install/py_image_flip:/home/bjorn/Documents/ros-projects/cam_ws/install/opencv_tests:/opt/ros/humble /home/bjorn/.local/bin/cmake --build /home/bjorn/Documents/ros-projects/cam_ws/build/image_geometry -- -j20 -l20
[0.059s] [  0%] Built target ament_cmake_python_copy_image_geometry
[0.059s] [ 33%] Built target image_geometry
[0.059s] [ 55%] Built target gtest_main
[0.060s] [ 77%] Built target gtest
[0.069s] [100%] Built target image_geometry-utest
[0.320s] running egg_info
[0.320s] writing image_geometry.egg-info/PKG-INFO
[0.320s] writing dependency_links to image_geometry.egg-info/dependency_links.txt
[0.321s] writing top-level names to image_geometry.egg-info/top_level.txt
[0.323s] reading manifest file 'image_geometry.egg-info/SOURCES.txt'
[0.324s] writing manifest file 'image_geometry.egg-info/SOURCES.txt'
[0.343s] [100%] Built target ament_cmake_python_build_image_geometry_egg
[0.355s] Invoked command in '/home/bjorn/Documents/ros-projects/cam_ws/build/image_geometry' returned '0': CMAKE_PREFIX_PATH=${CMAKE_PREFIX_PATH}:/home/bjorn/Documents/ros-projects/cam_ws/install/py_image_flip:/home/bjorn/Documents/ros-projects/cam_ws/install/opencv_tests:/opt/ros/humble /home/bjorn/.local/bin/cmake --build /home/bjorn/Documents/ros-projects/cam_ws/build/image_geometry -- -j20 -l20
[0.404s] Invoking command in '/home/bjorn/Documents/ros-projects/cam_ws/build/image_geometry': CMAKE_PREFIX_PATH=${CMAKE_PREFIX_PATH}:/home/bjorn/Documents/ros-projects/cam_ws/install/py_image_flip:/home/bjorn/Documents/ros-projects/cam_ws/install/opencv_tests:/opt/ros/humble /home/bjorn/.local/bin/cmake --install /home/bjorn/Documents/ros-projects/cam_ws/build/image_geometry
[0.420s] -- Install configuration: ""
[0.421s] -- Up-to-date: /home/bjorn/Documents/ros-projects/cam_ws/install/image_geometry/share/image_geometry/environment/pythonpath.sh
[0.421s] -- Up-to-date: /home/bjorn/Documents/ros-projects/cam_ws/install/image_geometry/share/image_geometry/environment/pythonpath.dsv
[0.421s] -- Up-to-date: /home/bjorn/Documents/ros-projects/cam_ws/install/image_geometry/local/lib/python3.10/dist-packages/image_geometry-3.2.1-py3.10.egg-info
[0.423s] -- Installing: /home/bjorn/Documents/ros-projects/cam_ws/install/image_geometry/local/lib/python3.10/dist-packages/image_geometry-3.2.1-py3.10.egg-info/PKG-INFO
[0.423s] -- Installing: /home/bjorn/Documents/ros-projects/cam_ws/install/image_geometry/local/lib/python3.10/dist-packages/image_geometry-3.2.1-py3.10.egg-info/SOURCES.txt
[0.423s] -- Installing: /home/bjorn/Documents/ros-projects/cam_ws/install/image_geometry/local/lib/python3.10/dist-packages/image_geometry-3.2.1-py3.10.egg-info/dependency_links.txt
[0.423s] -- Installing: /home/bjorn/Documents/ros-projects/cam_ws/install/image_geometry/local/lib/python3.10/dist-packages/image_geometry-3.2.1-py3.10.egg-info/top_level.txt
[0.424s] -- Up-to-date: /home/bjorn/Documents/ros-projects/cam_ws/install/image_geometry/local/lib/python3.10/dist-packages/image_geometry
[0.424s] -- Up-to-date: /home/bjorn/Documents/ros-projects/cam_ws/install/image_geometry/local/lib/python3.10/dist-packages/image_geometry/__init__.py
[0.424s] -- Up-to-date: /home/bjorn/Documents/ros-projects/cam_ws/install/image_geometry/local/lib/python3.10/dist-packages/image_geometry/cameramodels.py
[0.442s] Listing '/home/bjorn/Documents/ros-projects/cam_ws/install/image_geometry/local/lib/python3.10/dist-packages/image_geometry'...
[0.447s] -- Up-to-date: /home/bjorn/Documents/ros-projects/cam_ws/install/image_geometry/include/image_geometry
[0.447s] -- Up-to-date: /home/bjorn/Documents/ros-projects/cam_ws/install/image_geometry/include/image_geometry/image_geometry
[0.448s] -- Up-to-date: /home/bjorn/Documents/ros-projects/cam_ws/install/image_geometry/include/image_geometry/image_geometry/stereo_camera_model.h
[0.448s] -- Up-to-date: /home/bjorn/Documents/ros-projects/cam_ws/install/image_geometry/include/image_geometry/image_geometry/visibility_control.hpp
[0.448s] -- Up-to-date: /home/bjorn/Documents/ros-projects/cam_ws/install/image_geometry/include/image_geometry/image_geometry/pinhole_camera_model.h
[0.448s] -- Up-to-date: /home/bjorn/Documents/ros-projects/cam_ws/install/image_geometry/lib/libimage_geometry.so
[0.448s] -- Up-to-date: /home/bjorn/Documents/ros-projects/cam_ws/install/image_geometry/share/ament_index/resource_index/package_run_dependencies/image_geometry
[0.448s] -- Up-to-date: /home/bjorn/Documents/ros-projects/cam_ws/install/image_geometry/share/ament_index/resource_index/parent_prefix_path/image_geometry
[0.449s] -- Up-to-date: /home/bjorn/Documents/ros-projects/cam_ws/install/image_geometry/share/image_geometry/environment/ament_prefix_path.sh
[0.449s] -- Up-to-date: /home/bjorn/Documents/ros-projects/cam_ws/install/image_geometry/share/image_geometry/environment/ament_prefix_path.dsv
[0.449s] -- Up-to-date: /home/bjorn/Documents/ros-projects/cam_ws/install/image_geometry/share/image_geometry/environment/path.sh
[0.449s] -- Up-to-date: /home/bjorn/Documents/ros-projects/cam_ws/install/image_geometry/share/image_geometry/environment/path.dsv
[0.449s] -- Up-to-date: /home/bjorn/Documents/ros-projects/cam_ws/install/image_geometry/share/image_geometry/local_setup.bash
[0.450s] -- Up-to-date: /home/bjorn/Documents/ros-projects/cam_ws/install/image_geometry/share/image_geometry/local_setup.sh
[0.450s] -- Up-to-date: /home/bjorn/Documents/ros-projects/cam_ws/install/image_geometry/share/image_geometry/local_setup.zsh
[0.450s] -- Up-to-date: /home/bjorn/Documents/ros-projects/cam_ws/install/image_geometry/share/image_geometry/local_setup.dsv
[0.450s] -- Installing: /home/bjorn/Documents/ros-projects/cam_ws/install/image_geometry/share/image_geometry/package.dsv
[0.450s] -- Up-to-date: /home/bjorn/Documents/ros-projects/cam_ws/install/image_geometry/share/ament_index/resource_index/packages/image_geometry
[0.451s] -- Up-to-date: /home/bjorn/Documents/ros-projects/cam_ws/install/image_geometry/share/image_geometry/cmake/export_image_geometryExport.cmake
[0.451s] -- Up-to-date: /home/bjorn/Documents/ros-projects/cam_ws/install/image_geometry/share/image_geometry/cmake/export_image_geometryExport-noconfig.cmake
[0.451s] -- Up-to-date: /home/bjorn/Documents/ros-projects/cam_ws/install/image_geometry/share/image_geometry/cmake/ament_cmake_export_targets-extras.cmake
[0.453s] -- Up-to-date: /home/bjorn/Documents/ros-projects/cam_ws/install/image_geometry/share/image_geometry/cmake/ament_cmake_export_dependencies-extras.cmake
[0.453s] -- Up-to-date: /home/bjorn/Documents/ros-projects/cam_ws/install/image_geometry/share/image_geometry/cmake/image_geometryConfig.cmake
[0.453s] -- Up-to-date: /home/bjorn/Documents/ros-projects/cam_ws/install/image_geometry/share/image_geometry/cmake/image_geometryConfig-version.cmake
[0.454s] -- Up-to-date: /home/bjorn/Documents/ros-projects/cam_ws/install/image_geometry/share/image_geometry/package.xml
[0.454s] Invoked command in '/home/bjorn/Documents/ros-projects/cam_ws/build/image_geometry' returned '0': CMAKE_PREFIX_PATH=${CMAKE_PREFIX_PATH}:/home/bjorn/Documents/ros-projects/cam_ws/install/py_image_flip:/home/bjorn/Documents/ros-projects/cam_ws/install/opencv_tests:/opt/ros/humble /home/bjorn/.local/bin/cmake --install /home/bjorn/Documents/ros-projects/cam_ws/build/image_geometry
