[0.252s] Invoking command in '/home/bjorn/Documents/ros-projects/cam_ws/build/v4l2_camera': CMAKE_PREFIX_PATH=${CMAKE_PREFIX_PATH}:/home/bjorn/Documents/ros-projects/cam_ws/install/opencv_tests:/opt/ros/humble /home/bjorn/.local/bin/cmake /home/bjorn/Documents/ros-projects/cam_ws/src/ros2_v4l2_camera -DCMAKE_INSTALL_PREFIX=/home/bjorn/Documents/ros-projects/cam_ws/install/v4l2_camera
[0.297s] -- The C compiler identification is GNU 11.3.0
[0.333s] -- The CXX compiler identification is GNU 11.3.0
[0.339s] -- Detecting C compiler ABI info
[0.373s] -- Detecting C compiler ABI info - done
[0.381s] -- Check for working C compiler: /usr/bin/cc - skipped
[0.381s] -- Detecting C compile features
[0.382s] -- Detecting C compile features - done
[0.384s] -- Detecting CXX compiler ABI info
[0.425s] -- Detecting CXX compiler ABI info - done
[0.434s] -- Check for working CXX compiler: /usr/bin/c++ - skipped
[0.434s] -- Detecting CXX compile features
[0.434s] -- Detecting CXX compile features - done
[0.436s] -- Found ament_cmake: 1.3.4 (/opt/ros/humble/share/ament_cmake/cmake)
[0.681s] -- Found Python3: /usr/bin/python3.10 (found version "3.10.6") found components: Interpreter 
[0.741s] -- Found ament_cmake_ros: 0.10.0 (/opt/ros/humble/share/ament_cmake_ros/cmake)
[0.748s] -- Found rclcpp: 16.0.4 (/opt/ros/humble/share/rclcpp/cmake)
[0.783s] -- Found rosidl_generator_c: 3.1.4 (/opt/ros/humble/share/rosidl_generator_c/cmake)
[0.787s] -- Found rosidl_adapter: 3.1.4 (/opt/ros/humble/share/rosidl_adapter/cmake)
[0.794s] -- Found rosidl_generator_cpp: 3.1.4 (/opt/ros/humble/share/rosidl_generator_cpp/cmake)
[0.807s] -- Using all available rosidl_typesupport_c: rosidl_typesupport_fastrtps_c;rosidl_typesupport_introspection_c
[0.825s] -- Using all available rosidl_typesupport_cpp: rosidl_typesupport_fastrtps_cpp;rosidl_typesupport_introspection_cpp
[0.887s] -- Found rmw_implementation_cmake: 6.1.1 (/opt/ros/humble/share/rmw_implementation_cmake/cmake)
[0.890s] -- Found rmw_fastrtps_cpp: 6.2.2 (/opt/ros/humble/share/rmw_fastrtps_cpp/cmake)
[0.958s] -- Found OpenSSL: /usr/lib/x86_64-linux-gnu/libcrypto.so (found version "3.0.2")  
[0.981s] -- Found FastRTPS: /opt/ros/humble/include  
[1.018s] -- Using RMW implementation 'rmw_fastrtps_cpp' as default
[1.026s] -- Performing Test CMAKE_HAVE_LIBC_PTHREAD
[1.062s] -- Performing Test CMAKE_HAVE_LIBC_PTHREAD - Success
[1.063s] -- Found Threads: TRUE  
[1.207s] -- Found rclcpp_components: 16.0.4 (/opt/ros/humble/share/rclcpp_components/cmake)
[1.264s] -- Found camera_info_manager: 3.1.5 (/opt/ros/humble/share/camera_info_manager/cmake)
[1.418s] -- Found cv_bridge: 3.2.1 (/opt/ros/humble/share/cv_bridge/cmake)
[1.433s] -- Found image_transport: 3.1.5 (/opt/ros/humble/share/image_transport/cmake)
[1.466s] -- Found ament_lint_auto: 0.12.6 (/opt/ros/humble/share/ament_lint_auto/cmake)
[1.526s] -- Added test 'cppcheck' to perform static code analysis on C / C++ code
[1.527s] -- Configured cppcheck include dirs: $<BUILD_INTERFACE:/home/bjorn/Documents/ros-projects/cam_ws/src/ros2_v4l2_camera/include>
[1.527s] -- Configured cppcheck exclude dirs and/or files: 
[1.529s] -- Added test 'cpplint' to check C / C++ code against the Google style
[1.529s] -- Configured cpplint exclude dirs and/or files: 
[1.530s] -- Added test 'lint_cmake' to check CMake code style
[1.532s] -- Added test 'uncrustify' to check C / C++ code style
[1.532s] -- Configured uncrustify additional arguments: 
[1.533s] -- Added test 'xmllint' to check XML markup files
[1.536s] -- Configuring done (1.3s)
[1.553s] -- Generating done (0.0s)
[1.554s] -- Build files have been written to: /home/bjorn/Documents/ros-projects/cam_ws/build/v4l2_camera
[1.565s] Invoked command in '/home/bjorn/Documents/ros-projects/cam_ws/build/v4l2_camera' returned '0': CMAKE_PREFIX_PATH=${CMAKE_PREFIX_PATH}:/home/bjorn/Documents/ros-projects/cam_ws/install/opencv_tests:/opt/ros/humble /home/bjorn/.local/bin/cmake /home/bjorn/Documents/ros-projects/cam_ws/src/ros2_v4l2_camera -DCMAKE_INSTALL_PREFIX=/home/bjorn/Documents/ros-projects/cam_ws/install/v4l2_camera
[1.567s] Invoking command in '/home/bjorn/Documents/ros-projects/cam_ws/build/v4l2_camera': CMAKE_PREFIX_PATH=${CMAKE_PREFIX_PATH}:/home/bjorn/Documents/ros-projects/cam_ws/install/opencv_tests:/opt/ros/humble /home/bjorn/.local/bin/cmake --build /home/bjorn/Documents/ros-projects/cam_ws/build/v4l2_camera -- -j20 -l20
[1.596s] [ 12%] [32mBuilding CXX object CMakeFiles/v4l2_camera.dir/src/parameters.cpp.o[0m
[1.596s] [ 25%] [32mBuilding CXX object CMakeFiles/v4l2_camera.dir/src/v4l2_camera.cpp.o[0m
[1.596s] [ 37%] [32mBuilding CXX object CMakeFiles/v4l2_camera.dir/src/v4l2_camera_device.cpp.o[0m
[6.845s] [ 50%] [32m[1mLinking CXX shared library libv4l2_camera.so[0m
[7.150s] [ 50%] Built target v4l2_camera
[7.156s] [ 62%] [32mBuilding CXX object CMakeFiles/v4l2_camera_node.dir/src/v4l2_camera_node.cpp.o[0m
[7.156s] [ 75%] [32mBuilding CXX object CMakeFiles/v4l2_camera_compose_test.dir/src/v4l2_camera_compose_test.cpp.o[0m
[9.120s] [ 87%] [32m[1mLinking CXX executable v4l2_camera_node[0m
[9.401s] [ 87%] Built target v4l2_camera_node
[12.633s] [100%] [32m[1mLinking CXX executable v4l2_camera_compose_test[0m
[13.048s] [100%] Built target v4l2_camera_compose_test
[13.055s] Invoked command in '/home/bjorn/Documents/ros-projects/cam_ws/build/v4l2_camera' returned '0': CMAKE_PREFIX_PATH=${CMAKE_PREFIX_PATH}:/home/bjorn/Documents/ros-projects/cam_ws/install/opencv_tests:/opt/ros/humble /home/bjorn/.local/bin/cmake --build /home/bjorn/Documents/ros-projects/cam_ws/build/v4l2_camera -- -j20 -l20
[13.111s] Invoking command in '/home/bjorn/Documents/ros-projects/cam_ws/build/v4l2_camera': CMAKE_PREFIX_PATH=${CMAKE_PREFIX_PATH}:/home/bjorn/Documents/ros-projects/cam_ws/install/opencv_tests:/opt/ros/humble /home/bjorn/.local/bin/cmake --install /home/bjorn/Documents/ros-projects/cam_ws/build/v4l2_camera
[13.127s] -- Install configuration: ""
[13.127s] -- Installing: /home/bjorn/Documents/ros-projects/cam_ws/install/v4l2_camera/include
[13.128s] -- Installing: /home/bjorn/Documents/ros-projects/cam_ws/install/v4l2_camera/include/v4l2_camera
[13.128s] -- Installing: /home/bjorn/Documents/ros-projects/cam_ws/install/v4l2_camera/include/v4l2_camera/fourcc.hpp
[13.128s] -- Installing: /home/bjorn/Documents/ros-projects/cam_ws/install/v4l2_camera/include/v4l2_camera/v4l2_camera_device.hpp
[13.128s] -- Installing: /home/bjorn/Documents/ros-projects/cam_ws/install/v4l2_camera/include/v4l2_camera/parameters.hpp
[13.128s] -- Installing: /home/bjorn/Documents/ros-projects/cam_ws/install/v4l2_camera/include/v4l2_camera/pixel_format.hpp
[13.128s] -- Installing: /home/bjorn/Documents/ros-projects/cam_ws/install/v4l2_camera/include/v4l2_camera/image_format.hpp
[13.128s] -- Installing: /home/bjorn/Documents/ros-projects/cam_ws/install/v4l2_camera/include/v4l2_camera/v4l2_camera.hpp
[13.128s] -- Installing: /home/bjorn/Documents/ros-projects/cam_ws/install/v4l2_camera/include/v4l2_camera/visibility_control.h
[13.128s] -- Installing: /home/bjorn/Documents/ros-projects/cam_ws/install/v4l2_camera/include/v4l2_camera/control.hpp
[13.128s] -- Installing: /home/bjorn/Documents/ros-projects/cam_ws/install/v4l2_camera/lib/libv4l2_camera.so
[13.133s] -- Set runtime path of "/home/bjorn/Documents/ros-projects/cam_ws/install/v4l2_camera/lib/libv4l2_camera.so" to ""
[13.133s] -- Installing: /home/bjorn/Documents/ros-projects/cam_ws/install/v4l2_camera/lib/v4l2_camera/v4l2_camera_node
[13.133s] -- Set runtime path of "/home/bjorn/Documents/ros-projects/cam_ws/install/v4l2_camera/lib/v4l2_camera/v4l2_camera_node" to ""
[13.133s] -- Installing: /home/bjorn/Documents/ros-projects/cam_ws/install/v4l2_camera/lib/v4l2_camera/v4l2_camera_compose_test
[13.136s] -- Set runtime path of "/home/bjorn/Documents/ros-projects/cam_ws/install/v4l2_camera/lib/v4l2_camera/v4l2_camera_compose_test" to ""
[13.136s] -- Installing: /home/bjorn/Documents/ros-projects/cam_ws/install/v4l2_camera/share/v4l2_camera/environment/library_path.sh
[13.136s] -- Installing: /home/bjorn/Documents/ros-projects/cam_ws/install/v4l2_camera/share/v4l2_camera/environment/library_path.dsv
[13.136s] -- Installing: /home/bjorn/Documents/ros-projects/cam_ws/install/v4l2_camera/share/ament_index/resource_index/package_run_dependencies/v4l2_camera
[13.136s] -- Installing: /home/bjorn/Documents/ros-projects/cam_ws/install/v4l2_camera/share/ament_index/resource_index/parent_prefix_path/v4l2_camera
[13.136s] -- Installing: /home/bjorn/Documents/ros-projects/cam_ws/install/v4l2_camera/share/v4l2_camera/environment/ament_prefix_path.sh
[13.136s] -- Installing: /home/bjorn/Documents/ros-projects/cam_ws/install/v4l2_camera/share/v4l2_camera/environment/ament_prefix_path.dsv
[13.136s] -- Installing: /home/bjorn/Documents/ros-projects/cam_ws/install/v4l2_camera/share/v4l2_camera/environment/path.sh
[13.136s] -- Installing: /home/bjorn/Documents/ros-projects/cam_ws/install/v4l2_camera/share/v4l2_camera/environment/path.dsv
[13.136s] -- Installing: /home/bjorn/Documents/ros-projects/cam_ws/install/v4l2_camera/share/v4l2_camera/local_setup.bash
[13.136s] -- Installing: /home/bjorn/Documents/ros-projects/cam_ws/install/v4l2_camera/share/v4l2_camera/local_setup.sh
[13.136s] -- Installing: /home/bjorn/Documents/ros-projects/cam_ws/install/v4l2_camera/share/v4l2_camera/local_setup.zsh
[13.136s] -- Installing: /home/bjorn/Documents/ros-projects/cam_ws/install/v4l2_camera/share/v4l2_camera/local_setup.dsv
[13.137s] -- Installing: /home/bjorn/Documents/ros-projects/cam_ws/install/v4l2_camera/share/v4l2_camera/package.dsv
[13.137s] -- Installing: /home/bjorn/Documents/ros-projects/cam_ws/install/v4l2_camera/share/ament_index/resource_index/packages/v4l2_camera
[13.137s] -- Installing: /home/bjorn/Documents/ros-projects/cam_ws/install/v4l2_camera/share/ament_index/resource_index/rclcpp_components/v4l2_camera
[13.137s] -- Installing: /home/bjorn/Documents/ros-projects/cam_ws/install/v4l2_camera/share/v4l2_camera/cmake/export_v4l2_cameraExport.cmake
[13.137s] -- Installing: /home/bjorn/Documents/ros-projects/cam_ws/install/v4l2_camera/share/v4l2_camera/cmake/export_v4l2_cameraExport-noconfig.cmake
[13.137s] -- Installing: /home/bjorn/Documents/ros-projects/cam_ws/install/v4l2_camera/share/v4l2_camera/cmake/ament_cmake_export_include_directories-extras.cmake
[13.137s] -- Installing: /home/bjorn/Documents/ros-projects/cam_ws/install/v4l2_camera/share/v4l2_camera/cmake/ament_cmake_export_targets-extras.cmake
[13.137s] -- Installing: /home/bjorn/Documents/ros-projects/cam_ws/install/v4l2_camera/share/v4l2_camera/cmake/ament_cmake_export_libraries-extras.cmake
[13.137s] -- Installing: /home/bjorn/Documents/ros-projects/cam_ws/install/v4l2_camera/share/v4l2_camera/cmake/ament_cmake_export_dependencies-extras.cmake
[13.137s] -- Installing: /home/bjorn/Documents/ros-projects/cam_ws/install/v4l2_camera/share/v4l2_camera/cmake/v4l2_cameraConfig.cmake
[13.137s] -- Installing: /home/bjorn/Documents/ros-projects/cam_ws/install/v4l2_camera/share/v4l2_camera/cmake/v4l2_cameraConfig-version.cmake
[13.137s] -- Installing: /home/bjorn/Documents/ros-projects/cam_ws/install/v4l2_camera/share/v4l2_camera/package.xml
[13.143s] Invoked command in '/home/bjorn/Documents/ros-projects/cam_ws/build/v4l2_camera' returned '0': CMAKE_PREFIX_PATH=${CMAKE_PREFIX_PATH}:/home/bjorn/Documents/ros-projects/cam_ws/install/opencv_tests:/opt/ros/humble /home/bjorn/.local/bin/cmake --install /home/bjorn/Documents/ros-projects/cam_ws/build/v4l2_camera
