[0.023s] Invoking command in '/home/bjorn/Documents/ros-projects/cam_ws/build/image_transport': CMAKE_PREFIX_PATH=${CMAKE_PREFIX_PATH}:/home/bjorn/Documents/ros-projects/cam_ws/install/opencv_tests:/opt/ros/humble /home/bjorn/.local/bin/cmake /home/bjorn/Documents/ros-projects/cam_ws/src/image_common/image_transport -DCMAKE_INSTALL_PREFIX=/home/bjorn/Documents/ros-projects/cam_ws/install/image_transport
[0.068s] -- The C compiler identification is GNU 11.3.0
[0.105s] -- The CXX compiler identification is GNU 11.3.0
[0.112s] -- Detecting C compiler ABI info
[0.145s] -- Detecting C compiler ABI info - done
[0.159s] -- Check for working C compiler: /usr/bin/cc - skipped
[0.159s] -- Detecting C compile features
[0.159s] -- Detecting C compile features - done
[0.163s] -- Detecting CXX compiler ABI info
[0.208s] -- Detecting CXX compiler ABI info - done
[0.217s] -- Check for working CXX compiler: /usr/bin/c++ - skipped
[0.217s] -- Detecting CXX compile features
[0.218s] -- Detecting CXX compile features - done
[0.219s] -- Found ament_cmake_ros: 0.10.0 (/opt/ros/humble/share/ament_cmake_ros/cmake)
[0.509s] -- Found Python3: /usr/bin/python3.10 (found version "3.10.6") found components: Interpreter 
[0.587s] -- Found message_filters: 4.3.3 (/opt/ros/humble/share/message_filters/cmake)
[0.650s] -- Found rosidl_generator_c: 3.1.4 (/opt/ros/humble/share/rosidl_generator_c/cmake)
[0.657s] -- Found rosidl_adapter: 3.1.4 (/opt/ros/humble/share/rosidl_adapter/cmake)
[0.669s] -- Found rosidl_generator_cpp: 3.1.4 (/opt/ros/humble/share/rosidl_generator_cpp/cmake)
[0.690s] -- Using all available rosidl_typesupport_c: rosidl_typesupport_fastrtps_c;rosidl_typesupport_introspection_c
[0.722s] -- Using all available rosidl_typesupport_cpp: rosidl_typesupport_fastrtps_cpp;rosidl_typesupport_introspection_cpp
[0.789s] -- Found rmw_implementation_cmake: 6.1.1 (/opt/ros/humble/share/rmw_implementation_cmake/cmake)
[0.791s] -- Found rmw_fastrtps_cpp: 6.2.2 (/opt/ros/humble/share/rmw_fastrtps_cpp/cmake)
[0.860s] -- Found OpenSSL: /usr/lib/x86_64-linux-gnu/libcrypto.so (found version "3.0.2")  
[0.883s] -- Found FastRTPS: /opt/ros/humble/include  
[0.936s] -- Using RMW implementation 'rmw_fastrtps_cpp' as default
[0.949s] -- Performing Test CMAKE_HAVE_LIBC_PTHREAD
[0.991s] -- Performing Test CMAKE_HAVE_LIBC_PTHREAD - Success
[0.992s] -- Found Threads: TRUE  
[1.177s] -- Found pluginlib: 5.1.0 (/opt/ros/humble/share/pluginlib/cmake)
[1.204s] -- Found sensor_msgs: 4.2.3 (/opt/ros/humble/share/sensor_msgs/cmake)
[1.331s] -- Found ament_lint_auto: 0.12.6 (/opt/ros/humble/share/ament_lint_auto/cmake)
[1.402s] -- Found gtest sources under '/opt/ros/humble/src/gtest_vendor': C++ tests using 'Google Test' will be built
[1.416s] -- Added test 'copyright' to check source files copyright and LICENSE
[1.418s] -- Added test 'cpplint' to check C / C++ code against the Google style
[1.418s] -- Configured cpplint exclude dirs and/or files: 
[1.419s] -- Added test 'lint_cmake' to check CMake code style
[1.421s] -- Added test 'uncrustify' to check C / C++ code style
[1.422s] -- Configured uncrustify additional arguments: 
[1.422s] -- Added test 'xmllint' to check XML markup files
[1.424s] -- Configuring done (1.4s)
[1.462s] -- Generating done (0.0s)
[1.465s] -- Build files have been written to: /home/bjorn/Documents/ros-projects/cam_ws/build/image_transport
[1.481s] Invoked command in '/home/bjorn/Documents/ros-projects/cam_ws/build/image_transport' returned '0': CMAKE_PREFIX_PATH=${CMAKE_PREFIX_PATH}:/home/bjorn/Documents/ros-projects/cam_ws/install/opencv_tests:/opt/ros/humble /home/bjorn/.local/bin/cmake /home/bjorn/Documents/ros-projects/cam_ws/src/image_common/image_transport -DCMAKE_INSTALL_PREFIX=/home/bjorn/Documents/ros-projects/cam_ws/install/image_transport
[1.482s] Invoking command in '/home/bjorn/Documents/ros-projects/cam_ws/build/image_transport': CMAKE_PREFIX_PATH=${CMAKE_PREFIX_PATH}:/home/bjorn/Documents/ros-projects/cam_ws/install/opencv_tests:/opt/ros/humble /home/bjorn/.local/bin/cmake --build /home/bjorn/Documents/ros-projects/cam_ws/build/image_transport -- -j20 -l20
[1.516s] [  6%] [32mBuilding CXX object CMakeFiles/image_transport.dir/src/camera_common.cpp.o[0m
[1.516s] [ 10%] [32mBuilding CXX object CMakeFiles/image_transport.dir/src/publisher.cpp.o[0m
[1.516s] [ 13%] [32mBuilding CXX object CMakeFiles/image_transport.dir/src/subscriber.cpp.o[0m
[1.516s] [ 16%] [32mBuilding CXX object gtest/CMakeFiles/gtest.dir/src/gtest-all.cc.o[0m
[1.516s] [ 20%] [32mBuilding CXX object CMakeFiles/image_transport.dir/src/single_subscriber_publisher.cpp.o[0m
[1.517s] [ 20%] [32mBuilding CXX object gtest/CMakeFiles/gtest_main.dir/src/gtest_main.cc.o[0m
[1.517s] [ 23%] [32mBuilding CXX object CMakeFiles/image_transport.dir/src/camera_subscriber.cpp.o[0m
[1.517s] [ 30%] [32mBuilding CXX object CMakeFiles/image_transport.dir/src/camera_publisher.cpp.o[0m
[1.517s] [ 30%] [32mBuilding CXX object CMakeFiles/image_transport.dir/src/image_transport.cpp.o[0m
[2.275s] [ 33%] [32m[1mLinking CXX static library libgtest_main.a[0m
[2.342s] [ 33%] Built target gtest_main
[4.683s] [ 36%] [32m[1mLinking CXX static library libgtest.a[0m
[4.732s] [ 36%] Built target gtest
[9.947s] [ 40%] [32m[1mLinking CXX shared library libimage_transport.so[0m
[10.366s] [ 40%] Built target image_transport
[10.372s] [ 46%] [32mBuilding CXX object CMakeFiles/image_transport_plugins.dir/src/manifest.cpp.o[0m
[10.372s] [ 46%] [32mBuilding CXX object CMakeFiles/list_transports.dir/src/list_transports.cpp.o[0m
[10.372s] [ 50%] [32mBuilding CXX object CMakeFiles/republish.dir/src/republish.cpp.o[0m
[10.372s] [ 56%] [32mBuilding CXX object CMakeFiles/image_transport-publisher.dir/test/test_publisher.cpp.o[0m
[10.373s] [ 56%] [32mBuilding CXX object CMakeFiles/image_transport-camera_common.dir/test/test_camera_common.cpp.o[0m
[10.373s] [ 60%] [32mBuilding CXX object CMakeFiles/image_transport-subscriber.dir/test/test_subscriber.cpp.o[0m
[10.373s] [ 63%] [32mBuilding CXX object CMakeFiles/image_transport-message_passing.dir/test/test_message_passing.cpp.o[0m
[10.373s] [ 66%] [32mBuilding CXX object CMakeFiles/image_transport-remapping.dir/test/test_remapping.cpp.o[0m
[10.373s] [ 70%] [32mBuilding CXX object CMakeFiles/image_transport-single_subscriber_publisher.dir/test/test_single_subscriber_publisher.cpp.o[0m
[11.127s] [ 73%] [32m[1mLinking CXX executable image_transport-camera_common[0m
[11.402s] [ 73%] Built target image_transport-camera_common
[13.040s] [ 76%] [32m[1mLinking CXX executable image_transport-single_subscriber_publisher[0m
[13.154s] [ 80%] [32m[1mLinking CXX executable image_transport-publisher[0m
[13.205s] [ 83%] [32m[1mLinking CXX executable image_transport-subscriber[0m
[13.216s] [ 86%] [32m[1mLinking CXX executable image_transport-remapping[0m
[13.307s] [ 90%] [32m[1mLinking CXX executable image_transport-message_passing[0m
[13.369s] [ 90%] Built target image_transport-single_subscriber_publisher
[13.652s] [ 90%] Built target image_transport-publisher
[13.707s] [ 93%] [32m[1mLinking CXX executable list_transports[0m
[13.713s] [ 93%] Built target image_transport-subscriber
[13.730s] [ 93%] Built target image_transport-remapping
[13.761s] [ 93%] Built target image_transport-message_passing
[13.906s] [ 93%] Built target list_transports
[14.655s] [ 96%] [32m[1mLinking CXX executable republish[0m
[14.846s] [ 96%] Built target republish
[16.047s] [100%] [32m[1mLinking CXX shared library libimage_transport_plugins.so[0m
[16.302s] [100%] Built target image_transport_plugins
[16.308s] Invoked command in '/home/bjorn/Documents/ros-projects/cam_ws/build/image_transport' returned '0': CMAKE_PREFIX_PATH=${CMAKE_PREFIX_PATH}:/home/bjorn/Documents/ros-projects/cam_ws/install/opencv_tests:/opt/ros/humble /home/bjorn/.local/bin/cmake --build /home/bjorn/Documents/ros-projects/cam_ws/build/image_transport -- -j20 -l20
[16.365s] Invoking command in '/home/bjorn/Documents/ros-projects/cam_ws/build/image_transport': CMAKE_PREFIX_PATH=${CMAKE_PREFIX_PATH}:/home/bjorn/Documents/ros-projects/cam_ws/install/opencv_tests:/opt/ros/humble /home/bjorn/.local/bin/cmake --install /home/bjorn/Documents/ros-projects/cam_ws/build/image_transport
[16.384s] -- Install configuration: ""
[16.384s] -- Installing: /home/bjorn/Documents/ros-projects/cam_ws/install/image_transport/share/image_transport/default_plugins.xml
[16.384s] -- Installing: /home/bjorn/Documents/ros-projects/cam_ws/install/image_transport/lib/libimage_transport.so
[16.392s] -- Set runtime path of "/home/bjorn/Documents/ros-projects/cam_ws/install/image_transport/lib/libimage_transport.so" to ""
[16.392s] -- Installing: /home/bjorn/Documents/ros-projects/cam_ws/install/image_transport/lib/libimage_transport_plugins.so
[16.397s] -- Set runtime path of "/home/bjorn/Documents/ros-projects/cam_ws/install/image_transport/lib/libimage_transport_plugins.so" to ""
[16.397s] -- Up-to-date: /home/bjorn/Documents/ros-projects/cam_ws/install/image_transport/lib/libimage_transport.so
[16.397s] -- Installing: /home/bjorn/Documents/ros-projects/cam_ws/install/image_transport/lib/image_transport/list_transports
[16.399s] -- Set runtime path of "/home/bjorn/Documents/ros-projects/cam_ws/install/image_transport/lib/image_transport/list_transports" to ""
[16.399s] -- Installing: /home/bjorn/Documents/ros-projects/cam_ws/install/image_transport/lib/image_transport/republish
[16.400s] -- Set runtime path of "/home/bjorn/Documents/ros-projects/cam_ws/install/image_transport/lib/image_transport/republish" to ""
[16.400s] -- Installing: /home/bjorn/Documents/ros-projects/cam_ws/install/image_transport/include/image_transport
[16.400s] -- Installing: /home/bjorn/Documents/ros-projects/cam_ws/install/image_transport/include/image_transport/image_transport
[16.400s] -- Installing: /home/bjorn/Documents/ros-projects/cam_ws/install/image_transport/include/image_transport/image_transport/publisher_plugin.h
[16.401s] -- Installing: /home/bjorn/Documents/ros-projects/cam_ws/install/image_transport/include/image_transport/image_transport/raw_subscriber.hpp
[16.401s] -- Installing: /home/bjorn/Documents/ros-projects/cam_ws/install/image_transport/include/image_transport/image_transport/publisher.hpp
[16.401s] -- Installing: /home/bjorn/Documents/ros-projects/cam_ws/install/image_transport/include/image_transport/image_transport/subscriber_plugin.h
[16.401s] -- Installing: /home/bjorn/Documents/ros-projects/cam_ws/install/image_transport/include/image_transport/image_transport/exception.h
[16.401s] -- Installing: /home/bjorn/Documents/ros-projects/cam_ws/install/image_transport/include/image_transport/image_transport/camera_common.hpp
[16.401s] -- Installing: /home/bjorn/Documents/ros-projects/cam_ws/install/image_transport/include/image_transport/image_transport/subscriber_filter.h
[16.401s] -- Installing: /home/bjorn/Documents/ros-projects/cam_ws/install/image_transport/include/image_transport/image_transport/subscriber.hpp
[16.401s] -- Installing: /home/bjorn/Documents/ros-projects/cam_ws/install/image_transport/include/image_transport/image_transport/camera_common.h
[16.401s] -- Installing: /home/bjorn/Documents/ros-projects/cam_ws/install/image_transport/include/image_transport/image_transport/raw_subscriber.h
[16.401s] -- Installing: /home/bjorn/Documents/ros-projects/cam_ws/install/image_transport/include/image_transport/image_transport/single_subscriber_publisher.hpp
[16.401s] -- Installing: /home/bjorn/Documents/ros-projects/cam_ws/install/image_transport/include/image_transport/image_transport/subscriber.h
[16.401s] -- Installing: /home/bjorn/Documents/ros-projects/cam_ws/install/image_transport/include/image_transport/image_transport/image_transport.h
[16.401s] -- Installing: /home/bjorn/Documents/ros-projects/cam_ws/install/image_transport/include/image_transport/image_transport/publisher.h
[16.401s] -- Installing: /home/bjorn/Documents/ros-projects/cam_ws/install/image_transport/include/image_transport/image_transport/simple_publisher_plugin.h
[16.401s] -- Installing: /home/bjorn/Documents/ros-projects/cam_ws/install/image_transport/include/image_transport/image_transport/raw_publisher.h
[16.401s] -- Installing: /home/bjorn/Documents/ros-projects/cam_ws/install/image_transport/include/image_transport/image_transport/loader_fwds.hpp
[16.402s] -- Installing: /home/bjorn/Documents/ros-projects/cam_ws/install/image_transport/include/image_transport/image_transport/camera_subscriber.hpp
[16.402s] -- Installing: /home/bjorn/Documents/ros-projects/cam_ws/install/image_transport/include/image_transport/image_transport/visibility_control.hpp
[16.402s] -- Installing: /home/bjorn/Documents/ros-projects/cam_ws/install/image_transport/include/image_transport/image_transport/single_subscriber_publisher.h
[16.402s] -- Installing: /home/bjorn/Documents/ros-projects/cam_ws/install/image_transport/include/image_transport/image_transport/camera_publisher.h
[16.402s] -- Installing: /home/bjorn/Documents/ros-projects/cam_ws/install/image_transport/include/image_transport/image_transport/image_transport.hpp
[16.402s] -- Installing: /home/bjorn/Documents/ros-projects/cam_ws/install/image_transport/include/image_transport/image_transport/transport_hints.hpp
[16.402s] -- Installing: /home/bjorn/Documents/ros-projects/cam_ws/install/image_transport/include/image_transport/image_transport/subscriber_filter.hpp
[16.402s] -- Installing: /home/bjorn/Documents/ros-projects/cam_ws/install/image_transport/include/image_transport/image_transport/transport_hints.h
[16.402s] -- Installing: /home/bjorn/Documents/ros-projects/cam_ws/install/image_transport/include/image_transport/image_transport/simple_publisher_plugin.hpp
[16.402s] -- Installing: /home/bjorn/Documents/ros-projects/cam_ws/install/image_transport/include/image_transport/image_transport/camera_publisher.hpp
[16.402s] -- Installing: /home/bjorn/Documents/ros-projects/cam_ws/install/image_transport/include/image_transport/image_transport/subscriber_plugin.hpp
[16.402s] -- Installing: /home/bjorn/Documents/ros-projects/cam_ws/install/image_transport/include/image_transport/image_transport/loader_fwds.h
[16.402s] -- Installing: /home/bjorn/Documents/ros-projects/cam_ws/install/image_transport/include/image_transport/image_transport/raw_publisher.hpp
[16.402s] -- Installing: /home/bjorn/Documents/ros-projects/cam_ws/install/image_transport/include/image_transport/image_transport/publisher_plugin.hpp
[16.402s] -- Installing: /home/bjorn/Documents/ros-projects/cam_ws/install/image_transport/include/image_transport/image_transport/exception.hpp
[16.402s] -- Installing: /home/bjorn/Documents/ros-projects/cam_ws/install/image_transport/include/image_transport/image_transport/simple_subscriber_plugin.hpp
[16.402s] -- Installing: /home/bjorn/Documents/ros-projects/cam_ws/install/image_transport/include/image_transport/image_transport/simple_subscriber_plugin.h
[16.402s] -- Installing: /home/bjorn/Documents/ros-projects/cam_ws/install/image_transport/include/image_transport/image_transport/camera_subscriber.h
[16.403s] -- Installing: /home/bjorn/Documents/ros-projects/cam_ws/install/image_transport/share/ament_index/resource_index/package_run_dependencies/image_transport
[16.403s] -- Installing: /home/bjorn/Documents/ros-projects/cam_ws/install/image_transport/share/ament_index/resource_index/parent_prefix_path/image_transport
[16.403s] -- Installing: /home/bjorn/Documents/ros-projects/cam_ws/install/image_transport/share/image_transport/environment/ament_prefix_path.sh
[16.403s] -- Installing: /home/bjorn/Documents/ros-projects/cam_ws/install/image_transport/share/image_transport/environment/ament_prefix_path.dsv
[16.403s] -- Installing: /home/bjorn/Documents/ros-projects/cam_ws/install/image_transport/share/image_transport/environment/path.sh
[16.403s] -- Installing: /home/bjorn/Documents/ros-projects/cam_ws/install/image_transport/share/image_transport/environment/path.dsv
[16.403s] -- Installing: /home/bjorn/Documents/ros-projects/cam_ws/install/image_transport/share/image_transport/local_setup.bash
[16.403s] -- Installing: /home/bjorn/Documents/ros-projects/cam_ws/install/image_transport/share/image_transport/local_setup.sh
[16.403s] -- Installing: /home/bjorn/Documents/ros-projects/cam_ws/install/image_transport/share/image_transport/local_setup.zsh
[16.403s] -- Installing: /home/bjorn/Documents/ros-projects/cam_ws/install/image_transport/share/image_transport/local_setup.dsv
[16.403s] -- Installing: /home/bjorn/Documents/ros-projects/cam_ws/install/image_transport/share/image_transport/package.dsv
[16.403s] -- Installing: /home/bjorn/Documents/ros-projects/cam_ws/install/image_transport/share/ament_index/resource_index/packages/image_transport
[16.403s] -- Installing: /home/bjorn/Documents/ros-projects/cam_ws/install/image_transport/share/ament_index/resource_index/image_transport__pluginlib__plugin/image_transport
[16.403s] -- Installing: /home/bjorn/Documents/ros-projects/cam_ws/install/image_transport/share/image_transport/cmake/export_image_transportExport.cmake
[16.403s] -- Installing: /home/bjorn/Documents/ros-projects/cam_ws/install/image_transport/share/image_transport/cmake/export_image_transportExport-noconfig.cmake
[16.403s] -- Installing: /home/bjorn/Documents/ros-projects/cam_ws/install/image_transport/share/image_transport/cmake/ament_cmake_export_targets-extras.cmake
[16.404s] -- Installing: /home/bjorn/Documents/ros-projects/cam_ws/install/image_transport/share/image_transport/cmake/ament_cmake_export_dependencies-extras.cmake
[16.404s] -- Installing: /home/bjorn/Documents/ros-projects/cam_ws/install/image_transport/share/image_transport/cmake/image_transportConfig.cmake
[16.404s] -- Installing: /home/bjorn/Documents/ros-projects/cam_ws/install/image_transport/share/image_transport/cmake/image_transportConfig-version.cmake
[16.404s] -- Installing: /home/bjorn/Documents/ros-projects/cam_ws/install/image_transport/share/image_transport/package.xml
[16.409s] Invoked command in '/home/bjorn/Documents/ros-projects/cam_ws/build/image_transport' returned '0': CMAKE_PREFIX_PATH=${CMAKE_PREFIX_PATH}:/home/bjorn/Documents/ros-projects/cam_ws/install/opencv_tests:/opt/ros/humble /home/bjorn/.local/bin/cmake --install /home/bjorn/Documents/ros-projects/cam_ws/build/image_transport
