[0.606s] Invoking command in '/home/bjorn/Documents/ros-projects/cam_ws/src/py_image_flip': PYTHONPATH=/home/bjorn/Documents/ros-projects/cam_ws/build/py_image_flip/prefix_override:/home/bjorn/Documents/ros-projects/cam_ws/install/py_image_flip/lib/python3.10/site-packages:${PYTHONPATH} /usr/bin/python3 setup.py egg_info --egg-base ../../build/py_image_flip build --build-base /home/bjorn/Documents/ros-projects/cam_ws/build/py_image_flip/build install --record /home/bjorn/Documents/ros-projects/cam_ws/build/py_image_flip/install.log --single-version-externally-managed
[0.841s] running egg_info
[0.841s] creating ../../build/py_image_flip/py_image_flip.egg-info
[0.842s] writing ../../build/py_image_flip/py_image_flip.egg-info/PKG-INFO
[0.842s] writing dependency_links to ../../build/py_image_flip/py_image_flip.egg-info/dependency_links.txt
[0.842s] writing entry points to ../../build/py_image_flip/py_image_flip.egg-info/entry_points.txt
[0.842s] writing requirements to ../../build/py_image_flip/py_image_flip.egg-info/requires.txt
[0.842s] writing top-level names to ../../build/py_image_flip/py_image_flip.egg-info/top_level.txt
[0.843s] writing manifest file '../../build/py_image_flip/py_image_flip.egg-info/SOURCES.txt'
[0.844s] reading manifest file '../../build/py_image_flip/py_image_flip.egg-info/SOURCES.txt'
[0.844s] writing manifest file '../../build/py_image_flip/py_image_flip.egg-info/SOURCES.txt'
[0.844s] running build
[0.844s] running build_py
[0.844s] creating /home/bjorn/Documents/ros-projects/cam_ws/build/py_image_flip/build
[0.844s] creating /home/bjorn/Documents/ros-projects/cam_ws/build/py_image_flip/build/lib
[0.845s] creating /home/bjorn/Documents/ros-projects/cam_ws/build/py_image_flip/build/lib/py_image_flip
[0.845s] copying py_image_flip/image_flip_node.py -> /home/bjorn/Documents/ros-projects/cam_ws/build/py_image_flip/build/lib/py_image_flip
[0.845s] copying py_image_flip/__init__.py -> /home/bjorn/Documents/ros-projects/cam_ws/build/py_image_flip/build/lib/py_image_flip
[0.845s] running install
[0.845s] running install_lib
[0.845s] creating /home/bjorn/Documents/ros-projects/cam_ws/install/py_image_flip/lib/python3.10/site-packages/py_image_flip
[0.845s] copying /home/bjorn/Documents/ros-projects/cam_ws/build/py_image_flip/build/lib/py_image_flip/image_flip_node.py -> /home/bjorn/Documents/ros-projects/cam_ws/install/py_image_flip/lib/python3.10/site-packages/py_image_flip
[0.845s] copying /home/bjorn/Documents/ros-projects/cam_ws/build/py_image_flip/build/lib/py_image_flip/__init__.py -> /home/bjorn/Documents/ros-projects/cam_ws/install/py_image_flip/lib/python3.10/site-packages/py_image_flip
[0.846s] byte-compiling /home/bjorn/Documents/ros-projects/cam_ws/install/py_image_flip/lib/python3.10/site-packages/py_image_flip/image_flip_node.py to image_flip_node.cpython-310.pyc
[0.846s] byte-compiling /home/bjorn/Documents/ros-projects/cam_ws/install/py_image_flip/lib/python3.10/site-packages/py_image_flip/__init__.py to __init__.cpython-310.pyc
[0.846s] running install_data
[0.846s] creating /home/bjorn/Documents/ros-projects/cam_ws/install/py_image_flip/share/ament_index
[0.846s] creating /home/bjorn/Documents/ros-projects/cam_ws/install/py_image_flip/share/ament_index/resource_index
[0.846s] creating /home/bjorn/Documents/ros-projects/cam_ws/install/py_image_flip/share/ament_index/resource_index/packages
[0.847s] copying resource/py_image_flip -> /home/bjorn/Documents/ros-projects/cam_ws/install/py_image_flip/share/ament_index/resource_index/packages
[0.847s] copying package.xml -> /home/bjorn/Documents/ros-projects/cam_ws/install/py_image_flip/share/py_image_flip
[0.847s] running install_egg_info
[0.847s] Copying ../../build/py_image_flip/py_image_flip.egg-info to /home/bjorn/Documents/ros-projects/cam_ws/install/py_image_flip/lib/python3.10/site-packages/py_image_flip-0.0.0-py3.10.egg-info
[0.848s] running install_scripts
[0.861s] Installing image_flip_node script to /home/bjorn/Documents/ros-projects/cam_ws/install/py_image_flip/lib/py_image_flip
[0.861s] writing list of installed files to '/home/bjorn/Documents/ros-projects/cam_ws/build/py_image_flip/install.log'
[0.877s] Invoked command in '/home/bjorn/Documents/ros-projects/cam_ws/src/py_image_flip' returned '0': PYTHONPATH=/home/bjorn/Documents/ros-projects/cam_ws/build/py_image_flip/prefix_override:/home/bjorn/Documents/ros-projects/cam_ws/install/py_image_flip/lib/python3.10/site-packages:${PYTHONPATH} /usr/bin/python3 setup.py egg_info --egg-base ../../build/py_image_flip build --build-base /home/bjorn/Documents/ros-projects/cam_ws/build/py_image_flip/build install --record /home/bjorn/Documents/ros-projects/cam_ws/build/py_image_flip/install.log --single-version-externally-managed
