[0.322s] DEBUG:colcon:Command line arguments: ['/usr/bin/colcon', 'build']
[0.322s] DEBUG:colcon:Parsed command line arguments: Namespace(log_base=None, log_level=None, verb_name='build', build_base='build', install_base='install', merge_install=False, symlink_install=False, test_result_base=None, continue_on_error=False, executor='parallel', parallel_workers=20, event_handlers=None, ignore_user_meta=False, metas=['./colcon.meta'], base_paths=['.'], packages_ignore=None, packages_ignore_regex=None, paths=None, packages_up_to=None, packages_up_to_regex=None, packages_above=None, packages_above_and_dependencies=None, packages_above_depth=None, packages_select_by_dep=None, packages_skip_by_dep=None, packages_skip_up_to=None, packages_select_build_failed=False, packages_skip_build_finished=False, packages_select_test_failures=False, packages_skip_test_passed=False, packages_select=None, packages_skip=None, packages_select_regex=None, packages_skip_regex=None, packages_start=None, packages_end=None, allow_overriding=[], cmake_args=None, cmake_target=None, cmake_target_skip_unavailable=False, cmake_clean_cache=False, cmake_clean_first=False, cmake_force_configure=False, ament_cmake_args=None, catkin_cmake_args=None, catkin_skip_building_tests=False, verb_parser=<colcon_defaults.argument_parser.defaults.DefaultArgumentsDecorator object at 0x7f360266cbb0>, verb_extension=<colcon_core.verb.build.BuildVerb object at 0x7f360266c370>, main=<bound method BuildVerb.main of <colcon_core.verb.build.BuildVerb object at 0x7f360266c370>>)
[0.341s] Level 1:colcon.colcon_core.package_discovery:discover_packages(colcon_meta) check parameters
[0.341s] Level 1:colcon.colcon_core.package_discovery:discover_packages(recursive) check parameters
[0.341s] Level 1:colcon.colcon_core.package_discovery:discover_packages(ignore) check parameters
[0.341s] Level 1:colcon.colcon_core.package_discovery:discover_packages(path) check parameters
[0.341s] Level 1:colcon.colcon_core.package_discovery:discover_packages(colcon_meta) discover
[0.341s] Level 1:colcon.colcon_core.package_discovery:discover_packages(recursive) discover
[0.341s] INFO:colcon.colcon_core.package_discovery:Crawling recursively for packages in '/home/bjorn/Documents/ros-projects/cam_ws'
[0.342s] Level 1:colcon.colcon_core.package_identification:_identify(.) by extensions ['ignore', 'ignore_ament_install']
[0.342s] Level 1:colcon.colcon_core.package_identification:_identify(.) by extension 'ignore'
[0.342s] Level 1:colcon.colcon_core.package_identification:_identify(.) by extension 'ignore_ament_install'
[0.342s] Level 1:colcon.colcon_core.package_identification:_identify(.) by extensions ['colcon_pkg']
[0.342s] Level 1:colcon.colcon_core.package_identification:_identify(.) by extension 'colcon_pkg'
[0.342s] Level 1:colcon.colcon_core.package_identification:_identify(.) by extensions ['colcon_meta']
[0.342s] Level 1:colcon.colcon_core.package_identification:_identify(.) by extension 'colcon_meta'
[0.342s] Level 1:colcon.colcon_core.package_identification:_identify(.) by extensions ['ros']
[0.342s] Level 1:colcon.colcon_core.package_identification:_identify(.) by extension 'ros'
[0.352s] Level 1:colcon.colcon_core.package_identification:_identify(.) by extensions ['cmake', 'python']
[0.352s] Level 1:colcon.colcon_core.package_identification:_identify(.) by extension 'cmake'
[0.352s] Level 1:colcon.colcon_core.package_identification:_identify(.) by extension 'python'
[0.352s] Level 1:colcon.colcon_core.package_identification:_identify(.) by extensions ['python_setup_py']
[0.352s] Level 1:colcon.colcon_core.package_identification:_identify(.) by extension 'python_setup_py'
[0.352s] Level 1:colcon.colcon_core.package_identification:_identify(build) by extensions ['ignore', 'ignore_ament_install']
[0.353s] Level 1:colcon.colcon_core.package_identification:_identify(build) by extension 'ignore'
[0.353s] Level 1:colcon.colcon_core.package_identification:_identify(build) ignored
[0.353s] Level 1:colcon.colcon_core.package_identification:_identify(install) by extensions ['ignore', 'ignore_ament_install']
[0.353s] Level 1:colcon.colcon_core.package_identification:_identify(install) by extension 'ignore'
[0.353s] Level 1:colcon.colcon_core.package_identification:_identify(install) ignored
[0.354s] Level 1:colcon.colcon_core.package_identification:_identify(log) by extensions ['ignore', 'ignore_ament_install']
[0.354s] Level 1:colcon.colcon_core.package_identification:_identify(log) by extension 'ignore'
[0.354s] Level 1:colcon.colcon_core.package_identification:_identify(log) ignored
[0.354s] Level 1:colcon.colcon_core.package_identification:_identify(src) by extensions ['ignore', 'ignore_ament_install']
[0.354s] Level 1:colcon.colcon_core.package_identification:_identify(src) by extension 'ignore'
[0.354s] Level 1:colcon.colcon_core.package_identification:_identify(src) by extension 'ignore_ament_install'
[0.354s] Level 1:colcon.colcon_core.package_identification:_identify(src) by extensions ['colcon_pkg']
[0.354s] Level 1:colcon.colcon_core.package_identification:_identify(src) by extension 'colcon_pkg'
[0.354s] Level 1:colcon.colcon_core.package_identification:_identify(src) by extensions ['colcon_meta']
[0.354s] Level 1:colcon.colcon_core.package_identification:_identify(src) by extension 'colcon_meta'
[0.354s] Level 1:colcon.colcon_core.package_identification:_identify(src) by extensions ['ros']
[0.354s] Level 1:colcon.colcon_core.package_identification:_identify(src) by extension 'ros'
[0.354s] Level 1:colcon.colcon_core.package_identification:_identify(src) by extensions ['cmake', 'python']
[0.354s] Level 1:colcon.colcon_core.package_identification:_identify(src) by extension 'cmake'
[0.354s] Level 1:colcon.colcon_core.package_identification:_identify(src) by extension 'python'
[0.354s] Level 1:colcon.colcon_core.package_identification:_identify(src) by extensions ['python_setup_py']
[0.354s] Level 1:colcon.colcon_core.package_identification:_identify(src) by extension 'python_setup_py'
[0.354s] Level 1:colcon.colcon_core.package_identification:_identify(src/py_image_flip) by extensions ['ignore', 'ignore_ament_install']
[0.355s] Level 1:colcon.colcon_core.package_identification:_identify(src/py_image_flip) by extension 'ignore'
[0.355s] Level 1:colcon.colcon_core.package_identification:_identify(src/py_image_flip) by extension 'ignore_ament_install'
[0.355s] Level 1:colcon.colcon_core.package_identification:_identify(src/py_image_flip) by extensions ['colcon_pkg']
[0.355s] Level 1:colcon.colcon_core.package_identification:_identify(src/py_image_flip) by extension 'colcon_pkg'
[0.355s] Level 1:colcon.colcon_core.package_identification:_identify(src/py_image_flip) by extensions ['colcon_meta']
[0.355s] Level 1:colcon.colcon_core.package_identification:_identify(src/py_image_flip) by extension 'colcon_meta'
[0.355s] Level 1:colcon.colcon_core.package_identification:_identify(src/py_image_flip) by extensions ['ros']
[0.355s] Level 1:colcon.colcon_core.package_identification:_identify(src/py_image_flip) by extension 'ros'
[0.357s] DEBUG:colcon.colcon_core.package_identification:Package 'src/py_image_flip' with type 'ros.ament_python' and name 'py_image_flip'
[0.357s] Level 1:colcon.colcon_core.package_identification:_identify(src/ros2_v4l2_camera) by extensions ['ignore', 'ignore_ament_install']
[0.357s] Level 1:colcon.colcon_core.package_identification:_identify(src/ros2_v4l2_camera) by extension 'ignore'
[0.357s] Level 1:colcon.colcon_core.package_identification:_identify(src/ros2_v4l2_camera) by extension 'ignore_ament_install'
[0.357s] Level 1:colcon.colcon_core.package_identification:_identify(src/ros2_v4l2_camera) by extensions ['colcon_pkg']
[0.357s] Level 1:colcon.colcon_core.package_identification:_identify(src/ros2_v4l2_camera) by extension 'colcon_pkg'
[0.357s] Level 1:colcon.colcon_core.package_identification:_identify(src/ros2_v4l2_camera) by extensions ['colcon_meta']
[0.357s] Level 1:colcon.colcon_core.package_identification:_identify(src/ros2_v4l2_camera) by extension 'colcon_meta'
[0.357s] Level 1:colcon.colcon_core.package_identification:_identify(src/ros2_v4l2_camera) by extensions ['ros']
[0.357s] Level 1:colcon.colcon_core.package_identification:_identify(src/ros2_v4l2_camera) by extension 'ros'
[0.358s] DEBUG:colcon.colcon_core.package_identification:Package 'src/ros2_v4l2_camera' with type 'ros.ament_cmake' and name 'v4l2_camera'
[0.358s] Level 1:colcon.colcon_core.package_discovery:discover_packages(recursive) using defaults
[0.358s] Level 1:colcon.colcon_core.package_discovery:discover_packages(ignore) discover
[0.358s] Level 1:colcon.colcon_core.package_discovery:discover_packages(ignore) using defaults
[0.358s] Level 1:colcon.colcon_core.package_discovery:discover_packages(path) discover
[0.358s] Level 1:colcon.colcon_core.package_discovery:discover_packages(path) using defaults
[0.376s] Level 1:colcon.colcon_core.package_discovery:discover_packages(prefix_path) check parameters
[0.376s] Level 1:colcon.colcon_core.package_discovery:discover_packages(prefix_path) discover
[0.377s] WARNING:colcon.colcon_ros.prefix_path.ament:The path '/home/bjorn/Documents/ros-projects/cam_ws/install/vision_opencv' in the environment variable AMENT_PREFIX_PATH doesn't exist
[0.377s] WARNING:colcon.colcon_ros.prefix_path.ament:The path '/home/bjorn/Documents/ros-projects/cam_ws/install/v4l2_camera' in the environment variable AMENT_PREFIX_PATH doesn't exist
[0.377s] WARNING:colcon.colcon_ros.prefix_path.ament:The path '/home/bjorn/Documents/ros-projects/cam_ws/install/image_transport_plugins' in the environment variable AMENT_PREFIX_PATH doesn't exist
[0.378s] WARNING:colcon.colcon_ros.prefix_path.ament:The path '/home/bjorn/Documents/ros-projects/cam_ws/install/theora_image_transport' in the environment variable AMENT_PREFIX_PATH doesn't exist
[0.378s] WARNING:colcon.colcon_ros.prefix_path.ament:The path '/home/bjorn/Documents/ros-projects/cam_ws/install/gscam2' in the environment variable AMENT_PREFIX_PATH doesn't exist
[0.378s] WARNING:colcon.colcon_ros.prefix_path.ament:The path '/home/bjorn/Documents/ros-projects/cam_ws/install/ros2_shared' in the environment variable AMENT_PREFIX_PATH doesn't exist
[0.378s] WARNING:colcon.colcon_ros.prefix_path.ament:The path '/home/bjorn/Documents/ros-projects/cam_ws/install/opencv_tests' in the environment variable AMENT_PREFIX_PATH doesn't exist
[0.378s] WARNING:colcon.colcon_ros.prefix_path.ament:The path '/home/bjorn/Documents/ros-projects/cam_ws/install/image_common' in the environment variable AMENT_PREFIX_PATH doesn't exist
[0.378s] WARNING:colcon.colcon_ros.prefix_path.ament:The path '/home/bjorn/Documents/ros-projects/cam_ws/install/compressed_image_transport' in the environment variable AMENT_PREFIX_PATH doesn't exist
[0.378s] WARNING:colcon.colcon_ros.prefix_path.ament:The path '/home/bjorn/Documents/ros-projects/cam_ws/install/compressed_depth_image_transport' in the environment variable AMENT_PREFIX_PATH doesn't exist
[0.378s] WARNING:colcon.colcon_ros.prefix_path.ament:The path '/home/bjorn/Documents/ros-projects/cam_ws/install/image_transport' in the environment variable AMENT_PREFIX_PATH doesn't exist
[0.378s] WARNING:colcon.colcon_ros.prefix_path.ament:The path '/home/bjorn/Documents/ros-projects/cam_ws/install/image_geometry' in the environment variable AMENT_PREFIX_PATH doesn't exist
[0.378s] WARNING:colcon.colcon_ros.prefix_path.ament:The path '/home/bjorn/Documents/ros-projects/cam_ws/install/cv_bridge' in the environment variable AMENT_PREFIX_PATH doesn't exist
[0.378s] WARNING:colcon.colcon_ros.prefix_path.ament:The path '/home/bjorn/Documents/ros-projects/cam_ws/install/camera_info_manager' in the environment variable AMENT_PREFIX_PATH doesn't exist
[0.378s] WARNING:colcon.colcon_ros.prefix_path.ament:The path '/home/bjorn/Documents/ros-projects/cam_ws/install/camera_calibration_parsers' in the environment variable AMENT_PREFIX_PATH doesn't exist
[0.378s] WARNING:colcon.colcon_ros.prefix_path.catkin:The path '/home/bjorn/Documents/ros-projects/cam_ws/install/vision_opencv' in the environment variable CMAKE_PREFIX_PATH doesn't exist
[0.378s] WARNING:colcon.colcon_ros.prefix_path.catkin:The path '/home/bjorn/Documents/ros-projects/cam_ws/install/v4l2_camera' in the environment variable CMAKE_PREFIX_PATH doesn't exist
[0.378s] WARNING:colcon.colcon_ros.prefix_path.catkin:The path '/home/bjorn/Documents/ros-projects/cam_ws/install/image_transport_plugins' in the environment variable CMAKE_PREFIX_PATH doesn't exist
[0.378s] WARNING:colcon.colcon_ros.prefix_path.catkin:The path '/home/bjorn/Documents/ros-projects/cam_ws/install/theora_image_transport' in the environment variable CMAKE_PREFIX_PATH doesn't exist
[0.378s] WARNING:colcon.colcon_ros.prefix_path.catkin:The path '/home/bjorn/Documents/ros-projects/cam_ws/install/gscam2' in the environment variable CMAKE_PREFIX_PATH doesn't exist
[0.378s] WARNING:colcon.colcon_ros.prefix_path.catkin:The path '/home/bjorn/Documents/ros-projects/cam_ws/install/ros2_shared' in the environment variable CMAKE_PREFIX_PATH doesn't exist
[0.378s] WARNING:colcon.colcon_ros.prefix_path.catkin:The path '/home/bjorn/Documents/ros-projects/cam_ws/install/image_common' in the environment variable CMAKE_PREFIX_PATH doesn't exist
[0.378s] WARNING:colcon.colcon_ros.prefix_path.catkin:The path '/home/bjorn/Documents/ros-projects/cam_ws/install/compressed_image_transport' in the environment variable CMAKE_PREFIX_PATH doesn't exist
[0.378s] WARNING:colcon.colcon_ros.prefix_path.catkin:The path '/home/bjorn/Documents/ros-projects/cam_ws/install/compressed_depth_image_transport' in the environment variable CMAKE_PREFIX_PATH doesn't exist
[0.378s] WARNING:colcon.colcon_ros.prefix_path.catkin:The path '/home/bjorn/Documents/ros-projects/cam_ws/install/image_transport' in the environment variable CMAKE_PREFIX_PATH doesn't exist
[0.378s] WARNING:colcon.colcon_ros.prefix_path.catkin:The path '/home/bjorn/Documents/ros-projects/cam_ws/install/image_geometry' in the environment variable CMAKE_PREFIX_PATH doesn't exist
[0.378s] WARNING:colcon.colcon_ros.prefix_path.catkin:The path '/home/bjorn/Documents/ros-projects/cam_ws/install/cv_bridge' in the environment variable CMAKE_PREFIX_PATH doesn't exist
[0.378s] WARNING:colcon.colcon_ros.prefix_path.catkin:The path '/home/bjorn/Documents/ros-projects/cam_ws/install/camera_info_manager' in the environment variable CMAKE_PREFIX_PATH doesn't exist
[0.378s] WARNING:colcon.colcon_ros.prefix_path.catkin:The path '/home/bjorn/Documents/ros-projects/cam_ws/install/camera_calibration_parsers' in the environment variable CMAKE_PREFIX_PATH doesn't exist
[0.380s] DEBUG:colcon.colcon_installed_package_information.package_discovery:Found 0 installed packages in /home/bjorn/Documents/ros-projects/cam_ws/install
[0.381s] DEBUG:colcon.colcon_installed_package_information.package_discovery:Found 426 installed packages in /opt/ros/humble
[0.383s] Level 1:colcon.colcon_core.package_discovery:discover_packages(prefix_path) using defaults
[0.441s] Level 5:colcon.colcon_core.verb:set package 'py_image_flip' build argument 'cmake_args' from command line to 'None'
[0.441s] Level 5:colcon.colcon_core.verb:set package 'py_image_flip' build argument 'cmake_target' from command line to 'None'
[0.441s] Level 5:colcon.colcon_core.verb:set package 'py_image_flip' build argument 'cmake_target_skip_unavailable' from command line to 'False'
[0.441s] Level 5:colcon.colcon_core.verb:set package 'py_image_flip' build argument 'cmake_clean_cache' from command line to 'False'
[0.441s] Level 5:colcon.colcon_core.verb:set package 'py_image_flip' build argument 'cmake_clean_first' from command line to 'False'
[0.441s] Level 5:colcon.colcon_core.verb:set package 'py_image_flip' build argument 'cmake_force_configure' from command line to 'False'
[0.441s] Level 5:colcon.colcon_core.verb:set package 'py_image_flip' build argument 'ament_cmake_args' from command line to 'None'
[0.441s] Level 5:colcon.colcon_core.verb:set package 'py_image_flip' build argument 'catkin_cmake_args' from command line to 'None'
[0.441s] Level 5:colcon.colcon_core.verb:set package 'py_image_flip' build argument 'catkin_skip_building_tests' from command line to 'False'
[0.441s] DEBUG:colcon.colcon_core.verb:Building package 'py_image_flip' with the following arguments: {'ament_cmake_args': None, 'build_base': '/home/bjorn/Documents/ros-projects/cam_ws/build/py_image_flip', 'catkin_cmake_args': None, 'catkin_skip_building_tests': False, 'cmake_args': None, 'cmake_clean_cache': False, 'cmake_clean_first': False, 'cmake_force_configure': False, 'cmake_target': None, 'cmake_target_skip_unavailable': False, 'install_base': '/home/bjorn/Documents/ros-projects/cam_ws/install/py_image_flip', 'merge_install': False, 'path': '/home/bjorn/Documents/ros-projects/cam_ws/src/py_image_flip', 'symlink_install': False, 'test_result_base': None}
[0.442s] Level 5:colcon.colcon_core.verb:set package 'v4l2_camera' build argument 'cmake_args' from command line to 'None'
[0.442s] Level 5:colcon.colcon_core.verb:set package 'v4l2_camera' build argument 'cmake_target' from command line to 'None'
[0.442s] Level 5:colcon.colcon_core.verb:set package 'v4l2_camera' build argument 'cmake_target_skip_unavailable' from command line to 'False'
[0.442s] Level 5:colcon.colcon_core.verb:set package 'v4l2_camera' build argument 'cmake_clean_cache' from command line to 'False'
[0.442s] Level 5:colcon.colcon_core.verb:set package 'v4l2_camera' build argument 'cmake_clean_first' from command line to 'False'
[0.442s] Level 5:colcon.colcon_core.verb:set package 'v4l2_camera' build argument 'cmake_force_configure' from command line to 'False'
[0.442s] Level 5:colcon.colcon_core.verb:set package 'v4l2_camera' build argument 'ament_cmake_args' from command line to 'None'
[0.442s] Level 5:colcon.colcon_core.verb:set package 'v4l2_camera' build argument 'catkin_cmake_args' from command line to 'None'
[0.442s] Level 5:colcon.colcon_core.verb:set package 'v4l2_camera' build argument 'catkin_skip_building_tests' from command line to 'False'
[0.442s] DEBUG:colcon.colcon_core.verb:Building package 'v4l2_camera' with the following arguments: {'ament_cmake_args': None, 'build_base': '/home/bjorn/Documents/ros-projects/cam_ws/build/v4l2_camera', 'catkin_cmake_args': None, 'catkin_skip_building_tests': False, 'cmake_args': None, 'cmake_clean_cache': False, 'cmake_clean_first': False, 'cmake_force_configure': False, 'cmake_target': None, 'cmake_target_skip_unavailable': False, 'install_base': '/home/bjorn/Documents/ros-projects/cam_ws/install/v4l2_camera', 'merge_install': False, 'path': '/home/bjorn/Documents/ros-projects/cam_ws/src/ros2_v4l2_camera', 'symlink_install': False, 'test_result_base': None}
[0.442s] INFO:colcon.colcon_core.executor:Executing jobs using 'parallel' executor
[0.445s] DEBUG:colcon.colcon_parallel_executor.executor.parallel:run_until_complete
[0.445s] INFO:colcon.colcon_ros.task.ament_python.build:Building ROS package in '/home/bjorn/Documents/ros-projects/cam_ws/src/py_image_flip' with build type 'ament_python'
[0.445s] Level 1:colcon.colcon_core.shell:create_environment_hook('py_image_flip', 'ament_prefix_path')
[0.451s] INFO:colcon.colcon_core.plugin_system:Skipping extension 'colcon_core.shell.bat': Not used on non-Windows systems
[0.451s] INFO:colcon.colcon_core.shell:Creating environment hook '/home/bjorn/Documents/ros-projects/cam_ws/install/py_image_flip/share/py_image_flip/hook/ament_prefix_path.ps1'
[0.452s] INFO:colcon.colcon_core.shell:Creating environment descriptor '/home/bjorn/Documents/ros-projects/cam_ws/install/py_image_flip/share/py_image_flip/hook/ament_prefix_path.dsv'
[0.452s] INFO:colcon.colcon_core.shell:Creating environment hook '/home/bjorn/Documents/ros-projects/cam_ws/install/py_image_flip/share/py_image_flip/hook/ament_prefix_path.sh'
[0.453s] INFO:colcon.colcon_core.shell:Skip shell extension 'powershell' for command environment: Not usable outside of PowerShell
[0.453s] DEBUG:colcon.colcon_core.shell:Skip shell extension 'dsv' for command environment
[0.457s] INFO:colcon.colcon_ros.task.ament_cmake.build:Building ROS package in '/home/bjorn/Documents/ros-projects/cam_ws/src/ros2_v4l2_camera' with build type 'ament_cmake'
[0.457s] INFO:colcon.colcon_cmake.task.cmake.build:Building CMake package in '/home/bjorn/Documents/ros-projects/cam_ws/src/ros2_v4l2_camera'
[0.458s] INFO:colcon.colcon_core.shell:Skip shell extension 'powershell' for command environment: Not usable outside of PowerShell
[0.458s] DEBUG:colcon.colcon_core.shell:Skip shell extension 'dsv' for command environment
[0.701s] INFO:colcon.colcon_core.task.python.build:Building Python package in '/home/bjorn/Documents/ros-projects/cam_ws/src/py_image_flip'
[0.703s] INFO:colcon.colcon_core.shell:Skip shell extension 'powershell' for command environment: Not usable outside of PowerShell
[0.703s] DEBUG:colcon.colcon_core.shell:Skip shell extension 'dsv' for command environment
[0.709s] DEBUG:colcon.colcon_core.event_handler.log_command:Invoking command in '/home/bjorn/Documents/ros-projects/cam_ws/build/v4l2_camera': CMAKE_PREFIX_PATH=${CMAKE_PREFIX_PATH}:/home/bjorn/Documents/ros-projects/cam_ws/install/opencv_tests:/opt/ros/humble /home/bjorn/.local/bin/cmake /home/bjorn/Documents/ros-projects/cam_ws/src/ros2_v4l2_camera -DCMAKE_INSTALL_PREFIX=/home/bjorn/Documents/ros-projects/cam_ws/install/v4l2_camera
[1.051s] DEBUG:colcon.colcon_core.event_handler.log_command:Invoking command in '/home/bjorn/Documents/ros-projects/cam_ws/src/py_image_flip': PYTHONPATH=/home/bjorn/Documents/ros-projects/cam_ws/build/py_image_flip/prefix_override:/home/bjorn/Documents/ros-projects/cam_ws/install/py_image_flip/lib/python3.10/site-packages:${PYTHONPATH} /usr/bin/python3 setup.py egg_info --egg-base ../../build/py_image_flip build --build-base /home/bjorn/Documents/ros-projects/cam_ws/build/py_image_flip/build install --record /home/bjorn/Documents/ros-projects/cam_ws/build/py_image_flip/install.log --single-version-externally-managed
[1.323s] DEBUG:colcon.colcon_core.event_handler.log_command:Invoked command in '/home/bjorn/Documents/ros-projects/cam_ws/src/py_image_flip' returned '0': PYTHONPATH=/home/bjorn/Documents/ros-projects/cam_ws/build/py_image_flip/prefix_override:/home/bjorn/Documents/ros-projects/cam_ws/install/py_image_flip/lib/python3.10/site-packages:${PYTHONPATH} /usr/bin/python3 setup.py egg_info --egg-base ../../build/py_image_flip build --build-base /home/bjorn/Documents/ros-projects/cam_ws/build/py_image_flip/build install --record /home/bjorn/Documents/ros-projects/cam_ws/build/py_image_flip/install.log --single-version-externally-managed
[1.327s] Level 1:colcon.colcon_core.environment:checking '/home/bjorn/Documents/ros-projects/cam_ws/install/py_image_flip' for CMake module files
[1.327s] Level 1:colcon.colcon_core.environment:checking '/home/bjorn/Documents/ros-projects/cam_ws/install/py_image_flip' for CMake config files
[1.328s] Level 1:colcon.colcon_core.environment:checking '/home/bjorn/Documents/ros-projects/cam_ws/install/py_image_flip/lib'
[1.328s] Level 1:colcon.colcon_core.environment:checking '/home/bjorn/Documents/ros-projects/cam_ws/install/py_image_flip/bin'
[1.328s] Level 1:colcon.colcon_core.environment:checking '/home/bjorn/Documents/ros-projects/cam_ws/install/py_image_flip/lib/pkgconfig/py_image_flip.pc'
[1.328s] Level 1:colcon.colcon_core.environment:checking '/home/bjorn/Documents/ros-projects/cam_ws/install/py_image_flip/lib/python3.10/site-packages'
[1.328s] Level 1:colcon.colcon_core.shell:create_environment_hook('py_image_flip', 'pythonpath')
[1.330s] INFO:colcon.colcon_core.shell:Creating environment hook '/home/bjorn/Documents/ros-projects/cam_ws/install/py_image_flip/share/py_image_flip/hook/pythonpath.ps1'
[1.330s] INFO:colcon.colcon_core.shell:Creating environment descriptor '/home/bjorn/Documents/ros-projects/cam_ws/install/py_image_flip/share/py_image_flip/hook/pythonpath.dsv'
[1.330s] INFO:colcon.colcon_core.shell:Creating environment hook '/home/bjorn/Documents/ros-projects/cam_ws/install/py_image_flip/share/py_image_flip/hook/pythonpath.sh'
[1.331s] Level 1:colcon.colcon_core.environment:checking '/home/bjorn/Documents/ros-projects/cam_ws/install/py_image_flip/bin'
[1.331s] Level 1:colcon.colcon_core.environment:create_environment_scripts_only(py_image_flip)
[1.332s] INFO:colcon.colcon_core.shell:Creating package script '/home/bjorn/Documents/ros-projects/cam_ws/install/py_image_flip/share/py_image_flip/package.ps1'
[1.333s] INFO:colcon.colcon_core.shell:Creating package descriptor '/home/bjorn/Documents/ros-projects/cam_ws/install/py_image_flip/share/py_image_flip/package.dsv'
[1.333s] INFO:colcon.colcon_core.shell:Creating package script '/home/bjorn/Documents/ros-projects/cam_ws/install/py_image_flip/share/py_image_flip/package.sh'
[1.334s] INFO:colcon.colcon_core.shell:Creating package script '/home/bjorn/Documents/ros-projects/cam_ws/install/py_image_flip/share/py_image_flip/package.bash'
[1.334s] INFO:colcon.colcon_core.shell:Creating package script '/home/bjorn/Documents/ros-projects/cam_ws/install/py_image_flip/share/py_image_flip/package.zsh'
[1.335s] Level 1:colcon.colcon_core.environment:create_file_with_runtime_dependencies(/home/bjorn/Documents/ros-projects/cam_ws/install/py_image_flip/share/colcon-core/packages/py_image_flip)
[2.022s] DEBUG:colcon.colcon_core.event_handler.log_command:Invoked command in '/home/bjorn/Documents/ros-projects/cam_ws/build/v4l2_camera' returned '0': CMAKE_PREFIX_PATH=${CMAKE_PREFIX_PATH}:/home/bjorn/Documents/ros-projects/cam_ws/install/opencv_tests:/opt/ros/humble /home/bjorn/.local/bin/cmake /home/bjorn/Documents/ros-projects/cam_ws/src/ros2_v4l2_camera -DCMAKE_INSTALL_PREFIX=/home/bjorn/Documents/ros-projects/cam_ws/install/v4l2_camera
[2.023s] DEBUG:colcon.colcon_core.event_handler.log_command:Invoking command in '/home/bjorn/Documents/ros-projects/cam_ws/build/v4l2_camera': CMAKE_PREFIX_PATH=${CMAKE_PREFIX_PATH}:/home/bjorn/Documents/ros-projects/cam_ws/install/opencv_tests:/opt/ros/humble /home/bjorn/.local/bin/cmake --build /home/bjorn/Documents/ros-projects/cam_ws/build/v4l2_camera -- -j20 -l20
[13.512s] DEBUG:colcon.colcon_core.event_handler.log_command:Invoked command in '/home/bjorn/Documents/ros-projects/cam_ws/build/v4l2_camera' returned '0': CMAKE_PREFIX_PATH=${CMAKE_PREFIX_PATH}:/home/bjorn/Documents/ros-projects/cam_ws/install/opencv_tests:/opt/ros/humble /home/bjorn/.local/bin/cmake --build /home/bjorn/Documents/ros-projects/cam_ws/build/v4l2_camera -- -j20 -l20
[13.567s] DEBUG:colcon.colcon_core.event_handler.log_command:Invoking command in '/home/bjorn/Documents/ros-projects/cam_ws/build/v4l2_camera': CMAKE_PREFIX_PATH=${CMAKE_PREFIX_PATH}:/home/bjorn/Documents/ros-projects/cam_ws/install/opencv_tests:/opt/ros/humble /home/bjorn/.local/bin/cmake --install /home/bjorn/Documents/ros-projects/cam_ws/build/v4l2_camera
[13.598s] Level 1:colcon.colcon_core.environment:create_environment_scripts_only(v4l2_camera)
[13.599s] Level 1:colcon.colcon_core.environment:checking '/home/bjorn/Documents/ros-projects/cam_ws/install/v4l2_camera' for CMake module files
[13.600s] DEBUG:colcon.colcon_core.event_handler.log_command:Invoked command in '/home/bjorn/Documents/ros-projects/cam_ws/build/v4l2_camera' returned '0': CMAKE_PREFIX_PATH=${CMAKE_PREFIX_PATH}:/home/bjorn/Documents/ros-projects/cam_ws/install/opencv_tests:/opt/ros/humble /home/bjorn/.local/bin/cmake --install /home/bjorn/Documents/ros-projects/cam_ws/build/v4l2_camera
[13.600s] Level 1:colcon.colcon_core.environment:checking '/home/bjorn/Documents/ros-projects/cam_ws/install/v4l2_camera' for CMake config files
[13.600s] Level 1:colcon.colcon_core.shell:create_environment_hook('v4l2_camera', 'cmake_prefix_path')
[13.601s] INFO:colcon.colcon_core.shell:Creating environment hook '/home/bjorn/Documents/ros-projects/cam_ws/install/v4l2_camera/share/v4l2_camera/hook/cmake_prefix_path.ps1'
[13.602s] INFO:colcon.colcon_core.shell:Creating environment descriptor '/home/bjorn/Documents/ros-projects/cam_ws/install/v4l2_camera/share/v4l2_camera/hook/cmake_prefix_path.dsv'
[13.602s] INFO:colcon.colcon_core.shell:Creating environment hook '/home/bjorn/Documents/ros-projects/cam_ws/install/v4l2_camera/share/v4l2_camera/hook/cmake_prefix_path.sh'
[13.602s] Level 1:colcon.colcon_core.environment:checking '/home/bjorn/Documents/ros-projects/cam_ws/install/v4l2_camera/lib'
[13.602s] Level 1:colcon.colcon_core.shell:create_environment_hook('v4l2_camera', 'ld_library_path_lib')
[13.604s] INFO:colcon.colcon_core.shell:Creating environment hook '/home/bjorn/Documents/ros-projects/cam_ws/install/v4l2_camera/share/v4l2_camera/hook/ld_library_path_lib.ps1'
[13.604s] INFO:colcon.colcon_core.shell:Creating environment descriptor '/home/bjorn/Documents/ros-projects/cam_ws/install/v4l2_camera/share/v4l2_camera/hook/ld_library_path_lib.dsv'
[13.605s] INFO:colcon.colcon_core.shell:Creating environment hook '/home/bjorn/Documents/ros-projects/cam_ws/install/v4l2_camera/share/v4l2_camera/hook/ld_library_path_lib.sh'
[13.605s] Level 1:colcon.colcon_core.environment:checking '/home/bjorn/Documents/ros-projects/cam_ws/install/v4l2_camera/bin'
[13.605s] Level 1:colcon.colcon_core.environment:checking '/home/bjorn/Documents/ros-projects/cam_ws/install/v4l2_camera/lib/pkgconfig/v4l2_camera.pc'
[13.605s] Level 1:colcon.colcon_core.environment:checking '/home/bjorn/Documents/ros-projects/cam_ws/install/v4l2_camera/lib/python3.10/site-packages'
[13.605s] Level 1:colcon.colcon_core.environment:checking '/home/bjorn/Documents/ros-projects/cam_ws/install/v4l2_camera/bin'
[13.607s] INFO:colcon.colcon_core.shell:Creating package script '/home/bjorn/Documents/ros-projects/cam_ws/install/v4l2_camera/share/v4l2_camera/package.ps1'
[13.608s] INFO:colcon.colcon_core.shell:Creating package descriptor '/home/bjorn/Documents/ros-projects/cam_ws/install/v4l2_camera/share/v4l2_camera/package.dsv'
[13.608s] INFO:colcon.colcon_core.shell:Creating package script '/home/bjorn/Documents/ros-projects/cam_ws/install/v4l2_camera/share/v4l2_camera/package.sh'
[13.608s] INFO:colcon.colcon_core.shell:Creating package script '/home/bjorn/Documents/ros-projects/cam_ws/install/v4l2_camera/share/v4l2_camera/package.bash'
[13.609s] INFO:colcon.colcon_core.shell:Creating package script '/home/bjorn/Documents/ros-projects/cam_ws/install/v4l2_camera/share/v4l2_camera/package.zsh'
[13.609s] Level 1:colcon.colcon_core.environment:create_file_with_runtime_dependencies(/home/bjorn/Documents/ros-projects/cam_ws/install/v4l2_camera/share/colcon-core/packages/v4l2_camera)
[13.647s] Level 1:colcon.colcon_core.environment:create_environment_scripts_only(v4l2_camera)
[13.649s] Level 1:colcon.colcon_core.environment:checking '/home/bjorn/Documents/ros-projects/cam_ws/install/v4l2_camera' for CMake module files
[13.650s] Level 1:colcon.colcon_core.environment:checking '/home/bjorn/Documents/ros-projects/cam_ws/install/v4l2_camera' for CMake config files
[13.650s] Level 1:colcon.colcon_core.shell:create_environment_hook('v4l2_camera', 'cmake_prefix_path')
[13.651s] INFO:colcon.colcon_core.shell:Creating environment hook '/home/bjorn/Documents/ros-projects/cam_ws/install/v4l2_camera/share/v4l2_camera/hook/cmake_prefix_path.ps1'
[13.651s] INFO:colcon.colcon_core.shell:Creating environment descriptor '/home/bjorn/Documents/ros-projects/cam_ws/install/v4l2_camera/share/v4l2_camera/hook/cmake_prefix_path.dsv'
[13.652s] INFO:colcon.colcon_core.shell:Creating environment hook '/home/bjorn/Documents/ros-projects/cam_ws/install/v4l2_camera/share/v4l2_camera/hook/cmake_prefix_path.sh'
[13.652s] Level 1:colcon.colcon_core.environment:checking '/home/bjorn/Documents/ros-projects/cam_ws/install/v4l2_camera/lib'
[13.652s] Level 1:colcon.colcon_core.shell:create_environment_hook('v4l2_camera', 'ld_library_path_lib')
[13.653s] INFO:colcon.colcon_core.shell:Creating environment hook '/home/bjorn/Documents/ros-projects/cam_ws/install/v4l2_camera/share/v4l2_camera/hook/ld_library_path_lib.ps1'
[13.654s] INFO:colcon.colcon_core.shell:Creating environment descriptor '/home/bjorn/Documents/ros-projects/cam_ws/install/v4l2_camera/share/v4l2_camera/hook/ld_library_path_lib.dsv'
[13.654s] INFO:colcon.colcon_core.shell:Creating environment hook '/home/bjorn/Documents/ros-projects/cam_ws/install/v4l2_camera/share/v4l2_camera/hook/ld_library_path_lib.sh'
[13.654s] Level 1:colcon.colcon_core.environment:checking '/home/bjorn/Documents/ros-projects/cam_ws/install/v4l2_camera/bin'
[13.654s] Level 1:colcon.colcon_core.environment:checking '/home/bjorn/Documents/ros-projects/cam_ws/install/v4l2_camera/lib/pkgconfig/v4l2_camera.pc'
[13.654s] Level 1:colcon.colcon_core.environment:checking '/home/bjorn/Documents/ros-projects/cam_ws/install/v4l2_camera/lib/python3.10/site-packages'
[13.654s] Level 1:colcon.colcon_core.environment:checking '/home/bjorn/Documents/ros-projects/cam_ws/install/v4l2_camera/bin'
[13.656s] INFO:colcon.colcon_core.shell:Creating package script '/home/bjorn/Documents/ros-projects/cam_ws/install/v4l2_camera/share/v4l2_camera/package.ps1'
[13.656s] INFO:colcon.colcon_core.shell:Creating package descriptor '/home/bjorn/Documents/ros-projects/cam_ws/install/v4l2_camera/share/v4l2_camera/package.dsv'
[13.656s] INFO:colcon.colcon_core.shell:Creating package script '/home/bjorn/Documents/ros-projects/cam_ws/install/v4l2_camera/share/v4l2_camera/package.sh'
[13.657s] INFO:colcon.colcon_core.shell:Creating package script '/home/bjorn/Documents/ros-projects/cam_ws/install/v4l2_camera/share/v4l2_camera/package.bash'
[13.657s] INFO:colcon.colcon_core.shell:Creating package script '/home/bjorn/Documents/ros-projects/cam_ws/install/v4l2_camera/share/v4l2_camera/package.zsh'
[13.657s] Level 1:colcon.colcon_core.environment:create_file_with_runtime_dependencies(/home/bjorn/Documents/ros-projects/cam_ws/install/v4l2_camera/share/colcon-core/packages/v4l2_camera)
[13.657s] DEBUG:colcon.colcon_parallel_executor.executor.parallel:closing loop
[13.658s] DEBUG:colcon.colcon_parallel_executor.executor.parallel:loop closed
[13.658s] DEBUG:colcon.colcon_parallel_executor.executor.parallel:run_until_complete finished with '0'
[13.658s] DEBUG:colcon.colcon_core.event_reactor:joining thread
[13.664s] INFO:colcon.colcon_core.plugin_system:Skipping extension 'colcon_notification.desktop_notification.terminal_notifier': Not used on non-Darwin systems
[13.664s] INFO:colcon.colcon_core.plugin_system:Skipping extension 'colcon_notification.desktop_notification.win32': Not used on non-Windows systems
[13.664s] INFO:colcon.colcon_notification.desktop_notification:Sending desktop notification using 'notify2'
[13.672s] DEBUG:colcon.colcon_core.event_reactor:joined thread
[13.674s] INFO:colcon.colcon_core.shell:Creating prefix script '/home/bjorn/Documents/ros-projects/cam_ws/install/local_setup.ps1'
[13.674s] INFO:colcon.colcon_core.shell:Creating prefix util module '/home/bjorn/Documents/ros-projects/cam_ws/install/_local_setup_util_ps1.py'
[13.675s] INFO:colcon.colcon_core.shell:Creating prefix chain script '/home/bjorn/Documents/ros-projects/cam_ws/install/setup.ps1'
[13.676s] INFO:colcon.colcon_core.shell:Creating prefix script '/home/bjorn/Documents/ros-projects/cam_ws/install/local_setup.sh'
[13.676s] INFO:colcon.colcon_core.shell:Creating prefix util module '/home/bjorn/Documents/ros-projects/cam_ws/install/_local_setup_util_sh.py'
[13.677s] INFO:colcon.colcon_core.shell:Creating prefix chain script '/home/bjorn/Documents/ros-projects/cam_ws/install/setup.sh'
[13.678s] INFO:colcon.colcon_core.shell:Creating prefix script '/home/bjorn/Documents/ros-projects/cam_ws/install/local_setup.bash'
[13.678s] INFO:colcon.colcon_core.shell:Creating prefix chain script '/home/bjorn/Documents/ros-projects/cam_ws/install/setup.bash'
[13.679s] INFO:colcon.colcon_core.shell:Creating prefix script '/home/bjorn/Documents/ros-projects/cam_ws/install/local_setup.zsh'
[13.679s] INFO:colcon.colcon_core.shell:Creating prefix chain script '/home/bjorn/Documents/ros-projects/cam_ws/install/setup.zsh'
[13.680s] INFO:colcon.colcon_core.shell:Creating '/home/bjorn/Documents/ros-projects/cam_ws/install/spawn_shell.bash'
