-- The C compiler identification is GNU 11.3.0
-- The CXX compiler identification is GNU 11.3.0
-- Detecting C compiler ABI info
-- Detecting C compiler ABI info - done
-- Check for working C compiler: /usr/bin/cc - skipped
-- Detecting C compile features
-- Detecting C compile features - done
-- Detecting CXX compiler ABI info
-- Detecting CXX compiler ABI info - done
-- Check for working CXX compiler: /usr/bin/c++ - skipped
-- Detecting CXX compile features
-- Detecting CXX compile features - done
-- Found PkgConfig: /usr/bin/pkg-config (found version "0.29.2") 
-- Checking for module 'gstreamer-1.0'
[31mCMake Error at /home/bjorn/.local/lib/python3.10/site-packages/cmake/data/share/cmake-3.26/Modules/FindPkgConfig.cmake:607 (message):
  A required package was not found
Call Stack (most recent call first):
  /home/bjorn/.local/lib/python3.10/site-packages/cmake/data/share/cmake-3.26/Modules/FindPkgConfig.cmake:829 (_pkg_check_modules_internal)
  CMakeLists.txt:24 (pkg_check_modules)

[0m
--   No package 'gstreamer-1.0' found
-- Configuring incomplete, errors occurred!
