[0.031s] Invoking command in '/home/bjorn/Documents/ros-projects/cam_ws/build/camera_calibration_parsers': CMAKE_PREFIX_PATH=${CMAKE_PREFIX_PATH}:/home/bjorn/Documents/ros-projects/cam_ws/install/py_image_flip:/home/bjorn/Documents/ros-projects/cam_ws/install/opencv_tests:/opt/ros/humble /home/bjorn/.local/bin/cmake --build /home/bjorn/Documents/ros-projects/cam_ws/build/camera_calibration_parsers -- -j20 -l20
[0.067s] [ 14%] Built target gtest_main
[0.067s] [ 28%] Built target gtest
[0.070s] [ 57%] Built target camera_calibration_parsers
[0.078s] [ 78%] Built target convert
[0.078s] [ 85%] Built target camera_calibration_parsers-parse_yml
[0.080s] [100%] Built target camera_calibration_parsers-parse_ini
[0.311s] Invoked command in '/home/bjorn/Documents/ros-projects/cam_ws/build/camera_calibration_parsers' returned '0': CMAKE_PREFIX_PATH=${CMAKE_PREFIX_PATH}:/home/bjorn/Documents/ros-projects/cam_ws/install/py_image_flip:/home/bjorn/Documents/ros-projects/cam_ws/install/opencv_tests:/opt/ros/humble /home/bjorn/.local/bin/cmake --build /home/bjorn/Documents/ros-projects/cam_ws/build/camera_calibration_parsers -- -j20 -l20
[0.369s] Invoking command in '/home/bjorn/Documents/ros-projects/cam_ws/build/camera_calibration_parsers': CMAKE_PREFIX_PATH=${CMAKE_PREFIX_PATH}:/home/bjorn/Documents/ros-projects/cam_ws/install/py_image_flip:/home/bjorn/Documents/ros-projects/cam_ws/install/opencv_tests:/opt/ros/humble /home/bjorn/.local/bin/cmake --install /home/bjorn/Documents/ros-projects/cam_ws/build/camera_calibration_parsers
[0.390s] -- Install configuration: ""
[0.390s] -- Up-to-date: /home/bjorn/Documents/ros-projects/cam_ws/install/camera_calibration_parsers/lib/libcamera_calibration_parsers.so
[0.390s] -- Up-to-date: /home/bjorn/Documents/ros-projects/cam_ws/install/camera_calibration_parsers/lib/camera_calibration_parsers/convert
[0.391s] -- Up-to-date: /home/bjorn/Documents/ros-projects/cam_ws/install/camera_calibration_parsers/include/camera_calibration_parsers
[0.391s] -- Up-to-date: /home/bjorn/Documents/ros-projects/cam_ws/install/camera_calibration_parsers/include/camera_calibration_parsers/camera_calibration_parsers
[0.391s] -- Up-to-date: /home/bjorn/Documents/ros-projects/cam_ws/install/camera_calibration_parsers/include/camera_calibration_parsers/camera_calibration_parsers/parse.h
[0.391s] -- Up-to-date: /home/bjorn/Documents/ros-projects/cam_ws/install/camera_calibration_parsers/include/camera_calibration_parsers/camera_calibration_parsers/parse_yml.hpp
[0.391s] -- Up-to-date: /home/bjorn/Documents/ros-projects/cam_ws/install/camera_calibration_parsers/include/camera_calibration_parsers/camera_calibration_parsers/parse_ini.h
[0.391s] -- Up-to-date: /home/bjorn/Documents/ros-projects/cam_ws/install/camera_calibration_parsers/include/camera_calibration_parsers/camera_calibration_parsers/parse_yml.h
[0.392s] -- Up-to-date: /home/bjorn/Documents/ros-projects/cam_ws/install/camera_calibration_parsers/include/camera_calibration_parsers/camera_calibration_parsers/parse_ini.hpp
[0.392s] -- Up-to-date: /home/bjorn/Documents/ros-projects/cam_ws/install/camera_calibration_parsers/include/camera_calibration_parsers/camera_calibration_parsers/parse.hpp
[0.392s] -- Up-to-date: /home/bjorn/Documents/ros-projects/cam_ws/install/camera_calibration_parsers/include/camera_calibration_parsers/camera_calibration_parsers/visibility_control.hpp
[0.393s] -- Up-to-date: /home/bjorn/Documents/ros-projects/cam_ws/install/camera_calibration_parsers/share/ament_index/resource_index/package_run_dependencies/camera_calibration_parsers
[0.395s] -- Up-to-date: /home/bjorn/Documents/ros-projects/cam_ws/install/camera_calibration_parsers/share/ament_index/resource_index/parent_prefix_path/camera_calibration_parsers
[0.395s] -- Up-to-date: /home/bjorn/Documents/ros-projects/cam_ws/install/camera_calibration_parsers/share/camera_calibration_parsers/environment/ament_prefix_path.sh
[0.395s] -- Up-to-date: /home/bjorn/Documents/ros-projects/cam_ws/install/camera_calibration_parsers/share/camera_calibration_parsers/environment/ament_prefix_path.dsv
[0.395s] -- Up-to-date: /home/bjorn/Documents/ros-projects/cam_ws/install/camera_calibration_parsers/share/camera_calibration_parsers/environment/path.sh
[0.396s] -- Up-to-date: /home/bjorn/Documents/ros-projects/cam_ws/install/camera_calibration_parsers/share/camera_calibration_parsers/environment/path.dsv
[0.398s] -- Up-to-date: /home/bjorn/Documents/ros-projects/cam_ws/install/camera_calibration_parsers/share/camera_calibration_parsers/local_setup.bash
[0.398s] -- Up-to-date: /home/bjorn/Documents/ros-projects/cam_ws/install/camera_calibration_parsers/share/camera_calibration_parsers/local_setup.sh
[0.398s] -- Up-to-date: /home/bjorn/Documents/ros-projects/cam_ws/install/camera_calibration_parsers/share/camera_calibration_parsers/local_setup.zsh
[0.402s] -- Up-to-date: /home/bjorn/Documents/ros-projects/cam_ws/install/camera_calibration_parsers/share/camera_calibration_parsers/local_setup.dsv
[0.403s] -- Installing: /home/bjorn/Documents/ros-projects/cam_ws/install/camera_calibration_parsers/share/camera_calibration_parsers/package.dsv
[0.410s] -- Up-to-date: /home/bjorn/Documents/ros-projects/cam_ws/install/camera_calibration_parsers/share/ament_index/resource_index/packages/camera_calibration_parsers
[0.411s] -- Up-to-date: /home/bjorn/Documents/ros-projects/cam_ws/install/camera_calibration_parsers/share/camera_calibration_parsers/cmake/export_camera_calibration_parsersExport.cmake
[0.411s] -- Up-to-date: /home/bjorn/Documents/ros-projects/cam_ws/install/camera_calibration_parsers/share/camera_calibration_parsers/cmake/export_camera_calibration_parsersExport-noconfig.cmake
[0.411s] -- Up-to-date: /home/bjorn/Documents/ros-projects/cam_ws/install/camera_calibration_parsers/share/camera_calibration_parsers/cmake/ament_cmake_export_targets-extras.cmake
[0.412s] -- Up-to-date: /home/bjorn/Documents/ros-projects/cam_ws/install/camera_calibration_parsers/share/camera_calibration_parsers/cmake/ament_cmake_export_dependencies-extras.cmake
[0.412s] -- Up-to-date: /home/bjorn/Documents/ros-projects/cam_ws/install/camera_calibration_parsers/share/camera_calibration_parsers/cmake/camera_calibration_parsersConfig.cmake
[0.412s] -- Up-to-date: /home/bjorn/Documents/ros-projects/cam_ws/install/camera_calibration_parsers/share/camera_calibration_parsers/cmake/camera_calibration_parsersConfig-version.cmake
[0.415s] -- Up-to-date: /home/bjorn/Documents/ros-projects/cam_ws/install/camera_calibration_parsers/share/camera_calibration_parsers/package.xml
[0.421s] Invoked command in '/home/bjorn/Documents/ros-projects/cam_ws/build/camera_calibration_parsers' returned '0': CMAKE_PREFIX_PATH=${CMAKE_PREFIX_PATH}:/home/bjorn/Documents/ros-projects/cam_ws/install/py_image_flip:/home/bjorn/Documents/ros-projects/cam_ws/install/opencv_tests:/opt/ros/humble /home/bjorn/.local/bin/cmake --install /home/bjorn/Documents/ros-projects/cam_ws/build/camera_calibration_parsers
