[0.049s] Invoking command in '/home/bjorn/Documents/ros-projects/cam_ws/build/compressed_depth_image_transport': AMENT_PREFIX_PATH=/home/bjorn/Documents/ros-projects/cam_ws/install/image_transport:/home/bjorn/Documents/ros-projects/cam_ws/install/cv_bridge:${AMENT_PREFIX_PATH} CMAKE_PREFIX_PATH=/home/bjorn/Documents/ros-projects/cam_ws/install/image_transport:/home/bjorn/Documents/ros-projects/cam_ws/install/cv_bridge:/opt/ros/humble LD_LIBRARY_PATH=/home/bjorn/Documents/ros-projects/cam_ws/install/image_transport/lib:/home/bjorn/Documents/ros-projects/cam_ws/install/cv_bridge/lib:${LD_LIBRARY_PATH} PYTHONPATH=/home/bjorn/Documents/ros-projects/cam_ws/install/cv_bridge/local/lib/python3.10/dist-packages:${PYTHONPATH} /home/bjorn/.local/bin/cmake --build /home/bjorn/Documents/ros-projects/cam_ws/build/compressed_depth_image_transport -- -j20 -l20
[0.316s] [100%] Built target compressed_depth_image_transport
[0.324s] Invoked command in '/home/bjorn/Documents/ros-projects/cam_ws/build/compressed_depth_image_transport' returned '0': AMENT_PREFIX_PATH=/home/bjorn/Documents/ros-projects/cam_ws/install/image_transport:/home/bjorn/Documents/ros-projects/cam_ws/install/cv_bridge:${AMENT_PREFIX_PATH} CMAKE_PREFIX_PATH=/home/bjorn/Documents/ros-projects/cam_ws/install/image_transport:/home/bjorn/Documents/ros-projects/cam_ws/install/cv_bridge:/opt/ros/humble LD_LIBRARY_PATH=/home/bjorn/Documents/ros-projects/cam_ws/install/image_transport/lib:/home/bjorn/Documents/ros-projects/cam_ws/install/cv_bridge/lib:${LD_LIBRARY_PATH} PYTHONPATH=/home/bjorn/Documents/ros-projects/cam_ws/install/cv_bridge/local/lib/python3.10/dist-packages:${PYTHONPATH} /home/bjorn/.local/bin/cmake --build /home/bjorn/Documents/ros-projects/cam_ws/build/compressed_depth_image_transport -- -j20 -l20
[0.352s] Invoking command in '/home/bjorn/Documents/ros-projects/cam_ws/build/compressed_depth_image_transport': AMENT_PREFIX_PATH=/home/bjorn/Documents/ros-projects/cam_ws/install/image_transport:/home/bjorn/Documents/ros-projects/cam_ws/install/cv_bridge:${AMENT_PREFIX_PATH} CMAKE_PREFIX_PATH=/home/bjorn/Documents/ros-projects/cam_ws/install/image_transport:/home/bjorn/Documents/ros-projects/cam_ws/install/cv_bridge:/opt/ros/humble LD_LIBRARY_PATH=/home/bjorn/Documents/ros-projects/cam_ws/install/image_transport/lib:/home/bjorn/Documents/ros-projects/cam_ws/install/cv_bridge/lib:${LD_LIBRARY_PATH} PYTHONPATH=/home/bjorn/Documents/ros-projects/cam_ws/install/cv_bridge/local/lib/python3.10/dist-packages:${PYTHONPATH} /home/bjorn/.local/bin/cmake --install /home/bjorn/Documents/ros-projects/cam_ws/build/compressed_depth_image_transport
[0.371s] -- Install configuration: ""
[0.375s] -- Up-to-date: /home/bjorn/Documents/ros-projects/cam_ws/install/compressed_depth_image_transport/lib/libcompressed_depth_image_transport.so
[0.375s] -- Up-to-date: /home/bjorn/Documents/ros-projects/cam_ws/install/compressed_depth_image_transport/include
[0.375s] -- Up-to-date: /home/bjorn/Documents/ros-projects/cam_ws/install/compressed_depth_image_transport/include/compressed_depth_image_transport
[0.375s] -- Up-to-date: /home/bjorn/Documents/ros-projects/cam_ws/install/compressed_depth_image_transport/include/compressed_depth_image_transport/compressed_depth_subscriber.h
[0.375s] -- Up-to-date: /home/bjorn/Documents/ros-projects/cam_ws/install/compressed_depth_image_transport/include/compressed_depth_image_transport/compressed_depth_publisher.h
[0.375s] -- Up-to-date: /home/bjorn/Documents/ros-projects/cam_ws/install/compressed_depth_image_transport/include/compressed_depth_image_transport/compression_common.h
[0.375s] -- Up-to-date: /home/bjorn/Documents/ros-projects/cam_ws/install/compressed_depth_image_transport/include/compressed_depth_image_transport/codec.h
[0.375s] -- Up-to-date: /home/bjorn/Documents/ros-projects/cam_ws/install/compressed_depth_image_transport/share/compressed_depth_image_transport/compressed_depth_plugins.xml
[0.375s] -- Up-to-date: /home/bjorn/Documents/ros-projects/cam_ws/install/compressed_depth_image_transport/share/ament_index/resource_index/package_run_dependencies/compressed_depth_image_transport
[0.376s] -- Up-to-date: /home/bjorn/Documents/ros-projects/cam_ws/install/compressed_depth_image_transport/share/ament_index/resource_index/parent_prefix_path/compressed_depth_image_transport
[0.376s] -- Up-to-date: /home/bjorn/Documents/ros-projects/cam_ws/install/compressed_depth_image_transport/share/compressed_depth_image_transport/environment/ament_prefix_path.sh
[0.376s] -- Up-to-date: /home/bjorn/Documents/ros-projects/cam_ws/install/compressed_depth_image_transport/share/compressed_depth_image_transport/environment/ament_prefix_path.dsv
[0.376s] -- Up-to-date: /home/bjorn/Documents/ros-projects/cam_ws/install/compressed_depth_image_transport/share/compressed_depth_image_transport/environment/path.sh
[0.376s] -- Up-to-date: /home/bjorn/Documents/ros-projects/cam_ws/install/compressed_depth_image_transport/share/compressed_depth_image_transport/environment/path.dsv
[0.376s] -- Up-to-date: /home/bjorn/Documents/ros-projects/cam_ws/install/compressed_depth_image_transport/share/compressed_depth_image_transport/local_setup.bash
[0.376s] -- Up-to-date: /home/bjorn/Documents/ros-projects/cam_ws/install/compressed_depth_image_transport/share/compressed_depth_image_transport/local_setup.sh
[0.376s] -- Up-to-date: /home/bjorn/Documents/ros-projects/cam_ws/install/compressed_depth_image_transport/share/compressed_depth_image_transport/local_setup.zsh
[0.376s] -- Up-to-date: /home/bjorn/Documents/ros-projects/cam_ws/install/compressed_depth_image_transport/share/compressed_depth_image_transport/local_setup.dsv
[0.376s] -- Installing: /home/bjorn/Documents/ros-projects/cam_ws/install/compressed_depth_image_transport/share/compressed_depth_image_transport/package.dsv
[0.376s] -- Up-to-date: /home/bjorn/Documents/ros-projects/cam_ws/install/compressed_depth_image_transport/share/ament_index/resource_index/packages/compressed_depth_image_transport
[0.377s] -- Up-to-date: /home/bjorn/Documents/ros-projects/cam_ws/install/compressed_depth_image_transport/share/ament_index/resource_index/image_transport__pluginlib__plugin/compressed_depth_image_transport
[0.377s] -- Up-to-date: /home/bjorn/Documents/ros-projects/cam_ws/install/compressed_depth_image_transport/share/compressed_depth_image_transport/cmake/compressed_depth_image_transportConfig.cmake
[0.377s] -- Up-to-date: /home/bjorn/Documents/ros-projects/cam_ws/install/compressed_depth_image_transport/share/compressed_depth_image_transport/cmake/compressed_depth_image_transportConfig-version.cmake
[0.377s] -- Up-to-date: /home/bjorn/Documents/ros-projects/cam_ws/install/compressed_depth_image_transport/share/compressed_depth_image_transport/package.xml
[0.382s] Invoked command in '/home/bjorn/Documents/ros-projects/cam_ws/build/compressed_depth_image_transport' returned '0': AMENT_PREFIX_PATH=/home/bjorn/Documents/ros-projects/cam_ws/install/image_transport:/home/bjorn/Documents/ros-projects/cam_ws/install/cv_bridge:${AMENT_PREFIX_PATH} CMAKE_PREFIX_PATH=/home/bjorn/Documents/ros-projects/cam_ws/install/image_transport:/home/bjorn/Documents/ros-projects/cam_ws/install/cv_bridge:/opt/ros/humble LD_LIBRARY_PATH=/home/bjorn/Documents/ros-projects/cam_ws/install/image_transport/lib:/home/bjorn/Documents/ros-projects/cam_ws/install/cv_bridge/lib:${LD_LIBRARY_PATH} PYTHONPATH=/home/bjorn/Documents/ros-projects/cam_ws/install/cv_bridge/local/lib/python3.10/dist-packages:${PYTHONPATH} /home/bjorn/.local/bin/cmake --install /home/bjorn/Documents/ros-projects/cam_ws/build/compressed_depth_image_transport
