-- Found ament_cmake: 1.3.4 (/opt/ros/humble/share/ament_cmake/cmake)
-- Found camera_calibration_parsers: 3.1.5 (/home/bjorn/Documents/ros-projects/cam_ws/install/camera_calibration_parsers/share/camera_calibration_parsers/cmake)
-- Found rosidl_generator_c: 3.1.4 (/opt/ros/humble/share/rosidl_generator_c/cmake)
-- Found rosidl_adapter: 3.1.4 (/opt/ros/humble/share/rosidl_adapter/cmake)
-- Found rosidl_generator_cpp: 3.1.4 (/opt/ros/humble/share/rosidl_generator_cpp/cmake)
-- Using all available rosidl_typesupport_c: rosidl_typesupport_fastrtps_c;rosidl_typesupport_introspection_c
-- Using all available rosidl_typesupport_cpp: rosidl_typesupport_fastrtps_cpp;rosidl_typesupport_introspection_cpp
-- Found rmw_implementation_cmake: 6.1.1 (/opt/ros/humble/share/rmw_implementation_cmake/cmake)
-- Found rmw_fastrtps_cpp: 6.2.2 (/opt/ros/humble/share/rmw_fastrtps_cpp/cmake)
-- Using RMW implementation 'rmw_fastrtps_cpp' as default
-- Found camera_info_manager: 3.1.5 (/home/bjorn/Documents/ros-projects/cam_ws/install/camera_info_manager/share/camera_info_manager/cmake)
-- Found class_loader: 2.2.0 (/opt/ros/humble/share/class_loader/cmake)
-- Found rclcpp_components: 16.0.4 (/opt/ros/humble/share/rclcpp_components/cmake)
-- Found rclpy: 3.3.8 (/opt/ros/humble/share/rclpy/cmake)
-- Found ros2_shared: 0.1.0 (/home/bjorn/Documents/ros-projects/cam_ws/install/ros2_shared/share/ros2_shared/cmake)
-- Found ament_lint_auto: 0.12.6 (/opt/ros/humble/share/ament_lint_auto/cmake)
-- Found gtest sources under '/opt/ros/humble/src/gtest_vendor': C++ tests using 'Google Test' will be built
-- Added test 'cppcheck' to perform static code analysis on C / C++ code
-- Configured cppcheck include dirs: $<BUILD_INTERFACE:/home/bjorn/Documents/ros-projects/cam_ws/src/gscam2/include>
-- Configured cppcheck exclude dirs and/or files: 
-- Added test 'flake8' to check Python code syntax and style conventions
-- Added test 'lint_cmake' to check CMake code style
-- Added test 'pep257' to check Python code against some of the docstring style conventions in PEP 257
-- Added test 'uncrustify' to check C / C++ code style
-- Configured uncrustify additional arguments: 
-- Added test 'xmllint' to check XML markup files
-- Configuring done (0.7s)
-- Generating done (0.0s)
-- Build files have been written to: /home/bjorn/Documents/ros-projects/cam_ws/build/gscam2
[  7%] [32mBuilding CXX object CMakeFiles/gscam_node.dir/src/gscam_node.cpp.o[0m
[ 14%] [32mBuilding CXX object CMakeFiles/subscriber_node.dir/src/subscriber_node.cpp.o[0m
[ 28%] [32mBuilding CXX object gtest/CMakeFiles/gtest.dir/src/gtest-all.cc.o[0m
[ 21%] [32mBuilding CXX object gtest/CMakeFiles/gtest_main.dir/src/gtest_main.cc.o[0m
[ 35%] [32m[1mLinking CXX static library libgtest_main.a[0m
[ 35%] Built target gtest_main
[ 42%] [32m[1mLinking CXX static library libgtest.a[0m
[ 42%] Built target gtest
[ 50%] [32m[1mLinking CXX shared library libgscam_node.so[0m
[ 50%] Built target gscam_node
[ 57%] [32mBuilding CXX object CMakeFiles/gscam_main.dir/src/gscam_main.cpp.o[0m
[ 64%] [32mBuilding CXX object CMakeFiles/smoke_test.dir/test/smoke_test.cpp.o[0m
[ 71%] [32m[1mLinking CXX shared library libsubscriber_node.so[0m
[ 71%] Built target subscriber_node
[ 78%] [32mBuilding CXX object CMakeFiles/ipc_test_main.dir/src/ipc_test_main.cpp.o[0m
[ 85%] [32m[1mLinking CXX executable gscam_main[0m
[ 85%] Built target gscam_main
[ 92%] [32m[1mLinking CXX executable ipc_test_main[0m
[ 92%] Built target ipc_test_main
[100%] [32m[1mLinking CXX executable smoke_test[0m
[100%] Built target smoke_test
-- Install configuration: ""
-- Installing: /home/bjorn/Documents/ros-projects/cam_ws/install/gscam2/include/gscam2
-- Installing: /home/bjorn/Documents/ros-projects/cam_ws/install/gscam2/include/gscam2/subscriber_node.hpp
-- Installing: /home/bjorn/Documents/ros-projects/cam_ws/install/gscam2/include/gscam2/gscam_node.hpp
-- Installing: /home/bjorn/Documents/ros-projects/cam_ws/install/gscam2/lib/libgscam_node.so
-- Set runtime path of "/home/bjorn/Documents/ros-projects/cam_ws/install/gscam2/lib/libgscam_node.so" to ""
-- Installing: /home/bjorn/Documents/ros-projects/cam_ws/install/gscam2/lib/libsubscriber_node.so
-- Set runtime path of "/home/bjorn/Documents/ros-projects/cam_ws/install/gscam2/lib/libsubscriber_node.so" to ""
-- Installing: /home/bjorn/Documents/ros-projects/cam_ws/install/gscam2/lib/gscam2/gscam_main
-- Set runtime path of "/home/bjorn/Documents/ros-projects/cam_ws/install/gscam2/lib/gscam2/gscam_main" to ""
-- Installing: /home/bjorn/Documents/ros-projects/cam_ws/install/gscam2/lib/gscam2/ipc_test_main
-- Set runtime path of "/home/bjorn/Documents/ros-projects/cam_ws/install/gscam2/lib/gscam2/ipc_test_main" to ""
-- Installing: /home/bjorn/Documents/ros-projects/cam_ws/install/gscam2/share/gscam2/cfg
-- Installing: /home/bjorn/Documents/ros-projects/cam_ws/install/gscam2/share/gscam2/cfg/workaround_params.yaml
-- Installing: /home/bjorn/Documents/ros-projects/cam_ws/install/gscam2/share/gscam2/cfg/my_camera.ini
-- Installing: /home/bjorn/Documents/ros-projects/cam_ws/install/gscam2/share/gscam2/cfg/params.yaml
-- Installing: /home/bjorn/Documents/ros-projects/cam_ws/install/gscam2/share/gscam2/launch
-- Installing: /home/bjorn/Documents/ros-projects/cam_ws/install/gscam2/share/gscam2/launch/republish_launch.py
-- Installing: /home/bjorn/Documents/ros-projects/cam_ws/install/gscam2/share/gscam2/launch/container_param_launch.py
-- Installing: /home/bjorn/Documents/ros-projects/cam_ws/install/gscam2/share/gscam2/launch/node_param_launch.py
-- Installing: /home/bjorn/Documents/ros-projects/cam_ws/install/gscam2/share/gscam2/launch/composition_launch.py
-- Installing: /home/bjorn/Documents/ros-projects/cam_ws/install/gscam2/share/gscam2/environment/library_path.sh
-- Installing: /home/bjorn/Documents/ros-projects/cam_ws/install/gscam2/share/gscam2/environment/library_path.dsv
-- Installing: /home/bjorn/Documents/ros-projects/cam_ws/install/gscam2/share/ament_index/resource_index/package_run_dependencies/gscam2
-- Installing: /home/bjorn/Documents/ros-projects/cam_ws/install/gscam2/share/ament_index/resource_index/parent_prefix_path/gscam2
-- Installing: /home/bjorn/Documents/ros-projects/cam_ws/install/gscam2/share/gscam2/environment/ament_prefix_path.sh
-- Installing: /home/bjorn/Documents/ros-projects/cam_ws/install/gscam2/share/gscam2/environment/ament_prefix_path.dsv
-- Installing: /home/bjorn/Documents/ros-projects/cam_ws/install/gscam2/share/gscam2/environment/path.sh
-- Installing: /home/bjorn/Documents/ros-projects/cam_ws/install/gscam2/share/gscam2/environment/path.dsv
-- Installing: /home/bjorn/Documents/ros-projects/cam_ws/install/gscam2/share/gscam2/local_setup.bash
-- Installing: /home/bjorn/Documents/ros-projects/cam_ws/install/gscam2/share/gscam2/local_setup.sh
-- Installing: /home/bjorn/Documents/ros-projects/cam_ws/install/gscam2/share/gscam2/local_setup.zsh
-- Installing: /home/bjorn/Documents/ros-projects/cam_ws/install/gscam2/share/gscam2/local_setup.dsv
-- Installing: /home/bjorn/Documents/ros-projects/cam_ws/install/gscam2/share/gscam2/package.dsv
-- Installing: /home/bjorn/Documents/ros-projects/cam_ws/install/gscam2/share/ament_index/resource_index/packages/gscam2
-- Installing: /home/bjorn/Documents/ros-projects/cam_ws/install/gscam2/share/ament_index/resource_index/rclcpp_components/gscam2
-- Installing: /home/bjorn/Documents/ros-projects/cam_ws/install/gscam2/share/gscam2/cmake/gscam2_targetsExport.cmake
-- Installing: /home/bjorn/Documents/ros-projects/cam_ws/install/gscam2/share/gscam2/cmake/gscam2_targetsExport-noconfig.cmake
-- Installing: /home/bjorn/Documents/ros-projects/cam_ws/install/gscam2/share/gscam2/cmake/ament_cmake_export_targets-extras.cmake
-- Installing: /home/bjorn/Documents/ros-projects/cam_ws/install/gscam2/share/gscam2/cmake/ament_cmake_export_dependencies-extras.cmake
-- Installing: /home/bjorn/Documents/ros-projects/cam_ws/install/gscam2/share/gscam2/cmake/gscam2Config.cmake
-- Installing: /home/bjorn/Documents/ros-projects/cam_ws/install/gscam2/share/gscam2/cmake/gscam2Config-version.cmake
-- Installing: /home/bjorn/Documents/ros-projects/cam_ws/install/gscam2/share/gscam2/package.xml
