[0.006s] Invoking command in '/home/bjorn/Documents/ros-projects/cam_ws/build/gscam2': AMENT_PREFIX_PATH=/home/bjorn/Documents/ros-projects/cam_ws/install/camera_info_manager:/home/bjorn/Documents/ros-projects/cam_ws/install/ros2_shared:/home/bjorn/Documents/ros-projects/cam_ws/install/cv_bridge:/home/bjorn/Documents/ros-projects/cam_ws/install/camera_calibration_parsers:${AMENT_PREFIX_PATH} CMAKE_PREFIX_PATH=/home/bjorn/Documents/ros-projects/cam_ws/install/camera_info_manager:/home/bjorn/Documents/ros-projects/cam_ws/install/ros2_shared:/home/bjorn/Documents/ros-projects/cam_ws/install/cv_bridge:/home/bjorn/Documents/ros-projects/cam_ws/install/camera_calibration_parsers:/opt/ros/humble LD_LIBRARY_PATH=/home/bjorn/Documents/ros-projects/cam_ws/install/camera_info_manager/lib:/home/bjorn/Documents/ros-projects/cam_ws/install/cv_bridge/lib:/home/bjorn/Documents/ros-projects/cam_ws/install/camera_calibration_parsers/lib:${LD_LIBRARY_PATH} PYTHONPATH=/home/bjorn/Documents/ros-projects/cam_ws/install/cv_bridge/local/lib/python3.10/dist-packages:${PYTHONPATH} /home/bjorn/.local/bin/cmake /home/bjorn/Documents/ros-projects/cam_ws/src/gscam2 -DCMAKE_INSTALL_PREFIX=/home/bjorn/Documents/ros-projects/cam_ws/install/gscam2
[0.030s] -- Found ament_cmake: 1.3.4 (/opt/ros/humble/share/ament_cmake/cmake)
[0.108s] -- Found camera_calibration_parsers: 3.1.5 (/home/bjorn/Documents/ros-projects/cam_ws/install/camera_calibration_parsers/share/camera_calibration_parsers/cmake)
[0.135s] -- Found rosidl_generator_c: 3.1.4 (/opt/ros/humble/share/rosidl_generator_c/cmake)
[0.137s] -- Found rosidl_adapter: 3.1.4 (/opt/ros/humble/share/rosidl_adapter/cmake)
[0.143s] -- Found rosidl_generator_cpp: 3.1.4 (/opt/ros/humble/share/rosidl_generator_cpp/cmake)
[0.153s] -- Using all available rosidl_typesupport_c: rosidl_typesupport_fastrtps_c;rosidl_typesupport_introspection_c
[0.168s] -- Using all available rosidl_typesupport_cpp: rosidl_typesupport_fastrtps_cpp;rosidl_typesupport_introspection_cpp
[0.219s] -- Found rmw_implementation_cmake: 6.1.1 (/opt/ros/humble/share/rmw_implementation_cmake/cmake)
[0.220s] -- Found rmw_fastrtps_cpp: 6.2.2 (/opt/ros/humble/share/rmw_fastrtps_cpp/cmake)
[0.317s] -- Using RMW implementation 'rmw_fastrtps_cpp' as default
[0.570s] -- Found camera_info_manager: 3.1.5 (/home/bjorn/Documents/ros-projects/cam_ws/install/camera_info_manager/share/camera_info_manager/cmake)
[0.580s] -- Found class_loader: 2.2.0 (/opt/ros/humble/share/class_loader/cmake)
[0.582s] -- Found rclcpp_components: 16.0.4 (/opt/ros/humble/share/rclcpp_components/cmake)
[0.627s] -- Found rclpy: 3.3.8 (/opt/ros/humble/share/rclpy/cmake)
[0.628s] -- Found ros2_shared: 0.1.0 (/home/bjorn/Documents/ros-projects/cam_ws/install/ros2_shared/share/ros2_shared/cmake)
[0.632s] -- Found ament_lint_auto: 0.12.6 (/opt/ros/humble/share/ament_lint_auto/cmake)
[0.687s] -- Found gtest sources under '/opt/ros/humble/src/gtest_vendor': C++ tests using 'Google Test' will be built
[0.695s] -- Added test 'cppcheck' to perform static code analysis on C / C++ code
[0.695s] -- Configured cppcheck include dirs: $<BUILD_INTERFACE:/home/bjorn/Documents/ros-projects/cam_ws/src/gscam2/include>
[0.696s] -- Configured cppcheck exclude dirs and/or files: 
[0.696s] -- Added test 'flake8' to check Python code syntax and style conventions
[0.697s] -- Added test 'lint_cmake' to check CMake code style
[0.698s] -- Added test 'pep257' to check Python code against some of the docstring style conventions in PEP 257
[0.700s] -- Added test 'uncrustify' to check C / C++ code style
[0.700s] -- Configured uncrustify additional arguments: 
[0.700s] -- Added test 'xmllint' to check XML markup files
[0.702s] -- Configuring done (0.7s)
[0.723s] -- Generating done (0.0s)
[0.725s] -- Build files have been written to: /home/bjorn/Documents/ros-projects/cam_ws/build/gscam2
[0.733s] Invoked command in '/home/bjorn/Documents/ros-projects/cam_ws/build/gscam2' returned '0': AMENT_PREFIX_PATH=/home/bjorn/Documents/ros-projects/cam_ws/install/camera_info_manager:/home/bjorn/Documents/ros-projects/cam_ws/install/ros2_shared:/home/bjorn/Documents/ros-projects/cam_ws/install/cv_bridge:/home/bjorn/Documents/ros-projects/cam_ws/install/camera_calibration_parsers:${AMENT_PREFIX_PATH} CMAKE_PREFIX_PATH=/home/bjorn/Documents/ros-projects/cam_ws/install/camera_info_manager:/home/bjorn/Documents/ros-projects/cam_ws/install/ros2_shared:/home/bjorn/Documents/ros-projects/cam_ws/install/cv_bridge:/home/bjorn/Documents/ros-projects/cam_ws/install/camera_calibration_parsers:/opt/ros/humble LD_LIBRARY_PATH=/home/bjorn/Documents/ros-projects/cam_ws/install/camera_info_manager/lib:/home/bjorn/Documents/ros-projects/cam_ws/install/cv_bridge/lib:/home/bjorn/Documents/ros-projects/cam_ws/install/camera_calibration_parsers/lib:${LD_LIBRARY_PATH} PYTHONPATH=/home/bjorn/Documents/ros-projects/cam_ws/install/cv_bridge/local/lib/python3.10/dist-packages:${PYTHONPATH} /home/bjorn/.local/bin/cmake /home/bjorn/Documents/ros-projects/cam_ws/src/gscam2 -DCMAKE_INSTALL_PREFIX=/home/bjorn/Documents/ros-projects/cam_ws/install/gscam2
[0.734s] Invoking command in '/home/bjorn/Documents/ros-projects/cam_ws/build/gscam2': AMENT_PREFIX_PATH=/home/bjorn/Documents/ros-projects/cam_ws/install/camera_info_manager:/home/bjorn/Documents/ros-projects/cam_ws/install/ros2_shared:/home/bjorn/Documents/ros-projects/cam_ws/install/cv_bridge:/home/bjorn/Documents/ros-projects/cam_ws/install/camera_calibration_parsers:${AMENT_PREFIX_PATH} CMAKE_PREFIX_PATH=/home/bjorn/Documents/ros-projects/cam_ws/install/camera_info_manager:/home/bjorn/Documents/ros-projects/cam_ws/install/ros2_shared:/home/bjorn/Documents/ros-projects/cam_ws/install/cv_bridge:/home/bjorn/Documents/ros-projects/cam_ws/install/camera_calibration_parsers:/opt/ros/humble LD_LIBRARY_PATH=/home/bjorn/Documents/ros-projects/cam_ws/install/camera_info_manager/lib:/home/bjorn/Documents/ros-projects/cam_ws/install/cv_bridge/lib:/home/bjorn/Documents/ros-projects/cam_ws/install/camera_calibration_parsers/lib:${LD_LIBRARY_PATH} PYTHONPATH=/home/bjorn/Documents/ros-projects/cam_ws/install/cv_bridge/local/lib/python3.10/dist-packages:${PYTHONPATH} /home/bjorn/.local/bin/cmake --build /home/bjorn/Documents/ros-projects/cam_ws/build/gscam2 -- -j20 -l20
[0.763s] [  7%] [32mBuilding CXX object CMakeFiles/gscam_node.dir/src/gscam_node.cpp.o[0m
[0.763s] [ 14%] [32mBuilding CXX object CMakeFiles/subscriber_node.dir/src/subscriber_node.cpp.o[0m
[0.763s] [ 28%] [32mBuilding CXX object gtest/CMakeFiles/gtest.dir/src/gtest-all.cc.o[0m
[0.763s] [ 21%] [32mBuilding CXX object gtest/CMakeFiles/gtest_main.dir/src/gtest_main.cc.o[0m
[1.187s] [ 35%] [32m[1mLinking CXX static library libgtest_main.a[0m
[1.215s] [ 35%] Built target gtest_main
[2.700s] [ 42%] [32m[1mLinking CXX static library libgtest.a[0m
[2.742s] [ 42%] Built target gtest
[4.736s] [ 50%] [32m[1mLinking CXX shared library libgscam_node.so[0m
[4.883s] [ 50%] Built target gscam_node
[4.888s] [ 57%] [32mBuilding CXX object CMakeFiles/gscam_main.dir/src/gscam_main.cpp.o[0m
[4.889s] [ 64%] [32mBuilding CXX object CMakeFiles/smoke_test.dir/test/smoke_test.cpp.o[0m
[6.208s] [ 71%] [32m[1mLinking CXX shared library libsubscriber_node.so[0m
[6.444s] [ 71%] Built target subscriber_node
[6.448s] [ 78%] [32mBuilding CXX object CMakeFiles/ipc_test_main.dir/src/ipc_test_main.cpp.o[0m
[6.810s] [ 85%] [32m[1mLinking CXX executable gscam_main[0m
[6.894s] [ 85%] Built target gscam_main
[8.436s] [ 92%] [32m[1mLinking CXX executable ipc_test_main[0m
[8.559s] [ 92%] Built target ipc_test_main
[10.640s] [100%] [32m[1mLinking CXX executable smoke_test[0m
[10.912s] [100%] Built target smoke_test
[10.920s] Invoked command in '/home/bjorn/Documents/ros-projects/cam_ws/build/gscam2' returned '0': AMENT_PREFIX_PATH=/home/bjorn/Documents/ros-projects/cam_ws/install/camera_info_manager:/home/bjorn/Documents/ros-projects/cam_ws/install/ros2_shared:/home/bjorn/Documents/ros-projects/cam_ws/install/cv_bridge:/home/bjorn/Documents/ros-projects/cam_ws/install/camera_calibration_parsers:${AMENT_PREFIX_PATH} CMAKE_PREFIX_PATH=/home/bjorn/Documents/ros-projects/cam_ws/install/camera_info_manager:/home/bjorn/Documents/ros-projects/cam_ws/install/ros2_shared:/home/bjorn/Documents/ros-projects/cam_ws/install/cv_bridge:/home/bjorn/Documents/ros-projects/cam_ws/install/camera_calibration_parsers:/opt/ros/humble LD_LIBRARY_PATH=/home/bjorn/Documents/ros-projects/cam_ws/install/camera_info_manager/lib:/home/bjorn/Documents/ros-projects/cam_ws/install/cv_bridge/lib:/home/bjorn/Documents/ros-projects/cam_ws/install/camera_calibration_parsers/lib:${LD_LIBRARY_PATH} PYTHONPATH=/home/bjorn/Documents/ros-projects/cam_ws/install/cv_bridge/local/lib/python3.10/dist-packages:${PYTHONPATH} /home/bjorn/.local/bin/cmake --build /home/bjorn/Documents/ros-projects/cam_ws/build/gscam2 -- -j20 -l20
[10.954s] Invoking command in '/home/bjorn/Documents/ros-projects/cam_ws/build/gscam2': AMENT_PREFIX_PATH=/home/bjorn/Documents/ros-projects/cam_ws/install/camera_info_manager:/home/bjorn/Documents/ros-projects/cam_ws/install/ros2_shared:/home/bjorn/Documents/ros-projects/cam_ws/install/cv_bridge:/home/bjorn/Documents/ros-projects/cam_ws/install/camera_calibration_parsers:${AMENT_PREFIX_PATH} CMAKE_PREFIX_PATH=/home/bjorn/Documents/ros-projects/cam_ws/install/camera_info_manager:/home/bjorn/Documents/ros-projects/cam_ws/install/ros2_shared:/home/bjorn/Documents/ros-projects/cam_ws/install/cv_bridge:/home/bjorn/Documents/ros-projects/cam_ws/install/camera_calibration_parsers:/opt/ros/humble LD_LIBRARY_PATH=/home/bjorn/Documents/ros-projects/cam_ws/install/camera_info_manager/lib:/home/bjorn/Documents/ros-projects/cam_ws/install/cv_bridge/lib:/home/bjorn/Documents/ros-projects/cam_ws/install/camera_calibration_parsers/lib:${LD_LIBRARY_PATH} PYTHONPATH=/home/bjorn/Documents/ros-projects/cam_ws/install/cv_bridge/local/lib/python3.10/dist-packages:${PYTHONPATH} /home/bjorn/.local/bin/cmake --install /home/bjorn/Documents/ros-projects/cam_ws/build/gscam2
[10.972s] -- Install configuration: ""
[10.972s] -- Installing: /home/bjorn/Documents/ros-projects/cam_ws/install/gscam2/include/gscam2
[10.972s] -- Installing: /home/bjorn/Documents/ros-projects/cam_ws/install/gscam2/include/gscam2/subscriber_node.hpp
[10.972s] -- Installing: /home/bjorn/Documents/ros-projects/cam_ws/install/gscam2/include/gscam2/gscam_node.hpp
[10.972s] -- Installing: /home/bjorn/Documents/ros-projects/cam_ws/install/gscam2/lib/libgscam_node.so
[10.974s] -- Set runtime path of "/home/bjorn/Documents/ros-projects/cam_ws/install/gscam2/lib/libgscam_node.so" to ""
[10.974s] -- Installing: /home/bjorn/Documents/ros-projects/cam_ws/install/gscam2/lib/libsubscriber_node.so
[10.977s] -- Set runtime path of "/home/bjorn/Documents/ros-projects/cam_ws/install/gscam2/lib/libsubscriber_node.so" to ""
[10.977s] -- Installing: /home/bjorn/Documents/ros-projects/cam_ws/install/gscam2/lib/gscam2/gscam_main
[10.977s] -- Set runtime path of "/home/bjorn/Documents/ros-projects/cam_ws/install/gscam2/lib/gscam2/gscam_main" to ""
[10.977s] -- Installing: /home/bjorn/Documents/ros-projects/cam_ws/install/gscam2/lib/gscam2/ipc_test_main
[10.978s] -- Set runtime path of "/home/bjorn/Documents/ros-projects/cam_ws/install/gscam2/lib/gscam2/ipc_test_main" to ""
[10.978s] -- Installing: /home/bjorn/Documents/ros-projects/cam_ws/install/gscam2/share/gscam2/cfg
[10.978s] -- Installing: /home/bjorn/Documents/ros-projects/cam_ws/install/gscam2/share/gscam2/cfg/workaround_params.yaml
[10.978s] -- Installing: /home/bjorn/Documents/ros-projects/cam_ws/install/gscam2/share/gscam2/cfg/my_camera.ini
[10.978s] -- Installing: /home/bjorn/Documents/ros-projects/cam_ws/install/gscam2/share/gscam2/cfg/params.yaml
[10.978s] -- Installing: /home/bjorn/Documents/ros-projects/cam_ws/install/gscam2/share/gscam2/launch
[10.978s] -- Installing: /home/bjorn/Documents/ros-projects/cam_ws/install/gscam2/share/gscam2/launch/republish_launch.py
[10.978s] -- Installing: /home/bjorn/Documents/ros-projects/cam_ws/install/gscam2/share/gscam2/launch/container_param_launch.py
[10.978s] -- Installing: /home/bjorn/Documents/ros-projects/cam_ws/install/gscam2/share/gscam2/launch/node_param_launch.py
[10.978s] -- Installing: /home/bjorn/Documents/ros-projects/cam_ws/install/gscam2/share/gscam2/launch/composition_launch.py
[10.978s] -- Installing: /home/bjorn/Documents/ros-projects/cam_ws/install/gscam2/share/gscam2/environment/library_path.sh
[10.978s] -- Installing: /home/bjorn/Documents/ros-projects/cam_ws/install/gscam2/share/gscam2/environment/library_path.dsv
[10.978s] -- Installing: /home/bjorn/Documents/ros-projects/cam_ws/install/gscam2/share/ament_index/resource_index/package_run_dependencies/gscam2
[10.978s] -- Installing: /home/bjorn/Documents/ros-projects/cam_ws/install/gscam2/share/ament_index/resource_index/parent_prefix_path/gscam2
[10.978s] -- Installing: /home/bjorn/Documents/ros-projects/cam_ws/install/gscam2/share/gscam2/environment/ament_prefix_path.sh
[10.979s] -- Installing: /home/bjorn/Documents/ros-projects/cam_ws/install/gscam2/share/gscam2/environment/ament_prefix_path.dsv
[10.979s] -- Installing: /home/bjorn/Documents/ros-projects/cam_ws/install/gscam2/share/gscam2/environment/path.sh
[10.979s] -- Installing: /home/bjorn/Documents/ros-projects/cam_ws/install/gscam2/share/gscam2/environment/path.dsv
[10.979s] -- Installing: /home/bjorn/Documents/ros-projects/cam_ws/install/gscam2/share/gscam2/local_setup.bash
[10.979s] -- Installing: /home/bjorn/Documents/ros-projects/cam_ws/install/gscam2/share/gscam2/local_setup.sh
[10.979s] -- Installing: /home/bjorn/Documents/ros-projects/cam_ws/install/gscam2/share/gscam2/local_setup.zsh
[10.979s] -- Installing: /home/bjorn/Documents/ros-projects/cam_ws/install/gscam2/share/gscam2/local_setup.dsv
[10.979s] -- Installing: /home/bjorn/Documents/ros-projects/cam_ws/install/gscam2/share/gscam2/package.dsv
[10.979s] -- Installing: /home/bjorn/Documents/ros-projects/cam_ws/install/gscam2/share/ament_index/resource_index/packages/gscam2
[10.979s] -- Installing: /home/bjorn/Documents/ros-projects/cam_ws/install/gscam2/share/ament_index/resource_index/rclcpp_components/gscam2
[10.979s] -- Installing: /home/bjorn/Documents/ros-projects/cam_ws/install/gscam2/share/gscam2/cmake/gscam2_targetsExport.cmake
[10.979s] -- Installing: /home/bjorn/Documents/ros-projects/cam_ws/install/gscam2/share/gscam2/cmake/gscam2_targetsExport-noconfig.cmake
[10.979s] -- Installing: /home/bjorn/Documents/ros-projects/cam_ws/install/gscam2/share/gscam2/cmake/ament_cmake_export_targets-extras.cmake
[10.980s] -- Installing: /home/bjorn/Documents/ros-projects/cam_ws/install/gscam2/share/gscam2/cmake/ament_cmake_export_dependencies-extras.cmake
[10.980s] -- Installing: /home/bjorn/Documents/ros-projects/cam_ws/install/gscam2/share/gscam2/cmake/gscam2Config.cmake
[10.980s] -- Installing: /home/bjorn/Documents/ros-projects/cam_ws/install/gscam2/share/gscam2/cmake/gscam2Config-version.cmake
[10.980s] -- Installing: /home/bjorn/Documents/ros-projects/cam_ws/install/gscam2/share/gscam2/package.xml
[10.985s] Invoked command in '/home/bjorn/Documents/ros-projects/cam_ws/build/gscam2' returned '0': AMENT_PREFIX_PATH=/home/bjorn/Documents/ros-projects/cam_ws/install/camera_info_manager:/home/bjorn/Documents/ros-projects/cam_ws/install/ros2_shared:/home/bjorn/Documents/ros-projects/cam_ws/install/cv_bridge:/home/bjorn/Documents/ros-projects/cam_ws/install/camera_calibration_parsers:${AMENT_PREFIX_PATH} CMAKE_PREFIX_PATH=/home/bjorn/Documents/ros-projects/cam_ws/install/camera_info_manager:/home/bjorn/Documents/ros-projects/cam_ws/install/ros2_shared:/home/bjorn/Documents/ros-projects/cam_ws/install/cv_bridge:/home/bjorn/Documents/ros-projects/cam_ws/install/camera_calibration_parsers:/opt/ros/humble LD_LIBRARY_PATH=/home/bjorn/Documents/ros-projects/cam_ws/install/camera_info_manager/lib:/home/bjorn/Documents/ros-projects/cam_ws/install/cv_bridge/lib:/home/bjorn/Documents/ros-projects/cam_ws/install/camera_calibration_parsers/lib:${LD_LIBRARY_PATH} PYTHONPATH=/home/bjorn/Documents/ros-projects/cam_ws/install/cv_bridge/local/lib/python3.10/dist-packages:${PYTHONPATH} /home/bjorn/.local/bin/cmake --install /home/bjorn/Documents/ros-projects/cam_ws/build/gscam2
